2025-10-13 12:11:55.722 INFO {MainThread} [session] (get_npu_session) {D:\Project\V1\FlowKit\src\NodeRunner\node_runner\npu_manager\session.py:187} Creating new NPU session singleton
2025-10-13 12:11:55.723 INFO {MainThread} [session] (init) {D:\Project\V1\FlowKit\src\NodeRunner\node_runner\npu_manager\session.py:53} Initializing Redis connection for NPU session
2025-10-13 12:11:55.723 INFO {MainThread} [session] (start_cleanup_loop) {D:\Project\V1\FlowKit\src\NodeRunner\node_runner\npu_manager\session.py:158} Started NPU cleanup loop
2025-10-13 12:11:55.723 INFO {MainThread} [session] (init) {D:\Project\V1\FlowKit\src\NodeRunner\node_runner\npu_manager\session.py:56} NPU session initialized successfully
2025-10-13 12:11:55.723 INFO {MainThread} [schduler] (get_scheduler) {D:\Project\V1\FlowKit\src\NodeRunner\node_runner\npu_manager\schduler.py:72} Creating a new NPU Scheduler instance
2025-10-13 12:11:55.723 INFO {MainThread} [schduler] (init) {D:\Project\V1\FlowKit\src\NodeRunner\node_runner\npu_manager\schduler.py:28} Initializing NPU session in Scheduler
2025-10-13 12:11:55.723 INFO {MainThread} [schduler] (init) {D:\Project\V1\FlowKit\src\NodeRunner\node_runner\npu_manager\schduler.py:30} NPU Scheduler initialized successfully
2025-10-13 12:11:55.723 INFO {MainThread} [manager] (__init__) {D:\Project\V1\FlowKit\src\NodeRunner\node_runner\task_manager\manager.py:25} Manager singleton initialized
2025-10-13 12:11:55.737 INFO {MainThread} [session] (cleanup_inactive) {D:\Project\V1\FlowKit\src\NodeRunner\node_runner\npu_manager\session.py:144} Removed inactive NPU 14db0802-345e-40a1-9c75-79ef513528c4
2025-10-13 12:12:00.157 INFO {MainThread} [npu_route] (add_npu) {D:\Project\V1\FlowKit\src\NodeRunner\node_runner\router\npu_route.py:48} [NPU ADD] Adding new NPU: 0ebb4beb-1920-47fe-a316-e8a9893e69ae at http://127.0.0.1:10530
2025-10-13 12:12:00.164 INFO {MainThread} [session] (add_npu) {D:\Project\V1\FlowKit\src\NodeRunner\node_runner\npu_manager\session.py:82} Added new NPU 0ebb4beb-1920-47fe-a316-e8a9893e69ae at address http://127.0.0.1:10530
2025-10-13 12:12:00.164 INFO {MainThread} [npu_route] (add_npu) {D:\Project\V1\FlowKit\src\NodeRunner\node_runner\router\npu_route.py:54} [NPU ADD] NPU 0ebb4beb-1920-47fe-a316-e8a9893e69ae added successfully
2025-10-13 12:12:00.186 INFO {MainThread} [npu_route] (update_metrics) {D:\Project\V1\FlowKit\src\NodeRunner\node_runner\router\npu_route.py:66} [NPU METRICS] Updating metrics for NPU 0ebb4beb-1920-47fe-a316-e8a9893e69ae: {'uptime': 0.03505086898803711, 'successful_tasks': 0, 'failed_tasks': 0, 'queued_tasks': 0}
2025-10-13 12:12:00.192 INFO {MainThread} [session] (update_metrics) {D:\Project\V1\FlowKit\src\NodeRunner\node_runner\npu_manager\session.py:99} Updated metrics for NPU 0ebb4beb-1920-47fe-a316-e8a9893e69ae: {'uptime': 0.03505086898803711, 'successful_tasks': 0, 'failed_tasks': 0, 'queued_tasks': 0}
2025-10-13 12:12:00.194 INFO {MainThread} [session] (_parse_npu_status) {D:\Project\V1\FlowKit\src\NodeRunner\node_runner\npu_manager\session.py:166} data : {'uptime': 0.03505086898803711, 'successful_tasks': 0, 'failed_tasks': 0, 'queued_tasks': 0}
2025-10-13 12:12:00.194 INFO {MainThread} [npu_route] (update_metrics) {D:\Project\V1\FlowKit\src\NodeRunner\node_runner\router\npu_route.py:77} [NPU METRICS] Metrics updated for NPU 0ebb4beb-1920-47fe-a316-e8a9893e69ae
2025-10-13 12:12:07.200 INFO {MainThread} [npu_route] (update_metrics) {D:\Project\V1\FlowKit\src\NodeRunner\node_runner\router\npu_route.py:66} [NPU METRICS] Updating metrics for NPU 0ebb4beb-1920-47fe-a316-e8a9893e69ae: {'uptime': 7.053771018981934, 'successful_tasks': 0, 'failed_tasks': 0, 'queued_tasks': 0}
2025-10-13 12:12:07.203 INFO {MainThread} [session] (update_metrics) {D:\Project\V1\FlowKit\src\NodeRunner\node_runner\npu_manager\session.py:99} Updated metrics for NPU 0ebb4beb-1920-47fe-a316-e8a9893e69ae: {'uptime': 7.053771018981934, 'successful_tasks': 0, 'failed_tasks': 0, 'queued_tasks': 0}
2025-10-13 12:12:07.204 INFO {MainThread} [session] (_parse_npu_status) {D:\Project\V1\FlowKit\src\NodeRunner\node_runner\npu_manager\session.py:166} data : {'uptime': 7.053771018981934, 'successful_tasks': 0, 'failed_tasks': 0, 'queued_tasks': 0}
2025-10-13 12:12:07.205 INFO {MainThread} [npu_route] (update_metrics) {D:\Project\V1\FlowKit\src\NodeRunner\node_runner\router\npu_route.py:77} [NPU METRICS] Metrics updated for NPU 0ebb4beb-1920-47fe-a316-e8a9893e69ae
2025-10-13 12:12:07.892 INFO {MainThread} [manager] (run_node) {D:\Project\V1\FlowKit\src\NodeRunner\node_runner\task_manager\manager.py:47} Creating node example_node with runner_id 8cd88fb0-be26-44c7-8f0c-f9dc8c0ea854
2025-10-13 12:12:07.892 INFO {MainThread} [manager] (run_node) {D:\Project\V1\FlowKit\src\NodeRunner\node_runner\task_manager\manager.py:58} Preprocessing node 8cd88fb0-be26-44c7-8f0c-f9dc8c0ea854
2025-10-13 12:12:07.925 INFO {MainThread} [manager] (get_npu) {D:\Project\V1\FlowKit\src\NodeRunner\node_runner\task_manager\manager.py:28} Fetching least busy NPU
2025-10-13 12:12:07.929 INFO {MainThread} [session] (_parse_npu_status) {D:\Project\V1\FlowKit\src\NodeRunner\node_runner\npu_manager\session.py:166} data : {'uptime': 7.053771018981934, 'successful_tasks': 0, 'failed_tasks': 0, 'queued_tasks': 0}
2025-10-13 12:12:07.930 INFO {MainThread} [session] (get_all_npus) {D:\Project\V1\FlowKit\src\NodeRunner\node_runner\npu_manager\session.py:115} Fetched 1 NPUs from session
2025-10-13 12:12:07.930 INFO {MainThread} [schduler] (get_next_npu) {D:\Project\V1\FlowKit\src\NodeRunner\node_runner\npu_manager\schduler.py:40} [NpuStatus(id=UUID('0ebb4beb-1920-47fe-a316-e8a9893e69ae'), address='http://127.0.0.1:10530', status='idle', last_seen=1760337727.2021394, metrics=NpuMetrics(uptime=7.053771018981934, successful_tasks=0, failed_tasks=0, queued_tasks=0))]
2025-10-13 12:12:07.930 INFO {MainThread} [schduler] (get_next_npu) {D:\Project\V1\FlowKit\src\NodeRunner\node_runner\npu_manager\schduler.py:49} Selected NPU: 0ebb4beb-1920-47fe-a316-e8a9893e69ae with 0 queued tasks
2025-10-13 12:12:07.934 INFO {MainThread} [__init__] (check_connection) {D:\Project\V1\FlowKit\src\NodeRunner\node_runner\npu\__init__.py:24} [NPU 0ebb4beb-1920-47fe-a316-e8a9893e69ae] Connection successful (200)
2025-10-13 12:12:07.935 INFO {MainThread} [manager] (get_npu) {D:\Project\V1\FlowKit\src\NodeRunner\node_runner\task_manager\manager.py:32} NPU 0ebb4beb-1920-47fe-a316-e8a9893e69ae ready for execution
2025-10-13 12:12:07.935 INFO {MainThread} [manager] (run_node) {D:\Project\V1\FlowKit\src\NodeRunner\node_runner\task_manager\manager.py:65} Node 8cd88fb0-be26-44c7-8f0c-f9dc8c0ea854 queued on NPU 0ebb4beb-1920-47fe-a316-e8a9893e69ae
2025-10-13 12:12:07.935 INFO {MainThread} [__init__] (run_node) {D:\Project\V1\FlowKit\src\NodeRunner\node_runner\npu\__init__.py:45} [NPU 0ebb4beb-1920-47fe-a316-e8a9893e69ae] Sending node execution request — node: example_node, runner: 8cd88fb0-be26-44c7-8f0c-f9dc8c0ea854
2025-10-13 12:12:08.183 INFO {MainThread} [_client] (_send_single_request) {D:\Project\V1\FlowKit\.conda\Lib\site-packages\httpx\_client.py:1740} HTTP Request: POST http://127.0.0.1:10530/run-node "HTTP/1.1 200 OK"
2025-10-13 12:12:08.184 INFO {MainThread} [__init__] (run_node) {D:\Project\V1\FlowKit\src\NodeRunner\node_runner\npu\__init__.py:53} [NPU 0ebb4beb-1920-47fe-a316-e8a9893e69ae] Node execution request succeeded — node: example_node
2025-10-13 12:12:09.408 INFO {MainThread} [manager] (retrun_hook) {D:\Project\V1\FlowKit\src\NodeRunner\node_runner\task_manager\manager.py:85} Node hook called for 8cd88fb0-be26-44c7-8f0c-f9dc8c0ea854 with status DONE
2025-10-13 12:12:09.408 INFO {MainThread} [manager] (retrun_hook) {D:\Project\V1\FlowKit\src\NodeRunner\node_runner\task_manager\manager.py:102} Node 8cd88fb0-be26-44c7-8f0c-f9dc8c0ea854 marked as DONE
2025-10-13 12:12:09.408 INFO {MainThread} [npu_route] (return_node) {D:\Project\V1\FlowKit\src\NodeRunner\node_runner\router\npu_route.py:121} [NODE RESULT] Node 8cd88fb0-be26-44c7-8f0c-f9dc8c0ea854 completed with status DONE
2025-10-13 12:12:09.591 INFO {MainThread} [manager] (run_node) {D:\Project\V1\FlowKit\src\NodeRunner\node_runner\task_manager\manager.py:72} Node 8cd88fb0-be26-44c7-8f0c-f9dc8c0ea854 completed with status NodeStatus.DONE
2025-10-13 12:12:14.212 INFO {MainThread} [npu_route] (update_metrics) {D:\Project\V1\FlowKit\src\NodeRunner\node_runner\router\npu_route.py:66} [NPU METRICS] Updating metrics for NPU 0ebb4beb-1920-47fe-a316-e8a9893e69ae: {'uptime': 14.064310550689697, 'successful_tasks': 1, 'failed_tasks': 0, 'queued_tasks': 0}
2025-10-13 12:12:14.215 INFO {MainThread} [session] (update_metrics) {D:\Project\V1\FlowKit\src\NodeRunner\node_runner\npu_manager\session.py:99} Updated metrics for NPU 0ebb4beb-1920-47fe-a316-e8a9893e69ae: {'uptime': 14.064310550689697, 'successful_tasks': 1, 'failed_tasks': 0, 'queued_tasks': 0}
2025-10-13 12:12:14.216 INFO {MainThread} [session] (_parse_npu_status) {D:\Project\V1\FlowKit\src\NodeRunner\node_runner\npu_manager\session.py:166} data : {'uptime': 14.064310550689697, 'successful_tasks': 1, 'failed_tasks': 0, 'queued_tasks': 0}
2025-10-13 12:12:14.216 INFO {MainThread} [npu_route] (update_metrics) {D:\Project\V1\FlowKit\src\NodeRunner\node_runner\router\npu_route.py:77} [NPU METRICS] Metrics updated for NPU 0ebb4beb-1920-47fe-a316-e8a9893e69ae
2025-10-13 12:12:17.873 INFO {MainThread} [manager] (run_node) {D:\Project\V1\FlowKit\src\NodeRunner\node_runner\task_manager\manager.py:47} Creating node example_node with runner_id dfcba4e1-6666-4284-a908-6f1f6423a042
2025-10-13 12:12:17.873 INFO {MainThread} [manager] (run_node) {D:\Project\V1\FlowKit\src\NodeRunner\node_runner\task_manager\manager.py:58} Preprocessing node dfcba4e1-6666-4284-a908-6f1f6423a042
2025-10-13 12:12:17.878 INFO {MainThread} [manager] (get_npu) {D:\Project\V1\FlowKit\src\NodeRunner\node_runner\task_manager\manager.py:28} Fetching least busy NPU
2025-10-13 12:12:17.880 INFO {MainThread} [session] (_parse_npu_status) {D:\Project\V1\FlowKit\src\NodeRunner\node_runner\npu_manager\session.py:166} data : {'uptime': 14.064310550689697, 'successful_tasks': 1, 'failed_tasks': 0, 'queued_tasks': 0}
2025-10-13 12:12:17.880 INFO {MainThread} [session] (get_all_npus) {D:\Project\V1\FlowKit\src\NodeRunner\node_runner\npu_manager\session.py:115} Fetched 1 NPUs from session
2025-10-13 12:12:17.880 INFO {MainThread} [schduler] (get_next_npu) {D:\Project\V1\FlowKit\src\NodeRunner\node_runner\npu_manager\schduler.py:40} [NpuStatus(id=UUID('0ebb4beb-1920-47fe-a316-e8a9893e69ae'), address='http://127.0.0.1:10530', status='idle', last_seen=1760337734.2144508, metrics=NpuMetrics(uptime=14.064310550689697, successful_tasks=1, failed_tasks=0, queued_tasks=0))]
2025-10-13 12:12:17.880 INFO {MainThread} [schduler] (get_next_npu) {D:\Project\V1\FlowKit\src\NodeRunner\node_runner\npu_manager\schduler.py:49} Selected NPU: 0ebb4beb-1920-47fe-a316-e8a9893e69ae with 0 queued tasks
2025-10-13 12:12:17.882 INFO {MainThread} [__init__] (check_connection) {D:\Project\V1\FlowKit\src\NodeRunner\node_runner\npu\__init__.py:24} [NPU 0ebb4beb-1920-47fe-a316-e8a9893e69ae] Connection successful (200)
2025-10-13 12:12:17.882 INFO {MainThread} [manager] (get_npu) {D:\Project\V1\FlowKit\src\NodeRunner\node_runner\task_manager\manager.py:32} NPU 0ebb4beb-1920-47fe-a316-e8a9893e69ae ready for execution
2025-10-13 12:12:17.883 INFO {MainThread} [manager] (run_node) {D:\Project\V1\FlowKit\src\NodeRunner\node_runner\task_manager\manager.py:65} Node dfcba4e1-6666-4284-a908-6f1f6423a042 queued on NPU 0ebb4beb-1920-47fe-a316-e8a9893e69ae
2025-10-13 12:12:17.883 INFO {MainThread} [__init__] (run_node) {D:\Project\V1\FlowKit\src\NodeRunner\node_runner\npu\__init__.py:45} [NPU 0ebb4beb-1920-47fe-a316-e8a9893e69ae] Sending node execution request — node: example_node, runner: dfcba4e1-6666-4284-a908-6f1f6423a042
2025-10-13 12:12:18.113 INFO {MainThread} [_client] (_send_single_request) {D:\Project\V1\FlowKit\.conda\Lib\site-packages\httpx\_client.py:1740} HTTP Request: POST http://127.0.0.1:10530/run-node "HTTP/1.1 200 OK"
2025-10-13 12:12:18.113 INFO {MainThread} [__init__] (run_node) {D:\Project\V1\FlowKit\src\NodeRunner\node_runner\npu\__init__.py:53} [NPU 0ebb4beb-1920-47fe-a316-e8a9893e69ae] Node execution request succeeded — node: example_node
2025-10-13 12:12:19.217 INFO {MainThread} [manager] (retrun_hook) {D:\Project\V1\FlowKit\src\NodeRunner\node_runner\task_manager\manager.py:85} Node hook called for dfcba4e1-6666-4284-a908-6f1f6423a042 with status DONE
2025-10-13 12:12:19.217 INFO {MainThread} [manager] (retrun_hook) {D:\Project\V1\FlowKit\src\NodeRunner\node_runner\task_manager\manager.py:102} Node dfcba4e1-6666-4284-a908-6f1f6423a042 marked as DONE
2025-10-13 12:12:19.217 INFO {MainThread} [npu_route] (return_node) {D:\Project\V1\FlowKit\src\NodeRunner\node_runner\router\npu_route.py:121} [NODE RESULT] Node dfcba4e1-6666-4284-a908-6f1f6423a042 completed with status DONE
2025-10-13 12:12:19.317 INFO {MainThread} [manager] (run_node) {D:\Project\V1\FlowKit\src\NodeRunner\node_runner\task_manager\manager.py:72} Node dfcba4e1-6666-4284-a908-6f1f6423a042 completed with status NodeStatus.DONE
2025-10-13 12:12:21.223 INFO {MainThread} [npu_route] (update_metrics) {D:\Project\V1\FlowKit\src\NodeRunner\node_runner\router\npu_route.py:66} [NPU METRICS] Updating metrics for NPU 0ebb4beb-1920-47fe-a316-e8a9893e69ae: {'uptime': 21.074661254882812, 'successful_tasks': 2, 'failed_tasks': 0, 'queued_tasks': 0}
2025-10-13 12:12:21.227 INFO {MainThread} [session] (update_metrics) {D:\Project\V1\FlowKit\src\NodeRunner\node_runner\npu_manager\session.py:99} Updated metrics for NPU 0ebb4beb-1920-47fe-a316-e8a9893e69ae: {'uptime': 21.074661254882812, 'successful_tasks': 2, 'failed_tasks': 0, 'queued_tasks': 0}
2025-10-13 12:12:21.229 INFO {MainThread} [session] (_parse_npu_status) {D:\Project\V1\FlowKit\src\NodeRunner\node_runner\npu_manager\session.py:166} data : {'uptime': 21.074661254882812, 'successful_tasks': 2, 'failed_tasks': 0, 'queued_tasks': 0}
2025-10-13 12:12:21.229 INFO {MainThread} [npu_route] (update_metrics) {D:\Project\V1\FlowKit\src\NodeRunner\node_runner\router\npu_route.py:77} [NPU METRICS] Metrics updated for NPU 0ebb4beb-1920-47fe-a316-e8a9893e69ae
2025-10-13 12:12:28.257 INFO {MainThread} [npu_route] (update_metrics) {D:\Project\V1\FlowKit\src\NodeRunner\node_runner\router\npu_route.py:66} [NPU METRICS] Updating metrics for NPU 0ebb4beb-1920-47fe-a316-e8a9893e69ae: {'uptime': 28.0887610912323, 'successful_tasks': 2, 'failed_tasks': 0, 'queued_tasks': 0}
2025-10-13 12:12:28.272 INFO {MainThread} [session] (update_metrics) {D:\Project\V1\FlowKit\src\NodeRunner\node_runner\npu_manager\session.py:99} Updated metrics for NPU 0ebb4beb-1920-47fe-a316-e8a9893e69ae: {'uptime': 28.0887610912323, 'successful_tasks': 2, 'failed_tasks': 0, 'queued_tasks': 0}
2025-10-13 12:12:28.274 INFO {MainThread} [session] (_parse_npu_status) {D:\Project\V1\FlowKit\src\NodeRunner\node_runner\npu_manager\session.py:166} data : {'uptime': 28.0887610912323, 'successful_tasks': 2, 'failed_tasks': 0, 'queued_tasks': 0}
2025-10-13 12:12:28.274 INFO {MainThread} [npu_route] (update_metrics) {D:\Project\V1\FlowKit\src\NodeRunner\node_runner\router\npu_route.py:77} [NPU METRICS] Metrics updated for NPU 0ebb4beb-1920-47fe-a316-e8a9893e69ae
2025-10-13 12:12:35.306 INFO {MainThread} [npu_route] (update_metrics) {D:\Project\V1\FlowKit\src\NodeRunner\node_runner\router\npu_route.py:66} [NPU METRICS] Updating metrics for NPU 0ebb4beb-1920-47fe-a316-e8a9893e69ae: {'uptime': 35.13439607620239, 'successful_tasks': 2, 'failed_tasks': 0, 'queued_tasks': 0}
2025-10-13 12:12:35.311 INFO {MainThread} [session] (update_metrics) {D:\Project\V1\FlowKit\src\NodeRunner\node_runner\npu_manager\session.py:99} Updated metrics for NPU 0ebb4beb-1920-47fe-a316-e8a9893e69ae: {'uptime': 35.13439607620239, 'successful_tasks': 2, 'failed_tasks': 0, 'queued_tasks': 0}
2025-10-13 12:12:35.313 INFO {MainThread} [session] (_parse_npu_status) {D:\Project\V1\FlowKit\src\NodeRunner\node_runner\npu_manager\session.py:166} data : {'uptime': 35.13439607620239, 'successful_tasks': 2, 'failed_tasks': 0, 'queued_tasks': 0}
2025-10-13 12:12:35.313 INFO {MainThread} [npu_route] (update_metrics) {D:\Project\V1\FlowKit\src\NodeRunner\node_runner\router\npu_route.py:77} [NPU METRICS] Metrics updated for NPU 0ebb4beb-1920-47fe-a316-e8a9893e69ae
2025-10-13 12:12:42.321 INFO {MainThread} [npu_route] (update_metrics) {D:\Project\V1\FlowKit\src\NodeRunner\node_runner\router\npu_route.py:66} [NPU METRICS] Updating metrics for NPU 0ebb4beb-1920-47fe-a316-e8a9893e69ae: {'uptime': 42.17339277267456, 'successful_tasks': 2, 'failed_tasks': 0, 'queued_tasks': 0}
2025-10-13 12:12:42.325 INFO {MainThread} [session] (update_metrics) {D:\Project\V1\FlowKit\src\NodeRunner\node_runner\npu_manager\session.py:99} Updated metrics for NPU 0ebb4beb-1920-47fe-a316-e8a9893e69ae: {'uptime': 42.17339277267456, 'successful_tasks': 2, 'failed_tasks': 0, 'queued_tasks': 0}
2025-10-13 12:12:42.327 INFO {MainThread} [session] (_parse_npu_status) {D:\Project\V1\FlowKit\src\NodeRunner\node_runner\npu_manager\session.py:166} data : {'uptime': 42.17339277267456, 'successful_tasks': 2, 'failed_tasks': 0, 'queued_tasks': 0}
2025-10-13 12:12:42.327 INFO {MainThread} [npu_route] (update_metrics) {D:\Project\V1\FlowKit\src\NodeRunner\node_runner\router\npu_route.py:77} [NPU METRICS] Metrics updated for NPU 0ebb4beb-1920-47fe-a316-e8a9893e69ae
2025-10-13 12:12:43.908 INFO {MainThread} [manager] (run_node) {D:\Project\V1\FlowKit\src\NodeRunner\node_runner\task_manager\manager.py:47} Creating node example_node with runner_id 698c719e-0f1f-4fdf-b6b6-dd66ee96c5cf
2025-10-13 12:12:43.908 INFO {MainThread} [manager] (run_node) {D:\Project\V1\FlowKit\src\NodeRunner\node_runner\task_manager\manager.py:58} Preprocessing node 698c719e-0f1f-4fdf-b6b6-dd66ee96c5cf
2025-10-13 12:12:43.915 INFO {MainThread} [manager] (get_npu) {D:\Project\V1\FlowKit\src\NodeRunner\node_runner\task_manager\manager.py:28} Fetching least busy NPU
2025-10-13 12:12:43.919 INFO {MainThread} [session] (_parse_npu_status) {D:\Project\V1\FlowKit\src\NodeRunner\node_runner\npu_manager\session.py:166} data : {'uptime': 42.17339277267456, 'successful_tasks': 2, 'failed_tasks': 0, 'queued_tasks': 0}
2025-10-13 12:12:43.919 INFO {MainThread} [session] (get_all_npus) {D:\Project\V1\FlowKit\src\NodeRunner\node_runner\npu_manager\session.py:115} Fetched 1 NPUs from session
2025-10-13 12:12:43.919 INFO {MainThread} [schduler] (get_next_npu) {D:\Project\V1\FlowKit\src\NodeRunner\node_runner\npu_manager\schduler.py:40} [NpuStatus(id=UUID('0ebb4beb-1920-47fe-a316-e8a9893e69ae'), address='http://127.0.0.1:10530', status='idle', last_seen=1760337762.32367, metrics=NpuMetrics(uptime=42.17339277267456, successful_tasks=2, failed_tasks=0, queued_tasks=0))]
2025-10-13 12:12:43.919 INFO {MainThread} [schduler] (get_next_npu) {D:\Project\V1\FlowKit\src\NodeRunner\node_runner\npu_manager\schduler.py:49} Selected NPU: 0ebb4beb-1920-47fe-a316-e8a9893e69ae with 0 queued tasks
2025-10-13 12:12:43.922 INFO {MainThread} [__init__] (check_connection) {D:\Project\V1\FlowKit\src\NodeRunner\node_runner\npu\__init__.py:24} [NPU 0ebb4beb-1920-47fe-a316-e8a9893e69ae] Connection successful (200)
2025-10-13 12:12:43.923 INFO {MainThread} [manager] (get_npu) {D:\Project\V1\FlowKit\src\NodeRunner\node_runner\task_manager\manager.py:32} NPU 0ebb4beb-1920-47fe-a316-e8a9893e69ae ready for execution
2025-10-13 12:12:43.924 INFO {MainThread} [manager] (run_node) {D:\Project\V1\FlowKit\src\NodeRunner\node_runner\task_manager\manager.py:65} Node 698c719e-0f1f-4fdf-b6b6-dd66ee96c5cf queued on NPU 0ebb4beb-1920-47fe-a316-e8a9893e69ae
2025-10-13 12:12:43.924 INFO {MainThread} [__init__] (run_node) {D:\Project\V1\FlowKit\src\NodeRunner\node_runner\npu\__init__.py:45} [NPU 0ebb4beb-1920-47fe-a316-e8a9893e69ae] Sending node execution request — node: example_node, runner: 698c719e-0f1f-4fdf-b6b6-dd66ee96c5cf
2025-10-13 12:12:44.159 INFO {MainThread} [_client] (_send_single_request) {D:\Project\V1\FlowKit\.conda\Lib\site-packages\httpx\_client.py:1740} HTTP Request: POST http://127.0.0.1:10530/run-node "HTTP/1.1 200 OK"
2025-10-13 12:12:44.159 INFO {MainThread} [__init__] (run_node) {D:\Project\V1\FlowKit\src\NodeRunner\node_runner\npu\__init__.py:53} [NPU 0ebb4beb-1920-47fe-a316-e8a9893e69ae] Node execution request succeeded — node: example_node
2025-10-13 12:12:45.177 INFO {MainThread} [manager] (add_log) {D:\Project\V1\FlowKit\src\NodeRunner\node_runner\task_manager\manager.py:109} add log : ['[INFO][example_node][698c719e-0f1f-4fdf-b6b6-dd66ee96c5cf][2025-10-13 12:12:45] hola']
2025-10-13 12:12:45.177 INFO {MainThread} [npu_route] (add_logs) {D:\Project\V1\FlowKit\src\NodeRunner\node_runner\router\npu_route.py:101} [NODE LOG] Added log for runner 698c719e-0f1f-4fdf-b6b6-dd66ee96c5cf: [INFO][example_node][698c719e-0f1f-4fdf-b6b6-dd66ee96c5cf][2025-10-13 12:12:45] hola
2025-10-13 12:12:45.183 INFO {MainThread} [manager] (add_log) {D:\Project\V1\FlowKit\src\NodeRunner\node_runner\task_manager\manager.py:109} add log : ['[INFO][example_node][698c719e-0f1f-4fdf-b6b6-dd66ee96c5cf][2025-10-13 12:12:45] hola', '[INFO][example_node][698c719e-0f1f-4fdf-b6b6-dd66ee96c5cf][2025-10-13 12:12:45] hola']
2025-10-13 12:12:45.183 INFO {MainThread} [npu_route] (add_logs) {D:\Project\V1\FlowKit\src\NodeRunner\node_runner\router\npu_route.py:101} [NODE LOG] Added log for runner 698c719e-0f1f-4fdf-b6b6-dd66ee96c5cf: [INFO][example_node][698c719e-0f1f-4fdf-b6b6-dd66ee96c5cf][2025-10-13 12:12:45] hola
2025-10-13 12:12:45.190 INFO {MainThread} [manager] (add_log) {D:\Project\V1\FlowKit\src\NodeRunner\node_runner\task_manager\manager.py:109} add log : ['[INFO][example_node][698c719e-0f1f-4fdf-b6b6-dd66ee96c5cf][2025-10-13 12:12:45] hola', '[INFO][example_node][698c719e-0f1f-4fdf-b6b6-dd66ee96c5cf][2025-10-13 12:12:45] hola', '[INFO][example_node][698c719e-0f1f-4fdf-b6b6-dd66ee96c5cf][2025-10-13 12:12:45] hola']
2025-10-13 12:12:45.190 INFO {MainThread} [npu_route] (add_logs) {D:\Project\V1\FlowKit\src\NodeRunner\node_runner\router\npu_route.py:101} [NODE LOG] Added log for runner 698c719e-0f1f-4fdf-b6b6-dd66ee96c5cf: [INFO][example_node][698c719e-0f1f-4fdf-b6b6-dd66ee96c5cf][2025-10-13 12:12:45] hola
2025-10-13 12:12:45.197 INFO {MainThread} [manager] (add_log) {D:\Project\V1\FlowKit\src\NodeRunner\node_runner\task_manager\manager.py:109} add log : ['[INFO][example_node][698c719e-0f1f-4fdf-b6b6-dd66ee96c5cf][2025-10-13 12:12:45] hola', '[INFO][example_node][698c719e-0f1f-4fdf-b6b6-dd66ee96c5cf][2025-10-13 12:12:45] hola', '[INFO][example_node][698c719e-0f1f-4fdf-b6b6-dd66ee96c5cf][2025-10-13 12:12:45] hola', '[INFO][example_node][698c719e-0f1f-4fdf-b6b6-dd66ee96c5cf][2025-10-13 12:12:45] hola']
2025-10-13 12:12:45.197 INFO {MainThread} [npu_route] (add_logs) {D:\Project\V1\FlowKit\src\NodeRunner\node_runner\router\npu_route.py:101} [NODE LOG] Added log for runner 698c719e-0f1f-4fdf-b6b6-dd66ee96c5cf: [INFO][example_node][698c719e-0f1f-4fdf-b6b6-dd66ee96c5cf][2025-10-13 12:12:45] hola
2025-10-13 12:12:45.207 INFO {MainThread} [manager] (add_log) {D:\Project\V1\FlowKit\src\NodeRunner\node_runner\task_manager\manager.py:109} add log : ['[INFO][example_node][698c719e-0f1f-4fdf-b6b6-dd66ee96c5cf][2025-10-13 12:12:45] hola', '[INFO][example_node][698c719e-0f1f-4fdf-b6b6-dd66ee96c5cf][2025-10-13 12:12:45] hola', '[INFO][example_node][698c719e-0f1f-4fdf-b6b6-dd66ee96c5cf][2025-10-13 12:12:45] hola', '[INFO][example_node][698c719e-0f1f-4fdf-b6b6-dd66ee96c5cf][2025-10-13 12:12:45] hola', '[INFO][example_node][698c719e-0f1f-4fdf-b6b6-dd66ee96c5cf][2025-10-13 12:12:45] hola']
2025-10-13 12:12:45.207 INFO {MainThread} [npu_route] (add_logs) {D:\Project\V1\FlowKit\src\NodeRunner\node_runner\router\npu_route.py:101} [NODE LOG] Added log for runner 698c719e-0f1f-4fdf-b6b6-dd66ee96c5cf: [INFO][example_node][698c719e-0f1f-4fdf-b6b6-dd66ee96c5cf][2025-10-13 12:12:45] hola
2025-10-13 12:12:45.213 INFO {MainThread} [manager] (add_log) {D:\Project\V1\FlowKit\src\NodeRunner\node_runner\task_manager\manager.py:109} add log : ['[INFO][example_node][698c719e-0f1f-4fdf-b6b6-dd66ee96c5cf][2025-10-13 12:12:45] hola', '[INFO][example_node][698c719e-0f1f-4fdf-b6b6-dd66ee96c5cf][2025-10-13 12:12:45] hola', '[INFO][example_node][698c719e-0f1f-4fdf-b6b6-dd66ee96c5cf][2025-10-13 12:12:45] hola', '[INFO][example_node][698c719e-0f1f-4fdf-b6b6-dd66ee96c5cf][2025-10-13 12:12:45] hola', '[INFO][example_node][698c719e-0f1f-4fdf-b6b6-dd66ee96c5cf][2025-10-13 12:12:45] hola', '[INFO][example_node][698c719e-0f1f-4fdf-b6b6-dd66ee96c5cf][2025-10-13 12:12:45] hola']
2025-10-13 12:12:45.214 INFO {MainThread} [npu_route] (add_logs) {D:\Project\V1\FlowKit\src\NodeRunner\node_runner\router\npu_route.py:101} [NODE LOG] Added log for runner 698c719e-0f1f-4fdf-b6b6-dd66ee96c5cf: [INFO][example_node][698c719e-0f1f-4fdf-b6b6-dd66ee96c5cf][2025-10-13 12:12:45] hola
2025-10-13 12:12:45.219 INFO {MainThread} [manager] (add_log) {D:\Project\V1\FlowKit\src\NodeRunner\node_runner\task_manager\manager.py:109} add log : ['[INFO][example_node][698c719e-0f1f-4fdf-b6b6-dd66ee96c5cf][2025-10-13 12:12:45] hola', '[INFO][example_node][698c719e-0f1f-4fdf-b6b6-dd66ee96c5cf][2025-10-13 12:12:45] hola', '[INFO][example_node][698c719e-0f1f-4fdf-b6b6-dd66ee96c5cf][2025-10-13 12:12:45] hola', '[INFO][example_node][698c719e-0f1f-4fdf-b6b6-dd66ee96c5cf][2025-10-13 12:12:45] hola', '[INFO][example_node][698c719e-0f1f-4fdf-b6b6-dd66ee96c5cf][2025-10-13 12:12:45] hola', '[INFO][example_node][698c719e-0f1f-4fdf-b6b6-dd66ee96c5cf][2025-10-13 12:12:45] hola', '[INFO][example_node][698c719e-0f1f-4fdf-b6b6-dd66ee96c5cf][2025-10-13 12:12:45] hola']
2025-10-13 12:12:45.219 INFO {MainThread} [npu_route] (add_logs) {D:\Project\V1\FlowKit\src\NodeRunner\node_runner\router\npu_route.py:101} [NODE LOG] Added log for runner 698c719e-0f1f-4fdf-b6b6-dd66ee96c5cf: [INFO][example_node][698c719e-0f1f-4fdf-b6b6-dd66ee96c5cf][2025-10-13 12:12:45] hola
2025-10-13 12:12:45.224 INFO {MainThread} [manager] (add_log) {D:\Project\V1\FlowKit\src\NodeRunner\node_runner\task_manager\manager.py:109} add log : ['[INFO][example_node][698c719e-0f1f-4fdf-b6b6-dd66ee96c5cf][2025-10-13 12:12:45] hola', '[INFO][example_node][698c719e-0f1f-4fdf-b6b6-dd66ee96c5cf][2025-10-13 12:12:45] hola', '[INFO][example_node][698c719e-0f1f-4fdf-b6b6-dd66ee96c5cf][2025-10-13 12:12:45] hola', '[INFO][example_node][698c719e-0f1f-4fdf-b6b6-dd66ee96c5cf][2025-10-13 12:12:45] hola', '[INFO][example_node][698c719e-0f1f-4fdf-b6b6-dd66ee96c5cf][2025-10-13 12:12:45] hola', '[INFO][example_node][698c719e-0f1f-4fdf-b6b6-dd66ee96c5cf][2025-10-13 12:12:45] hola', '[INFO][example_node][698c719e-0f1f-4fdf-b6b6-dd66ee96c5cf][2025-10-13 12:12:45] hola', '[INFO][example_node][698c719e-0f1f-4fdf-b6b6-dd66ee96c5cf][2025-10-13 12:12:45] hola']
2025-10-13 12:12:45.224 INFO {MainThread} [npu_route] (add_logs) {D:\Project\V1\FlowKit\src\NodeRunner\node_runner\router\npu_route.py:101} [NODE LOG] Added log for runner 698c719e-0f1f-4fdf-b6b6-dd66ee96c5cf: [INFO][example_node][698c719e-0f1f-4fdf-b6b6-dd66ee96c5cf][2025-10-13 12:12:45] hola
2025-10-13 12:12:45.231 INFO {MainThread} [manager] (add_log) {D:\Project\V1\FlowKit\src\NodeRunner\node_runner\task_manager\manager.py:109} add log : ['[INFO][example_node][698c719e-0f1f-4fdf-b6b6-dd66ee96c5cf][2025-10-13 12:12:45] hola', '[INFO][example_node][698c719e-0f1f-4fdf-b6b6-dd66ee96c5cf][2025-10-13 12:12:45] hola', '[INFO][example_node][698c719e-0f1f-4fdf-b6b6-dd66ee96c5cf][2025-10-13 12:12:45] hola', '[INFO][example_node][698c719e-0f1f-4fdf-b6b6-dd66ee96c5cf][2025-10-13 12:12:45] hola', '[INFO][example_node][698c719e-0f1f-4fdf-b6b6-dd66ee96c5cf][2025-10-13 12:12:45] hola', '[INFO][example_node][698c719e-0f1f-4fdf-b6b6-dd66ee96c5cf][2025-10-13 12:12:45] hola', '[INFO][example_node][698c719e-0f1f-4fdf-b6b6-dd66ee96c5cf][2025-10-13 12:12:45] hola', '[INFO][example_node][698c719e-0f1f-4fdf-b6b6-dd66ee96c5cf][2025-10-13 12:12:45] hola', '[INFO][example_node][698c719e-0f1f-4fdf-b6b6-dd66ee96c5cf][2025-10-13 12:12:45] hola']
2025-10-13 12:12:45.231 INFO {MainThread} [npu_route] (add_logs) {D:\Project\V1\FlowKit\src\NodeRunner\node_runner\router\npu_route.py:101} [NODE LOG] Added log for runner 698c719e-0f1f-4fdf-b6b6-dd66ee96c5cf: [INFO][example_node][698c719e-0f1f-4fdf-b6b6-dd66ee96c5cf][2025-10-13 12:12:45] hola
2025-10-13 12:12:45.237 INFO {MainThread} [manager] (add_log) {D:\Project\V1\FlowKit\src\NodeRunner\node_runner\task_manager\manager.py:109} add log : ['[INFO][example_node][698c719e-0f1f-4fdf-b6b6-dd66ee96c5cf][2025-10-13 12:12:45] hola', '[INFO][example_node][698c719e-0f1f-4fdf-b6b6-dd66ee96c5cf][2025-10-13 12:12:45] hola', '[INFO][example_node][698c719e-0f1f-4fdf-b6b6-dd66ee96c5cf][2025-10-13 12:12:45] hola', '[INFO][example_node][698c719e-0f1f-4fdf-b6b6-dd66ee96c5cf][2025-10-13 12:12:45] hola', '[INFO][example_node][698c719e-0f1f-4fdf-b6b6-dd66ee96c5cf][2025-10-13 12:12:45] hola', '[INFO][example_node][698c719e-0f1f-4fdf-b6b6-dd66ee96c5cf][2025-10-13 12:12:45] hola', '[INFO][example_node][698c719e-0f1f-4fdf-b6b6-dd66ee96c5cf][2025-10-13 12:12:45] hola', '[INFO][example_node][698c719e-0f1f-4fdf-b6b6-dd66ee96c5cf][2025-10-13 12:12:45] hola', '[INFO][example_node][698c719e-0f1f-4fdf-b6b6-dd66ee96c5cf][2025-10-13 12:12:45] hola', '[INFO][example_node][698c719e-0f1f-4fdf-b6b6-dd66ee96c5cf][2025-10-13 12:12:45] hola']
2025-10-13 12:12:45.237 INFO {MainThread} [npu_route] (add_logs) {D:\Project\V1\FlowKit\src\NodeRunner\node_runner\router\npu_route.py:101} [NODE LOG] Added log for runner 698c719e-0f1f-4fdf-b6b6-dd66ee96c5cf: [INFO][example_node][698c719e-0f1f-4fdf-b6b6-dd66ee96c5cf][2025-10-13 12:12:45] hola
2025-10-13 12:12:45.445 INFO {MainThread} [manager] (retrun_hook) {D:\Project\V1\FlowKit\src\NodeRunner\node_runner\task_manager\manager.py:85} Node hook called for 698c719e-0f1f-4fdf-b6b6-dd66ee96c5cf with status DONE
2025-10-13 12:12:45.445 INFO {MainThread} [manager] (retrun_hook) {D:\Project\V1\FlowKit\src\NodeRunner\node_runner\task_manager\manager.py:102} Node 698c719e-0f1f-4fdf-b6b6-dd66ee96c5cf marked as DONE
2025-10-13 12:12:45.445 INFO {MainThread} [npu_route] (return_node) {D:\Project\V1\FlowKit\src\NodeRunner\node_runner\router\npu_route.py:121} [NODE RESULT] Node 698c719e-0f1f-4fdf-b6b6-dd66ee96c5cf completed with status DONE
2025-10-13 12:12:45.563 INFO {MainThread} [manager] (run_node) {D:\Project\V1\FlowKit\src\NodeRunner\node_runner\task_manager\manager.py:72} Node 698c719e-0f1f-4fdf-b6b6-dd66ee96c5cf completed with status NodeStatus.DONE
2025-10-13 12:12:49.336 INFO {MainThread} [npu_route] (update_metrics) {D:\Project\V1\FlowKit\src\NodeRunner\node_runner\router\npu_route.py:66} [NPU METRICS] Updating metrics for NPU 0ebb4beb-1920-47fe-a316-e8a9893e69ae: {'uptime': 49.186954975128174, 'successful_tasks': 3, 'failed_tasks': 0, 'queued_tasks': 0}
2025-10-13 12:12:49.341 INFO {MainThread} [session] (update_metrics) {D:\Project\V1\FlowKit\src\NodeRunner\node_runner\npu_manager\session.py:99} Updated metrics for NPU 0ebb4beb-1920-47fe-a316-e8a9893e69ae: {'uptime': 49.186954975128174, 'successful_tasks': 3, 'failed_tasks': 0, 'queued_tasks': 0}
2025-10-13 12:12:49.342 INFO {MainThread} [session] (_parse_npu_status) {D:\Project\V1\FlowKit\src\NodeRunner\node_runner\npu_manager\session.py:166} data : {'uptime': 49.186954975128174, 'successful_tasks': 3, 'failed_tasks': 0, 'queued_tasks': 0}
2025-10-13 12:12:49.342 INFO {MainThread} [npu_route] (update_metrics) {D:\Project\V1\FlowKit\src\NodeRunner\node_runner\router\npu_route.py:77} [NPU METRICS] Metrics updated for NPU 0ebb4beb-1920-47fe-a316-e8a9893e69ae
2025-10-13 12:12:56.349 INFO {MainThread} [npu_route] (update_metrics) {D:\Project\V1\FlowKit\src\NodeRunner\node_runner\router\npu_route.py:66} [NPU METRICS] Updating metrics for NPU 0ebb4beb-1920-47fe-a316-e8a9893e69ae: {'uptime': 56.20081281661987, 'successful_tasks': 3, 'failed_tasks': 0, 'queued_tasks': 0}
2025-10-13 12:12:56.353 INFO {MainThread} [session] (update_metrics) {D:\Project\V1\FlowKit\src\NodeRunner\node_runner\npu_manager\session.py:99} Updated metrics for NPU 0ebb4beb-1920-47fe-a316-e8a9893e69ae: {'uptime': 56.20081281661987, 'successful_tasks': 3, 'failed_tasks': 0, 'queued_tasks': 0}
2025-10-13 12:12:56.355 INFO {MainThread} [session] (_parse_npu_status) {D:\Project\V1\FlowKit\src\NodeRunner\node_runner\npu_manager\session.py:166} data : {'uptime': 56.20081281661987, 'successful_tasks': 3, 'failed_tasks': 0, 'queued_tasks': 0}
2025-10-13 12:12:56.355 INFO {MainThread} [npu_route] (update_metrics) {D:\Project\V1\FlowKit\src\NodeRunner\node_runner\router\npu_route.py:77} [NPU METRICS] Metrics updated for NPU 0ebb4beb-1920-47fe-a316-e8a9893e69ae
2025-10-13 12:13:03.363 INFO {MainThread} [npu_route] (update_metrics) {D:\Project\V1\FlowKit\src\NodeRunner\node_runner\router\npu_route.py:66} [NPU METRICS] Updating metrics for NPU 0ebb4beb-1920-47fe-a316-e8a9893e69ae: {'uptime': 63.21450734138489, 'successful_tasks': 3, 'failed_tasks': 0, 'queued_tasks': 0}
2025-10-13 12:13:03.368 INFO {MainThread} [session] (update_metrics) {D:\Project\V1\FlowKit\src\NodeRunner\node_runner\npu_manager\session.py:99} Updated metrics for NPU 0ebb4beb-1920-47fe-a316-e8a9893e69ae: {'uptime': 63.21450734138489, 'successful_tasks': 3, 'failed_tasks': 0, 'queued_tasks': 0}
2025-10-13 12:13:03.371 INFO {MainThread} [session] (_parse_npu_status) {D:\Project\V1\FlowKit\src\NodeRunner\node_runner\npu_manager\session.py:166} data : {'uptime': 63.21450734138489, 'successful_tasks': 3, 'failed_tasks': 0, 'queued_tasks': 0}
2025-10-13 12:13:03.371 INFO {MainThread} [npu_route] (update_metrics) {D:\Project\V1\FlowKit\src\NodeRunner\node_runner\router\npu_route.py:77} [NPU METRICS] Metrics updated for NPU 0ebb4beb-1920-47fe-a316-e8a9893e69ae
2025-10-13 12:13:10.379 INFO {MainThread} [npu_route] (update_metrics) {D:\Project\V1\FlowKit\src\NodeRunner\node_runner\router\npu_route.py:66} [NPU METRICS] Updating metrics for NPU 0ebb4beb-1920-47fe-a316-e8a9893e69ae: {'uptime': 70.23166251182556, 'successful_tasks': 3, 'failed_tasks': 0, 'queued_tasks': 0}
2025-10-13 12:13:10.383 INFO {MainThread} [session] (update_metrics) {D:\Project\V1\FlowKit\src\NodeRunner\node_runner\npu_manager\session.py:99} Updated metrics for NPU 0ebb4beb-1920-47fe-a316-e8a9893e69ae: {'uptime': 70.23166251182556, 'successful_tasks': 3, 'failed_tasks': 0, 'queued_tasks': 0}
2025-10-13 12:13:10.385 INFO {MainThread} [session] (_parse_npu_status) {D:\Project\V1\FlowKit\src\NodeRunner\node_runner\npu_manager\session.py:166} data : {'uptime': 70.23166251182556, 'successful_tasks': 3, 'failed_tasks': 0, 'queued_tasks': 0}
2025-10-13 12:13:10.385 INFO {MainThread} [npu_route] (update_metrics) {D:\Project\V1\FlowKit\src\NodeRunner\node_runner\router\npu_route.py:77} [NPU METRICS] Metrics updated for NPU 0ebb4beb-1920-47fe-a316-e8a9893e69ae
2025-10-13 12:13:17.392 INFO {MainThread} [npu_route] (update_metrics) {D:\Project\V1\FlowKit\src\NodeRunner\node_runner\router\npu_route.py:66} [NPU METRICS] Updating metrics for NPU 0ebb4beb-1920-47fe-a316-e8a9893e69ae: {'uptime': 77.24437117576599, 'successful_tasks': 3, 'failed_tasks': 0, 'queued_tasks': 0}
2025-10-13 12:13:17.396 INFO {MainThread} [session] (update_metrics) {D:\Project\V1\FlowKit\src\NodeRunner\node_runner\npu_manager\session.py:99} Updated metrics for NPU 0ebb4beb-1920-47fe-a316-e8a9893e69ae: {'uptime': 77.24437117576599, 'successful_tasks': 3, 'failed_tasks': 0, 'queued_tasks': 0}
2025-10-13 12:13:17.398 INFO {MainThread} [session] (_parse_npu_status) {D:\Project\V1\FlowKit\src\NodeRunner\node_runner\npu_manager\session.py:166} data : {'uptime': 77.24437117576599, 'successful_tasks': 3, 'failed_tasks': 0, 'queued_tasks': 0}
2025-10-13 12:13:17.398 INFO {MainThread} [npu_route] (update_metrics) {D:\Project\V1\FlowKit\src\NodeRunner\node_runner\router\npu_route.py:77} [NPU METRICS] Metrics updated for NPU 0ebb4beb-1920-47fe-a316-e8a9893e69ae
2025-10-13 12:13:24.405 INFO {MainThread} [npu_route] (update_metrics) {D:\Project\V1\FlowKit\src\NodeRunner\node_runner\router\npu_route.py:66} [NPU METRICS] Updating metrics for NPU 0ebb4beb-1920-47fe-a316-e8a9893e69ae: {'uptime': 84.25780630111694, 'successful_tasks': 3, 'failed_tasks': 0, 'queued_tasks': 0}
2025-10-13 12:13:24.415 INFO {MainThread} [session] (update_metrics) {D:\Project\V1\FlowKit\src\NodeRunner\node_runner\npu_manager\session.py:99} Updated metrics for NPU 0ebb4beb-1920-47fe-a316-e8a9893e69ae: {'uptime': 84.25780630111694, 'successful_tasks': 3, 'failed_tasks': 0, 'queued_tasks': 0}
2025-10-13 12:13:24.417 INFO {MainThread} [session] (_parse_npu_status) {D:\Project\V1\FlowKit\src\NodeRunner\node_runner\npu_manager\session.py:166} data : {'uptime': 84.25780630111694, 'successful_tasks': 3, 'failed_tasks': 0, 'queued_tasks': 0}
2025-10-13 12:13:24.417 INFO {MainThread} [npu_route] (update_metrics) {D:\Project\V1\FlowKit\src\NodeRunner\node_runner\router\npu_route.py:77} [NPU METRICS] Metrics updated for NPU 0ebb4beb-1920-47fe-a316-e8a9893e69ae
2025-10-13 12:13:31.425 INFO {MainThread} [npu_route] (update_metrics) {D:\Project\V1\FlowKit\src\NodeRunner\node_runner\router\npu_route.py:66} [NPU METRICS] Updating metrics for NPU 0ebb4beb-1920-47fe-a316-e8a9893e69ae: {'uptime': 91.27719926834106, 'successful_tasks': 3, 'failed_tasks': 0, 'queued_tasks': 0}
2025-10-13 12:13:31.429 INFO {MainThread} [session] (update_metrics) {D:\Project\V1\FlowKit\src\NodeRunner\node_runner\npu_manager\session.py:99} Updated metrics for NPU 0ebb4beb-1920-47fe-a316-e8a9893e69ae: {'uptime': 91.27719926834106, 'successful_tasks': 3, 'failed_tasks': 0, 'queued_tasks': 0}
2025-10-13 12:13:31.431 INFO {MainThread} [session] (_parse_npu_status) {D:\Project\V1\FlowKit\src\NodeRunner\node_runner\npu_manager\session.py:166} data : {'uptime': 91.27719926834106, 'successful_tasks': 3, 'failed_tasks': 0, 'queued_tasks': 0}
2025-10-13 12:13:31.432 INFO {MainThread} [npu_route] (update_metrics) {D:\Project\V1\FlowKit\src\NodeRunner\node_runner\router\npu_route.py:77} [NPU METRICS] Metrics updated for NPU 0ebb4beb-1920-47fe-a316-e8a9893e69ae
2025-10-13 12:13:38.439 INFO {MainThread} [npu_route] (update_metrics) {D:\Project\V1\FlowKit\src\NodeRunner\node_runner\router\npu_route.py:66} [NPU METRICS] Updating metrics for NPU 0ebb4beb-1920-47fe-a316-e8a9893e69ae: {'uptime': 98.29135346412659, 'successful_tasks': 3, 'failed_tasks': 0, 'queued_tasks': 0}
2025-10-13 12:13:38.443 INFO {MainThread} [session] (update_metrics) {D:\Project\V1\FlowKit\src\NodeRunner\node_runner\npu_manager\session.py:99} Updated metrics for NPU 0ebb4beb-1920-47fe-a316-e8a9893e69ae: {'uptime': 98.29135346412659, 'successful_tasks': 3, 'failed_tasks': 0, 'queued_tasks': 0}
2025-10-13 12:13:38.446 INFO {MainThread} [session] (_parse_npu_status) {D:\Project\V1\FlowKit\src\NodeRunner\node_runner\npu_manager\session.py:166} data : {'uptime': 98.29135346412659, 'successful_tasks': 3, 'failed_tasks': 0, 'queued_tasks': 0}
2025-10-13 12:13:38.446 INFO {MainThread} [npu_route] (update_metrics) {D:\Project\V1\FlowKit\src\NodeRunner\node_runner\router\npu_route.py:77} [NPU METRICS] Metrics updated for NPU 0ebb4beb-1920-47fe-a316-e8a9893e69ae
2025-10-13 12:13:45.473 INFO {MainThread} [npu_route] (update_metrics) {D:\Project\V1\FlowKit\src\NodeRunner\node_runner\router\npu_route.py:66} [NPU METRICS] Updating metrics for NPU 0ebb4beb-1920-47fe-a316-e8a9893e69ae: {'uptime': 105.3053719997406, 'successful_tasks': 3, 'failed_tasks': 0, 'queued_tasks': 0}
2025-10-13 12:13:45.477 INFO {MainThread} [session] (update_metrics) {D:\Project\V1\FlowKit\src\NodeRunner\node_runner\npu_manager\session.py:99} Updated metrics for NPU 0ebb4beb-1920-47fe-a316-e8a9893e69ae: {'uptime': 105.3053719997406, 'successful_tasks': 3, 'failed_tasks': 0, 'queued_tasks': 0}
2025-10-13 12:13:45.480 INFO {MainThread} [session] (_parse_npu_status) {D:\Project\V1\FlowKit\src\NodeRunner\node_runner\npu_manager\session.py:166} data : {'uptime': 105.3053719997406, 'successful_tasks': 3, 'failed_tasks': 0, 'queued_tasks': 0}
2025-10-13 12:13:45.480 INFO {MainThread} [npu_route] (update_metrics) {D:\Project\V1\FlowKit\src\NodeRunner\node_runner\router\npu_route.py:77} [NPU METRICS] Metrics updated for NPU 0ebb4beb-1920-47fe-a316-e8a9893e69ae
2025-10-13 12:13:52.510 INFO {MainThread} [npu_route] (update_metrics) {D:\Project\V1\FlowKit\src\NodeRunner\node_runner\router\npu_route.py:66} [NPU METRICS] Updating metrics for NPU 0ebb4beb-1920-47fe-a316-e8a9893e69ae: {'uptime': 112.3410713672638, 'successful_tasks': 3, 'failed_tasks': 0, 'queued_tasks': 0}
2025-10-13 12:13:52.512 INFO {MainThread} [session] (update_metrics) {D:\Project\V1\FlowKit\src\NodeRunner\node_runner\npu_manager\session.py:99} Updated metrics for NPU 0ebb4beb-1920-47fe-a316-e8a9893e69ae: {'uptime': 112.3410713672638, 'successful_tasks': 3, 'failed_tasks': 0, 'queued_tasks': 0}
2025-10-13 12:13:52.513 INFO {MainThread} [session] (_parse_npu_status) {D:\Project\V1\FlowKit\src\NodeRunner\node_runner\npu_manager\session.py:166} data : {'uptime': 112.3410713672638, 'successful_tasks': 3, 'failed_tasks': 0, 'queued_tasks': 0}
2025-10-13 12:13:52.514 INFO {MainThread} [npu_route] (update_metrics) {D:\Project\V1\FlowKit\src\NodeRunner\node_runner\router\npu_route.py:77} [NPU METRICS] Metrics updated for NPU 0ebb4beb-1920-47fe-a316-e8a9893e69ae
2025-10-13 12:13:59.521 INFO {MainThread} [npu_route] (update_metrics) {D:\Project\V1\FlowKit\src\NodeRunner\node_runner\router\npu_route.py:66} [NPU METRICS] Updating metrics for NPU 0ebb4beb-1920-47fe-a316-e8a9893e69ae: {'uptime': 119.37245345115662, 'successful_tasks': 3, 'failed_tasks': 0, 'queued_tasks': 0}
2025-10-13 12:13:59.524 INFO {MainThread} [session] (update_metrics) {D:\Project\V1\FlowKit\src\NodeRunner\node_runner\npu_manager\session.py:99} Updated metrics for NPU 0ebb4beb-1920-47fe-a316-e8a9893e69ae: {'uptime': 119.37245345115662, 'successful_tasks': 3, 'failed_tasks': 0, 'queued_tasks': 0}
2025-10-13 12:13:59.526 INFO {MainThread} [session] (_parse_npu_status) {D:\Project\V1\FlowKit\src\NodeRunner\node_runner\npu_manager\session.py:166} data : {'uptime': 119.37245345115662, 'successful_tasks': 3, 'failed_tasks': 0, 'queued_tasks': 0}
2025-10-13 12:13:59.526 INFO {MainThread} [npu_route] (update_metrics) {D:\Project\V1\FlowKit\src\NodeRunner\node_runner\router\npu_route.py:77} [NPU METRICS] Metrics updated for NPU 0ebb4beb-1920-47fe-a316-e8a9893e69ae
2025-10-13 12:14:06.535 INFO {MainThread} [npu_route] (update_metrics) {D:\Project\V1\FlowKit\src\NodeRunner\node_runner\router\npu_route.py:66} [NPU METRICS] Updating metrics for NPU 0ebb4beb-1920-47fe-a316-e8a9893e69ae: {'uptime': 126.38634014129639, 'successful_tasks': 3, 'failed_tasks': 0, 'queued_tasks': 0}
2025-10-13 12:14:06.540 INFO {MainThread} [session] (update_metrics) {D:\Project\V1\FlowKit\src\NodeRunner\node_runner\npu_manager\session.py:99} Updated metrics for NPU 0ebb4beb-1920-47fe-a316-e8a9893e69ae: {'uptime': 126.38634014129639, 'successful_tasks': 3, 'failed_tasks': 0, 'queued_tasks': 0}
2025-10-13 12:14:06.543 INFO {MainThread} [session] (_parse_npu_status) {D:\Project\V1\FlowKit\src\NodeRunner\node_runner\npu_manager\session.py:166} data : {'uptime': 126.38634014129639, 'successful_tasks': 3, 'failed_tasks': 0, 'queued_tasks': 0}
2025-10-13 12:14:06.543 INFO {MainThread} [npu_route] (update_metrics) {D:\Project\V1\FlowKit\src\NodeRunner\node_runner\router\npu_route.py:77} [NPU METRICS] Metrics updated for NPU 0ebb4beb-1920-47fe-a316-e8a9893e69ae
2025-10-13 12:14:13.574 INFO {MainThread} [npu_route] (update_metrics) {D:\Project\V1\FlowKit\src\NodeRunner\node_runner\router\npu_route.py:66} [NPU METRICS] Updating metrics for NPU 0ebb4beb-1920-47fe-a316-e8a9893e69ae: {'uptime': 133.40366005897522, 'successful_tasks': 3, 'failed_tasks': 0, 'queued_tasks': 0}
2025-10-13 12:14:13.579 INFO {MainThread} [session] (update_metrics) {D:\Project\V1\FlowKit\src\NodeRunner\node_runner\npu_manager\session.py:99} Updated metrics for NPU 0ebb4beb-1920-47fe-a316-e8a9893e69ae: {'uptime': 133.40366005897522, 'successful_tasks': 3, 'failed_tasks': 0, 'queued_tasks': 0}
2025-10-13 12:14:13.581 INFO {MainThread} [session] (_parse_npu_status) {D:\Project\V1\FlowKit\src\NodeRunner\node_runner\npu_manager\session.py:166} data : {'uptime': 133.40366005897522, 'successful_tasks': 3, 'failed_tasks': 0, 'queued_tasks': 0}
2025-10-13 12:14:13.582 INFO {MainThread} [npu_route] (update_metrics) {D:\Project\V1\FlowKit\src\NodeRunner\node_runner\router\npu_route.py:77} [NPU METRICS] Metrics updated for NPU 0ebb4beb-1920-47fe-a316-e8a9893e69ae
2025-10-13 12:14:20.589 INFO {MainThread} [npu_route] (update_metrics) {D:\Project\V1\FlowKit\src\NodeRunner\node_runner\router\npu_route.py:66} [NPU METRICS] Updating metrics for NPU 0ebb4beb-1920-47fe-a316-e8a9893e69ae: {'uptime': 140.44145321846008, 'successful_tasks': 3, 'failed_tasks': 0, 'queued_tasks': 0}
2025-10-13 12:14:20.594 INFO {MainThread} [session] (update_metrics) {D:\Project\V1\FlowKit\src\NodeRunner\node_runner\npu_manager\session.py:99} Updated metrics for NPU 0ebb4beb-1920-47fe-a316-e8a9893e69ae: {'uptime': 140.44145321846008, 'successful_tasks': 3, 'failed_tasks': 0, 'queued_tasks': 0}
2025-10-13 12:14:20.597 INFO {MainThread} [session] (_parse_npu_status) {D:\Project\V1\FlowKit\src\NodeRunner\node_runner\npu_manager\session.py:166} data : {'uptime': 140.44145321846008, 'successful_tasks': 3, 'failed_tasks': 0, 'queued_tasks': 0}
2025-10-13 12:14:20.597 INFO {MainThread} [npu_route] (update_metrics) {D:\Project\V1\FlowKit\src\NodeRunner\node_runner\router\npu_route.py:77} [NPU METRICS] Metrics updated for NPU 0ebb4beb-1920-47fe-a316-e8a9893e69ae
2025-10-13 12:14:27.604 INFO {MainThread} [npu_route] (update_metrics) {D:\Project\V1\FlowKit\src\NodeRunner\node_runner\router\npu_route.py:66} [NPU METRICS] Updating metrics for NPU 0ebb4beb-1920-47fe-a316-e8a9893e69ae: {'uptime': 147.45657753944397, 'successful_tasks': 3, 'failed_tasks': 0, 'queued_tasks': 0}
2025-10-13 12:14:27.608 INFO {MainThread} [session] (update_metrics) {D:\Project\V1\FlowKit\src\NodeRunner\node_runner\npu_manager\session.py:99} Updated metrics for NPU 0ebb4beb-1920-47fe-a316-e8a9893e69ae: {'uptime': 147.45657753944397, 'successful_tasks': 3, 'failed_tasks': 0, 'queued_tasks': 0}
2025-10-13 12:14:27.610 INFO {MainThread} [session] (_parse_npu_status) {D:\Project\V1\FlowKit\src\NodeRunner\node_runner\npu_manager\session.py:166} data : {'uptime': 147.45657753944397, 'successful_tasks': 3, 'failed_tasks': 0, 'queued_tasks': 0}
2025-10-13 12:14:27.611 INFO {MainThread} [npu_route] (update_metrics) {D:\Project\V1\FlowKit\src\NodeRunner\node_runner\router\npu_route.py:77} [NPU METRICS] Metrics updated for NPU 0ebb4beb-1920-47fe-a316-e8a9893e69ae
2025-10-13 12:14:34.635 INFO {MainThread} [npu_route] (update_metrics) {D:\Project\V1\FlowKit\src\NodeRunner\node_runner\router\npu_route.py:66} [NPU METRICS] Updating metrics for NPU 0ebb4beb-1920-47fe-a316-e8a9893e69ae: {'uptime': 154.4704954624176, 'successful_tasks': 3, 'failed_tasks': 0, 'queued_tasks': 0}
2025-10-13 12:14:34.639 INFO {MainThread} [session] (update_metrics) {D:\Project\V1\FlowKit\src\NodeRunner\node_runner\npu_manager\session.py:99} Updated metrics for NPU 0ebb4beb-1920-47fe-a316-e8a9893e69ae: {'uptime': 154.4704954624176, 'successful_tasks': 3, 'failed_tasks': 0, 'queued_tasks': 0}
2025-10-13 12:14:34.641 INFO {MainThread} [session] (_parse_npu_status) {D:\Project\V1\FlowKit\src\NodeRunner\node_runner\npu_manager\session.py:166} data : {'uptime': 154.4704954624176, 'successful_tasks': 3, 'failed_tasks': 0, 'queued_tasks': 0}
2025-10-13 12:14:34.641 INFO {MainThread} [npu_route] (update_metrics) {D:\Project\V1\FlowKit\src\NodeRunner\node_runner\router\npu_route.py:77} [NPU METRICS] Metrics updated for NPU 0ebb4beb-1920-47fe-a316-e8a9893e69ae
2025-10-13 12:14:41.661 INFO {MainThread} [npu_route] (update_metrics) {D:\Project\V1\FlowKit\src\NodeRunner\node_runner\router\npu_route.py:66} [NPU METRICS] Updating metrics for NPU 0ebb4beb-1920-47fe-a316-e8a9893e69ae: {'uptime': 161.5002703666687, 'successful_tasks': 3, 'failed_tasks': 0, 'queued_tasks': 0}
2025-10-13 12:14:41.666 INFO {MainThread} [session] (update_metrics) {D:\Project\V1\FlowKit\src\NodeRunner\node_runner\npu_manager\session.py:99} Updated metrics for NPU 0ebb4beb-1920-47fe-a316-e8a9893e69ae: {'uptime': 161.5002703666687, 'successful_tasks': 3, 'failed_tasks': 0, 'queued_tasks': 0}
2025-10-13 12:14:41.668 INFO {MainThread} [session] (_parse_npu_status) {D:\Project\V1\FlowKit\src\NodeRunner\node_runner\npu_manager\session.py:166} data : {'uptime': 161.5002703666687, 'successful_tasks': 3, 'failed_tasks': 0, 'queued_tasks': 0}
2025-10-13 12:14:41.668 INFO {MainThread} [npu_route] (update_metrics) {D:\Project\V1\FlowKit\src\NodeRunner\node_runner\router\npu_route.py:77} [NPU METRICS] Metrics updated for NPU 0ebb4beb-1920-47fe-a316-e8a9893e69ae
2025-10-13 12:14:48.696 INFO {MainThread} [npu_route] (update_metrics) {D:\Project\V1\FlowKit\src\NodeRunner\node_runner\router\npu_route.py:66} [NPU METRICS] Updating metrics for NPU 0ebb4beb-1920-47fe-a316-e8a9893e69ae: {'uptime': 168.5277042388916, 'successful_tasks': 3, 'failed_tasks': 0, 'queued_tasks': 0}
2025-10-13 12:14:48.700 INFO {MainThread} [session] (update_metrics) {D:\Project\V1\FlowKit\src\NodeRunner\node_runner\npu_manager\session.py:99} Updated metrics for NPU 0ebb4beb-1920-47fe-a316-e8a9893e69ae: {'uptime': 168.5277042388916, 'successful_tasks': 3, 'failed_tasks': 0, 'queued_tasks': 0}
2025-10-13 12:14:48.703 INFO {MainThread} [session] (_parse_npu_status) {D:\Project\V1\FlowKit\src\NodeRunner\node_runner\npu_manager\session.py:166} data : {'uptime': 168.5277042388916, 'successful_tasks': 3, 'failed_tasks': 0, 'queued_tasks': 0}
2025-10-13 12:14:48.703 INFO {MainThread} [npu_route] (update_metrics) {D:\Project\V1\FlowKit\src\NodeRunner\node_runner\router\npu_route.py:77} [NPU METRICS] Metrics updated for NPU 0ebb4beb-1920-47fe-a316-e8a9893e69ae
2025-10-13 12:14:55.719 INFO {MainThread} [npu_route] (update_metrics) {D:\Project\V1\FlowKit\src\NodeRunner\node_runner\router\npu_route.py:66} [NPU METRICS] Updating metrics for NPU 0ebb4beb-1920-47fe-a316-e8a9893e69ae: {'uptime': 175.56279134750366, 'successful_tasks': 3, 'failed_tasks': 0, 'queued_tasks': 0}
2025-10-13 12:14:55.723 INFO {MainThread} [session] (update_metrics) {D:\Project\V1\FlowKit\src\NodeRunner\node_runner\npu_manager\session.py:99} Updated metrics for NPU 0ebb4beb-1920-47fe-a316-e8a9893e69ae: {'uptime': 175.56279134750366, 'successful_tasks': 3, 'failed_tasks': 0, 'queued_tasks': 0}
2025-10-13 12:14:55.725 INFO {MainThread} [session] (_parse_npu_status) {D:\Project\V1\FlowKit\src\NodeRunner\node_runner\npu_manager\session.py:166} data : {'uptime': 175.56279134750366, 'successful_tasks': 3, 'failed_tasks': 0, 'queued_tasks': 0}
2025-10-13 12:14:55.725 INFO {MainThread} [npu_route] (update_metrics) {D:\Project\V1\FlowKit\src\NodeRunner\node_runner\router\npu_route.py:77} [NPU METRICS] Metrics updated for NPU 0ebb4beb-1920-47fe-a316-e8a9893e69ae
2025-10-13 12:15:02.733 INFO {MainThread} [npu_route] (update_metrics) {D:\Project\V1\FlowKit\src\NodeRunner\node_runner\router\npu_route.py:66} [NPU METRICS] Updating metrics for NPU 0ebb4beb-1920-47fe-a316-e8a9893e69ae: {'uptime': 182.58486342430115, 'successful_tasks': 3, 'failed_tasks': 0, 'queued_tasks': 0}
2025-10-13 12:15:02.736 INFO {MainThread} [session] (update_metrics) {D:\Project\V1\FlowKit\src\NodeRunner\node_runner\npu_manager\session.py:99} Updated metrics for NPU 0ebb4beb-1920-47fe-a316-e8a9893e69ae: {'uptime': 182.58486342430115, 'successful_tasks': 3, 'failed_tasks': 0, 'queued_tasks': 0}
2025-10-13 12:15:02.738 INFO {MainThread} [session] (_parse_npu_status) {D:\Project\V1\FlowKit\src\NodeRunner\node_runner\npu_manager\session.py:166} data : {'uptime': 182.58486342430115, 'successful_tasks': 3, 'failed_tasks': 0, 'queued_tasks': 0}
2025-10-13 12:15:02.739 INFO {MainThread} [npu_route] (update_metrics) {D:\Project\V1\FlowKit\src\NodeRunner\node_runner\router\npu_route.py:77} [NPU METRICS] Metrics updated for NPU 0ebb4beb-1920-47fe-a316-e8a9893e69ae
2025-10-13 12:15:09.747 INFO {MainThread} [npu_route] (update_metrics) {D:\Project\V1\FlowKit\src\NodeRunner\node_runner\router\npu_route.py:66} [NPU METRICS] Updating metrics for NPU 0ebb4beb-1920-47fe-a316-e8a9893e69ae: {'uptime': 189.59916043281555, 'successful_tasks': 3, 'failed_tasks': 0, 'queued_tasks': 0}
2025-10-13 12:15:09.750 INFO {MainThread} [session] (update_metrics) {D:\Project\V1\FlowKit\src\NodeRunner\node_runner\npu_manager\session.py:99} Updated metrics for NPU 0ebb4beb-1920-47fe-a316-e8a9893e69ae: {'uptime': 189.59916043281555, 'successful_tasks': 3, 'failed_tasks': 0, 'queued_tasks': 0}
2025-10-13 12:15:09.751 INFO {MainThread} [session] (_parse_npu_status) {D:\Project\V1\FlowKit\src\NodeRunner\node_runner\npu_manager\session.py:166} data : {'uptime': 189.59916043281555, 'successful_tasks': 3, 'failed_tasks': 0, 'queued_tasks': 0}
2025-10-13 12:15:09.751 INFO {MainThread} [npu_route] (update_metrics) {D:\Project\V1\FlowKit\src\NodeRunner\node_runner\router\npu_route.py:77} [NPU METRICS] Metrics updated for NPU 0ebb4beb-1920-47fe-a316-e8a9893e69ae
2025-10-13 12:15:16.762 INFO {MainThread} [npu_route] (update_metrics) {D:\Project\V1\FlowKit\src\NodeRunner\node_runner\router\npu_route.py:66} [NPU METRICS] Updating metrics for NPU 0ebb4beb-1920-47fe-a316-e8a9893e69ae: {'uptime': 196.6131935119629, 'successful_tasks': 3, 'failed_tasks': 0, 'queued_tasks': 0}
2025-10-13 12:15:16.768 INFO {MainThread} [session] (update_metrics) {D:\Project\V1\FlowKit\src\NodeRunner\node_runner\npu_manager\session.py:99} Updated metrics for NPU 0ebb4beb-1920-47fe-a316-e8a9893e69ae: {'uptime': 196.6131935119629, 'successful_tasks': 3, 'failed_tasks': 0, 'queued_tasks': 0}
2025-10-13 12:15:16.771 INFO {MainThread} [session] (_parse_npu_status) {D:\Project\V1\FlowKit\src\NodeRunner\node_runner\npu_manager\session.py:166} data : {'uptime': 196.6131935119629, 'successful_tasks': 3, 'failed_tasks': 0, 'queued_tasks': 0}
2025-10-13 12:15:16.771 INFO {MainThread} [npu_route] (update_metrics) {D:\Project\V1\FlowKit\src\NodeRunner\node_runner\router\npu_route.py:77} [NPU METRICS] Metrics updated for NPU 0ebb4beb-1920-47fe-a316-e8a9893e69ae
2025-10-13 12:15:23.780 INFO {MainThread} [npu_route] (update_metrics) {D:\Project\V1\FlowKit\src\NodeRunner\node_runner\router\npu_route.py:66} [NPU METRICS] Updating metrics for NPU 0ebb4beb-1920-47fe-a316-e8a9893e69ae: {'uptime': 203.63149881362915, 'successful_tasks': 3, 'failed_tasks': 0, 'queued_tasks': 0}
2025-10-13 12:15:23.784 INFO {MainThread} [session] (update_metrics) {D:\Project\V1\FlowKit\src\NodeRunner\node_runner\npu_manager\session.py:99} Updated metrics for NPU 0ebb4beb-1920-47fe-a316-e8a9893e69ae: {'uptime': 203.63149881362915, 'successful_tasks': 3, 'failed_tasks': 0, 'queued_tasks': 0}
2025-10-13 12:15:23.787 INFO {MainThread} [session] (_parse_npu_status) {D:\Project\V1\FlowKit\src\NodeRunner\node_runner\npu_manager\session.py:166} data : {'uptime': 203.63149881362915, 'successful_tasks': 3, 'failed_tasks': 0, 'queued_tasks': 0}
2025-10-13 12:15:23.787 INFO {MainThread} [npu_route] (update_metrics) {D:\Project\V1\FlowKit\src\NodeRunner\node_runner\router\npu_route.py:77} [NPU METRICS] Metrics updated for NPU 0ebb4beb-1920-47fe-a316-e8a9893e69ae
2025-10-13 12:15:30.796 INFO {MainThread} [npu_route] (update_metrics) {D:\Project\V1\FlowKit\src\NodeRunner\node_runner\router\npu_route.py:66} [NPU METRICS] Updating metrics for NPU 0ebb4beb-1920-47fe-a316-e8a9893e69ae: {'uptime': 210.6477382183075, 'successful_tasks': 3, 'failed_tasks': 0, 'queued_tasks': 0}
2025-10-13 12:15:30.800 INFO {MainThread} [session] (update_metrics) {D:\Project\V1\FlowKit\src\NodeRunner\node_runner\npu_manager\session.py:99} Updated metrics for NPU 0ebb4beb-1920-47fe-a316-e8a9893e69ae: {'uptime': 210.6477382183075, 'successful_tasks': 3, 'failed_tasks': 0, 'queued_tasks': 0}
2025-10-13 12:15:30.802 INFO {MainThread} [session] (_parse_npu_status) {D:\Project\V1\FlowKit\src\NodeRunner\node_runner\npu_manager\session.py:166} data : {'uptime': 210.6477382183075, 'successful_tasks': 3, 'failed_tasks': 0, 'queued_tasks': 0}
2025-10-13 12:15:30.803 INFO {MainThread} [npu_route] (update_metrics) {D:\Project\V1\FlowKit\src\NodeRunner\node_runner\router\npu_route.py:77} [NPU METRICS] Metrics updated for NPU 0ebb4beb-1920-47fe-a316-e8a9893e69ae
2025-10-13 12:15:37.833 INFO {MainThread} [npu_route] (update_metrics) {D:\Project\V1\FlowKit\src\NodeRunner\node_runner\router\npu_route.py:66} [NPU METRICS] Updating metrics for NPU 0ebb4beb-1920-47fe-a316-e8a9893e69ae: {'uptime': 217.66253995895386, 'successful_tasks': 3, 'failed_tasks': 0, 'queued_tasks': 0}
2025-10-13 12:15:37.837 INFO {MainThread} [session] (update_metrics) {D:\Project\V1\FlowKit\src\NodeRunner\node_runner\npu_manager\session.py:99} Updated metrics for NPU 0ebb4beb-1920-47fe-a316-e8a9893e69ae: {'uptime': 217.66253995895386, 'successful_tasks': 3, 'failed_tasks': 0, 'queued_tasks': 0}
2025-10-13 12:15:37.840 INFO {MainThread} [session] (_parse_npu_status) {D:\Project\V1\FlowKit\src\NodeRunner\node_runner\npu_manager\session.py:166} data : {'uptime': 217.66253995895386, 'successful_tasks': 3, 'failed_tasks': 0, 'queued_tasks': 0}
2025-10-13 12:15:37.840 INFO {MainThread} [npu_route] (update_metrics) {D:\Project\V1\FlowKit\src\NodeRunner\node_runner\router\npu_route.py:77} [NPU METRICS] Metrics updated for NPU 0ebb4beb-1920-47fe-a316-e8a9893e69ae
2025-10-13 12:15:44.847 INFO {MainThread} [npu_route] (update_metrics) {D:\Project\V1\FlowKit\src\NodeRunner\node_runner\router\npu_route.py:66} [NPU METRICS] Updating metrics for NPU 0ebb4beb-1920-47fe-a316-e8a9893e69ae: {'uptime': 224.69965410232544, 'successful_tasks': 3, 'failed_tasks': 0, 'queued_tasks': 0}
2025-10-13 12:15:44.852 INFO {MainThread} [session] (update_metrics) {D:\Project\V1\FlowKit\src\NodeRunner\node_runner\npu_manager\session.py:99} Updated metrics for NPU 0ebb4beb-1920-47fe-a316-e8a9893e69ae: {'uptime': 224.69965410232544, 'successful_tasks': 3, 'failed_tasks': 0, 'queued_tasks': 0}
2025-10-13 12:15:44.856 INFO {MainThread} [session] (_parse_npu_status) {D:\Project\V1\FlowKit\src\NodeRunner\node_runner\npu_manager\session.py:166} data : {'uptime': 224.69965410232544, 'successful_tasks': 3, 'failed_tasks': 0, 'queued_tasks': 0}
2025-10-13 12:15:44.856 INFO {MainThread} [npu_route] (update_metrics) {D:\Project\V1\FlowKit\src\NodeRunner\node_runner\router\npu_route.py:77} [NPU METRICS] Metrics updated for NPU 0ebb4beb-1920-47fe-a316-e8a9893e69ae
2025-10-13 12:15:51.878 INFO {MainThread} [npu_route] (update_metrics) {D:\Project\V1\FlowKit\src\NodeRunner\node_runner\router\npu_route.py:66} [NPU METRICS] Updating metrics for NPU 0ebb4beb-1920-47fe-a316-e8a9893e69ae: {'uptime': 231.71608638763428, 'successful_tasks': 3, 'failed_tasks': 0, 'queued_tasks': 0}
2025-10-13 12:15:51.883 INFO {MainThread} [session] (update_metrics) {D:\Project\V1\FlowKit\src\NodeRunner\node_runner\npu_manager\session.py:99} Updated metrics for NPU 0ebb4beb-1920-47fe-a316-e8a9893e69ae: {'uptime': 231.71608638763428, 'successful_tasks': 3, 'failed_tasks': 0, 'queued_tasks': 0}
2025-10-13 12:15:51.885 INFO {MainThread} [session] (_parse_npu_status) {D:\Project\V1\FlowKit\src\NodeRunner\node_runner\npu_manager\session.py:166} data : {'uptime': 231.71608638763428, 'successful_tasks': 3, 'failed_tasks': 0, 'queued_tasks': 0}
2025-10-13 12:15:51.885 INFO {MainThread} [npu_route] (update_metrics) {D:\Project\V1\FlowKit\src\NodeRunner\node_runner\router\npu_route.py:77} [NPU METRICS] Metrics updated for NPU 0ebb4beb-1920-47fe-a316-e8a9893e69ae
2025-10-13 12:15:58.914 INFO {MainThread} [npu_route] (update_metrics) {D:\Project\V1\FlowKit\src\NodeRunner\node_runner\router\npu_route.py:66} [NPU METRICS] Updating metrics for NPU 0ebb4beb-1920-47fe-a316-e8a9893e69ae: {'uptime': 238.7450349330902, 'successful_tasks': 3, 'failed_tasks': 0, 'queued_tasks': 0}
2025-10-13 12:15:58.918 INFO {MainThread} [session] (update_metrics) {D:\Project\V1\FlowKit\src\NodeRunner\node_runner\npu_manager\session.py:99} Updated metrics for NPU 0ebb4beb-1920-47fe-a316-e8a9893e69ae: {'uptime': 238.7450349330902, 'successful_tasks': 3, 'failed_tasks': 0, 'queued_tasks': 0}
2025-10-13 12:15:58.920 INFO {MainThread} [session] (_parse_npu_status) {D:\Project\V1\FlowKit\src\NodeRunner\node_runner\npu_manager\session.py:166} data : {'uptime': 238.7450349330902, 'successful_tasks': 3, 'failed_tasks': 0, 'queued_tasks': 0}
2025-10-13 12:15:58.920 INFO {MainThread} [npu_route] (update_metrics) {D:\Project\V1\FlowKit\src\NodeRunner\node_runner\router\npu_route.py:77} [NPU METRICS] Metrics updated for NPU 0ebb4beb-1920-47fe-a316-e8a9893e69ae
2025-10-13 12:16:05.927 INFO {MainThread} [npu_route] (update_metrics) {D:\Project\V1\FlowKit\src\NodeRunner\node_runner\router\npu_route.py:66} [NPU METRICS] Updating metrics for NPU 0ebb4beb-1920-47fe-a316-e8a9893e69ae: {'uptime': 245.77991914749146, 'successful_tasks': 3, 'failed_tasks': 0, 'queued_tasks': 0}
2025-10-13 12:16:05.931 INFO {MainThread} [session] (update_metrics) {D:\Project\V1\FlowKit\src\NodeRunner\node_runner\npu_manager\session.py:99} Updated metrics for NPU 0ebb4beb-1920-47fe-a316-e8a9893e69ae: {'uptime': 245.77991914749146, 'successful_tasks': 3, 'failed_tasks': 0, 'queued_tasks': 0}
2025-10-13 12:16:05.933 INFO {MainThread} [session] (_parse_npu_status) {D:\Project\V1\FlowKit\src\NodeRunner\node_runner\npu_manager\session.py:166} data : {'uptime': 245.77991914749146, 'successful_tasks': 3, 'failed_tasks': 0, 'queued_tasks': 0}
2025-10-13 12:16:05.933 INFO {MainThread} [npu_route] (update_metrics) {D:\Project\V1\FlowKit\src\NodeRunner\node_runner\router\npu_route.py:77} [NPU METRICS] Metrics updated for NPU 0ebb4beb-1920-47fe-a316-e8a9893e69ae
2025-10-13 12:16:12.963 INFO {MainThread} [npu_route] (update_metrics) {D:\Project\V1\FlowKit\src\NodeRunner\node_runner\router\npu_route.py:66} [NPU METRICS] Updating metrics for NPU 0ebb4beb-1920-47fe-a316-e8a9893e69ae: {'uptime': 252.79316782951355, 'successful_tasks': 3, 'failed_tasks': 0, 'queued_tasks': 0}
2025-10-13 12:16:12.969 INFO {MainThread} [session] (update_metrics) {D:\Project\V1\FlowKit\src\NodeRunner\node_runner\npu_manager\session.py:99} Updated metrics for NPU 0ebb4beb-1920-47fe-a316-e8a9893e69ae: {'uptime': 252.79316782951355, 'successful_tasks': 3, 'failed_tasks': 0, 'queued_tasks': 0}
2025-10-13 12:16:12.972 INFO {MainThread} [session] (_parse_npu_status) {D:\Project\V1\FlowKit\src\NodeRunner\node_runner\npu_manager\session.py:166} data : {'uptime': 252.79316782951355, 'successful_tasks': 3, 'failed_tasks': 0, 'queued_tasks': 0}
2025-10-13 12:16:12.972 INFO {MainThread} [npu_route] (update_metrics) {D:\Project\V1\FlowKit\src\NodeRunner\node_runner\router\npu_route.py:77} [NPU METRICS] Metrics updated for NPU 0ebb4beb-1920-47fe-a316-e8a9893e69ae
2025-10-13 12:16:20.004 INFO {MainThread} [npu_route] (update_metrics) {D:\Project\V1\FlowKit\src\NodeRunner\node_runner\router\npu_route.py:66} [NPU METRICS] Updating metrics for NPU 0ebb4beb-1920-47fe-a316-e8a9893e69ae: {'uptime': 259.83247590065, 'successful_tasks': 3, 'failed_tasks': 0, 'queued_tasks': 0}
2025-10-13 12:16:20.012 INFO {MainThread} [session] (update_metrics) {D:\Project\V1\FlowKit\src\NodeRunner\node_runner\npu_manager\session.py:99} Updated metrics for NPU 0ebb4beb-1920-47fe-a316-e8a9893e69ae: {'uptime': 259.83247590065, 'successful_tasks': 3, 'failed_tasks': 0, 'queued_tasks': 0}
2025-10-13 12:16:20.017 INFO {MainThread} [session] (_parse_npu_status) {D:\Project\V1\FlowKit\src\NodeRunner\node_runner\npu_manager\session.py:166} data : {'uptime': 259.83247590065, 'successful_tasks': 3, 'failed_tasks': 0, 'queued_tasks': 0}
2025-10-13 12:16:20.017 INFO {MainThread} [npu_route] (update_metrics) {D:\Project\V1\FlowKit\src\NodeRunner\node_runner\router\npu_route.py:77} [NPU METRICS] Metrics updated for NPU 0ebb4beb-1920-47fe-a316-e8a9893e69ae
2025-10-13 12:16:27.027 INFO {MainThread} [npu_route] (update_metrics) {D:\Project\V1\FlowKit\src\NodeRunner\node_runner\router\npu_route.py:66} [NPU METRICS] Updating metrics for NPU 0ebb4beb-1920-47fe-a316-e8a9893e69ae: {'uptime': 266.87950229644775, 'successful_tasks': 3, 'failed_tasks': 0, 'queued_tasks': 0}
2025-10-13 12:16:27.031 INFO {MainThread} [session] (update_metrics) {D:\Project\V1\FlowKit\src\NodeRunner\node_runner\npu_manager\session.py:99} Updated metrics for NPU 0ebb4beb-1920-47fe-a316-e8a9893e69ae: {'uptime': 266.87950229644775, 'successful_tasks': 3, 'failed_tasks': 0, 'queued_tasks': 0}
2025-10-13 12:16:27.033 INFO {MainThread} [session] (_parse_npu_status) {D:\Project\V1\FlowKit\src\NodeRunner\node_runner\npu_manager\session.py:166} data : {'uptime': 266.87950229644775, 'successful_tasks': 3, 'failed_tasks': 0, 'queued_tasks': 0}
2025-10-13 12:16:27.033 INFO {MainThread} [npu_route] (update_metrics) {D:\Project\V1\FlowKit\src\NodeRunner\node_runner\router\npu_route.py:77} [NPU METRICS] Metrics updated for NPU 0ebb4beb-1920-47fe-a316-e8a9893e69ae
2025-10-13 12:16:34.062 INFO {MainThread} [npu_route] (update_metrics) {D:\Project\V1\FlowKit\src\NodeRunner\node_runner\router\npu_route.py:66} [NPU METRICS] Updating metrics for NPU 0ebb4beb-1920-47fe-a316-e8a9893e69ae: {'uptime': 273.89236760139465, 'successful_tasks': 3, 'failed_tasks': 0, 'queued_tasks': 0}
2025-10-13 12:16:34.068 INFO {MainThread} [session] (update_metrics) {D:\Project\V1\FlowKit\src\NodeRunner\node_runner\npu_manager\session.py:99} Updated metrics for NPU 0ebb4beb-1920-47fe-a316-e8a9893e69ae: {'uptime': 273.89236760139465, 'successful_tasks': 3, 'failed_tasks': 0, 'queued_tasks': 0}
2025-10-13 12:16:34.070 INFO {MainThread} [session] (_parse_npu_status) {D:\Project\V1\FlowKit\src\NodeRunner\node_runner\npu_manager\session.py:166} data : {'uptime': 273.89236760139465, 'successful_tasks': 3, 'failed_tasks': 0, 'queued_tasks': 0}
2025-10-13 12:16:34.071 INFO {MainThread} [npu_route] (update_metrics) {D:\Project\V1\FlowKit\src\NodeRunner\node_runner\router\npu_route.py:77} [NPU METRICS] Metrics updated for NPU 0ebb4beb-1920-47fe-a316-e8a9893e69ae
2025-10-13 12:16:41.077 INFO {MainThread} [npu_route] (update_metrics) {D:\Project\V1\FlowKit\src\NodeRunner\node_runner\router\npu_route.py:66} [NPU METRICS] Updating metrics for NPU 0ebb4beb-1920-47fe-a316-e8a9893e69ae: {'uptime': 280.9304189682007, 'successful_tasks': 3, 'failed_tasks': 0, 'queued_tasks': 0}
2025-10-13 12:16:41.081 INFO {MainThread} [session] (update_metrics) {D:\Project\V1\FlowKit\src\NodeRunner\node_runner\npu_manager\session.py:99} Updated metrics for NPU 0ebb4beb-1920-47fe-a316-e8a9893e69ae: {'uptime': 280.9304189682007, 'successful_tasks': 3, 'failed_tasks': 0, 'queued_tasks': 0}
2025-10-13 12:16:41.082 INFO {MainThread} [session] (_parse_npu_status) {D:\Project\V1\FlowKit\src\NodeRunner\node_runner\npu_manager\session.py:166} data : {'uptime': 280.9304189682007, 'successful_tasks': 3, 'failed_tasks': 0, 'queued_tasks': 0}
2025-10-13 12:16:41.083 INFO {MainThread} [npu_route] (update_metrics) {D:\Project\V1\FlowKit\src\NodeRunner\node_runner\router\npu_route.py:77} [NPU METRICS] Metrics updated for NPU 0ebb4beb-1920-47fe-a316-e8a9893e69ae
2025-10-13 12:16:48.090 INFO {MainThread} [npu_route] (update_metrics) {D:\Project\V1\FlowKit\src\NodeRunner\node_runner\router\npu_route.py:66} [NPU METRICS] Updating metrics for NPU 0ebb4beb-1920-47fe-a316-e8a9893e69ae: {'uptime': 287.9432284832001, 'successful_tasks': 3, 'failed_tasks': 0, 'queued_tasks': 0}
2025-10-13 12:16:48.094 INFO {MainThread} [session] (update_metrics) {D:\Project\V1\FlowKit\src\NodeRunner\node_runner\npu_manager\session.py:99} Updated metrics for NPU 0ebb4beb-1920-47fe-a316-e8a9893e69ae: {'uptime': 287.9432284832001, 'successful_tasks': 3, 'failed_tasks': 0, 'queued_tasks': 0}
2025-10-13 12:16:48.096 INFO {MainThread} [session] (_parse_npu_status) {D:\Project\V1\FlowKit\src\NodeRunner\node_runner\npu_manager\session.py:166} data : {'uptime': 287.9432284832001, 'successful_tasks': 3, 'failed_tasks': 0, 'queued_tasks': 0}
2025-10-13 12:16:48.097 INFO {MainThread} [npu_route] (update_metrics) {D:\Project\V1\FlowKit\src\NodeRunner\node_runner\router\npu_route.py:77} [NPU METRICS] Metrics updated for NPU 0ebb4beb-1920-47fe-a316-e8a9893e69ae
2025-10-13 12:16:55.115 INFO {MainThread} [npu_route] (update_metrics) {D:\Project\V1\FlowKit\src\NodeRunner\node_runner\router\npu_route.py:66} [NPU METRICS] Updating metrics for NPU 0ebb4beb-1920-47fe-a316-e8a9893e69ae: {'uptime': 294.956125497818, 'successful_tasks': 3, 'failed_tasks': 0, 'queued_tasks': 0}
2025-10-13 12:16:55.120 INFO {MainThread} [session] (update_metrics) {D:\Project\V1\FlowKit\src\NodeRunner\node_runner\npu_manager\session.py:99} Updated metrics for NPU 0ebb4beb-1920-47fe-a316-e8a9893e69ae: {'uptime': 294.956125497818, 'successful_tasks': 3, 'failed_tasks': 0, 'queued_tasks': 0}
2025-10-13 12:16:55.123 INFO {MainThread} [session] (_parse_npu_status) {D:\Project\V1\FlowKit\src\NodeRunner\node_runner\npu_manager\session.py:166} data : {'uptime': 294.956125497818, 'successful_tasks': 3, 'failed_tasks': 0, 'queued_tasks': 0}
2025-10-13 12:16:55.123 INFO {MainThread} [npu_route] (update_metrics) {D:\Project\V1\FlowKit\src\NodeRunner\node_runner\router\npu_route.py:77} [NPU METRICS] Metrics updated for NPU 0ebb4beb-1920-47fe-a316-e8a9893e69ae
2025-10-13 12:17:02.157 INFO {MainThread} [npu_route] (update_metrics) {D:\Project\V1\FlowKit\src\NodeRunner\node_runner\router\npu_route.py:66} [NPU METRICS] Updating metrics for NPU 0ebb4beb-1920-47fe-a316-e8a9893e69ae: {'uptime': 301.9835503101349, 'successful_tasks': 3, 'failed_tasks': 0, 'queued_tasks': 0}
2025-10-13 12:17:02.162 INFO {MainThread} [session] (update_metrics) {D:\Project\V1\FlowKit\src\NodeRunner\node_runner\npu_manager\session.py:99} Updated metrics for NPU 0ebb4beb-1920-47fe-a316-e8a9893e69ae: {'uptime': 301.9835503101349, 'successful_tasks': 3, 'failed_tasks': 0, 'queued_tasks': 0}
2025-10-13 12:17:02.165 INFO {MainThread} [session] (_parse_npu_status) {D:\Project\V1\FlowKit\src\NodeRunner\node_runner\npu_manager\session.py:166} data : {'uptime': 301.9835503101349, 'successful_tasks': 3, 'failed_tasks': 0, 'queued_tasks': 0}
2025-10-13 12:17:02.165 INFO {MainThread} [npu_route] (update_metrics) {D:\Project\V1\FlowKit\src\NodeRunner\node_runner\router\npu_route.py:77} [NPU METRICS] Metrics updated for NPU 0ebb4beb-1920-47fe-a316-e8a9893e69ae
2025-10-13 12:17:09.177 INFO {MainThread} [npu_route] (update_metrics) {D:\Project\V1\FlowKit\src\NodeRunner\node_runner\router\npu_route.py:66} [NPU METRICS] Updating metrics for NPU 0ebb4beb-1920-47fe-a316-e8a9893e69ae: {'uptime': 309.024879693985, 'successful_tasks': 3, 'failed_tasks': 0, 'queued_tasks': 0}
2025-10-13 12:17:09.184 INFO {MainThread} [session] (update_metrics) {D:\Project\V1\FlowKit\src\NodeRunner\node_runner\npu_manager\session.py:99} Updated metrics for NPU 0ebb4beb-1920-47fe-a316-e8a9893e69ae: {'uptime': 309.024879693985, 'successful_tasks': 3, 'failed_tasks': 0, 'queued_tasks': 0}
2025-10-13 12:17:09.188 INFO {MainThread} [session] (_parse_npu_status) {D:\Project\V1\FlowKit\src\NodeRunner\node_runner\npu_manager\session.py:166} data : {'uptime': 309.024879693985, 'successful_tasks': 3, 'failed_tasks': 0, 'queued_tasks': 0}
2025-10-13 12:17:09.189 INFO {MainThread} [npu_route] (update_metrics) {D:\Project\V1\FlowKit\src\NodeRunner\node_runner\router\npu_route.py:77} [NPU METRICS] Metrics updated for NPU 0ebb4beb-1920-47fe-a316-e8a9893e69ae
2025-10-13 12:17:16.202 INFO {MainThread} [npu_route] (update_metrics) {D:\Project\V1\FlowKit\src\NodeRunner\node_runner\router\npu_route.py:66} [NPU METRICS] Updating metrics for NPU 0ebb4beb-1920-47fe-a316-e8a9893e69ae: {'uptime': 316.0516149997711, 'successful_tasks': 3, 'failed_tasks': 0, 'queued_tasks': 0}
2025-10-13 12:17:16.208 INFO {MainThread} [session] (update_metrics) {D:\Project\V1\FlowKit\src\NodeRunner\node_runner\npu_manager\session.py:99} Updated metrics for NPU 0ebb4beb-1920-47fe-a316-e8a9893e69ae: {'uptime': 316.0516149997711, 'successful_tasks': 3, 'failed_tasks': 0, 'queued_tasks': 0}
2025-10-13 12:17:16.212 INFO {MainThread} [session] (_parse_npu_status) {D:\Project\V1\FlowKit\src\NodeRunner\node_runner\npu_manager\session.py:166} data : {'uptime': 316.0516149997711, 'successful_tasks': 3, 'failed_tasks': 0, 'queued_tasks': 0}
2025-10-13 12:17:16.212 INFO {MainThread} [npu_route] (update_metrics) {D:\Project\V1\FlowKit\src\NodeRunner\node_runner\router\npu_route.py:77} [NPU METRICS] Metrics updated for NPU 0ebb4beb-1920-47fe-a316-e8a9893e69ae
2025-10-13 12:17:23.222 INFO {MainThread} [npu_route] (update_metrics) {D:\Project\V1\FlowKit\src\NodeRunner\node_runner\router\npu_route.py:66} [NPU METRICS] Updating metrics for NPU 0ebb4beb-1920-47fe-a316-e8a9893e69ae: {'uptime': 323.07302045822144, 'successful_tasks': 3, 'failed_tasks': 0, 'queued_tasks': 0}
2025-10-13 12:17:23.228 INFO {MainThread} [session] (update_metrics) {D:\Project\V1\FlowKit\src\NodeRunner\node_runner\npu_manager\session.py:99} Updated metrics for NPU 0ebb4beb-1920-47fe-a316-e8a9893e69ae: {'uptime': 323.07302045822144, 'successful_tasks': 3, 'failed_tasks': 0, 'queued_tasks': 0}
2025-10-13 12:17:23.230 INFO {MainThread} [session] (_parse_npu_status) {D:\Project\V1\FlowKit\src\NodeRunner\node_runner\npu_manager\session.py:166} data : {'uptime': 323.07302045822144, 'successful_tasks': 3, 'failed_tasks': 0, 'queued_tasks': 0}
2025-10-13 12:17:23.231 INFO {MainThread} [npu_route] (update_metrics) {D:\Project\V1\FlowKit\src\NodeRunner\node_runner\router\npu_route.py:77} [NPU METRICS] Metrics updated for NPU 0ebb4beb-1920-47fe-a316-e8a9893e69ae
2025-10-13 12:17:30.254 INFO {MainThread} [npu_route] (update_metrics) {D:\Project\V1\FlowKit\src\NodeRunner\node_runner\router\npu_route.py:66} [NPU METRICS] Updating metrics for NPU 0ebb4beb-1920-47fe-a316-e8a9893e69ae: {'uptime': 330.09061670303345, 'successful_tasks': 3, 'failed_tasks': 0, 'queued_tasks': 0}
2025-10-13 12:17:30.260 INFO {MainThread} [session] (update_metrics) {D:\Project\V1\FlowKit\src\NodeRunner\node_runner\npu_manager\session.py:99} Updated metrics for NPU 0ebb4beb-1920-47fe-a316-e8a9893e69ae: {'uptime': 330.09061670303345, 'successful_tasks': 3, 'failed_tasks': 0, 'queued_tasks': 0}
2025-10-13 12:17:30.263 INFO {MainThread} [session] (_parse_npu_status) {D:\Project\V1\FlowKit\src\NodeRunner\node_runner\npu_manager\session.py:166} data : {'uptime': 330.09061670303345, 'successful_tasks': 3, 'failed_tasks': 0, 'queued_tasks': 0}
2025-10-13 12:17:30.263 INFO {MainThread} [npu_route] (update_metrics) {D:\Project\V1\FlowKit\src\NodeRunner\node_runner\router\npu_route.py:77} [NPU METRICS] Metrics updated for NPU 0ebb4beb-1920-47fe-a316-e8a9893e69ae
2025-10-13 12:17:37.271 INFO {MainThread} [npu_route] (update_metrics) {D:\Project\V1\FlowKit\src\NodeRunner\node_runner\router\npu_route.py:66} [NPU METRICS] Updating metrics for NPU 0ebb4beb-1920-47fe-a316-e8a9893e69ae: {'uptime': 337.1227750778198, 'successful_tasks': 3, 'failed_tasks': 0, 'queued_tasks': 0}
2025-10-13 12:17:37.275 INFO {MainThread} [session] (update_metrics) {D:\Project\V1\FlowKit\src\NodeRunner\node_runner\npu_manager\session.py:99} Updated metrics for NPU 0ebb4beb-1920-47fe-a316-e8a9893e69ae: {'uptime': 337.1227750778198, 'successful_tasks': 3, 'failed_tasks': 0, 'queued_tasks': 0}
2025-10-13 12:17:37.277 INFO {MainThread} [session] (_parse_npu_status) {D:\Project\V1\FlowKit\src\NodeRunner\node_runner\npu_manager\session.py:166} data : {'uptime': 337.1227750778198, 'successful_tasks': 3, 'failed_tasks': 0, 'queued_tasks': 0}
2025-10-13 12:17:37.277 INFO {MainThread} [npu_route] (update_metrics) {D:\Project\V1\FlowKit\src\NodeRunner\node_runner\router\npu_route.py:77} [NPU METRICS] Metrics updated for NPU 0ebb4beb-1920-47fe-a316-e8a9893e69ae
2025-10-13 12:17:44.285 INFO {MainThread} [npu_route] (update_metrics) {D:\Project\V1\FlowKit\src\NodeRunner\node_runner\router\npu_route.py:66} [NPU METRICS] Updating metrics for NPU 0ebb4beb-1920-47fe-a316-e8a9893e69ae: {'uptime': 344.13685059547424, 'successful_tasks': 3, 'failed_tasks': 0, 'queued_tasks': 0}
2025-10-13 12:17:44.289 INFO {MainThread} [session] (update_metrics) {D:\Project\V1\FlowKit\src\NodeRunner\node_runner\npu_manager\session.py:99} Updated metrics for NPU 0ebb4beb-1920-47fe-a316-e8a9893e69ae: {'uptime': 344.13685059547424, 'successful_tasks': 3, 'failed_tasks': 0, 'queued_tasks': 0}
2025-10-13 12:17:44.291 INFO {MainThread} [session] (_parse_npu_status) {D:\Project\V1\FlowKit\src\NodeRunner\node_runner\npu_manager\session.py:166} data : {'uptime': 344.13685059547424, 'successful_tasks': 3, 'failed_tasks': 0, 'queued_tasks': 0}
2025-10-13 12:17:44.291 INFO {MainThread} [npu_route] (update_metrics) {D:\Project\V1\FlowKit\src\NodeRunner\node_runner\router\npu_route.py:77} [NPU METRICS] Metrics updated for NPU 0ebb4beb-1920-47fe-a316-e8a9893e69ae
2025-10-13 12:17:51.298 INFO {MainThread} [npu_route] (update_metrics) {D:\Project\V1\FlowKit\src\NodeRunner\node_runner\router\npu_route.py:66} [NPU METRICS] Updating metrics for NPU 0ebb4beb-1920-47fe-a316-e8a9893e69ae: {'uptime': 351.1508083343506, 'successful_tasks': 3, 'failed_tasks': 0, 'queued_tasks': 0}
2025-10-13 12:17:51.302 INFO {MainThread} [session] (update_metrics) {D:\Project\V1\FlowKit\src\NodeRunner\node_runner\npu_manager\session.py:99} Updated metrics for NPU 0ebb4beb-1920-47fe-a316-e8a9893e69ae: {'uptime': 351.1508083343506, 'successful_tasks': 3, 'failed_tasks': 0, 'queued_tasks': 0}
2025-10-13 12:17:51.304 INFO {MainThread} [session] (_parse_npu_status) {D:\Project\V1\FlowKit\src\NodeRunner\node_runner\npu_manager\session.py:166} data : {'uptime': 351.1508083343506, 'successful_tasks': 3, 'failed_tasks': 0, 'queued_tasks': 0}
2025-10-13 12:17:51.304 INFO {MainThread} [npu_route] (update_metrics) {D:\Project\V1\FlowKit\src\NodeRunner\node_runner\router\npu_route.py:77} [NPU METRICS] Metrics updated for NPU 0ebb4beb-1920-47fe-a316-e8a9893e69ae
2025-10-13 12:17:58.331 INFO {MainThread} [npu_route] (update_metrics) {D:\Project\V1\FlowKit\src\NodeRunner\node_runner\router\npu_route.py:66} [NPU METRICS] Updating metrics for NPU 0ebb4beb-1920-47fe-a316-e8a9893e69ae: {'uptime': 358.1640713214874, 'successful_tasks': 3, 'failed_tasks': 0, 'queued_tasks': 0}
2025-10-13 12:17:58.337 INFO {MainThread} [session] (update_metrics) {D:\Project\V1\FlowKit\src\NodeRunner\node_runner\npu_manager\session.py:99} Updated metrics for NPU 0ebb4beb-1920-47fe-a316-e8a9893e69ae: {'uptime': 358.1640713214874, 'successful_tasks': 3, 'failed_tasks': 0, 'queued_tasks': 0}
2025-10-13 12:17:58.340 INFO {MainThread} [session] (_parse_npu_status) {D:\Project\V1\FlowKit\src\NodeRunner\node_runner\npu_manager\session.py:166} data : {'uptime': 358.1640713214874, 'successful_tasks': 3, 'failed_tasks': 0, 'queued_tasks': 0}
2025-10-13 12:17:58.341 INFO {MainThread} [npu_route] (update_metrics) {D:\Project\V1\FlowKit\src\NodeRunner\node_runner\router\npu_route.py:77} [NPU METRICS] Metrics updated for NPU 0ebb4beb-1920-47fe-a316-e8a9893e69ae
2025-10-13 12:18:05.357 INFO {MainThread} [npu_route] (update_metrics) {D:\Project\V1\FlowKit\src\NodeRunner\node_runner\router\npu_route.py:66} [NPU METRICS] Updating metrics for NPU 0ebb4beb-1920-47fe-a316-e8a9893e69ae: {'uptime': 365.201247215271, 'successful_tasks': 3, 'failed_tasks': 0, 'queued_tasks': 0}
2025-10-13 12:18:05.360 INFO {MainThread} [session] (update_metrics) {D:\Project\V1\FlowKit\src\NodeRunner\node_runner\npu_manager\session.py:99} Updated metrics for NPU 0ebb4beb-1920-47fe-a316-e8a9893e69ae: {'uptime': 365.201247215271, 'successful_tasks': 3, 'failed_tasks': 0, 'queued_tasks': 0}
2025-10-13 12:18:05.361 INFO {MainThread} [session] (_parse_npu_status) {D:\Project\V1\FlowKit\src\NodeRunner\node_runner\npu_manager\session.py:166} data : {'uptime': 365.201247215271, 'successful_tasks': 3, 'failed_tasks': 0, 'queued_tasks': 0}
2025-10-13 12:18:05.361 INFO {MainThread} [npu_route] (update_metrics) {D:\Project\V1\FlowKit\src\NodeRunner\node_runner\router\npu_route.py:77} [NPU METRICS] Metrics updated for NPU 0ebb4beb-1920-47fe-a316-e8a9893e69ae
2025-10-13 12:18:12.387 INFO {MainThread} [npu_route] (update_metrics) {D:\Project\V1\FlowKit\src\NodeRunner\node_runner\router\npu_route.py:66} [NPU METRICS] Updating metrics for NPU 0ebb4beb-1920-47fe-a316-e8a9893e69ae: {'uptime': 372.220290184021, 'successful_tasks': 3, 'failed_tasks': 0, 'queued_tasks': 0}
2025-10-13 12:18:12.390 INFO {MainThread} [session] (update_metrics) {D:\Project\V1\FlowKit\src\NodeRunner\node_runner\npu_manager\session.py:99} Updated metrics for NPU 0ebb4beb-1920-47fe-a316-e8a9893e69ae: {'uptime': 372.220290184021, 'successful_tasks': 3, 'failed_tasks': 0, 'queued_tasks': 0}
2025-10-13 12:18:12.391 INFO {MainThread} [session] (_parse_npu_status) {D:\Project\V1\FlowKit\src\NodeRunner\node_runner\npu_manager\session.py:166} data : {'uptime': 372.220290184021, 'successful_tasks': 3, 'failed_tasks': 0, 'queued_tasks': 0}
2025-10-13 12:18:12.391 INFO {MainThread} [npu_route] (update_metrics) {D:\Project\V1\FlowKit\src\NodeRunner\node_runner\router\npu_route.py:77} [NPU METRICS] Metrics updated for NPU 0ebb4beb-1920-47fe-a316-e8a9893e69ae
2025-10-13 12:18:19.402 INFO {MainThread} [npu_route] (update_metrics) {D:\Project\V1\FlowKit\src\NodeRunner\node_runner\router\npu_route.py:66} [NPU METRICS] Updating metrics for NPU 0ebb4beb-1920-47fe-a316-e8a9893e69ae: {'uptime': 379.250607252121, 'successful_tasks': 3, 'failed_tasks': 0, 'queued_tasks': 0}
2025-10-13 12:18:19.407 INFO {MainThread} [session] (update_metrics) {D:\Project\V1\FlowKit\src\NodeRunner\node_runner\npu_manager\session.py:99} Updated metrics for NPU 0ebb4beb-1920-47fe-a316-e8a9893e69ae: {'uptime': 379.250607252121, 'successful_tasks': 3, 'failed_tasks': 0, 'queued_tasks': 0}
2025-10-13 12:18:19.410 INFO {MainThread} [session] (_parse_npu_status) {D:\Project\V1\FlowKit\src\NodeRunner\node_runner\npu_manager\session.py:166} data : {'uptime': 379.250607252121, 'successful_tasks': 3, 'failed_tasks': 0, 'queued_tasks': 0}
2025-10-13 12:18:19.410 INFO {MainThread} [npu_route] (update_metrics) {D:\Project\V1\FlowKit\src\NodeRunner\node_runner\router\npu_route.py:77} [NPU METRICS] Metrics updated for NPU 0ebb4beb-1920-47fe-a316-e8a9893e69ae
2025-10-13 12:18:26.445 INFO {MainThread} [npu_route] (update_metrics) {D:\Project\V1\FlowKit\src\NodeRunner\node_runner\router\npu_route.py:66} [NPU METRICS] Updating metrics for NPU 0ebb4beb-1920-47fe-a316-e8a9893e69ae: {'uptime': 386.2711486816406, 'successful_tasks': 3, 'failed_tasks': 0, 'queued_tasks': 0}
2025-10-13 12:18:26.452 INFO {MainThread} [session] (update_metrics) {D:\Project\V1\FlowKit\src\NodeRunner\node_runner\npu_manager\session.py:99} Updated metrics for NPU 0ebb4beb-1920-47fe-a316-e8a9893e69ae: {'uptime': 386.2711486816406, 'successful_tasks': 3, 'failed_tasks': 0, 'queued_tasks': 0}
2025-10-13 12:18:26.456 INFO {MainThread} [session] (_parse_npu_status) {D:\Project\V1\FlowKit\src\NodeRunner\node_runner\npu_manager\session.py:166} data : {'uptime': 386.2711486816406, 'successful_tasks': 3, 'failed_tasks': 0, 'queued_tasks': 0}
2025-10-13 12:18:26.456 INFO {MainThread} [npu_route] (update_metrics) {D:\Project\V1\FlowKit\src\NodeRunner\node_runner\router\npu_route.py:77} [NPU METRICS] Metrics updated for NPU 0ebb4beb-1920-47fe-a316-e8a9893e69ae
2025-10-13 12:18:33.480 INFO {MainThread} [npu_route] (update_metrics) {D:\Project\V1\FlowKit\src\NodeRunner\node_runner\router\npu_route.py:66} [NPU METRICS] Updating metrics for NPU 0ebb4beb-1920-47fe-a316-e8a9893e69ae: {'uptime': 393.31858491897583, 'successful_tasks': 3, 'failed_tasks': 0, 'queued_tasks': 0}
2025-10-13 12:18:33.486 INFO {MainThread} [session] (update_metrics) {D:\Project\V1\FlowKit\src\NodeRunner\node_runner\npu_manager\session.py:99} Updated metrics for NPU 0ebb4beb-1920-47fe-a316-e8a9893e69ae: {'uptime': 393.31858491897583, 'successful_tasks': 3, 'failed_tasks': 0, 'queued_tasks': 0}
2025-10-13 12:18:33.489 INFO {MainThread} [session] (_parse_npu_status) {D:\Project\V1\FlowKit\src\NodeRunner\node_runner\npu_manager\session.py:166} data : {'uptime': 393.31858491897583, 'successful_tasks': 3, 'failed_tasks': 0, 'queued_tasks': 0}
2025-10-13 12:18:33.490 INFO {MainThread} [npu_route] (update_metrics) {D:\Project\V1\FlowKit\src\NodeRunner\node_runner\router\npu_route.py:77} [NPU METRICS] Metrics updated for NPU 0ebb4beb-1920-47fe-a316-e8a9893e69ae
2025-10-13 12:18:40.515 INFO {MainThread} [npu_route] (update_metrics) {D:\Project\V1\FlowKit\src\NodeRunner\node_runner\router\npu_route.py:66} [NPU METRICS] Updating metrics for NPU 0ebb4beb-1920-47fe-a316-e8a9893e69ae: {'uptime': 400.35122632980347, 'successful_tasks': 3, 'failed_tasks': 0, 'queued_tasks': 0}
2025-10-13 12:18:40.521 INFO {MainThread} [session] (update_metrics) {D:\Project\V1\FlowKit\src\NodeRunner\node_runner\npu_manager\session.py:99} Updated metrics for NPU 0ebb4beb-1920-47fe-a316-e8a9893e69ae: {'uptime': 400.35122632980347, 'successful_tasks': 3, 'failed_tasks': 0, 'queued_tasks': 0}
2025-10-13 12:18:40.524 INFO {MainThread} [session] (_parse_npu_status) {D:\Project\V1\FlowKit\src\NodeRunner\node_runner\npu_manager\session.py:166} data : {'uptime': 400.35122632980347, 'successful_tasks': 3, 'failed_tasks': 0, 'queued_tasks': 0}
2025-10-13 12:18:40.525 INFO {MainThread} [npu_route] (update_metrics) {D:\Project\V1\FlowKit\src\NodeRunner\node_runner\router\npu_route.py:77} [NPU METRICS] Metrics updated for NPU 0ebb4beb-1920-47fe-a316-e8a9893e69ae
