2025-10-13 08:55:17.996 INFO {MainThread} [session] (get_npu_session) {D:\Project\V1\FlowKit\src\NodeRunner\node_runner\npu_manager\session.py:187} Creating new NPU session singleton
2025-10-13 08:55:17.997 INFO {MainThread} [session] (init) {D:\Project\V1\FlowKit\src\NodeRunner\node_runner\npu_manager\session.py:53} Initializing Redis connection for NPU session
2025-10-13 08:55:17.997 INFO {MainThread} [session] (start_cleanup_loop) {D:\Project\V1\FlowKit\src\NodeRunner\node_runner\npu_manager\session.py:158} Started NPU cleanup loop
2025-10-13 08:55:17.997 INFO {MainThread} [session] (init) {D:\Project\V1\FlowKit\src\NodeRunner\node_runner\npu_manager\session.py:56} NPU session initialized successfully
2025-10-13 08:55:18.000 INFO {MainThread} [schduler] (get_scheduler) {D:\Project\V1\FlowKit\src\NodeRunner\node_runner\npu_manager\schduler.py:70} Creating a new NPU Scheduler instance
2025-10-13 08:55:18.000 INFO {MainThread} [schduler] (init) {D:\Project\V1\FlowKit\src\NodeRunner\node_runner\npu_manager\schduler.py:27} Initializing NPU session in Scheduler
2025-10-13 08:55:18.000 INFO {MainThread} [schduler] (init) {D:\Project\V1\FlowKit\src\NodeRunner\node_runner\npu_manager\schduler.py:29} NPU Scheduler initialized successfully
2025-10-13 08:55:18.000 INFO {MainThread} [manager] (__init__) {D:\Project\V1\FlowKit\src\NodeRunner\node_runner\task_manager\manager.py:25} Manager singleton initialized
2025-10-13 08:55:18.010 INFO {MainThread} [session] (cleanup_inactive) {D:\Project\V1\FlowKit\src\NodeRunner\node_runner\npu_manager\session.py:144} Removed inactive NPU b2857d7f-25db-4e2c-95de-2820c04740ed
2025-10-13 08:55:18.015 INFO {MainThread} [session] (cleanup_inactive) {D:\Project\V1\FlowKit\src\NodeRunner\node_runner\npu_manager\session.py:144} Removed inactive NPU 961f65fc-3cf5-44b2-88b7-63ab45925b9d
2025-10-13 08:55:22.163 INFO {MainThread} [npu_route] (add_npu) {D:\Project\V1\FlowKit\src\NodeRunner\node_runner\router\npu_route.py:48} [NPU ADD] Adding new NPU: 7b30939f-703b-4b7e-84b6-474f84ec887c at http://127.0.0.1:10996
2025-10-13 08:55:22.167 INFO {MainThread} [session] (add_npu) {D:\Project\V1\FlowKit\src\NodeRunner\node_runner\npu_manager\session.py:82} Added new NPU 7b30939f-703b-4b7e-84b6-474f84ec887c at address http://127.0.0.1:10996
2025-10-13 08:55:22.167 INFO {MainThread} [npu_route] (add_npu) {D:\Project\V1\FlowKit\src\NodeRunner\node_runner\router\npu_route.py:54} [NPU ADD] NPU 7b30939f-703b-4b7e-84b6-474f84ec887c added successfully
2025-10-13 08:55:22.179 INFO {MainThread} [npu_route] (update_metrics) {D:\Project\V1\FlowKit\src\NodeRunner\node_runner\router\npu_route.py:66} [NPU METRICS] Updating metrics for NPU 7b30939f-703b-4b7e-84b6-474f84ec887c: {'uptime': 0.028838396072387695, 'successful_tasks': 0, 'failed_tasks': 0, 'queued_tasks': 0}
2025-10-13 08:55:22.183 INFO {MainThread} [session] (update_metrics) {D:\Project\V1\FlowKit\src\NodeRunner\node_runner\npu_manager\session.py:99} Updated metrics for NPU 7b30939f-703b-4b7e-84b6-474f84ec887c: {'uptime': 0.028838396072387695, 'successful_tasks': 0, 'failed_tasks': 0, 'queued_tasks': 0}
2025-10-13 08:55:22.184 INFO {MainThread} [session] (_parse_npu_status) {D:\Project\V1\FlowKit\src\NodeRunner\node_runner\npu_manager\session.py:166} data : {'uptime': 0.028838396072387695, 'successful_tasks': 0, 'failed_tasks': 0, 'queued_tasks': 0}
2025-10-13 08:55:22.184 INFO {MainThread} [npu_route] (update_metrics) {D:\Project\V1\FlowKit\src\NodeRunner\node_runner\router\npu_route.py:77} [NPU METRICS] Metrics updated for NPU 7b30939f-703b-4b7e-84b6-474f84ec887c
2025-10-13 08:55:25.789 INFO {MainThread} [npu_route] (add_npu) {D:\Project\V1\FlowKit\src\NodeRunner\node_runner\router\npu_route.py:48} [NPU ADD] Adding new NPU: 73c00fa7-c60a-46d7-a61d-b944b1744934 at http://127.0.0.1:10928
2025-10-13 08:55:25.793 INFO {MainThread} [session] (add_npu) {D:\Project\V1\FlowKit\src\NodeRunner\node_runner\npu_manager\session.py:82} Added new NPU 73c00fa7-c60a-46d7-a61d-b944b1744934 at address http://127.0.0.1:10928
2025-10-13 08:55:25.793 INFO {MainThread} [npu_route] (add_npu) {D:\Project\V1\FlowKit\src\NodeRunner\node_runner\router\npu_route.py:54} [NPU ADD] NPU 73c00fa7-c60a-46d7-a61d-b944b1744934 added successfully
2025-10-13 08:55:25.805 INFO {MainThread} [npu_route] (update_metrics) {D:\Project\V1\FlowKit\src\NodeRunner\node_runner\router\npu_route.py:66} [NPU METRICS] Updating metrics for NPU 73c00fa7-c60a-46d7-a61d-b944b1744934: {'uptime': 0.025846481323242188, 'successful_tasks': 0, 'failed_tasks': 0, 'queued_tasks': 0}
2025-10-13 08:55:25.808 INFO {MainThread} [session] (update_metrics) {D:\Project\V1\FlowKit\src\NodeRunner\node_runner\npu_manager\session.py:99} Updated metrics for NPU 73c00fa7-c60a-46d7-a61d-b944b1744934: {'uptime': 0.025846481323242188, 'successful_tasks': 0, 'failed_tasks': 0, 'queued_tasks': 0}
2025-10-13 08:55:25.810 INFO {MainThread} [session] (_parse_npu_status) {D:\Project\V1\FlowKit\src\NodeRunner\node_runner\npu_manager\session.py:166} data : {'uptime': 0.025846481323242188, 'successful_tasks': 0, 'failed_tasks': 0, 'queued_tasks': 0}
2025-10-13 08:55:25.810 INFO {MainThread} [npu_route] (update_metrics) {D:\Project\V1\FlowKit\src\NodeRunner\node_runner\router\npu_route.py:77} [NPU METRICS] Metrics updated for NPU 73c00fa7-c60a-46d7-a61d-b944b1744934
2025-10-13 08:55:29.204 INFO {MainThread} [npu_route] (update_metrics) {D:\Project\V1\FlowKit\src\NodeRunner\node_runner\router\npu_route.py:66} [NPU METRICS] Updating metrics for NPU 7b30939f-703b-4b7e-84b6-474f84ec887c: {'uptime': 7.040297269821167, 'successful_tasks': 0, 'failed_tasks': 0, 'queued_tasks': 0}
2025-10-13 08:55:29.209 INFO {MainThread} [session] (update_metrics) {D:\Project\V1\FlowKit\src\NodeRunner\node_runner\npu_manager\session.py:99} Updated metrics for NPU 7b30939f-703b-4b7e-84b6-474f84ec887c: {'uptime': 7.040297269821167, 'successful_tasks': 0, 'failed_tasks': 0, 'queued_tasks': 0}
2025-10-13 08:55:29.212 INFO {MainThread} [session] (_parse_npu_status) {D:\Project\V1\FlowKit\src\NodeRunner\node_runner\npu_manager\session.py:166} data : {'uptime': 7.040297269821167, 'successful_tasks': 0, 'failed_tasks': 0, 'queued_tasks': 0}
2025-10-13 08:55:29.212 INFO {MainThread} [npu_route] (update_metrics) {D:\Project\V1\FlowKit\src\NodeRunner\node_runner\router\npu_route.py:77} [NPU METRICS] Metrics updated for NPU 7b30939f-703b-4b7e-84b6-474f84ec887c
2025-10-13 08:55:31.318 INFO {MainThread} [manager] (run_node) {D:\Project\V1\FlowKit\src\NodeRunner\node_runner\task_manager\manager.py:47} Creating node example_node_6 with runner_id 4e38e2b0-3249-4f47-aaa8-bddbe4b023d7
2025-10-13 08:55:31.319 INFO {MainThread} [manager] (run_node) {D:\Project\V1\FlowKit\src\NodeRunner\node_runner\task_manager\manager.py:58} Preprocessing node 4e38e2b0-3249-4f47-aaa8-bddbe4b023d7
2025-10-13 08:55:31.320 INFO {MainThread} [manager] (run_node) {D:\Project\V1\FlowKit\src\NodeRunner\node_runner\task_manager\manager.py:47} Creating node example_node_7 with runner_id b5ce9678-c2ad-4e86-bd0b-d3dbef0e6a10
2025-10-13 08:55:31.320 INFO {MainThread} [manager] (run_node) {D:\Project\V1\FlowKit\src\NodeRunner\node_runner\task_manager\manager.py:58} Preprocessing node b5ce9678-c2ad-4e86-bd0b-d3dbef0e6a10
2025-10-13 08:55:31.321 INFO {MainThread} [manager] (run_node) {D:\Project\V1\FlowKit\src\NodeRunner\node_runner\task_manager\manager.py:47} Creating node example_node_8 with runner_id 89f5bf67-b103-4527-85c2-44b3ff36a2f9
2025-10-13 08:55:31.321 INFO {MainThread} [manager] (run_node) {D:\Project\V1\FlowKit\src\NodeRunner\node_runner\task_manager\manager.py:58} Preprocessing node 89f5bf67-b103-4527-85c2-44b3ff36a2f9
2025-10-13 08:55:31.322 INFO {MainThread} [manager] (run_node) {D:\Project\V1\FlowKit\src\NodeRunner\node_runner\task_manager\manager.py:47} Creating node example_node_9 with runner_id 5337a1b9-e86b-4d51-8cd6-bf1cbd02a66e
2025-10-13 08:55:31.322 INFO {MainThread} [manager] (run_node) {D:\Project\V1\FlowKit\src\NodeRunner\node_runner\task_manager\manager.py:58} Preprocessing node 5337a1b9-e86b-4d51-8cd6-bf1cbd02a66e
2025-10-13 08:55:31.323 INFO {MainThread} [manager] (run_node) {D:\Project\V1\FlowKit\src\NodeRunner\node_runner\task_manager\manager.py:47} Creating node example_node_0 with runner_id 472fcea7-d6b2-4b26-914a-7c7f6e9fd7e9
2025-10-13 08:55:31.323 INFO {MainThread} [manager] (run_node) {D:\Project\V1\FlowKit\src\NodeRunner\node_runner\task_manager\manager.py:58} Preprocessing node 472fcea7-d6b2-4b26-914a-7c7f6e9fd7e9
2025-10-13 08:55:31.324 INFO {MainThread} [manager] (run_node) {D:\Project\V1\FlowKit\src\NodeRunner\node_runner\task_manager\manager.py:47} Creating node example_node_1 with runner_id 03161af1-5efb-417f-a658-dc91ce821df9
2025-10-13 08:55:31.324 INFO {MainThread} [manager] (run_node) {D:\Project\V1\FlowKit\src\NodeRunner\node_runner\task_manager\manager.py:58} Preprocessing node 03161af1-5efb-417f-a658-dc91ce821df9
2025-10-13 08:55:31.325 INFO {MainThread} [manager] (run_node) {D:\Project\V1\FlowKit\src\NodeRunner\node_runner\task_manager\manager.py:47} Creating node example_node_2 with runner_id fcb423db-be12-47aa-8b2a-ac664f01a229
2025-10-13 08:55:31.325 INFO {MainThread} [manager] (run_node) {D:\Project\V1\FlowKit\src\NodeRunner\node_runner\task_manager\manager.py:58} Preprocessing node fcb423db-be12-47aa-8b2a-ac664f01a229
2025-10-13 08:55:31.326 INFO {MainThread} [manager] (run_node) {D:\Project\V1\FlowKit\src\NodeRunner\node_runner\task_manager\manager.py:47} Creating node example_node_3 with runner_id 66dbd95d-b90b-4d9f-9c0f-9ddaf944660a
2025-10-13 08:55:31.326 INFO {MainThread} [manager] (run_node) {D:\Project\V1\FlowKit\src\NodeRunner\node_runner\task_manager\manager.py:58} Preprocessing node 66dbd95d-b90b-4d9f-9c0f-9ddaf944660a
2025-10-13 08:55:31.326 INFO {MainThread} [manager] (run_node) {D:\Project\V1\FlowKit\src\NodeRunner\node_runner\task_manager\manager.py:47} Creating node example_node_4 with runner_id 1b69607b-a57e-4b6f-a081-688f1f938187
2025-10-13 08:55:31.326 INFO {MainThread} [manager] (run_node) {D:\Project\V1\FlowKit\src\NodeRunner\node_runner\task_manager\manager.py:58} Preprocessing node 1b69607b-a57e-4b6f-a081-688f1f938187
2025-10-13 08:55:31.327 INFO {MainThread} [manager] (run_node) {D:\Project\V1\FlowKit\src\NodeRunner\node_runner\task_manager\manager.py:47} Creating node example_node_5 with runner_id 4ce393e3-6c73-4823-9a00-441bd3bece5c
2025-10-13 08:55:31.327 INFO {MainThread} [manager] (run_node) {D:\Project\V1\FlowKit\src\NodeRunner\node_runner\task_manager\manager.py:58} Preprocessing node 4ce393e3-6c73-4823-9a00-441bd3bece5c
2025-10-13 08:55:31.344 INFO {MainThread} [manager] (get_npu) {D:\Project\V1\FlowKit\src\NodeRunner\node_runner\task_manager\manager.py:28} Fetching least busy NPU
2025-10-13 08:55:31.344 INFO {MainThread} [manager] (get_npu) {D:\Project\V1\FlowKit\src\NodeRunner\node_runner\task_manager\manager.py:28} Fetching least busy NPU
2025-10-13 08:55:31.352 INFO {MainThread} [manager] (get_npu) {D:\Project\V1\FlowKit\src\NodeRunner\node_runner\task_manager\manager.py:28} Fetching least busy NPU
2025-10-13 08:55:31.353 INFO {MainThread} [manager] (get_npu) {D:\Project\V1\FlowKit\src\NodeRunner\node_runner\task_manager\manager.py:28} Fetching least busy NPU
2025-10-13 08:55:31.353 INFO {MainThread} [manager] (get_npu) {D:\Project\V1\FlowKit\src\NodeRunner\node_runner\task_manager\manager.py:28} Fetching least busy NPU
2025-10-13 08:55:31.353 INFO {MainThread} [manager] (get_npu) {D:\Project\V1\FlowKit\src\NodeRunner\node_runner\task_manager\manager.py:28} Fetching least busy NPU
2025-10-13 08:55:31.353 INFO {MainThread} [manager] (get_npu) {D:\Project\V1\FlowKit\src\NodeRunner\node_runner\task_manager\manager.py:28} Fetching least busy NPU
2025-10-13 08:55:31.354 INFO {MainThread} [manager] (get_npu) {D:\Project\V1\FlowKit\src\NodeRunner\node_runner\task_manager\manager.py:28} Fetching least busy NPU
2025-10-13 08:55:31.354 INFO {MainThread} [manager] (get_npu) {D:\Project\V1\FlowKit\src\NodeRunner\node_runner\task_manager\manager.py:28} Fetching least busy NPU
2025-10-13 08:55:31.354 INFO {MainThread} [manager] (get_npu) {D:\Project\V1\FlowKit\src\NodeRunner\node_runner\task_manager\manager.py:28} Fetching least busy NPU
2025-10-13 08:55:31.355 INFO {MainThread} [session] (_parse_npu_status) {D:\Project\V1\FlowKit\src\NodeRunner\node_runner\npu_manager\session.py:166} data : {'uptime': 0.025846481323242188, 'successful_tasks': 0, 'failed_tasks': 0, 'queued_tasks': 0}
2025-10-13 08:55:31.369 INFO {MainThread} [session] (_parse_npu_status) {D:\Project\V1\FlowKit\src\NodeRunner\node_runner\npu_manager\session.py:166} data : {'uptime': 0.025846481323242188, 'successful_tasks': 0, 'failed_tasks': 0, 'queued_tasks': 0}
2025-10-13 08:55:31.369 INFO {MainThread} [session] (_parse_npu_status) {D:\Project\V1\FlowKit\src\NodeRunner\node_runner\npu_manager\session.py:166} data : {'uptime': 0.025846481323242188, 'successful_tasks': 0, 'failed_tasks': 0, 'queued_tasks': 0}
2025-10-13 08:55:31.370 INFO {MainThread} [session] (_parse_npu_status) {D:\Project\V1\FlowKit\src\NodeRunner\node_runner\npu_manager\session.py:166} data : {'uptime': 7.040297269821167, 'successful_tasks': 0, 'failed_tasks': 0, 'queued_tasks': 0}
2025-10-13 08:55:31.370 INFO {MainThread} [session] (get_all_npus) {D:\Project\V1\FlowKit\src\NodeRunner\node_runner\npu_manager\session.py:115} Fetched 2 NPUs from session
2025-10-13 08:55:31.370 INFO {MainThread} [schduler] (get_next_npu) {D:\Project\V1\FlowKit\src\NodeRunner\node_runner\npu_manager\schduler.py:39} [NpuStatus(id=UUID('73c00fa7-c60a-46d7-a61d-b944b1744934'), address='http://127.0.0.1:10928', status='idle', last_seen=1760325925.8069236, metrics=NpuMetrics(uptime=0.025846481323242188, successful_tasks=0, failed_tasks=0, queued_tasks=0)), NpuStatus(id=UUID('7b30939f-703b-4b7e-84b6-474f84ec887c'), address='http://127.0.0.1:10996', status='idle', last_seen=1760325929.207406, metrics=NpuMetrics(uptime=7.040297269821167, successful_tasks=0, failed_tasks=0, queued_tasks=0))]
2025-10-13 08:55:31.370 INFO {MainThread} [schduler] (get_next_npu) {D:\Project\V1\FlowKit\src\NodeRunner\node_runner\npu_manager\schduler.py:47} Selected NPU: 73c00fa7-c60a-46d7-a61d-b944b1744934 with 0 queued tasks
2025-10-13 08:55:31.372 INFO {MainThread} [session] (_parse_npu_status) {D:\Project\V1\FlowKit\src\NodeRunner\node_runner\npu_manager\session.py:166} data : {'uptime': 0.025846481323242188, 'successful_tasks': 0, 'failed_tasks': 0, 'queued_tasks': 0}
2025-10-13 08:55:31.375 INFO {MainThread} [session] (_parse_npu_status) {D:\Project\V1\FlowKit\src\NodeRunner\node_runner\npu_manager\session.py:166} data : {'uptime': 0.025846481323242188, 'successful_tasks': 0, 'failed_tasks': 0, 'queued_tasks': 0}
2025-10-13 08:55:31.376 INFO {MainThread} [session] (_parse_npu_status) {D:\Project\V1\FlowKit\src\NodeRunner\node_runner\npu_manager\session.py:166} data : {'uptime': 0.025846481323242188, 'successful_tasks': 0, 'failed_tasks': 0, 'queued_tasks': 0}
2025-10-13 08:55:31.376 INFO {MainThread} [session] (_parse_npu_status) {D:\Project\V1\FlowKit\src\NodeRunner\node_runner\npu_manager\session.py:166} data : {'uptime': 0.025846481323242188, 'successful_tasks': 0, 'failed_tasks': 0, 'queued_tasks': 0}
2025-10-13 08:55:31.376 INFO {MainThread} [session] (_parse_npu_status) {D:\Project\V1\FlowKit\src\NodeRunner\node_runner\npu_manager\session.py:166} data : {'uptime': 0.025846481323242188, 'successful_tasks': 0, 'failed_tasks': 0, 'queued_tasks': 0}
2025-10-13 08:55:31.377 INFO {MainThread} [__init__] (check_connection) {D:\Project\V1\FlowKit\src\NodeRunner\node_runner\npu\__init__.py:24} [NPU 73c00fa7-c60a-46d7-a61d-b944b1744934] Connection successful (200)
2025-10-13 08:55:31.377 INFO {MainThread} [session] (_parse_npu_status) {D:\Project\V1\FlowKit\src\NodeRunner\node_runner\npu_manager\session.py:166} data : {'uptime': 0.025846481323242188, 'successful_tasks': 0, 'failed_tasks': 0, 'queued_tasks': 0}
2025-10-13 08:55:31.378 INFO {MainThread} [session] (_parse_npu_status) {D:\Project\V1\FlowKit\src\NodeRunner\node_runner\npu_manager\session.py:166} data : {'uptime': 0.025846481323242188, 'successful_tasks': 0, 'failed_tasks': 0, 'queued_tasks': 0}
2025-10-13 08:55:31.379 INFO {MainThread} [manager] (get_npu) {D:\Project\V1\FlowKit\src\NodeRunner\node_runner\task_manager\manager.py:32} NPU 73c00fa7-c60a-46d7-a61d-b944b1744934 ready for execution
2025-10-13 08:55:31.379 INFO {MainThread} [manager] (run_node) {D:\Project\V1\FlowKit\src\NodeRunner\node_runner\task_manager\manager.py:65} Node 5337a1b9-e86b-4d51-8cd6-bf1cbd02a66e queued on NPU 73c00fa7-c60a-46d7-a61d-b944b1744934
2025-10-13 08:55:31.379 INFO {MainThread} [__init__] (run_node) {D:\Project\V1\FlowKit\src\NodeRunner\node_runner\npu\__init__.py:45} [NPU 73c00fa7-c60a-46d7-a61d-b944b1744934] Sending node execution request — node: example_node_9, runner: 5337a1b9-e86b-4d51-8cd6-bf1cbd02a66e
2025-10-13 08:55:31.704 INFO {MainThread} [session] (_parse_npu_status) {D:\Project\V1\FlowKit\src\NodeRunner\node_runner\npu_manager\session.py:166} data : {'uptime': 7.040297269821167, 'successful_tasks': 0, 'failed_tasks': 0, 'queued_tasks': 0}
2025-10-13 08:55:31.705 INFO {MainThread} [session] (get_all_npus) {D:\Project\V1\FlowKit\src\NodeRunner\node_runner\npu_manager\session.py:115} Fetched 2 NPUs from session
2025-10-13 08:55:31.705 INFO {MainThread} [schduler] (get_next_npu) {D:\Project\V1\FlowKit\src\NodeRunner\node_runner\npu_manager\schduler.py:39} [NpuStatus(id=UUID('73c00fa7-c60a-46d7-a61d-b944b1744934'), address='http://127.0.0.1:10928', status='idle', last_seen=1760325925.8069236, metrics=NpuMetrics(uptime=0.025846481323242188, successful_tasks=0, failed_tasks=0, queued_tasks=0)), NpuStatus(id=UUID('7b30939f-703b-4b7e-84b6-474f84ec887c'), address='http://127.0.0.1:10996', status='idle', last_seen=1760325929.207406, metrics=NpuMetrics(uptime=7.040297269821167, successful_tasks=0, failed_tasks=0, queued_tasks=0))]
2025-10-13 08:55:31.705 INFO {MainThread} [schduler] (get_next_npu) {D:\Project\V1\FlowKit\src\NodeRunner\node_runner\npu_manager\schduler.py:47} Selected NPU: 73c00fa7-c60a-46d7-a61d-b944b1744934 with 0 queued tasks
2025-10-13 08:55:31.706 INFO {MainThread} [session] (_parse_npu_status) {D:\Project\V1\FlowKit\src\NodeRunner\node_runner\npu_manager\session.py:166} data : {'uptime': 7.040297269821167, 'successful_tasks': 0, 'failed_tasks': 0, 'queued_tasks': 0}
2025-10-13 08:55:31.706 INFO {MainThread} [session] (get_all_npus) {D:\Project\V1\FlowKit\src\NodeRunner\node_runner\npu_manager\session.py:115} Fetched 2 NPUs from session
2025-10-13 08:55:31.706 INFO {MainThread} [schduler] (get_next_npu) {D:\Project\V1\FlowKit\src\NodeRunner\node_runner\npu_manager\schduler.py:39} [NpuStatus(id=UUID('73c00fa7-c60a-46d7-a61d-b944b1744934'), address='http://127.0.0.1:10928', status='idle', last_seen=1760325925.8069236, metrics=NpuMetrics(uptime=0.025846481323242188, successful_tasks=0, failed_tasks=0, queued_tasks=0)), NpuStatus(id=UUID('7b30939f-703b-4b7e-84b6-474f84ec887c'), address='http://127.0.0.1:10996', status='idle', last_seen=1760325929.207406, metrics=NpuMetrics(uptime=7.040297269821167, successful_tasks=0, failed_tasks=0, queued_tasks=0))]
2025-10-13 08:55:31.706 INFO {MainThread} [schduler] (get_next_npu) {D:\Project\V1\FlowKit\src\NodeRunner\node_runner\npu_manager\schduler.py:47} Selected NPU: 73c00fa7-c60a-46d7-a61d-b944b1744934 with 0 queued tasks
2025-10-13 08:55:31.708 INFO {MainThread} [session] (_parse_npu_status) {D:\Project\V1\FlowKit\src\NodeRunner\node_runner\npu_manager\session.py:166} data : {'uptime': 7.040297269821167, 'successful_tasks': 0, 'failed_tasks': 0, 'queued_tasks': 0}
2025-10-13 08:55:31.708 INFO {MainThread} [session] (get_all_npus) {D:\Project\V1\FlowKit\src\NodeRunner\node_runner\npu_manager\session.py:115} Fetched 2 NPUs from session
2025-10-13 08:55:31.708 INFO {MainThread} [schduler] (get_next_npu) {D:\Project\V1\FlowKit\src\NodeRunner\node_runner\npu_manager\schduler.py:39} [NpuStatus(id=UUID('73c00fa7-c60a-46d7-a61d-b944b1744934'), address='http://127.0.0.1:10928', status='idle', last_seen=1760325925.8069236, metrics=NpuMetrics(uptime=0.025846481323242188, successful_tasks=0, failed_tasks=0, queued_tasks=0)), NpuStatus(id=UUID('7b30939f-703b-4b7e-84b6-474f84ec887c'), address='http://127.0.0.1:10996', status='idle', last_seen=1760325929.207406, metrics=NpuMetrics(uptime=7.040297269821167, successful_tasks=0, failed_tasks=0, queued_tasks=0))]
2025-10-13 08:55:31.708 INFO {MainThread} [schduler] (get_next_npu) {D:\Project\V1\FlowKit\src\NodeRunner\node_runner\npu_manager\schduler.py:47} Selected NPU: 73c00fa7-c60a-46d7-a61d-b944b1744934 with 0 queued tasks
2025-10-13 08:55:31.709 INFO {MainThread} [session] (_parse_npu_status) {D:\Project\V1\FlowKit\src\NodeRunner\node_runner\npu_manager\session.py:166} data : {'uptime': 7.040297269821167, 'successful_tasks': 0, 'failed_tasks': 0, 'queued_tasks': 0}
2025-10-13 08:55:31.709 INFO {MainThread} [session] (get_all_npus) {D:\Project\V1\FlowKit\src\NodeRunner\node_runner\npu_manager\session.py:115} Fetched 2 NPUs from session
2025-10-13 08:55:31.709 INFO {MainThread} [schduler] (get_next_npu) {D:\Project\V1\FlowKit\src\NodeRunner\node_runner\npu_manager\schduler.py:39} [NpuStatus(id=UUID('73c00fa7-c60a-46d7-a61d-b944b1744934'), address='http://127.0.0.1:10928', status='idle', last_seen=1760325925.8069236, metrics=NpuMetrics(uptime=0.025846481323242188, successful_tasks=0, failed_tasks=0, queued_tasks=0)), NpuStatus(id=UUID('7b30939f-703b-4b7e-84b6-474f84ec887c'), address='http://127.0.0.1:10996', status='idle', last_seen=1760325929.207406, metrics=NpuMetrics(uptime=7.040297269821167, successful_tasks=0, failed_tasks=0, queued_tasks=0))]
2025-10-13 08:55:31.709 INFO {MainThread} [schduler] (get_next_npu) {D:\Project\V1\FlowKit\src\NodeRunner\node_runner\npu_manager\schduler.py:47} Selected NPU: 73c00fa7-c60a-46d7-a61d-b944b1744934 with 0 queued tasks
2025-10-13 08:55:31.712 INFO {MainThread} [session] (_parse_npu_status) {D:\Project\V1\FlowKit\src\NodeRunner\node_runner\npu_manager\session.py:166} data : {'uptime': 7.040297269821167, 'successful_tasks': 0, 'failed_tasks': 0, 'queued_tasks': 0}
2025-10-13 08:55:31.712 INFO {MainThread} [session] (get_all_npus) {D:\Project\V1\FlowKit\src\NodeRunner\node_runner\npu_manager\session.py:115} Fetched 2 NPUs from session
2025-10-13 08:55:31.712 INFO {MainThread} [schduler] (get_next_npu) {D:\Project\V1\FlowKit\src\NodeRunner\node_runner\npu_manager\schduler.py:39} [NpuStatus(id=UUID('73c00fa7-c60a-46d7-a61d-b944b1744934'), address='http://127.0.0.1:10928', status='idle', last_seen=1760325925.8069236, metrics=NpuMetrics(uptime=0.025846481323242188, successful_tasks=0, failed_tasks=0, queued_tasks=0)), NpuStatus(id=UUID('7b30939f-703b-4b7e-84b6-474f84ec887c'), address='http://127.0.0.1:10996', status='idle', last_seen=1760325929.207406, metrics=NpuMetrics(uptime=7.040297269821167, successful_tasks=0, failed_tasks=0, queued_tasks=0))]
2025-10-13 08:55:31.712 INFO {MainThread} [schduler] (get_next_npu) {D:\Project\V1\FlowKit\src\NodeRunner\node_runner\npu_manager\schduler.py:47} Selected NPU: 73c00fa7-c60a-46d7-a61d-b944b1744934 with 0 queued tasks
2025-10-13 08:55:31.715 INFO {MainThread} [session] (_parse_npu_status) {D:\Project\V1\FlowKit\src\NodeRunner\node_runner\npu_manager\session.py:166} data : {'uptime': 7.040297269821167, 'successful_tasks': 0, 'failed_tasks': 0, 'queued_tasks': 0}
2025-10-13 08:55:31.715 INFO {MainThread} [session] (get_all_npus) {D:\Project\V1\FlowKit\src\NodeRunner\node_runner\npu_manager\session.py:115} Fetched 2 NPUs from session
2025-10-13 08:55:31.715 INFO {MainThread} [schduler] (get_next_npu) {D:\Project\V1\FlowKit\src\NodeRunner\node_runner\npu_manager\schduler.py:39} [NpuStatus(id=UUID('73c00fa7-c60a-46d7-a61d-b944b1744934'), address='http://127.0.0.1:10928', status='idle', last_seen=1760325925.8069236, metrics=NpuMetrics(uptime=0.025846481323242188, successful_tasks=0, failed_tasks=0, queued_tasks=0)), NpuStatus(id=UUID('7b30939f-703b-4b7e-84b6-474f84ec887c'), address='http://127.0.0.1:10996', status='idle', last_seen=1760325929.207406, metrics=NpuMetrics(uptime=7.040297269821167, successful_tasks=0, failed_tasks=0, queued_tasks=0))]
2025-10-13 08:55:31.715 INFO {MainThread} [schduler] (get_next_npu) {D:\Project\V1\FlowKit\src\NodeRunner\node_runner\npu_manager\schduler.py:47} Selected NPU: 73c00fa7-c60a-46d7-a61d-b944b1744934 with 0 queued tasks
2025-10-13 08:55:31.717 INFO {MainThread} [session] (_parse_npu_status) {D:\Project\V1\FlowKit\src\NodeRunner\node_runner\npu_manager\session.py:166} data : {'uptime': 7.040297269821167, 'successful_tasks': 0, 'failed_tasks': 0, 'queued_tasks': 0}
2025-10-13 08:55:31.718 INFO {MainThread} [session] (get_all_npus) {D:\Project\V1\FlowKit\src\NodeRunner\node_runner\npu_manager\session.py:115} Fetched 2 NPUs from session
2025-10-13 08:55:31.718 INFO {MainThread} [schduler] (get_next_npu) {D:\Project\V1\FlowKit\src\NodeRunner\node_runner\npu_manager\schduler.py:39} [NpuStatus(id=UUID('73c00fa7-c60a-46d7-a61d-b944b1744934'), address='http://127.0.0.1:10928', status='idle', last_seen=1760325925.8069236, metrics=NpuMetrics(uptime=0.025846481323242188, successful_tasks=0, failed_tasks=0, queued_tasks=0)), NpuStatus(id=UUID('7b30939f-703b-4b7e-84b6-474f84ec887c'), address='http://127.0.0.1:10996', status='idle', last_seen=1760325929.207406, metrics=NpuMetrics(uptime=7.040297269821167, successful_tasks=0, failed_tasks=0, queued_tasks=0))]
2025-10-13 08:55:31.718 INFO {MainThread} [schduler] (get_next_npu) {D:\Project\V1\FlowKit\src\NodeRunner\node_runner\npu_manager\schduler.py:47} Selected NPU: 73c00fa7-c60a-46d7-a61d-b944b1744934 with 0 queued tasks
2025-10-13 08:55:31.719 INFO {MainThread} [session] (_parse_npu_status) {D:\Project\V1\FlowKit\src\NodeRunner\node_runner\npu_manager\session.py:166} data : {'uptime': 7.040297269821167, 'successful_tasks': 0, 'failed_tasks': 0, 'queued_tasks': 0}
2025-10-13 08:55:31.719 INFO {MainThread} [session] (get_all_npus) {D:\Project\V1\FlowKit\src\NodeRunner\node_runner\npu_manager\session.py:115} Fetched 2 NPUs from session
2025-10-13 08:55:31.719 INFO {MainThread} [schduler] (get_next_npu) {D:\Project\V1\FlowKit\src\NodeRunner\node_runner\npu_manager\schduler.py:39} [NpuStatus(id=UUID('73c00fa7-c60a-46d7-a61d-b944b1744934'), address='http://127.0.0.1:10928', status='idle', last_seen=1760325925.8069236, metrics=NpuMetrics(uptime=0.025846481323242188, successful_tasks=0, failed_tasks=0, queued_tasks=0)), NpuStatus(id=UUID('7b30939f-703b-4b7e-84b6-474f84ec887c'), address='http://127.0.0.1:10996', status='idle', last_seen=1760325929.207406, metrics=NpuMetrics(uptime=7.040297269821167, successful_tasks=0, failed_tasks=0, queued_tasks=0))]
2025-10-13 08:55:31.719 INFO {MainThread} [schduler] (get_next_npu) {D:\Project\V1\FlowKit\src\NodeRunner\node_runner\npu_manager\schduler.py:47} Selected NPU: 73c00fa7-c60a-46d7-a61d-b944b1744934 with 0 queued tasks
2025-10-13 08:55:31.720 INFO {MainThread} [__init__] (check_connection) {D:\Project\V1\FlowKit\src\NodeRunner\node_runner\npu\__init__.py:24} [NPU 73c00fa7-c60a-46d7-a61d-b944b1744934] Connection successful (200)
2025-10-13 08:55:31.721 INFO {MainThread} [__init__] (check_connection) {D:\Project\V1\FlowKit\src\NodeRunner\node_runner\npu\__init__.py:24} [NPU 73c00fa7-c60a-46d7-a61d-b944b1744934] Connection successful (200)
2025-10-13 08:55:31.721 INFO {MainThread} [session] (_parse_npu_status) {D:\Project\V1\FlowKit\src\NodeRunner\node_runner\npu_manager\session.py:166} data : {'uptime': 7.040297269821167, 'successful_tasks': 0, 'failed_tasks': 0, 'queued_tasks': 0}
2025-10-13 08:55:31.721 INFO {MainThread} [session] (get_all_npus) {D:\Project\V1\FlowKit\src\NodeRunner\node_runner\npu_manager\session.py:115} Fetched 2 NPUs from session
2025-10-13 08:55:31.721 INFO {MainThread} [schduler] (get_next_npu) {D:\Project\V1\FlowKit\src\NodeRunner\node_runner\npu_manager\schduler.py:39} [NpuStatus(id=UUID('73c00fa7-c60a-46d7-a61d-b944b1744934'), address='http://127.0.0.1:10928', status='idle', last_seen=1760325925.8069236, metrics=NpuMetrics(uptime=0.025846481323242188, successful_tasks=0, failed_tasks=0, queued_tasks=0)), NpuStatus(id=UUID('7b30939f-703b-4b7e-84b6-474f84ec887c'), address='http://127.0.0.1:10996', status='idle', last_seen=1760325929.207406, metrics=NpuMetrics(uptime=7.040297269821167, successful_tasks=0, failed_tasks=0, queued_tasks=0))]
2025-10-13 08:55:31.721 INFO {MainThread} [schduler] (get_next_npu) {D:\Project\V1\FlowKit\src\NodeRunner\node_runner\npu_manager\schduler.py:47} Selected NPU: 73c00fa7-c60a-46d7-a61d-b944b1744934 with 0 queued tasks
2025-10-13 08:55:31.723 INFO {MainThread} [_client] (_send_single_request) {D:\Project\V1\FlowKit\.conda\Lib\site-packages\httpx\_client.py:1740} HTTP Request: POST http://127.0.0.1:10928/run-node "HTTP/1.1 200 OK"
2025-10-13 08:55:31.723 INFO {MainThread} [__init__] (check_connection) {D:\Project\V1\FlowKit\src\NodeRunner\node_runner\npu\__init__.py:24} [NPU 73c00fa7-c60a-46d7-a61d-b944b1744934] Connection successful (200)
2025-10-13 08:55:31.724 INFO {MainThread} [__init__] (check_connection) {D:\Project\V1\FlowKit\src\NodeRunner\node_runner\npu\__init__.py:24} [NPU 73c00fa7-c60a-46d7-a61d-b944b1744934] Connection successful (200)
2025-10-13 08:55:31.725 INFO {MainThread} [manager] (get_npu) {D:\Project\V1\FlowKit\src\NodeRunner\node_runner\task_manager\manager.py:32} NPU 73c00fa7-c60a-46d7-a61d-b944b1744934 ready for execution
2025-10-13 08:55:31.725 INFO {MainThread} [manager] (run_node) {D:\Project\V1\FlowKit\src\NodeRunner\node_runner\task_manager\manager.py:65} Node 4e38e2b0-3249-4f47-aaa8-bddbe4b023d7 queued on NPU 73c00fa7-c60a-46d7-a61d-b944b1744934
2025-10-13 08:55:31.725 INFO {MainThread} [__init__] (run_node) {D:\Project\V1\FlowKit\src\NodeRunner\node_runner\npu\__init__.py:45} [NPU 73c00fa7-c60a-46d7-a61d-b944b1744934] Sending node execution request — node: example_node_6, runner: 4e38e2b0-3249-4f47-aaa8-bddbe4b023d7
2025-10-13 08:55:31.997 INFO {MainThread} [__init__] (run_node) {D:\Project\V1\FlowKit\src\NodeRunner\node_runner\npu\__init__.py:53} [NPU 73c00fa7-c60a-46d7-a61d-b944b1744934] Node execution request succeeded — node: example_node_9
2025-10-13 08:55:31.998 INFO {MainThread} [__init__] (check_connection) {D:\Project\V1\FlowKit\src\NodeRunner\node_runner\npu\__init__.py:24} [NPU 73c00fa7-c60a-46d7-a61d-b944b1744934] Connection successful (200)
2025-10-13 08:55:31.998 INFO {MainThread} [__init__] (check_connection) {D:\Project\V1\FlowKit\src\NodeRunner\node_runner\npu\__init__.py:24} [NPU 73c00fa7-c60a-46d7-a61d-b944b1744934] Connection successful (200)
2025-10-13 08:55:31.998 INFO {MainThread} [manager] (get_npu) {D:\Project\V1\FlowKit\src\NodeRunner\node_runner\task_manager\manager.py:32} NPU 73c00fa7-c60a-46d7-a61d-b944b1744934 ready for execution
2025-10-13 08:55:31.999 INFO {MainThread} [manager] (run_node) {D:\Project\V1\FlowKit\src\NodeRunner\node_runner\task_manager\manager.py:65} Node b5ce9678-c2ad-4e86-bd0b-d3dbef0e6a10 queued on NPU 73c00fa7-c60a-46d7-a61d-b944b1744934
2025-10-13 08:55:31.999 INFO {MainThread} [__init__] (run_node) {D:\Project\V1\FlowKit\src\NodeRunner\node_runner\npu\__init__.py:45} [NPU 73c00fa7-c60a-46d7-a61d-b944b1744934] Sending node execution request — node: example_node_7, runner: b5ce9678-c2ad-4e86-bd0b-d3dbef0e6a10
2025-10-13 08:55:32.262 INFO {MainThread} [manager] (get_npu) {D:\Project\V1\FlowKit\src\NodeRunner\node_runner\task_manager\manager.py:32} NPU 73c00fa7-c60a-46d7-a61d-b944b1744934 ready for execution
2025-10-13 08:55:32.262 INFO {MainThread} [manager] (run_node) {D:\Project\V1\FlowKit\src\NodeRunner\node_runner\task_manager\manager.py:65} Node 89f5bf67-b103-4527-85c2-44b3ff36a2f9 queued on NPU 73c00fa7-c60a-46d7-a61d-b944b1744934
2025-10-13 08:55:32.262 INFO {MainThread} [__init__] (run_node) {D:\Project\V1\FlowKit\src\NodeRunner\node_runner\npu\__init__.py:45} [NPU 73c00fa7-c60a-46d7-a61d-b944b1744934] Sending node execution request — node: example_node_8, runner: 89f5bf67-b103-4527-85c2-44b3ff36a2f9
2025-10-13 08:55:32.544 INFO {MainThread} [__init__] (check_connection) {D:\Project\V1\FlowKit\src\NodeRunner\node_runner\npu\__init__.py:24} [NPU 73c00fa7-c60a-46d7-a61d-b944b1744934] Connection successful (200)
2025-10-13 08:55:32.544 INFO {MainThread} [__init__] (check_connection) {D:\Project\V1\FlowKit\src\NodeRunner\node_runner\npu\__init__.py:24} [NPU 73c00fa7-c60a-46d7-a61d-b944b1744934] Connection successful (200)
2025-10-13 08:55:32.545 INFO {MainThread} [manager] (get_npu) {D:\Project\V1\FlowKit\src\NodeRunner\node_runner\task_manager\manager.py:32} NPU 73c00fa7-c60a-46d7-a61d-b944b1744934 ready for execution
2025-10-13 08:55:32.545 INFO {MainThread} [manager] (run_node) {D:\Project\V1\FlowKit\src\NodeRunner\node_runner\task_manager\manager.py:65} Node 03161af1-5efb-417f-a658-dc91ce821df9 queued on NPU 73c00fa7-c60a-46d7-a61d-b944b1744934
2025-10-13 08:55:32.545 INFO {MainThread} [__init__] (run_node) {D:\Project\V1\FlowKit\src\NodeRunner\node_runner\npu\__init__.py:45} [NPU 73c00fa7-c60a-46d7-a61d-b944b1744934] Sending node execution request — node: example_node_1, runner: 03161af1-5efb-417f-a658-dc91ce821df9
2025-10-13 08:55:32.847 INFO {MainThread} [__init__] (check_connection) {D:\Project\V1\FlowKit\src\NodeRunner\node_runner\npu\__init__.py:24} [NPU 73c00fa7-c60a-46d7-a61d-b944b1744934] Connection successful (200)
2025-10-13 08:55:32.849 INFO {MainThread} [manager] (get_npu) {D:\Project\V1\FlowKit\src\NodeRunner\node_runner\task_manager\manager.py:32} NPU 73c00fa7-c60a-46d7-a61d-b944b1744934 ready for execution
2025-10-13 08:55:32.849 INFO {MainThread} [manager] (run_node) {D:\Project\V1\FlowKit\src\NodeRunner\node_runner\task_manager\manager.py:65} Node 66dbd95d-b90b-4d9f-9c0f-9ddaf944660a queued on NPU 73c00fa7-c60a-46d7-a61d-b944b1744934
2025-10-13 08:55:32.849 INFO {MainThread} [__init__] (run_node) {D:\Project\V1\FlowKit\src\NodeRunner\node_runner\npu\__init__.py:45} [NPU 73c00fa7-c60a-46d7-a61d-b944b1744934] Sending node execution request — node: example_node_3, runner: 66dbd95d-b90b-4d9f-9c0f-9ddaf944660a
2025-10-13 08:55:33.119 INFO {MainThread} [manager] (get_npu) {D:\Project\V1\FlowKit\src\NodeRunner\node_runner\task_manager\manager.py:32} NPU 73c00fa7-c60a-46d7-a61d-b944b1744934 ready for execution
2025-10-13 08:55:33.119 INFO {MainThread} [manager] (run_node) {D:\Project\V1\FlowKit\src\NodeRunner\node_runner\task_manager\manager.py:65} Node fcb423db-be12-47aa-8b2a-ac664f01a229 queued on NPU 73c00fa7-c60a-46d7-a61d-b944b1744934
2025-10-13 08:55:33.119 INFO {MainThread} [__init__] (run_node) {D:\Project\V1\FlowKit\src\NodeRunner\node_runner\npu\__init__.py:45} [NPU 73c00fa7-c60a-46d7-a61d-b944b1744934] Sending node execution request — node: example_node_2, runner: fcb423db-be12-47aa-8b2a-ac664f01a229
2025-10-13 08:55:33.369 INFO {MainThread} [manager] (get_npu) {D:\Project\V1\FlowKit\src\NodeRunner\node_runner\task_manager\manager.py:32} NPU 73c00fa7-c60a-46d7-a61d-b944b1744934 ready for execution
2025-10-13 08:55:33.369 INFO {MainThread} [manager] (run_node) {D:\Project\V1\FlowKit\src\NodeRunner\node_runner\task_manager\manager.py:65} Node 4ce393e3-6c73-4823-9a00-441bd3bece5c queued on NPU 73c00fa7-c60a-46d7-a61d-b944b1744934
2025-10-13 08:55:33.369 INFO {MainThread} [__init__] (run_node) {D:\Project\V1\FlowKit\src\NodeRunner\node_runner\npu\__init__.py:45} [NPU 73c00fa7-c60a-46d7-a61d-b944b1744934] Sending node execution request — node: example_node_5, runner: 4ce393e3-6c73-4823-9a00-441bd3bece5c
2025-10-13 08:55:33.604 INFO {MainThread} [manager] (get_npu) {D:\Project\V1\FlowKit\src\NodeRunner\node_runner\task_manager\manager.py:32} NPU 73c00fa7-c60a-46d7-a61d-b944b1744934 ready for execution
2025-10-13 08:55:33.604 INFO {MainThread} [manager] (run_node) {D:\Project\V1\FlowKit\src\NodeRunner\node_runner\task_manager\manager.py:65} Node 472fcea7-d6b2-4b26-914a-7c7f6e9fd7e9 queued on NPU 73c00fa7-c60a-46d7-a61d-b944b1744934
2025-10-13 08:55:33.604 INFO {MainThread} [__init__] (run_node) {D:\Project\V1\FlowKit\src\NodeRunner\node_runner\npu\__init__.py:45} [NPU 73c00fa7-c60a-46d7-a61d-b944b1744934] Sending node execution request — node: example_node_0, runner: 472fcea7-d6b2-4b26-914a-7c7f6e9fd7e9
2025-10-13 08:55:33.861 INFO {MainThread} [manager] (get_npu) {D:\Project\V1\FlowKit\src\NodeRunner\node_runner\task_manager\manager.py:32} NPU 73c00fa7-c60a-46d7-a61d-b944b1744934 ready for execution
2025-10-13 08:55:33.861 INFO {MainThread} [manager] (run_node) {D:\Project\V1\FlowKit\src\NodeRunner\node_runner\task_manager\manager.py:65} Node 1b69607b-a57e-4b6f-a081-688f1f938187 queued on NPU 73c00fa7-c60a-46d7-a61d-b944b1744934
2025-10-13 08:55:33.861 INFO {MainThread} [__init__] (run_node) {D:\Project\V1\FlowKit\src\NodeRunner\node_runner\npu\__init__.py:45} [NPU 73c00fa7-c60a-46d7-a61d-b944b1744934] Sending node execution request — node: example_node_4, runner: 1b69607b-a57e-4b6f-a081-688f1f938187
2025-10-13 08:55:34.138 INFO {MainThread} [manager] (add_log) {D:\Project\V1\FlowKit\src\NodeRunner\node_runner\task_manager\manager.py:109} add log : ['[INFO][example_node_9"][5337a1b9-e86b-4d51-8cd6-bf1cbd02a66e][2025-10-13 08:55:32] hola']
2025-10-13 08:55:34.138 INFO {MainThread} [npu_route] (add_logs) {D:\Project\V1\FlowKit\src\NodeRunner\node_runner\router\npu_route.py:101} [NODE LOG] Added log for runner 5337a1b9-e86b-4d51-8cd6-bf1cbd02a66e: [INFO][example_node_9"][5337a1b9-e86b-4d51-8cd6-bf1cbd02a66e][2025-10-13 08:55:32] hola
2025-10-13 08:55:34.149 INFO {MainThread} [npu_route] (update_metrics) {D:\Project\V1\FlowKit\src\NodeRunner\node_runner\router\npu_route.py:66} [NPU METRICS] Updating metrics for NPU 73c00fa7-c60a-46d7-a61d-b944b1744934: {'uptime': 7.037909984588623, 'successful_tasks': 0, 'failed_tasks': 0, 'queued_tasks': 0}
2025-10-13 08:55:34.165 INFO {MainThread} [_client] (_send_single_request) {D:\Project\V1\FlowKit\.conda\Lib\site-packages\httpx\_client.py:1740} HTTP Request: POST http://127.0.0.1:10928/run-node "HTTP/1.1 200 OK"
2025-10-13 08:55:34.166 INFO {MainThread} [session] (update_metrics) {D:\Project\V1\FlowKit\src\NodeRunner\node_runner\npu_manager\session.py:99} Updated metrics for NPU 73c00fa7-c60a-46d7-a61d-b944b1744934: {'uptime': 7.037909984588623, 'successful_tasks': 0, 'failed_tasks': 0, 'queued_tasks': 0}
2025-10-13 08:55:34.171 INFO {MainThread} [__init__] (run_node) {D:\Project\V1\FlowKit\src\NodeRunner\node_runner\npu\__init__.py:53} [NPU 73c00fa7-c60a-46d7-a61d-b944b1744934] Node execution request succeeded — node: example_node_6
2025-10-13 08:55:34.172 INFO {MainThread} [_client] (_send_single_request) {D:\Project\V1\FlowKit\.conda\Lib\site-packages\httpx\_client.py:1740} HTTP Request: POST http://127.0.0.1:10928/run-node "HTTP/1.1 200 OK"
2025-10-13 08:55:34.172 INFO {MainThread} [_client] (_send_single_request) {D:\Project\V1\FlowKit\.conda\Lib\site-packages\httpx\_client.py:1740} HTTP Request: POST http://127.0.0.1:10928/run-node "HTTP/1.1 200 OK"
2025-10-13 08:55:34.175 INFO {MainThread} [session] (_parse_npu_status) {D:\Project\V1\FlowKit\src\NodeRunner\node_runner\npu_manager\session.py:166} data : {'uptime': 7.037909984588623, 'successful_tasks': 0, 'failed_tasks': 0, 'queued_tasks': 0}
2025-10-13 08:55:34.175 INFO {MainThread} [npu_route] (update_metrics) {D:\Project\V1\FlowKit\src\NodeRunner\node_runner\router\npu_route.py:77} [NPU METRICS] Metrics updated for NPU 73c00fa7-c60a-46d7-a61d-b944b1744934
2025-10-13 08:55:34.177 INFO {MainThread} [__init__] (run_node) {D:\Project\V1\FlowKit\src\NodeRunner\node_runner\npu\__init__.py:53} [NPU 73c00fa7-c60a-46d7-a61d-b944b1744934] Node execution request succeeded — node: example_node_7
2025-10-13 08:55:34.178 INFO {MainThread} [_client] (_send_single_request) {D:\Project\V1\FlowKit\.conda\Lib\site-packages\httpx\_client.py:1740} HTTP Request: POST http://127.0.0.1:10928/run-node "HTTP/1.1 200 OK"
2025-10-13 08:55:34.182 INFO {MainThread} [__init__] (run_node) {D:\Project\V1\FlowKit\src\NodeRunner\node_runner\npu\__init__.py:53} [NPU 73c00fa7-c60a-46d7-a61d-b944b1744934] Node execution request succeeded — node: example_node_8
2025-10-13 08:55:34.183 INFO {MainThread} [_client] (_send_single_request) {D:\Project\V1\FlowKit\.conda\Lib\site-packages\httpx\_client.py:1740} HTTP Request: POST http://127.0.0.1:10928/run-node "HTTP/1.1 200 OK"
2025-10-13 08:55:34.184 INFO {MainThread} [__init__] (run_node) {D:\Project\V1\FlowKit\src\NodeRunner\node_runner\npu\__init__.py:53} [NPU 73c00fa7-c60a-46d7-a61d-b944b1744934] Node execution request succeeded — node: example_node_1
2025-10-13 08:55:34.187 INFO {MainThread} [_client] (_send_single_request) {D:\Project\V1\FlowKit\.conda\Lib\site-packages\httpx\_client.py:1740} HTTP Request: POST http://127.0.0.1:10928/run-node "HTTP/1.1 200 OK"
2025-10-13 08:55:34.191 INFO {MainThread} [__init__] (run_node) {D:\Project\V1\FlowKit\src\NodeRunner\node_runner\npu\__init__.py:53} [NPU 73c00fa7-c60a-46d7-a61d-b944b1744934] Node execution request succeeded — node: example_node_2
2025-10-13 08:55:34.192 INFO {MainThread} [__init__] (run_node) {D:\Project\V1\FlowKit\src\NodeRunner\node_runner\npu\__init__.py:53} [NPU 73c00fa7-c60a-46d7-a61d-b944b1744934] Node execution request succeeded — node: example_node_3
2025-10-13 08:55:34.193 INFO {MainThread} [_client] (_send_single_request) {D:\Project\V1\FlowKit\.conda\Lib\site-packages\httpx\_client.py:1740} HTTP Request: POST http://127.0.0.1:10928/run-node "HTTP/1.1 200 OK"
2025-10-13 08:55:34.198 INFO {MainThread} [_client] (_send_single_request) {D:\Project\V1\FlowKit\.conda\Lib\site-packages\httpx\_client.py:1740} HTTP Request: POST http://127.0.0.1:10928/run-node "HTTP/1.1 200 OK"
2025-10-13 08:55:34.199 INFO {MainThread} [_client] (_send_single_request) {D:\Project\V1\FlowKit\.conda\Lib\site-packages\httpx\_client.py:1740} HTTP Request: POST http://127.0.0.1:10928/run-node "HTTP/1.1 200 OK"
2025-10-13 08:55:34.201 INFO {MainThread} [__init__] (run_node) {D:\Project\V1\FlowKit\src\NodeRunner\node_runner\npu\__init__.py:53} [NPU 73c00fa7-c60a-46d7-a61d-b944b1744934] Node execution request succeeded — node: example_node_4
2025-10-13 08:55:34.202 INFO {MainThread} [__init__] (run_node) {D:\Project\V1\FlowKit\src\NodeRunner\node_runner\npu\__init__.py:53} [NPU 73c00fa7-c60a-46d7-a61d-b944b1744934] Node execution request succeeded — node: example_node_5
2025-10-13 08:55:34.203 INFO {MainThread} [__init__] (run_node) {D:\Project\V1\FlowKit\src\NodeRunner\node_runner\npu\__init__.py:53} [NPU 73c00fa7-c60a-46d7-a61d-b944b1744934] Node execution request succeeded — node: example_node_0
2025-10-13 08:55:34.465 INFO {MainThread} [manager] (add_log) {D:\Project\V1\FlowKit\src\NodeRunner\node_runner\task_manager\manager.py:109} add log : ['[INFO][example_node_9"][5337a1b9-e86b-4d51-8cd6-bf1cbd02a66e][2025-10-13 08:55:32] hola', '[INFO][example_node_9"][5337a1b9-e86b-4d51-8cd6-bf1cbd02a66e][2025-10-13 08:55:34] {holwstring}']
2025-10-13 08:55:34.465 INFO {MainThread} [npu_route] (add_logs) {D:\Project\V1\FlowKit\src\NodeRunner\node_runner\router\npu_route.py:101} [NODE LOG] Added log for runner 5337a1b9-e86b-4d51-8cd6-bf1cbd02a66e: [INFO][example_node_9"][5337a1b9-e86b-4d51-8cd6-bf1cbd02a66e][2025-10-13 08:55:34] {holwstring}
2025-10-13 08:55:35.051 INFO {MainThread} [manager] (retrun_hook) {D:\Project\V1\FlowKit\src\NodeRunner\node_runner\task_manager\manager.py:85} Node hook called for 5337a1b9-e86b-4d51-8cd6-bf1cbd02a66e with status DONE
2025-10-13 08:55:35.051 INFO {MainThread} [manager] (retrun_hook) {D:\Project\V1\FlowKit\src\NodeRunner\node_runner\task_manager\manager.py:102} Node 5337a1b9-e86b-4d51-8cd6-bf1cbd02a66e marked as DONE
2025-10-13 08:55:35.052 INFO {MainThread} [npu_route] (return_node) {D:\Project\V1\FlowKit\src\NodeRunner\node_runner\router\npu_route.py:121} [NODE RESULT] Node 5337a1b9-e86b-4d51-8cd6-bf1cbd02a66e completed with status DONE
2025-10-13 08:55:35.067 INFO {MainThread} [manager] (run_node) {D:\Project\V1\FlowKit\src\NodeRunner\node_runner\task_manager\manager.py:72} Node 5337a1b9-e86b-4d51-8cd6-bf1cbd02a66e completed with status NodeStatus.DONE
2025-10-13 08:55:35.291 INFO {MainThread} [manager] (add_log) {D:\Project\V1\FlowKit\src\NodeRunner\node_runner\task_manager\manager.py:109} add log : ['[INFO][example_node_7"][b5ce9678-c2ad-4e86-bd0b-d3dbef0e6a10][2025-10-13 08:55:34] hola']
2025-10-13 08:55:35.291 INFO {MainThread} [npu_route] (add_logs) {D:\Project\V1\FlowKit\src\NodeRunner\node_runner\router\npu_route.py:101} [NODE LOG] Added log for runner b5ce9678-c2ad-4e86-bd0b-d3dbef0e6a10: [INFO][example_node_7"][b5ce9678-c2ad-4e86-bd0b-d3dbef0e6a10][2025-10-13 08:55:34] hola
2025-10-13 08:55:35.293 INFO {MainThread} [manager] (add_log) {D:\Project\V1\FlowKit\src\NodeRunner\node_runner\task_manager\manager.py:109} add log : ['[INFO][example_node_6"][4e38e2b0-3249-4f47-aaa8-bddbe4b023d7][2025-10-13 08:55:34] hola']
2025-10-13 08:55:35.294 INFO {MainThread} [npu_route] (add_logs) {D:\Project\V1\FlowKit\src\NodeRunner\node_runner\router\npu_route.py:101} [NODE LOG] Added log for runner 4e38e2b0-3249-4f47-aaa8-bddbe4b023d7: [INFO][example_node_6"][4e38e2b0-3249-4f47-aaa8-bddbe4b023d7][2025-10-13 08:55:34] hola
2025-10-13 08:55:35.295 INFO {MainThread} [manager] (add_log) {D:\Project\V1\FlowKit\src\NodeRunner\node_runner\task_manager\manager.py:109} add log : ['[INFO][example_node_8"][89f5bf67-b103-4527-85c2-44b3ff36a2f9][2025-10-13 08:55:34] hola']
2025-10-13 08:55:35.295 INFO {MainThread} [npu_route] (add_logs) {D:\Project\V1\FlowKit\src\NodeRunner\node_runner\router\npu_route.py:101} [NODE LOG] Added log for runner 89f5bf67-b103-4527-85c2-44b3ff36a2f9: [INFO][example_node_8"][89f5bf67-b103-4527-85c2-44b3ff36a2f9][2025-10-13 08:55:34] hola
2025-10-13 08:55:35.633 INFO {MainThread} [manager] (add_log) {D:\Project\V1\FlowKit\src\NodeRunner\node_runner\task_manager\manager.py:109} add log : ['[INFO][example_node_7"][b5ce9678-c2ad-4e86-bd0b-d3dbef0e6a10][2025-10-13 08:55:34] hola', '[INFO][example_node_7"][b5ce9678-c2ad-4e86-bd0b-d3dbef0e6a10][2025-10-13 08:55:35] {holwstring}']
2025-10-13 08:55:35.634 INFO {MainThread} [npu_route] (add_logs) {D:\Project\V1\FlowKit\src\NodeRunner\node_runner\router\npu_route.py:101} [NODE LOG] Added log for runner b5ce9678-c2ad-4e86-bd0b-d3dbef0e6a10: [INFO][example_node_7"][b5ce9678-c2ad-4e86-bd0b-d3dbef0e6a10][2025-10-13 08:55:35] {holwstring}
2025-10-13 08:55:35.638 INFO {MainThread} [manager] (add_log) {D:\Project\V1\FlowKit\src\NodeRunner\node_runner\task_manager\manager.py:109} add log : ['[INFO][example_node_6"][4e38e2b0-3249-4f47-aaa8-bddbe4b023d7][2025-10-13 08:55:34] hola', '[INFO][example_node_6"][4e38e2b0-3249-4f47-aaa8-bddbe4b023d7][2025-10-13 08:55:35] {holwstring}']
2025-10-13 08:55:35.638 INFO {MainThread} [npu_route] (add_logs) {D:\Project\V1\FlowKit\src\NodeRunner\node_runner\router\npu_route.py:101} [NODE LOG] Added log for runner 4e38e2b0-3249-4f47-aaa8-bddbe4b023d7: [INFO][example_node_6"][4e38e2b0-3249-4f47-aaa8-bddbe4b023d7][2025-10-13 08:55:35] {holwstring}
2025-10-13 08:55:35.643 INFO {MainThread} [manager] (add_log) {D:\Project\V1\FlowKit\src\NodeRunner\node_runner\task_manager\manager.py:109} add log : ['[INFO][example_node_8"][89f5bf67-b103-4527-85c2-44b3ff36a2f9][2025-10-13 08:55:34] hola', '[INFO][example_node_8"][89f5bf67-b103-4527-85c2-44b3ff36a2f9][2025-10-13 08:55:35] {holwstring}']
2025-10-13 08:55:35.644 INFO {MainThread} [npu_route] (add_logs) {D:\Project\V1\FlowKit\src\NodeRunner\node_runner\router\npu_route.py:101} [NODE LOG] Added log for runner 89f5bf67-b103-4527-85c2-44b3ff36a2f9: [INFO][example_node_8"][89f5bf67-b103-4527-85c2-44b3ff36a2f9][2025-10-13 08:55:35] {holwstring}
2025-10-13 08:55:36.243 INFO {MainThread} [npu_route] (update_metrics) {D:\Project\V1\FlowKit\src\NodeRunner\node_runner\router\npu_route.py:66} [NPU METRICS] Updating metrics for NPU 7b30939f-703b-4b7e-84b6-474f84ec887c: {'uptime': 14.069917440414429, 'successful_tasks': 0, 'failed_tasks': 0, 'queued_tasks': 0}
2025-10-13 08:55:36.254 INFO {MainThread} [session] (update_metrics) {D:\Project\V1\FlowKit\src\NodeRunner\node_runner\npu_manager\session.py:99} Updated metrics for NPU 7b30939f-703b-4b7e-84b6-474f84ec887c: {'uptime': 14.069917440414429, 'successful_tasks': 0, 'failed_tasks': 0, 'queued_tasks': 0}
2025-10-13 08:55:36.255 INFO {MainThread} [session] (_parse_npu_status) {D:\Project\V1\FlowKit\src\NodeRunner\node_runner\npu_manager\session.py:166} data : {'uptime': 14.069917440414429, 'successful_tasks': 0, 'failed_tasks': 0, 'queued_tasks': 0}
2025-10-13 08:55:36.255 INFO {MainThread} [npu_route] (update_metrics) {D:\Project\V1\FlowKit\src\NodeRunner\node_runner\router\npu_route.py:77} [NPU METRICS] Metrics updated for NPU 7b30939f-703b-4b7e-84b6-474f84ec887c
2025-10-13 08:55:36.806 INFO {MainThread} [manager] (add_log) {D:\Project\V1\FlowKit\src\NodeRunner\node_runner\task_manager\manager.py:109} add log : ['[INFO][example_node_1"][03161af1-5efb-417f-a658-dc91ce821df9][2025-10-13 08:55:35] hola']
2025-10-13 08:55:36.806 INFO {MainThread} [npu_route] (add_logs) {D:\Project\V1\FlowKit\src\NodeRunner\node_runner\router\npu_route.py:101} [NODE LOG] Added log for runner 03161af1-5efb-417f-a658-dc91ce821df9: [INFO][example_node_1"][03161af1-5efb-417f-a658-dc91ce821df9][2025-10-13 08:55:35] hola
2025-10-13 08:55:36.807 INFO {MainThread} [manager] (retrun_hook) {D:\Project\V1\FlowKit\src\NodeRunner\node_runner\task_manager\manager.py:85} Node hook called for b5ce9678-c2ad-4e86-bd0b-d3dbef0e6a10 with status DONE
2025-10-13 08:55:36.807 INFO {MainThread} [manager] (retrun_hook) {D:\Project\V1\FlowKit\src\NodeRunner\node_runner\task_manager\manager.py:102} Node b5ce9678-c2ad-4e86-bd0b-d3dbef0e6a10 marked as DONE
2025-10-13 08:55:36.808 INFO {MainThread} [npu_route] (return_node) {D:\Project\V1\FlowKit\src\NodeRunner\node_runner\router\npu_route.py:121} [NODE RESULT] Node b5ce9678-c2ad-4e86-bd0b-d3dbef0e6a10 completed with status DONE
2025-10-13 08:55:36.809 INFO {MainThread} [manager] (retrun_hook) {D:\Project\V1\FlowKit\src\NodeRunner\node_runner\task_manager\manager.py:85} Node hook called for 89f5bf67-b103-4527-85c2-44b3ff36a2f9 with status DONE
2025-10-13 08:55:36.810 INFO {MainThread} [manager] (retrun_hook) {D:\Project\V1\FlowKit\src\NodeRunner\node_runner\task_manager\manager.py:102} Node 89f5bf67-b103-4527-85c2-44b3ff36a2f9 marked as DONE
2025-10-13 08:55:36.810 INFO {MainThread} [npu_route] (return_node) {D:\Project\V1\FlowKit\src\NodeRunner\node_runner\router\npu_route.py:121} [NODE RESULT] Node 89f5bf67-b103-4527-85c2-44b3ff36a2f9 completed with status DONE
2025-10-13 08:55:36.812 INFO {MainThread} [manager] (retrun_hook) {D:\Project\V1\FlowKit\src\NodeRunner\node_runner\task_manager\manager.py:85} Node hook called for 4e38e2b0-3249-4f47-aaa8-bddbe4b023d7 with status DONE
2025-10-13 08:55:36.812 INFO {MainThread} [manager] (retrun_hook) {D:\Project\V1\FlowKit\src\NodeRunner\node_runner\task_manager\manager.py:102} Node 4e38e2b0-3249-4f47-aaa8-bddbe4b023d7 marked as DONE
2025-10-13 08:55:36.812 INFO {MainThread} [npu_route] (return_node) {D:\Project\V1\FlowKit\src\NodeRunner\node_runner\router\npu_route.py:121} [NODE RESULT] Node 4e38e2b0-3249-4f47-aaa8-bddbe4b023d7 completed with status DONE
2025-10-13 08:55:36.979 INFO {MainThread} [manager] (run_node) {D:\Project\V1\FlowKit\src\NodeRunner\node_runner\task_manager\manager.py:72} Node 4e38e2b0-3249-4f47-aaa8-bddbe4b023d7 completed with status NodeStatus.DONE
2025-10-13 08:55:36.986 INFO {MainThread} [manager] (run_node) {D:\Project\V1\FlowKit\src\NodeRunner\node_runner\task_manager\manager.py:72} Node b5ce9678-c2ad-4e86-bd0b-d3dbef0e6a10 completed with status NodeStatus.DONE
2025-10-13 08:55:36.991 INFO {MainThread} [manager] (run_node) {D:\Project\V1\FlowKit\src\NodeRunner\node_runner\task_manager\manager.py:72} Node 89f5bf67-b103-4527-85c2-44b3ff36a2f9 completed with status NodeStatus.DONE
2025-10-13 08:55:37.104 INFO {MainThread} [manager] (add_log) {D:\Project\V1\FlowKit\src\NodeRunner\node_runner\task_manager\manager.py:109} add log : ['[INFO][example_node_1"][03161af1-5efb-417f-a658-dc91ce821df9][2025-10-13 08:55:35] hola', '[INFO][example_node_1"][03161af1-5efb-417f-a658-dc91ce821df9][2025-10-13 08:55:36] {holwstring}']
2025-10-13 08:55:37.104 INFO {MainThread} [npu_route] (add_logs) {D:\Project\V1\FlowKit\src\NodeRunner\node_runner\router\npu_route.py:101} [NODE LOG] Added log for runner 03161af1-5efb-417f-a658-dc91ce821df9: [INFO][example_node_1"][03161af1-5efb-417f-a658-dc91ce821df9][2025-10-13 08:55:36] {holwstring}
2025-10-13 08:55:37.626 INFO {MainThread} [manager] (retrun_hook) {D:\Project\V1\FlowKit\src\NodeRunner\node_runner\task_manager\manager.py:85} Node hook called for 03161af1-5efb-417f-a658-dc91ce821df9 with status DONE
2025-10-13 08:55:37.626 INFO {MainThread} [manager] (retrun_hook) {D:\Project\V1\FlowKit\src\NodeRunner\node_runner\task_manager\manager.py:102} Node 03161af1-5efb-417f-a658-dc91ce821df9 marked as DONE
2025-10-13 08:55:37.626 INFO {MainThread} [npu_route] (return_node) {D:\Project\V1\FlowKit\src\NodeRunner\node_runner\router\npu_route.py:121} [NODE RESULT] Node 03161af1-5efb-417f-a658-dc91ce821df9 completed with status DONE
2025-10-13 08:55:37.796 INFO {MainThread} [manager] (run_node) {D:\Project\V1\FlowKit\src\NodeRunner\node_runner\task_manager\manager.py:72} Node 03161af1-5efb-417f-a658-dc91ce821df9 completed with status NodeStatus.DONE
2025-10-13 08:55:37.953 INFO {MainThread} [manager] (add_log) {D:\Project\V1\FlowKit\src\NodeRunner\node_runner\task_manager\manager.py:109} add log : ['[INFO][example_node_3"][66dbd95d-b90b-4d9f-9c0f-9ddaf944660a][2025-10-13 08:55:37] hola']
2025-10-13 08:55:37.953 INFO {MainThread} [npu_route] (add_logs) {D:\Project\V1\FlowKit\src\NodeRunner\node_runner\router\npu_route.py:101} [NODE LOG] Added log for runner 66dbd95d-b90b-4d9f-9c0f-9ddaf944660a: [INFO][example_node_3"][66dbd95d-b90b-4d9f-9c0f-9ddaf944660a][2025-10-13 08:55:37] hola
2025-10-13 08:55:37.965 INFO {MainThread} [manager] (add_log) {D:\Project\V1\FlowKit\src\NodeRunner\node_runner\task_manager\manager.py:109} add log : ['[INFO][example_node_2"][fcb423db-be12-47aa-8b2a-ac664f01a229][2025-10-13 08:55:37] hola']
2025-10-13 08:55:37.965 INFO {MainThread} [npu_route] (add_logs) {D:\Project\V1\FlowKit\src\NodeRunner\node_runner\router\npu_route.py:101} [NODE LOG] Added log for runner fcb423db-be12-47aa-8b2a-ac664f01a229: [INFO][example_node_2"][fcb423db-be12-47aa-8b2a-ac664f01a229][2025-10-13 08:55:37] hola
2025-10-13 08:55:37.981 INFO {MainThread} [manager] (add_log) {D:\Project\V1\FlowKit\src\NodeRunner\node_runner\task_manager\manager.py:109} add log : ['[INFO][example_node_5"][4ce393e3-6c73-4823-9a00-441bd3bece5c][2025-10-13 08:55:37] hola']
2025-10-13 08:55:37.981 INFO {MainThread} [npu_route] (add_logs) {D:\Project\V1\FlowKit\src\NodeRunner\node_runner\router\npu_route.py:101} [NODE LOG] Added log for runner 4ce393e3-6c73-4823-9a00-441bd3bece5c: [INFO][example_node_5"][4ce393e3-6c73-4823-9a00-441bd3bece5c][2025-10-13 08:55:37] hola
2025-10-13 08:55:38.299 INFO {MainThread} [manager] (add_log) {D:\Project\V1\FlowKit\src\NodeRunner\node_runner\task_manager\manager.py:109} add log : ['[INFO][example_node_3"][66dbd95d-b90b-4d9f-9c0f-9ddaf944660a][2025-10-13 08:55:37] hola', '[INFO][example_node_3"][66dbd95d-b90b-4d9f-9c0f-9ddaf944660a][2025-10-13 08:55:37] {holwstring}']
2025-10-13 08:55:38.299 INFO {MainThread} [npu_route] (add_logs) {D:\Project\V1\FlowKit\src\NodeRunner\node_runner\router\npu_route.py:101} [NODE LOG] Added log for runner 66dbd95d-b90b-4d9f-9c0f-9ddaf944660a: [INFO][example_node_3"][66dbd95d-b90b-4d9f-9c0f-9ddaf944660a][2025-10-13 08:55:37] {holwstring}
2025-10-13 08:55:38.320 INFO {MainThread} [manager] (add_log) {D:\Project\V1\FlowKit\src\NodeRunner\node_runner\task_manager\manager.py:109} add log : ['[INFO][example_node_2"][fcb423db-be12-47aa-8b2a-ac664f01a229][2025-10-13 08:55:37] hola', '[INFO][example_node_2"][fcb423db-be12-47aa-8b2a-ac664f01a229][2025-10-13 08:55:37] {holwstring}']
2025-10-13 08:55:38.321 INFO {MainThread} [npu_route] (add_logs) {D:\Project\V1\FlowKit\src\NodeRunner\node_runner\router\npu_route.py:101} [NODE LOG] Added log for runner fcb423db-be12-47aa-8b2a-ac664f01a229: [INFO][example_node_2"][fcb423db-be12-47aa-8b2a-ac664f01a229][2025-10-13 08:55:37] {holwstring}
2025-10-13 08:55:38.331 INFO {MainThread} [manager] (add_log) {D:\Project\V1\FlowKit\src\NodeRunner\node_runner\task_manager\manager.py:109} add log : ['[INFO][example_node_5"][4ce393e3-6c73-4823-9a00-441bd3bece5c][2025-10-13 08:55:37] hola', '[INFO][example_node_5"][4ce393e3-6c73-4823-9a00-441bd3bece5c][2025-10-13 08:55:37] {holwstring}']
2025-10-13 08:55:38.331 INFO {MainThread} [npu_route] (add_logs) {D:\Project\V1\FlowKit\src\NodeRunner\node_runner\router\npu_route.py:101} [NODE LOG] Added log for runner 4ce393e3-6c73-4823-9a00-441bd3bece5c: [INFO][example_node_5"][4ce393e3-6c73-4823-9a00-441bd3bece5c][2025-10-13 08:55:37] {holwstring}
2025-10-13 08:55:39.536 INFO {MainThread} [manager] (add_log) {D:\Project\V1\FlowKit\src\NodeRunner\node_runner\task_manager\manager.py:109} add log : ['[INFO][example_node_0"][472fcea7-d6b2-4b26-914a-7c7f6e9fd7e9][2025-10-13 08:55:38] hola']
2025-10-13 08:55:39.536 INFO {MainThread} [npu_route] (add_logs) {D:\Project\V1\FlowKit\src\NodeRunner\node_runner\router\npu_route.py:101} [NODE LOG] Added log for runner 472fcea7-d6b2-4b26-914a-7c7f6e9fd7e9: [INFO][example_node_0"][472fcea7-d6b2-4b26-914a-7c7f6e9fd7e9][2025-10-13 08:55:38] hola
2025-10-13 08:55:39.537 INFO {MainThread} [manager] (retrun_hook) {D:\Project\V1\FlowKit\src\NodeRunner\node_runner\task_manager\manager.py:85} Node hook called for 66dbd95d-b90b-4d9f-9c0f-9ddaf944660a with status DONE
2025-10-13 08:55:39.537 INFO {MainThread} [manager] (retrun_hook) {D:\Project\V1\FlowKit\src\NodeRunner\node_runner\task_manager\manager.py:102} Node 66dbd95d-b90b-4d9f-9c0f-9ddaf944660a marked as DONE
2025-10-13 08:55:39.537 INFO {MainThread} [npu_route] (return_node) {D:\Project\V1\FlowKit\src\NodeRunner\node_runner\router\npu_route.py:121} [NODE RESULT] Node 66dbd95d-b90b-4d9f-9c0f-9ddaf944660a completed with status DONE
2025-10-13 08:55:39.539 INFO {MainThread} [manager] (retrun_hook) {D:\Project\V1\FlowKit\src\NodeRunner\node_runner\task_manager\manager.py:85} Node hook called for fcb423db-be12-47aa-8b2a-ac664f01a229 with status DONE
2025-10-13 08:55:39.539 INFO {MainThread} [manager] (retrun_hook) {D:\Project\V1\FlowKit\src\NodeRunner\node_runner\task_manager\manager.py:102} Node fcb423db-be12-47aa-8b2a-ac664f01a229 marked as DONE
2025-10-13 08:55:39.539 INFO {MainThread} [npu_route] (return_node) {D:\Project\V1\FlowKit\src\NodeRunner\node_runner\router\npu_route.py:121} [NODE RESULT] Node fcb423db-be12-47aa-8b2a-ac664f01a229 completed with status DONE
2025-10-13 08:55:39.542 INFO {MainThread} [manager] (retrun_hook) {D:\Project\V1\FlowKit\src\NodeRunner\node_runner\task_manager\manager.py:85} Node hook called for 4ce393e3-6c73-4823-9a00-441bd3bece5c with status DONE
2025-10-13 08:55:39.542 INFO {MainThread} [manager] (retrun_hook) {D:\Project\V1\FlowKit\src\NodeRunner\node_runner\task_manager\manager.py:102} Node 4ce393e3-6c73-4823-9a00-441bd3bece5c marked as DONE
2025-10-13 08:55:39.542 INFO {MainThread} [npu_route] (return_node) {D:\Project\V1\FlowKit\src\NodeRunner\node_runner\router\npu_route.py:121} [NODE RESULT] Node 4ce393e3-6c73-4823-9a00-441bd3bece5c completed with status DONE
2025-10-13 08:55:39.610 INFO {MainThread} [manager] (run_node) {D:\Project\V1\FlowKit\src\NodeRunner\node_runner\task_manager\manager.py:72} Node fcb423db-be12-47aa-8b2a-ac664f01a229 completed with status NodeStatus.DONE
2025-10-13 08:55:39.615 INFO {MainThread} [manager] (run_node) {D:\Project\V1\FlowKit\src\NodeRunner\node_runner\task_manager\manager.py:72} Node 66dbd95d-b90b-4d9f-9c0f-9ddaf944660a completed with status NodeStatus.DONE
2025-10-13 08:55:39.618 INFO {MainThread} [manager] (run_node) {D:\Project\V1\FlowKit\src\NodeRunner\node_runner\task_manager\manager.py:72} Node 4ce393e3-6c73-4823-9a00-441bd3bece5c completed with status NodeStatus.DONE
2025-10-13 08:55:39.859 INFO {MainThread} [manager] (add_log) {D:\Project\V1\FlowKit\src\NodeRunner\node_runner\task_manager\manager.py:109} add log : ['[INFO][example_node_0"][472fcea7-d6b2-4b26-914a-7c7f6e9fd7e9][2025-10-13 08:55:38] hola', '[INFO][example_node_0"][472fcea7-d6b2-4b26-914a-7c7f6e9fd7e9][2025-10-13 08:55:39] {holwstring}']
2025-10-13 08:55:39.859 INFO {MainThread} [npu_route] (add_logs) {D:\Project\V1\FlowKit\src\NodeRunner\node_runner\router\npu_route.py:101} [NODE LOG] Added log for runner 472fcea7-d6b2-4b26-914a-7c7f6e9fd7e9: [INFO][example_node_0"][472fcea7-d6b2-4b26-914a-7c7f6e9fd7e9][2025-10-13 08:55:39] {holwstring}
2025-10-13 08:55:40.340 INFO {MainThread} [manager] (retrun_hook) {D:\Project\V1\FlowKit\src\NodeRunner\node_runner\task_manager\manager.py:85} Node hook called for 472fcea7-d6b2-4b26-914a-7c7f6e9fd7e9 with status DONE
2025-10-13 08:55:40.340 INFO {MainThread} [manager] (retrun_hook) {D:\Project\V1\FlowKit\src\NodeRunner\node_runner\task_manager\manager.py:102} Node 472fcea7-d6b2-4b26-914a-7c7f6e9fd7e9 marked as DONE
2025-10-13 08:55:40.340 INFO {MainThread} [npu_route] (return_node) {D:\Project\V1\FlowKit\src\NodeRunner\node_runner\router\npu_route.py:121} [NODE RESULT] Node 472fcea7-d6b2-4b26-914a-7c7f6e9fd7e9 completed with status DONE
2025-10-13 08:55:40.418 INFO {MainThread} [manager] (run_node) {D:\Project\V1\FlowKit\src\NodeRunner\node_runner\task_manager\manager.py:72} Node 472fcea7-d6b2-4b26-914a-7c7f6e9fd7e9 completed with status NodeStatus.DONE
2025-10-13 08:55:40.580 INFO {MainThread} [manager] (add_log) {D:\Project\V1\FlowKit\src\NodeRunner\node_runner\task_manager\manager.py:109} add log : ['[INFO][example_node_4"][1b69607b-a57e-4b6f-a081-688f1f938187][2025-10-13 08:55:40] hola']
2025-10-13 08:55:40.580 INFO {MainThread} [npu_route] (add_logs) {D:\Project\V1\FlowKit\src\NodeRunner\node_runner\router\npu_route.py:101} [NODE LOG] Added log for runner 1b69607b-a57e-4b6f-a081-688f1f938187: [INFO][example_node_4"][1b69607b-a57e-4b6f-a081-688f1f938187][2025-10-13 08:55:40] hola
2025-10-13 08:55:40.906 INFO {MainThread} [manager] (add_log) {D:\Project\V1\FlowKit\src\NodeRunner\node_runner\task_manager\manager.py:109} add log : ['[INFO][example_node_4"][1b69607b-a57e-4b6f-a081-688f1f938187][2025-10-13 08:55:40] hola', '[INFO][example_node_4"][1b69607b-a57e-4b6f-a081-688f1f938187][2025-10-13 08:55:40] {holwstring}']
2025-10-13 08:55:40.906 INFO {MainThread} [npu_route] (add_logs) {D:\Project\V1\FlowKit\src\NodeRunner\node_runner\router\npu_route.py:101} [NODE LOG] Added log for runner 1b69607b-a57e-4b6f-a081-688f1f938187: [INFO][example_node_4"][1b69607b-a57e-4b6f-a081-688f1f938187][2025-10-13 08:55:40] {holwstring}
2025-10-13 08:55:41.197 INFO {MainThread} [npu_route] (update_metrics) {D:\Project\V1\FlowKit\src\NodeRunner\node_runner\router\npu_route.py:66} [NPU METRICS] Updating metrics for NPU 73c00fa7-c60a-46d7-a61d-b944b1744934: {'uptime': 15.404672145843506, 'successful_tasks': 9, 'failed_tasks': 0, 'queued_tasks': 0}
2025-10-13 08:55:41.200 INFO {MainThread} [session] (update_metrics) {D:\Project\V1\FlowKit\src\NodeRunner\node_runner\npu_manager\session.py:99} Updated metrics for NPU 73c00fa7-c60a-46d7-a61d-b944b1744934: {'uptime': 15.404672145843506, 'successful_tasks': 9, 'failed_tasks': 0, 'queued_tasks': 0}
2025-10-13 08:55:41.201 INFO {MainThread} [session] (_parse_npu_status) {D:\Project\V1\FlowKit\src\NodeRunner\node_runner\npu_manager\session.py:166} data : {'uptime': 15.404672145843506, 'successful_tasks': 9, 'failed_tasks': 0, 'queued_tasks': 0}
2025-10-13 08:55:41.202 INFO {MainThread} [npu_route] (update_metrics) {D:\Project\V1\FlowKit\src\NodeRunner\node_runner\router\npu_route.py:77} [NPU METRICS] Metrics updated for NPU 73c00fa7-c60a-46d7-a61d-b944b1744934
2025-10-13 08:55:41.423 INFO {MainThread} [manager] (retrun_hook) {D:\Project\V1\FlowKit\src\NodeRunner\node_runner\task_manager\manager.py:85} Node hook called for 1b69607b-a57e-4b6f-a081-688f1f938187 with status DONE
2025-10-13 08:55:41.424 INFO {MainThread} [manager] (retrun_hook) {D:\Project\V1\FlowKit\src\NodeRunner\node_runner\task_manager\manager.py:102} Node 1b69607b-a57e-4b6f-a081-688f1f938187 marked as DONE
2025-10-13 08:55:41.424 INFO {MainThread} [npu_route] (return_node) {D:\Project\V1\FlowKit\src\NodeRunner\node_runner\router\npu_route.py:121} [NODE RESULT] Node 1b69607b-a57e-4b6f-a081-688f1f938187 completed with status DONE
2025-10-13 08:55:41.622 INFO {MainThread} [manager] (run_node) {D:\Project\V1\FlowKit\src\NodeRunner\node_runner\task_manager\manager.py:72} Node 1b69607b-a57e-4b6f-a081-688f1f938187 completed with status NodeStatus.DONE
2025-10-13 08:55:43.278 INFO {MainThread} [npu_route] (update_metrics) {D:\Project\V1\FlowKit\src\NodeRunner\node_runner\router\npu_route.py:66} [NPU METRICS] Updating metrics for NPU 7b30939f-703b-4b7e-84b6-474f84ec887c: {'uptime': 21.111534357070923, 'successful_tasks': 0, 'failed_tasks': 0, 'queued_tasks': 0}
2025-10-13 08:55:43.285 INFO {MainThread} [session] (update_metrics) {D:\Project\V1\FlowKit\src\NodeRunner\node_runner\npu_manager\session.py:99} Updated metrics for NPU 7b30939f-703b-4b7e-84b6-474f84ec887c: {'uptime': 21.111534357070923, 'successful_tasks': 0, 'failed_tasks': 0, 'queued_tasks': 0}
2025-10-13 08:55:43.288 INFO {MainThread} [session] (_parse_npu_status) {D:\Project\V1\FlowKit\src\NodeRunner\node_runner\npu_manager\session.py:166} data : {'uptime': 21.111534357070923, 'successful_tasks': 0, 'failed_tasks': 0, 'queued_tasks': 0}
2025-10-13 08:55:43.289 INFO {MainThread} [npu_route] (update_metrics) {D:\Project\V1\FlowKit\src\NodeRunner\node_runner\router\npu_route.py:77} [NPU METRICS] Metrics updated for NPU 7b30939f-703b-4b7e-84b6-474f84ec887c
2025-10-13 08:55:48.231 INFO {MainThread} [npu_route] (update_metrics) {D:\Project\V1\FlowKit\src\NodeRunner\node_runner\router\npu_route.py:66} [NPU METRICS] Updating metrics for NPU 73c00fa7-c60a-46d7-a61d-b944b1744934: {'uptime': 22.429462671279907, 'successful_tasks': 10, 'failed_tasks': 0, 'queued_tasks': 0}
2025-10-13 08:55:48.234 INFO {MainThread} [session] (update_metrics) {D:\Project\V1\FlowKit\src\NodeRunner\node_runner\npu_manager\session.py:99} Updated metrics for NPU 73c00fa7-c60a-46d7-a61d-b944b1744934: {'uptime': 22.429462671279907, 'successful_tasks': 10, 'failed_tasks': 0, 'queued_tasks': 0}
2025-10-13 08:55:48.237 INFO {MainThread} [session] (_parse_npu_status) {D:\Project\V1\FlowKit\src\NodeRunner\node_runner\npu_manager\session.py:166} data : {'uptime': 22.429462671279907, 'successful_tasks': 10, 'failed_tasks': 0, 'queued_tasks': 0}
2025-10-13 08:55:48.237 INFO {MainThread} [npu_route] (update_metrics) {D:\Project\V1\FlowKit\src\NodeRunner\node_runner\router\npu_route.py:77} [NPU METRICS] Metrics updated for NPU 73c00fa7-c60a-46d7-a61d-b944b1744934
2025-10-13 08:55:50.318 INFO {MainThread} [npu_route] (update_metrics) {D:\Project\V1\FlowKit\src\NodeRunner\node_runner\router\npu_route.py:66} [NPU METRICS] Updating metrics for NPU 7b30939f-703b-4b7e-84b6-474f84ec887c: {'uptime': 28.146320104599, 'successful_tasks': 0, 'failed_tasks': 0, 'queued_tasks': 0}
2025-10-13 08:55:50.323 INFO {MainThread} [session] (update_metrics) {D:\Project\V1\FlowKit\src\NodeRunner\node_runner\npu_manager\session.py:99} Updated metrics for NPU 7b30939f-703b-4b7e-84b6-474f84ec887c: {'uptime': 28.146320104599, 'successful_tasks': 0, 'failed_tasks': 0, 'queued_tasks': 0}
2025-10-13 08:55:50.325 INFO {MainThread} [session] (_parse_npu_status) {D:\Project\V1\FlowKit\src\NodeRunner\node_runner\npu_manager\session.py:166} data : {'uptime': 28.146320104599, 'successful_tasks': 0, 'failed_tasks': 0, 'queued_tasks': 0}
2025-10-13 08:55:50.325 INFO {MainThread} [npu_route] (update_metrics) {D:\Project\V1\FlowKit\src\NodeRunner\node_runner\router\npu_route.py:77} [NPU METRICS] Metrics updated for NPU 7b30939f-703b-4b7e-84b6-474f84ec887c
2025-10-13 08:55:55.246 INFO {MainThread} [npu_route] (update_metrics) {D:\Project\V1\FlowKit\src\NodeRunner\node_runner\router\npu_route.py:66} [NPU METRICS] Updating metrics for NPU 73c00fa7-c60a-46d7-a61d-b944b1744934: {'uptime': 29.46597671508789, 'successful_tasks': 10, 'failed_tasks': 0, 'queued_tasks': 0}
2025-10-13 08:55:55.249 INFO {MainThread} [session] (update_metrics) {D:\Project\V1\FlowKit\src\NodeRunner\node_runner\npu_manager\session.py:99} Updated metrics for NPU 73c00fa7-c60a-46d7-a61d-b944b1744934: {'uptime': 29.46597671508789, 'successful_tasks': 10, 'failed_tasks': 0, 'queued_tasks': 0}
2025-10-13 08:55:55.252 INFO {MainThread} [session] (_parse_npu_status) {D:\Project\V1\FlowKit\src\NodeRunner\node_runner\npu_manager\session.py:166} data : {'uptime': 29.46597671508789, 'successful_tasks': 10, 'failed_tasks': 0, 'queued_tasks': 0}
2025-10-13 08:55:55.252 INFO {MainThread} [npu_route] (update_metrics) {D:\Project\V1\FlowKit\src\NodeRunner\node_runner\router\npu_route.py:77} [NPU METRICS] Metrics updated for NPU 73c00fa7-c60a-46d7-a61d-b944b1744934
2025-10-13 08:55:57.356 INFO {MainThread} [npu_route] (update_metrics) {D:\Project\V1\FlowKit\src\NodeRunner\node_runner\router\npu_route.py:66} [NPU METRICS] Updating metrics for NPU 7b30939f-703b-4b7e-84b6-474f84ec887c: {'uptime': 35.18136382102966, 'successful_tasks': 0, 'failed_tasks': 0, 'queued_tasks': 0}
2025-10-13 08:55:57.362 INFO {MainThread} [session] (update_metrics) {D:\Project\V1\FlowKit\src\NodeRunner\node_runner\npu_manager\session.py:99} Updated metrics for NPU 7b30939f-703b-4b7e-84b6-474f84ec887c: {'uptime': 35.18136382102966, 'successful_tasks': 0, 'failed_tasks': 0, 'queued_tasks': 0}
2025-10-13 08:55:57.365 INFO {MainThread} [session] (_parse_npu_status) {D:\Project\V1\FlowKit\src\NodeRunner\node_runner\npu_manager\session.py:166} data : {'uptime': 35.18136382102966, 'successful_tasks': 0, 'failed_tasks': 0, 'queued_tasks': 0}
2025-10-13 08:55:57.365 INFO {MainThread} [npu_route] (update_metrics) {D:\Project\V1\FlowKit\src\NodeRunner\node_runner\router\npu_route.py:77} [NPU METRICS] Metrics updated for NPU 7b30939f-703b-4b7e-84b6-474f84ec887c
2025-10-13 08:56:02.263 INFO {MainThread} [npu_route] (update_metrics) {D:\Project\V1\FlowKit\src\NodeRunner\node_runner\router\npu_route.py:66} [NPU METRICS] Updating metrics for NPU 73c00fa7-c60a-46d7-a61d-b944b1744934: {'uptime': 36.48151993751526, 'successful_tasks': 10, 'failed_tasks': 0, 'queued_tasks': 0}
2025-10-13 08:56:02.268 INFO {MainThread} [session] (update_metrics) {D:\Project\V1\FlowKit\src\NodeRunner\node_runner\npu_manager\session.py:99} Updated metrics for NPU 73c00fa7-c60a-46d7-a61d-b944b1744934: {'uptime': 36.48151993751526, 'successful_tasks': 10, 'failed_tasks': 0, 'queued_tasks': 0}
2025-10-13 08:56:02.270 INFO {MainThread} [session] (_parse_npu_status) {D:\Project\V1\FlowKit\src\NodeRunner\node_runner\npu_manager\session.py:166} data : {'uptime': 36.48151993751526, 'successful_tasks': 10, 'failed_tasks': 0, 'queued_tasks': 0}
2025-10-13 08:56:02.270 INFO {MainThread} [npu_route] (update_metrics) {D:\Project\V1\FlowKit\src\NodeRunner\node_runner\router\npu_route.py:77} [NPU METRICS] Metrics updated for NPU 73c00fa7-c60a-46d7-a61d-b944b1744934
2025-10-13 08:56:04.393 INFO {MainThread} [npu_route] (update_metrics) {D:\Project\V1\FlowKit\src\NodeRunner\node_runner\router\npu_route.py:66} [NPU METRICS] Updating metrics for NPU 7b30939f-703b-4b7e-84b6-474f84ec887c: {'uptime': 42.2229163646698, 'successful_tasks': 0, 'failed_tasks': 0, 'queued_tasks': 0}
2025-10-13 08:56:04.396 INFO {MainThread} [session] (update_metrics) {D:\Project\V1\FlowKit\src\NodeRunner\node_runner\npu_manager\session.py:99} Updated metrics for NPU 7b30939f-703b-4b7e-84b6-474f84ec887c: {'uptime': 42.2229163646698, 'successful_tasks': 0, 'failed_tasks': 0, 'queued_tasks': 0}
2025-10-13 08:56:04.399 INFO {MainThread} [session] (_parse_npu_status) {D:\Project\V1\FlowKit\src\NodeRunner\node_runner\npu_manager\session.py:166} data : {'uptime': 42.2229163646698, 'successful_tasks': 0, 'failed_tasks': 0, 'queued_tasks': 0}
2025-10-13 08:56:04.399 INFO {MainThread} [npu_route] (update_metrics) {D:\Project\V1\FlowKit\src\NodeRunner\node_runner\router\npu_route.py:77} [NPU METRICS] Metrics updated for NPU 7b30939f-703b-4b7e-84b6-474f84ec887c
2025-10-13 08:56:09.297 INFO {MainThread} [npu_route] (update_metrics) {D:\Project\V1\FlowKit\src\NodeRunner\node_runner\router\npu_route.py:66} [NPU METRICS] Updating metrics for NPU 73c00fa7-c60a-46d7-a61d-b944b1744934: {'uptime': 43.49889779090881, 'successful_tasks': 10, 'failed_tasks': 0, 'queued_tasks': 0}
2025-10-13 08:56:09.301 INFO {MainThread} [session] (update_metrics) {D:\Project\V1\FlowKit\src\NodeRunner\node_runner\npu_manager\session.py:99} Updated metrics for NPU 73c00fa7-c60a-46d7-a61d-b944b1744934: {'uptime': 43.49889779090881, 'successful_tasks': 10, 'failed_tasks': 0, 'queued_tasks': 0}
2025-10-13 08:56:09.303 INFO {MainThread} [session] (_parse_npu_status) {D:\Project\V1\FlowKit\src\NodeRunner\node_runner\npu_manager\session.py:166} data : {'uptime': 43.49889779090881, 'successful_tasks': 10, 'failed_tasks': 0, 'queued_tasks': 0}
2025-10-13 08:56:09.303 INFO {MainThread} [npu_route] (update_metrics) {D:\Project\V1\FlowKit\src\NodeRunner\node_runner\router\npu_route.py:77} [NPU METRICS] Metrics updated for NPU 73c00fa7-c60a-46d7-a61d-b944b1744934
2025-10-13 08:56:11.415 INFO {MainThread} [npu_route] (update_metrics) {D:\Project\V1\FlowKit\src\NodeRunner\node_runner\router\npu_route.py:66} [NPU METRICS] Updating metrics for NPU 7b30939f-703b-4b7e-84b6-474f84ec887c: {'uptime': 49.25518035888672, 'successful_tasks': 0, 'failed_tasks': 0, 'queued_tasks': 0}
2025-10-13 08:56:11.421 INFO {MainThread} [session] (update_metrics) {D:\Project\V1\FlowKit\src\NodeRunner\node_runner\npu_manager\session.py:99} Updated metrics for NPU 7b30939f-703b-4b7e-84b6-474f84ec887c: {'uptime': 49.25518035888672, 'successful_tasks': 0, 'failed_tasks': 0, 'queued_tasks': 0}
2025-10-13 08:56:11.423 INFO {MainThread} [session] (_parse_npu_status) {D:\Project\V1\FlowKit\src\NodeRunner\node_runner\npu_manager\session.py:166} data : {'uptime': 49.25518035888672, 'successful_tasks': 0, 'failed_tasks': 0, 'queued_tasks': 0}
2025-10-13 08:56:11.424 INFO {MainThread} [npu_route] (update_metrics) {D:\Project\V1\FlowKit\src\NodeRunner\node_runner\router\npu_route.py:77} [NPU METRICS] Metrics updated for NPU 7b30939f-703b-4b7e-84b6-474f84ec887c
2025-10-13 08:56:16.312 INFO {MainThread} [npu_route] (update_metrics) {D:\Project\V1\FlowKit\src\NodeRunner\node_runner\router\npu_route.py:66} [NPU METRICS] Updating metrics for NPU 73c00fa7-c60a-46d7-a61d-b944b1744934: {'uptime': 50.530943632125854, 'successful_tasks': 10, 'failed_tasks': 0, 'queued_tasks': 0}
2025-10-13 08:56:16.320 INFO {MainThread} [session] (update_metrics) {D:\Project\V1\FlowKit\src\NodeRunner\node_runner\npu_manager\session.py:99} Updated metrics for NPU 73c00fa7-c60a-46d7-a61d-b944b1744934: {'uptime': 50.530943632125854, 'successful_tasks': 10, 'failed_tasks': 0, 'queued_tasks': 0}
2025-10-13 08:56:16.324 INFO {MainThread} [session] (_parse_npu_status) {D:\Project\V1\FlowKit\src\NodeRunner\node_runner\npu_manager\session.py:166} data : {'uptime': 50.530943632125854, 'successful_tasks': 10, 'failed_tasks': 0, 'queued_tasks': 0}
2025-10-13 08:56:16.324 INFO {MainThread} [npu_route] (update_metrics) {D:\Project\V1\FlowKit\src\NodeRunner\node_runner\router\npu_route.py:77} [NPU METRICS] Metrics updated for NPU 73c00fa7-c60a-46d7-a61d-b944b1744934
2025-10-13 08:56:18.430 INFO {MainThread} [npu_route] (update_metrics) {D:\Project\V1\FlowKit\src\NodeRunner\node_runner\router\npu_route.py:66} [NPU METRICS] Updating metrics for NPU 7b30939f-703b-4b7e-84b6-474f84ec887c: {'uptime': 56.28048276901245, 'successful_tasks': 0, 'failed_tasks': 0, 'queued_tasks': 0}
2025-10-13 08:56:18.432 INFO {MainThread} [session] (update_metrics) {D:\Project\V1\FlowKit\src\NodeRunner\node_runner\npu_manager\session.py:99} Updated metrics for NPU 7b30939f-703b-4b7e-84b6-474f84ec887c: {'uptime': 56.28048276901245, 'successful_tasks': 0, 'failed_tasks': 0, 'queued_tasks': 0}
2025-10-13 08:56:18.434 INFO {MainThread} [session] (_parse_npu_status) {D:\Project\V1\FlowKit\src\NodeRunner\node_runner\npu_manager\session.py:166} data : {'uptime': 56.28048276901245, 'successful_tasks': 0, 'failed_tasks': 0, 'queued_tasks': 0}
2025-10-13 08:56:18.434 INFO {MainThread} [npu_route] (update_metrics) {D:\Project\V1\FlowKit\src\NodeRunner\node_runner\router\npu_route.py:77} [NPU METRICS] Metrics updated for NPU 7b30939f-703b-4b7e-84b6-474f84ec887c
2025-10-13 08:56:23.356 INFO {MainThread} [npu_route] (update_metrics) {D:\Project\V1\FlowKit\src\NodeRunner\node_runner\router\npu_route.py:66} [NPU METRICS] Updating metrics for NPU 73c00fa7-c60a-46d7-a61d-b944b1744934: {'uptime': 57.5530571937561, 'successful_tasks': 10, 'failed_tasks': 0, 'queued_tasks': 0}
2025-10-13 08:56:23.361 INFO {MainThread} [session] (update_metrics) {D:\Project\V1\FlowKit\src\NodeRunner\node_runner\npu_manager\session.py:99} Updated metrics for NPU 73c00fa7-c60a-46d7-a61d-b944b1744934: {'uptime': 57.5530571937561, 'successful_tasks': 10, 'failed_tasks': 0, 'queued_tasks': 0}
2025-10-13 08:56:23.363 INFO {MainThread} [session] (_parse_npu_status) {D:\Project\V1\FlowKit\src\NodeRunner\node_runner\npu_manager\session.py:166} data : {'uptime': 57.5530571937561, 'successful_tasks': 10, 'failed_tasks': 0, 'queued_tasks': 0}
2025-10-13 08:56:23.363 INFO {MainThread} [npu_route] (update_metrics) {D:\Project\V1\FlowKit\src\NodeRunner\node_runner\router\npu_route.py:77} [NPU METRICS] Metrics updated for NPU 73c00fa7-c60a-46d7-a61d-b944b1744934
2025-10-13 08:56:25.452 INFO {MainThread} [npu_route] (update_metrics) {D:\Project\V1\FlowKit\src\NodeRunner\node_runner\router\npu_route.py:66} [NPU METRICS] Updating metrics for NPU 7b30939f-703b-4b7e-84b6-474f84ec887c: {'uptime': 63.290101528167725, 'successful_tasks': 0, 'failed_tasks': 0, 'queued_tasks': 0}
2025-10-13 08:56:25.456 INFO {MainThread} [session] (update_metrics) {D:\Project\V1\FlowKit\src\NodeRunner\node_runner\npu_manager\session.py:99} Updated metrics for NPU 7b30939f-703b-4b7e-84b6-474f84ec887c: {'uptime': 63.290101528167725, 'successful_tasks': 0, 'failed_tasks': 0, 'queued_tasks': 0}
2025-10-13 08:56:25.458 INFO {MainThread} [session] (_parse_npu_status) {D:\Project\V1\FlowKit\src\NodeRunner\node_runner\npu_manager\session.py:166} data : {'uptime': 63.290101528167725, 'successful_tasks': 0, 'failed_tasks': 0, 'queued_tasks': 0}
2025-10-13 08:56:25.458 INFO {MainThread} [npu_route] (update_metrics) {D:\Project\V1\FlowKit\src\NodeRunner\node_runner\router\npu_route.py:77} [NPU METRICS] Metrics updated for NPU 7b30939f-703b-4b7e-84b6-474f84ec887c
