2025-10-13 11:03:47.759 INFO {MainThread} [session] (get_npu_session) {D:\Project\V1\FlowKit\src\NodeRunner\node_runner\npu_manager\session.py:187} Creating new NPU session singleton
2025-10-13 11:03:47.759 INFO {MainThread} [session] (init) {D:\Project\V1\FlowKit\src\NodeRunner\node_runner\npu_manager\session.py:53} Initializing Redis connection for NPU session
2025-10-13 11:03:47.759 INFO {MainThread} [session] (start_cleanup_loop) {D:\Project\V1\FlowKit\src\NodeRunner\node_runner\npu_manager\session.py:158} Started NPU cleanup loop
2025-10-13 11:03:47.759 INFO {MainThread} [session] (init) {D:\Project\V1\FlowKit\src\NodeRunner\node_runner\npu_manager\session.py:56} NPU session initialized successfully
2025-10-13 11:03:47.762 INFO {MainThread} [schduler] (get_scheduler) {D:\Project\V1\FlowKit\src\NodeRunner\node_runner\npu_manager\schduler.py:72} Creating a new NPU Scheduler instance
2025-10-13 11:03:47.762 INFO {MainThread} [schduler] (init) {D:\Project\V1\FlowKit\src\NodeRunner\node_runner\npu_manager\schduler.py:28} Initializing NPU session in Scheduler
2025-10-13 11:03:47.762 INFO {MainThread} [schduler] (init) {D:\Project\V1\FlowKit\src\NodeRunner\node_runner\npu_manager\schduler.py:30} NPU Scheduler initialized successfully
2025-10-13 11:03:47.762 INFO {MainThread} [manager] (__init__) {D:\Project\V1\FlowKit\src\NodeRunner\node_runner\task_manager\manager.py:25} Manager singleton initialized
2025-10-13 11:03:51.096 INFO {MainThread} [npu_route] (add_npu) {D:\Project\V1\FlowKit\src\NodeRunner\node_runner\router\npu_route.py:48} [NPU ADD] Adding new NPU: 14db0802-345e-40a1-9c75-79ef513528c4 at http://127.0.0.1:10466
2025-10-13 11:03:51.101 INFO {MainThread} [session] (add_npu) {D:\Project\V1\FlowKit\src\NodeRunner\node_runner\npu_manager\session.py:82} Added new NPU 14db0802-345e-40a1-9c75-79ef513528c4 at address http://127.0.0.1:10466
2025-10-13 11:03:51.101 INFO {MainThread} [npu_route] (add_npu) {D:\Project\V1\FlowKit\src\NodeRunner\node_runner\router\npu_route.py:54} [NPU ADD] NPU 14db0802-345e-40a1-9c75-79ef513528c4 added successfully
2025-10-13 11:03:51.115 INFO {MainThread} [npu_route] (update_metrics) {D:\Project\V1\FlowKit\src\NodeRunner\node_runner\router\npu_route.py:66} [NPU METRICS] Updating metrics for NPU 14db0802-345e-40a1-9c75-79ef513528c4: {'uptime': 0.029675722122192383, 'successful_tasks': 0, 'failed_tasks': 0, 'queued_tasks': 0}
2025-10-13 11:03:51.119 INFO {MainThread} [session] (update_metrics) {D:\Project\V1\FlowKit\src\NodeRunner\node_runner\npu_manager\session.py:99} Updated metrics for NPU 14db0802-345e-40a1-9c75-79ef513528c4: {'uptime': 0.029675722122192383, 'successful_tasks': 0, 'failed_tasks': 0, 'queued_tasks': 0}
2025-10-13 11:03:51.121 INFO {MainThread} [session] (_parse_npu_status) {D:\Project\V1\FlowKit\src\NodeRunner\node_runner\npu_manager\session.py:166} data : {'uptime': 0.029675722122192383, 'successful_tasks': 0, 'failed_tasks': 0, 'queued_tasks': 0}
2025-10-13 11:03:51.121 INFO {MainThread} [npu_route] (update_metrics) {D:\Project\V1\FlowKit\src\NodeRunner\node_runner\router\npu_route.py:77} [NPU METRICS] Metrics updated for NPU 14db0802-345e-40a1-9c75-79ef513528c4
2025-10-13 11:03:55.170 INFO {MainThread} [manager] (run_node) {D:\Project\V1\FlowKit\src\NodeRunner\node_runner\task_manager\manager.py:47} Creating node example_node with runner_id fef30bdc-2646-4e62-a826-142a7898a4bb
2025-10-13 11:03:55.170 INFO {MainThread} [manager] (run_node) {D:\Project\V1\FlowKit\src\NodeRunner\node_runner\task_manager\manager.py:58} Preprocessing node fef30bdc-2646-4e62-a826-142a7898a4bb
2025-10-13 11:03:55.178 INFO {MainThread} [manager] (get_npu) {D:\Project\V1\FlowKit\src\NodeRunner\node_runner\task_manager\manager.py:28} Fetching least busy NPU
2025-10-13 11:03:55.180 INFO {MainThread} [session] (_parse_npu_status) {D:\Project\V1\FlowKit\src\NodeRunner\node_runner\npu_manager\session.py:166} data : {'uptime': 0.029675722122192383, 'successful_tasks': 0, 'failed_tasks': 0, 'queued_tasks': 0}
2025-10-13 11:03:55.180 INFO {MainThread} [session] (get_all_npus) {D:\Project\V1\FlowKit\src\NodeRunner\node_runner\npu_manager\session.py:115} Fetched 1 NPUs from session
2025-10-13 11:03:55.181 INFO {MainThread} [schduler] (get_next_npu) {D:\Project\V1\FlowKit\src\NodeRunner\node_runner\npu_manager\schduler.py:40} [NpuStatus(id=UUID('14db0802-345e-40a1-9c75-79ef513528c4'), address='http://127.0.0.1:10466', status='idle', last_seen=1760333631.1177533, metrics=NpuMetrics(uptime=0.029675722122192383, successful_tasks=0, failed_tasks=0, queued_tasks=0))]
2025-10-13 11:03:55.181 INFO {MainThread} [schduler] (get_next_npu) {D:\Project\V1\FlowKit\src\NodeRunner\node_runner\npu_manager\schduler.py:49} Selected NPU: 14db0802-345e-40a1-9c75-79ef513528c4 with 0 queued tasks
2025-10-13 11:03:55.184 INFO {MainThread} [__init__] (check_connection) {D:\Project\V1\FlowKit\src\NodeRunner\node_runner\npu\__init__.py:24} [NPU 14db0802-345e-40a1-9c75-79ef513528c4] Connection successful (200)
2025-10-13 11:03:55.185 INFO {MainThread} [manager] (get_npu) {D:\Project\V1\FlowKit\src\NodeRunner\node_runner\task_manager\manager.py:32} NPU 14db0802-345e-40a1-9c75-79ef513528c4 ready for execution
2025-10-13 11:03:55.185 INFO {MainThread} [manager] (run_node) {D:\Project\V1\FlowKit\src\NodeRunner\node_runner\task_manager\manager.py:65} Node fef30bdc-2646-4e62-a826-142a7898a4bb queued on NPU 14db0802-345e-40a1-9c75-79ef513528c4
2025-10-13 11:03:55.185 INFO {MainThread} [__init__] (run_node) {D:\Project\V1\FlowKit\src\NodeRunner\node_runner\npu\__init__.py:45} [NPU 14db0802-345e-40a1-9c75-79ef513528c4] Sending node execution request — node: example_node, runner: fef30bdc-2646-4e62-a826-142a7898a4bb
2025-10-13 11:03:55.526 INFO {MainThread} [_client] (_send_single_request) {D:\Project\V1\FlowKit\.conda\Lib\site-packages\httpx\_client.py:1740} HTTP Request: POST http://127.0.0.1:10466/run-node "HTTP/1.1 200 OK"
2025-10-13 11:03:55.527 INFO {MainThread} [__init__] (run_node) {D:\Project\V1\FlowKit\src\NodeRunner\node_runner\npu\__init__.py:53} [NPU 14db0802-345e-40a1-9c75-79ef513528c4] Node execution request succeeded — node: example_node
2025-10-13 11:03:57.159 INFO {MainThread} [manager] (retrun_hook) {D:\Project\V1\FlowKit\src\NodeRunner\node_runner\task_manager\manager.py:85} Node hook called for fef30bdc-2646-4e62-a826-142a7898a4bb with status DONE
2025-10-13 11:03:57.159 INFO {MainThread} [manager] (retrun_hook) {D:\Project\V1\FlowKit\src\NodeRunner\node_runner\task_manager\manager.py:102} Node fef30bdc-2646-4e62-a826-142a7898a4bb marked as DONE
2025-10-13 11:03:57.159 INFO {MainThread} [npu_route] (return_node) {D:\Project\V1\FlowKit\src\NodeRunner\node_runner\router\npu_route.py:121} [NODE RESULT] Node fef30bdc-2646-4e62-a826-142a7898a4bb completed with status DONE
2025-10-13 11:03:57.335 INFO {MainThread} [manager] (run_node) {D:\Project\V1\FlowKit\src\NodeRunner\node_runner\task_manager\manager.py:72} Node fef30bdc-2646-4e62-a826-142a7898a4bb completed with status NodeStatus.DONE
2025-10-13 11:03:58.130 INFO {MainThread} [npu_route] (update_metrics) {D:\Project\V1\FlowKit\src\NodeRunner\node_runner\router\npu_route.py:66} [NPU METRICS] Updating metrics for NPU 14db0802-345e-40a1-9c75-79ef513528c4: {'uptime': 7.043354511260986, 'successful_tasks': 1, 'failed_tasks': 0, 'queued_tasks': 0}
2025-10-13 11:03:58.137 INFO {MainThread} [session] (update_metrics) {D:\Project\V1\FlowKit\src\NodeRunner\node_runner\npu_manager\session.py:99} Updated metrics for NPU 14db0802-345e-40a1-9c75-79ef513528c4: {'uptime': 7.043354511260986, 'successful_tasks': 1, 'failed_tasks': 0, 'queued_tasks': 0}
2025-10-13 11:03:58.140 INFO {MainThread} [session] (_parse_npu_status) {D:\Project\V1\FlowKit\src\NodeRunner\node_runner\npu_manager\session.py:166} data : {'uptime': 7.043354511260986, 'successful_tasks': 1, 'failed_tasks': 0, 'queued_tasks': 0}
2025-10-13 11:03:58.141 INFO {MainThread} [npu_route] (update_metrics) {D:\Project\V1\FlowKit\src\NodeRunner\node_runner\router\npu_route.py:77} [NPU METRICS] Metrics updated for NPU 14db0802-345e-40a1-9c75-79ef513528c4
2025-10-13 11:04:05.163 INFO {MainThread} [npu_route] (update_metrics) {D:\Project\V1\FlowKit\src\NodeRunner\node_runner\router\npu_route.py:66} [NPU METRICS] Updating metrics for NPU 14db0802-345e-40a1-9c75-79ef513528c4: {'uptime': 14.064853191375732, 'successful_tasks': 1, 'failed_tasks': 0, 'queued_tasks': 0}
2025-10-13 11:04:05.168 INFO {MainThread} [session] (update_metrics) {D:\Project\V1\FlowKit\src\NodeRunner\node_runner\npu_manager\session.py:99} Updated metrics for NPU 14db0802-345e-40a1-9c75-79ef513528c4: {'uptime': 14.064853191375732, 'successful_tasks': 1, 'failed_tasks': 0, 'queued_tasks': 0}
2025-10-13 11:04:05.171 INFO {MainThread} [session] (_parse_npu_status) {D:\Project\V1\FlowKit\src\NodeRunner\node_runner\npu_manager\session.py:166} data : {'uptime': 14.064853191375732, 'successful_tasks': 1, 'failed_tasks': 0, 'queued_tasks': 0}
2025-10-13 11:04:05.171 INFO {MainThread} [npu_route] (update_metrics) {D:\Project\V1\FlowKit\src\NodeRunner\node_runner\router\npu_route.py:77} [NPU METRICS] Metrics updated for NPU 14db0802-345e-40a1-9c75-79ef513528c4
2025-10-13 11:04:12.198 INFO {MainThread} [npu_route] (update_metrics) {D:\Project\V1\FlowKit\src\NodeRunner\node_runner\router\npu_route.py:66} [NPU METRICS] Updating metrics for NPU 14db0802-345e-40a1-9c75-79ef513528c4: {'uptime': 21.09334707260132, 'successful_tasks': 1, 'failed_tasks': 0, 'queued_tasks': 0}
2025-10-13 11:04:12.204 INFO {MainThread} [session] (update_metrics) {D:\Project\V1\FlowKit\src\NodeRunner\node_runner\npu_manager\session.py:99} Updated metrics for NPU 14db0802-345e-40a1-9c75-79ef513528c4: {'uptime': 21.09334707260132, 'successful_tasks': 1, 'failed_tasks': 0, 'queued_tasks': 0}
2025-10-13 11:04:12.206 INFO {MainThread} [session] (_parse_npu_status) {D:\Project\V1\FlowKit\src\NodeRunner\node_runner\npu_manager\session.py:166} data : {'uptime': 21.09334707260132, 'successful_tasks': 1, 'failed_tasks': 0, 'queued_tasks': 0}
2025-10-13 11:04:12.207 INFO {MainThread} [npu_route] (update_metrics) {D:\Project\V1\FlowKit\src\NodeRunner\node_runner\router\npu_route.py:77} [NPU METRICS] Metrics updated for NPU 14db0802-345e-40a1-9c75-79ef513528c4
2025-10-13 11:04:19.216 INFO {MainThread} [npu_route] (update_metrics) {D:\Project\V1\FlowKit\src\NodeRunner\node_runner\router\npu_route.py:66} [NPU METRICS] Updating metrics for NPU 14db0802-345e-40a1-9c75-79ef513528c4: {'uptime': 28.129427909851074, 'successful_tasks': 1, 'failed_tasks': 0, 'queued_tasks': 0}
2025-10-13 11:04:19.231 INFO {MainThread} [session] (update_metrics) {D:\Project\V1\FlowKit\src\NodeRunner\node_runner\npu_manager\session.py:99} Updated metrics for NPU 14db0802-345e-40a1-9c75-79ef513528c4: {'uptime': 28.129427909851074, 'successful_tasks': 1, 'failed_tasks': 0, 'queued_tasks': 0}
2025-10-13 11:04:19.234 INFO {MainThread} [session] (_parse_npu_status) {D:\Project\V1\FlowKit\src\NodeRunner\node_runner\npu_manager\session.py:166} data : {'uptime': 28.129427909851074, 'successful_tasks': 1, 'failed_tasks': 0, 'queued_tasks': 0}
2025-10-13 11:04:19.234 INFO {MainThread} [npu_route] (update_metrics) {D:\Project\V1\FlowKit\src\NodeRunner\node_runner\router\npu_route.py:77} [NPU METRICS] Metrics updated for NPU 14db0802-345e-40a1-9c75-79ef513528c4
2025-10-13 11:04:26.242 INFO {MainThread} [npu_route] (update_metrics) {D:\Project\V1\FlowKit\src\NodeRunner\node_runner\router\npu_route.py:66} [NPU METRICS] Updating metrics for NPU 14db0802-345e-40a1-9c75-79ef513528c4: {'uptime': 35.15654468536377, 'successful_tasks': 1, 'failed_tasks': 0, 'queued_tasks': 0}
2025-10-13 11:04:26.246 INFO {MainThread} [session] (update_metrics) {D:\Project\V1\FlowKit\src\NodeRunner\node_runner\npu_manager\session.py:99} Updated metrics for NPU 14db0802-345e-40a1-9c75-79ef513528c4: {'uptime': 35.15654468536377, 'successful_tasks': 1, 'failed_tasks': 0, 'queued_tasks': 0}
2025-10-13 11:04:26.249 INFO {MainThread} [session] (_parse_npu_status) {D:\Project\V1\FlowKit\src\NodeRunner\node_runner\npu_manager\session.py:166} data : {'uptime': 35.15654468536377, 'successful_tasks': 1, 'failed_tasks': 0, 'queued_tasks': 0}
2025-10-13 11:04:26.249 INFO {MainThread} [npu_route] (update_metrics) {D:\Project\V1\FlowKit\src\NodeRunner\node_runner\router\npu_route.py:77} [NPU METRICS] Metrics updated for NPU 14db0802-345e-40a1-9c75-79ef513528c4
2025-10-13 11:04:29.551 INFO {MainThread} [manager] (run_node) {D:\Project\V1\FlowKit\src\NodeRunner\node_runner\task_manager\manager.py:47} Creating node example_node with runner_id bfbccd40-f323-4e96-ab1f-108ce4f4b95a
2025-10-13 11:04:29.551 INFO {MainThread} [manager] (run_node) {D:\Project\V1\FlowKit\src\NodeRunner\node_runner\task_manager\manager.py:58} Preprocessing node bfbccd40-f323-4e96-ab1f-108ce4f4b95a
2025-10-13 11:04:29.560 INFO {MainThread} [manager] (get_npu) {D:\Project\V1\FlowKit\src\NodeRunner\node_runner\task_manager\manager.py:28} Fetching least busy NPU
2025-10-13 11:04:29.564 INFO {MainThread} [session] (_parse_npu_status) {D:\Project\V1\FlowKit\src\NodeRunner\node_runner\npu_manager\session.py:166} data : {'uptime': 35.15654468536377, 'successful_tasks': 1, 'failed_tasks': 0, 'queued_tasks': 0}
2025-10-13 11:04:29.565 INFO {MainThread} [session] (get_all_npus) {D:\Project\V1\FlowKit\src\NodeRunner\node_runner\npu_manager\session.py:115} Fetched 1 NPUs from session
2025-10-13 11:04:29.565 INFO {MainThread} [schduler] (get_next_npu) {D:\Project\V1\FlowKit\src\NodeRunner\node_runner\npu_manager\schduler.py:40} [NpuStatus(id=UUID('14db0802-345e-40a1-9c75-79ef513528c4'), address='http://127.0.0.1:10466', status='idle', last_seen=1760333666.244771, metrics=NpuMetrics(uptime=35.15654468536377, successful_tasks=1, failed_tasks=0, queued_tasks=0))]
2025-10-13 11:04:29.565 INFO {MainThread} [schduler] (get_next_npu) {D:\Project\V1\FlowKit\src\NodeRunner\node_runner\npu_manager\schduler.py:49} Selected NPU: 14db0802-345e-40a1-9c75-79ef513528c4 with 0 queued tasks
2025-10-13 11:04:29.570 INFO {MainThread} [__init__] (check_connection) {D:\Project\V1\FlowKit\src\NodeRunner\node_runner\npu\__init__.py:24} [NPU 14db0802-345e-40a1-9c75-79ef513528c4] Connection successful (200)
2025-10-13 11:04:29.571 INFO {MainThread} [manager] (get_npu) {D:\Project\V1\FlowKit\src\NodeRunner\node_runner\task_manager\manager.py:32} NPU 14db0802-345e-40a1-9c75-79ef513528c4 ready for execution
2025-10-13 11:04:29.571 INFO {MainThread} [manager] (run_node) {D:\Project\V1\FlowKit\src\NodeRunner\node_runner\task_manager\manager.py:65} Node bfbccd40-f323-4e96-ab1f-108ce4f4b95a queued on NPU 14db0802-345e-40a1-9c75-79ef513528c4
2025-10-13 11:04:29.571 INFO {MainThread} [__init__] (run_node) {D:\Project\V1\FlowKit\src\NodeRunner\node_runner\npu\__init__.py:45} [NPU 14db0802-345e-40a1-9c75-79ef513528c4] Sending node execution request — node: example_node, runner: bfbccd40-f323-4e96-ab1f-108ce4f4b95a
2025-10-13 11:04:29.823 INFO {MainThread} [_client] (_send_single_request) {D:\Project\V1\FlowKit\.conda\Lib\site-packages\httpx\_client.py:1740} HTTP Request: POST http://127.0.0.1:10466/run-node "HTTP/1.1 200 OK"
2025-10-13 11:04:29.824 INFO {MainThread} [__init__] (run_node) {D:\Project\V1\FlowKit\src\NodeRunner\node_runner\npu\__init__.py:53} [NPU 14db0802-345e-40a1-9c75-79ef513528c4] Node execution request succeeded — node: example_node
2025-10-13 11:04:31.229 INFO {MainThread} [manager] (retrun_hook) {D:\Project\V1\FlowKit\src\NodeRunner\node_runner\task_manager\manager.py:85} Node hook called for bfbccd40-f323-4e96-ab1f-108ce4f4b95a with status DONE
2025-10-13 11:04:31.229 INFO {MainThread} [manager] (retrun_hook) {D:\Project\V1\FlowKit\src\NodeRunner\node_runner\task_manager\manager.py:102} Node bfbccd40-f323-4e96-ab1f-108ce4f4b95a marked as DONE
2025-10-13 11:04:31.229 INFO {MainThread} [npu_route] (return_node) {D:\Project\V1\FlowKit\src\NodeRunner\node_runner\router\npu_route.py:121} [NODE RESULT] Node bfbccd40-f323-4e96-ab1f-108ce4f4b95a completed with status DONE
2025-10-13 11:04:31.230 INFO {MainThread} [manager] (run_node) {D:\Project\V1\FlowKit\src\NodeRunner\node_runner\task_manager\manager.py:72} Node bfbccd40-f323-4e96-ab1f-108ce4f4b95a completed with status NodeStatus.DONE
2025-10-13 11:04:33.279 INFO {MainThread} [npu_route] (update_metrics) {D:\Project\V1\FlowKit\src\NodeRunner\node_runner\router\npu_route.py:66} [NPU METRICS] Updating metrics for NPU 14db0802-345e-40a1-9c75-79ef513528c4: {'uptime': 42.171857833862305, 'successful_tasks': 2, 'failed_tasks': 0, 'queued_tasks': 0}
2025-10-13 11:04:33.285 INFO {MainThread} [session] (update_metrics) {D:\Project\V1\FlowKit\src\NodeRunner\node_runner\npu_manager\session.py:99} Updated metrics for NPU 14db0802-345e-40a1-9c75-79ef513528c4: {'uptime': 42.171857833862305, 'successful_tasks': 2, 'failed_tasks': 0, 'queued_tasks': 0}
2025-10-13 11:04:33.287 INFO {MainThread} [session] (_parse_npu_status) {D:\Project\V1\FlowKit\src\NodeRunner\node_runner\npu_manager\session.py:166} data : {'uptime': 42.171857833862305, 'successful_tasks': 2, 'failed_tasks': 0, 'queued_tasks': 0}
2025-10-13 11:04:33.287 INFO {MainThread} [npu_route] (update_metrics) {D:\Project\V1\FlowKit\src\NodeRunner\node_runner\router\npu_route.py:77} [NPU METRICS] Metrics updated for NPU 14db0802-345e-40a1-9c75-79ef513528c4
2025-10-13 11:04:34.311 INFO {MainThread} [manager] (run_node) {D:\Project\V1\FlowKit\src\NodeRunner\node_runner\task_manager\manager.py:47} Creating node example_node with runner_id 89a0062f-fcad-4c87-bdf5-0e5eaef7cfe5
2025-10-13 11:04:34.312 INFO {MainThread} [manager] (run_node) {D:\Project\V1\FlowKit\src\NodeRunner\node_runner\task_manager\manager.py:58} Preprocessing node 89a0062f-fcad-4c87-bdf5-0e5eaef7cfe5
2025-10-13 11:04:34.319 INFO {MainThread} [manager] (get_npu) {D:\Project\V1\FlowKit\src\NodeRunner\node_runner\task_manager\manager.py:28} Fetching least busy NPU
2025-10-13 11:04:34.323 INFO {MainThread} [session] (_parse_npu_status) {D:\Project\V1\FlowKit\src\NodeRunner\node_runner\npu_manager\session.py:166} data : {'uptime': 42.171857833862305, 'successful_tasks': 2, 'failed_tasks': 0, 'queued_tasks': 0}
2025-10-13 11:04:34.323 INFO {MainThread} [session] (get_all_npus) {D:\Project\V1\FlowKit\src\NodeRunner\node_runner\npu_manager\session.py:115} Fetched 1 NPUs from session
2025-10-13 11:04:34.324 INFO {MainThread} [schduler] (get_next_npu) {D:\Project\V1\FlowKit\src\NodeRunner\node_runner\npu_manager\schduler.py:40} [NpuStatus(id=UUID('14db0802-345e-40a1-9c75-79ef513528c4'), address='http://127.0.0.1:10466', status='idle', last_seen=1760333673.2825606, metrics=NpuMetrics(uptime=42.171857833862305, successful_tasks=2, failed_tasks=0, queued_tasks=0))]
2025-10-13 11:04:34.324 INFO {MainThread} [schduler] (get_next_npu) {D:\Project\V1\FlowKit\src\NodeRunner\node_runner\npu_manager\schduler.py:49} Selected NPU: 14db0802-345e-40a1-9c75-79ef513528c4 with 0 queued tasks
2025-10-13 11:04:34.327 INFO {MainThread} [__init__] (check_connection) {D:\Project\V1\FlowKit\src\NodeRunner\node_runner\npu\__init__.py:24} [NPU 14db0802-345e-40a1-9c75-79ef513528c4] Connection successful (200)
2025-10-13 11:04:34.327 INFO {MainThread} [manager] (get_npu) {D:\Project\V1\FlowKit\src\NodeRunner\node_runner\task_manager\manager.py:32} NPU 14db0802-345e-40a1-9c75-79ef513528c4 ready for execution
2025-10-13 11:04:34.327 INFO {MainThread} [manager] (run_node) {D:\Project\V1\FlowKit\src\NodeRunner\node_runner\task_manager\manager.py:65} Node 89a0062f-fcad-4c87-bdf5-0e5eaef7cfe5 queued on NPU 14db0802-345e-40a1-9c75-79ef513528c4
2025-10-13 11:04:34.328 INFO {MainThread} [__init__] (run_node) {D:\Project\V1\FlowKit\src\NodeRunner\node_runner\npu\__init__.py:45} [NPU 14db0802-345e-40a1-9c75-79ef513528c4] Sending node execution request — node: example_node, runner: 89a0062f-fcad-4c87-bdf5-0e5eaef7cfe5
2025-10-13 11:04:34.595 INFO {MainThread} [_client] (_send_single_request) {D:\Project\V1\FlowKit\.conda\Lib\site-packages\httpx\_client.py:1740} HTTP Request: POST http://127.0.0.1:10466/run-node "HTTP/1.1 200 OK"
2025-10-13 11:04:34.596 INFO {MainThread} [__init__] (run_node) {D:\Project\V1\FlowKit\src\NodeRunner\node_runner\npu\__init__.py:53} [NPU 14db0802-345e-40a1-9c75-79ef513528c4] Node execution request succeeded — node: example_node
2025-10-13 11:04:35.737 INFO {MainThread} [manager] (retrun_hook) {D:\Project\V1\FlowKit\src\NodeRunner\node_runner\task_manager\manager.py:85} Node hook called for 89a0062f-fcad-4c87-bdf5-0e5eaef7cfe5 with status DONE
2025-10-13 11:04:35.737 INFO {MainThread} [manager] (retrun_hook) {D:\Project\V1\FlowKit\src\NodeRunner\node_runner\task_manager\manager.py:102} Node 89a0062f-fcad-4c87-bdf5-0e5eaef7cfe5 marked as DONE
2025-10-13 11:04:35.737 INFO {MainThread} [npu_route] (return_node) {D:\Project\V1\FlowKit\src\NodeRunner\node_runner\router\npu_route.py:121} [NODE RESULT] Node 89a0062f-fcad-4c87-bdf5-0e5eaef7cfe5 completed with status DONE
2025-10-13 11:04:35.799 INFO {MainThread} [manager] (run_node) {D:\Project\V1\FlowKit\src\NodeRunner\node_runner\task_manager\manager.py:72} Node 89a0062f-fcad-4c87-bdf5-0e5eaef7cfe5 completed with status NodeStatus.DONE
2025-10-13 11:04:40.295 INFO {MainThread} [npu_route] (update_metrics) {D:\Project\V1\FlowKit\src\NodeRunner\node_runner\router\npu_route.py:66} [NPU METRICS] Updating metrics for NPU 14db0802-345e-40a1-9c75-79ef513528c4: {'uptime': 49.2102587223053, 'successful_tasks': 3, 'failed_tasks': 0, 'queued_tasks': 0}
2025-10-13 11:04:40.298 INFO {MainThread} [session] (update_metrics) {D:\Project\V1\FlowKit\src\NodeRunner\node_runner\npu_manager\session.py:99} Updated metrics for NPU 14db0802-345e-40a1-9c75-79ef513528c4: {'uptime': 49.2102587223053, 'successful_tasks': 3, 'failed_tasks': 0, 'queued_tasks': 0}
2025-10-13 11:04:40.299 INFO {MainThread} [session] (_parse_npu_status) {D:\Project\V1\FlowKit\src\NodeRunner\node_runner\npu_manager\session.py:166} data : {'uptime': 49.2102587223053, 'successful_tasks': 3, 'failed_tasks': 0, 'queued_tasks': 0}
2025-10-13 11:04:40.300 INFO {MainThread} [npu_route] (update_metrics) {D:\Project\V1\FlowKit\src\NodeRunner\node_runner\router\npu_route.py:77} [NPU METRICS] Metrics updated for NPU 14db0802-345e-40a1-9c75-79ef513528c4
2025-10-13 11:04:47.307 INFO {MainThread} [npu_route] (update_metrics) {D:\Project\V1\FlowKit\src\NodeRunner\node_runner\router\npu_route.py:66} [NPU METRICS] Updating metrics for NPU 14db0802-345e-40a1-9c75-79ef513528c4: {'uptime': 56.22188472747803, 'successful_tasks': 3, 'failed_tasks': 0, 'queued_tasks': 0}
2025-10-13 11:04:47.310 INFO {MainThread} [session] (update_metrics) {D:\Project\V1\FlowKit\src\NodeRunner\node_runner\npu_manager\session.py:99} Updated metrics for NPU 14db0802-345e-40a1-9c75-79ef513528c4: {'uptime': 56.22188472747803, 'successful_tasks': 3, 'failed_tasks': 0, 'queued_tasks': 0}
2025-10-13 11:04:47.314 INFO {MainThread} [session] (_parse_npu_status) {D:\Project\V1\FlowKit\src\NodeRunner\node_runner\npu_manager\session.py:166} data : {'uptime': 56.22188472747803, 'successful_tasks': 3, 'failed_tasks': 0, 'queued_tasks': 0}
2025-10-13 11:04:47.314 INFO {MainThread} [npu_route] (update_metrics) {D:\Project\V1\FlowKit\src\NodeRunner\node_runner\router\npu_route.py:77} [NPU METRICS] Metrics updated for NPU 14db0802-345e-40a1-9c75-79ef513528c4
2025-10-13 11:04:54.321 INFO {MainThread} [npu_route] (update_metrics) {D:\Project\V1\FlowKit\src\NodeRunner\node_runner\router\npu_route.py:66} [NPU METRICS] Updating metrics for NPU 14db0802-345e-40a1-9c75-79ef513528c4: {'uptime': 63.23646855354309, 'successful_tasks': 3, 'failed_tasks': 0, 'queued_tasks': 0}
2025-10-13 11:04:54.324 INFO {MainThread} [session] (update_metrics) {D:\Project\V1\FlowKit\src\NodeRunner\node_runner\npu_manager\session.py:99} Updated metrics for NPU 14db0802-345e-40a1-9c75-79ef513528c4: {'uptime': 63.23646855354309, 'successful_tasks': 3, 'failed_tasks': 0, 'queued_tasks': 0}
2025-10-13 11:04:54.325 INFO {MainThread} [session] (_parse_npu_status) {D:\Project\V1\FlowKit\src\NodeRunner\node_runner\npu_manager\session.py:166} data : {'uptime': 63.23646855354309, 'successful_tasks': 3, 'failed_tasks': 0, 'queued_tasks': 0}
2025-10-13 11:04:54.325 INFO {MainThread} [npu_route] (update_metrics) {D:\Project\V1\FlowKit\src\NodeRunner\node_runner\router\npu_route.py:77} [NPU METRICS] Metrics updated for NPU 14db0802-345e-40a1-9c75-79ef513528c4
