2025-10-14 22:43:18.096 INFO {MainThread} [main] (<module>) {D:\Project\V1\FlowKit\src\FlowKitControlUint\main.py:105} Starting FastAPI app at 0.0.0.0:9500
2025-10-14 22:43:18.140 INFO {MainThread} [main] (lifespan) {D:\Project\V1\FlowKit\src\FlowKitControlUint\main.py:35} Starting FlowKit Control Unit lifespan
2025-10-14 22:43:18.174 INFO {MainThread} [fcb_queue] (__init__) {D:\Project\V1\FlowKit\src\FlowKitControlUint\controlunit\fcb_queue.py:22} Initialized FlowControlBlockQueue with MongoDB connection (sync)
2025-10-14 22:43:18.175 INFO {MainThread} [fcb_queue] (recover_from_storage) {D:\Project\V1\FlowKit\src\FlowKitControlUint\controlunit\fcb_queue.py:26} Starting recovery of FlowControlBlocks from MongoDB
2025-10-14 22:43:18.207 INFO {MainThread} [flow] (__init__) {D:\Project\V1\FlowKit\src\FlowKitControlUint\controlunit\fcb\flow.py:12} Flow initialized with 2 nodes
2025-10-14 22:43:18.207 INFO {MainThread} [flow_control_block] (__init__) {D:\Project\V1\FlowKit\src\FlowKitControlUint\controlunit\fcb\flow_control_block.py:27} FlowControlBlock 670dbfc1-653a-4f18-98d5-842df98f3eda initialized in QUEUED state
2025-10-14 22:43:18.207 INFO {MainThread} [flow_control_block] (start) {D:\Project\V1\FlowKit\src\FlowKitControlUint\controlunit\fcb\flow_control_block.py:30} FlowControlBlock 670dbfc1-653a-4f18-98d5-842df98f3eda starting
2025-10-14 22:43:18.207 INFO {MainThread} [flow_control_block] (exec) {D:\Project\V1\FlowKit\src\FlowKitControlUint\controlunit\fcb\flow_control_block.py:72} Submitting next node execution for flow 670dbfc1-653a-4f18-98d5-842df98f3eda
2025-10-14 22:43:18.208 INFO {ThreadPoolExecutor-0_0} [flow] (get_curr_node) {D:\Project\V1\FlowKit\src\FlowKitControlUint\controlunit\fcb\flow.py:24} Getting current node: node1
2025-10-14 22:43:18.208 INFO {ThreadPoolExecutor-0_0} [flow] (get_curr_inp) {D:\Project\V1\FlowKit\src\FlowKitControlUint\controlunit\fcb\flow.py:28} Getting current input data: {'a': 1, 'b': 2}
2025-10-14 22:43:18.208 INFO {ThreadPoolExecutor-0_0} [flow_control_block] (_run_node) {D:\Project\V1\FlowKit\src\FlowKitControlUint\controlunit\fcb\flow_control_block.py:57} Executing node 'node1' in flow 670dbfc1-653a-4f18-98d5-842df98f3eda
2025-10-14 22:43:18.208 INFO {ThreadPoolExecutor-0_0} [node] (run) {D:\Project\V1\FlowKit\src\FlowKitControlUint\controlunit\fcb\node.py:55} Executing node 'node1' [runner_id=5215a356-e44a-42c8-94d6-446d06a106c8] with inputs: {'a': 1, 'b': 2}
2025-10-14 22:43:18.209 INFO {ThreadPoolExecutor-0_0} [node] (run) {D:\Project\V1\FlowKit\src\FlowKitControlUint\controlunit\fcb\node.py:58} Sending POST to http://127.0.0.1:8500/nodes/add-node with payload keys: ['node_name', 'code', 'inputs', 'runner_id']
2025-10-14 22:43:18.208 INFO {MainThread} [fcb_queue] (recover_from_storage) {D:\Project\V1\FlowKit\src\FlowKitControlUint\controlunit\fcb_queue.py:61} \u2705 Recovered and started FCB with id 670dbfc1-653a-4f18-98d5-842df98f3eda from storage
2025-10-14 22:43:18.209 INFO {MainThread} [main] (lifespan) {D:\Project\V1\FlowKit\src\FlowKitControlUint\main.py:39} Recovered FCB_QUEUE from storage
2025-10-14 22:43:20.417 INFO {ThreadPoolExecutor-0_0} [_client] (_send_single_request) {D:\Project\V1\FlowKit\.conda\Lib\site-packages\httpx\_client.py:1025} HTTP Request: POST http://127.0.0.1:8500/nodes/add-node "HTTP/1.1 200 OK"
2025-10-14 22:43:20.418 INFO {ThreadPoolExecutor-0_0} [node] (run) {D:\Project\V1\FlowKit\src\FlowKitControlUint\controlunit\fcb\node.py:63} Response from runner received for node 'node1': {'node_name': 'node1', 'runner_id': '5215a356-e44a-42c8-94d6-446d06a106c8', 'code_base64': 'ZnJvbSBmbG93a2l0Lm5vZGUgaW1wb3J0IE5vZGUKZnJvbSBmbG93a2l0LmxvZyBpbXBvcnQgTG9nZ2VyCgpub2RlID0gTm9kZSgpCmxvZ2dlciA9IExvZ2dlcihub2RlKQoKYXN5bmMgZGVmIG1haW4oKToKICAgICMgbm9kZXMsIG91dHB1dCwgbWVzc2FnZQogICAgaW5wdXRzID0gbm9kZS5nZXRfaW5wdXRzKCkKICAgIHJldCA9IGlucHV0c1siYSJdICsgaW5wdXRzWyJiIl0KICAgIHJldHVybiBbXSwgeyJvdXQiOiByZXR9LCAicnVuIHN1Y2Nlc3NmdWxseSIKCm5vZGUucmVnaXN0ZXJfbWFpbihtYWluKQpub2RlLnJ1bigpCg==', 'status': 'DONE', 'inputs': {'a': 1, 'b': 2}, 'logs': [], 'outputs': {'nodes': [], 'outputs': {'out': 3}, 'status': 'DONE', 'message': 'run successfully'}}
2025-10-14 22:43:20.418 INFO {ThreadPoolExecutor-0_0} [node] (run) {D:\Project\V1\FlowKit\src\FlowKitControlUint\controlunit\fcb\node.py:67} Node 'node1' execution completed successfully [runner_id=5215a356-e44a-42c8-94d6-446d06a106c8]
2025-10-14 22:43:20.419 INFO {ThreadPoolExecutor-0_0} [flow_control_block] (_run_node) {D:\Project\V1\FlowKit\src\FlowKitControlUint\controlunit\fcb\flow_control_block.py:60} Node 'node1' executed with status 'success' in flow 670dbfc1-653a-4f18-98d5-842df98f3eda
2025-10-14 22:43:20.419 INFO {ThreadPoolExecutor-0_0} [flow_control_block] (_run_node) {D:\Project\V1\FlowKit\src\FlowKitControlUint\controlunit\fcb\flow_control_block.py:61} Node 'node1' outputs: {'out': 3}
2025-10-14 22:43:20.419 INFO {ThreadPoolExecutor-0_0} [flow_control_block] (exec_hook) {D:\Project\V1\FlowKit\src\FlowKitControlUint\controlunit\fcb\flow_control_block.py:76} Processing exec_hook for node 'node1' in flow 670dbfc1-653a-4f18-98d5-842df98f3eda
2025-10-14 22:43:20.419 INFO {ThreadPoolExecutor-0_0} [flow_control_block] (exec_hook) {D:\Project\V1\FlowKit\src\FlowKitControlUint\controlunit\fcb\flow_control_block.py:87} No more nodes to execute in flow 670dbfc1-653a-4f18-98d5-842df98f3eda, stopping
2025-10-14 22:43:20.419 INFO {ThreadPoolExecutor-0_0} [flow_control_block] (stop) {D:\Project\V1\FlowKit\src\FlowKitControlUint\controlunit\fcb\flow_control_block.py:35} FlowControlBlock 670dbfc1-653a-4f18-98d5-842df98f3eda stopping
2025-10-14 22:43:22.575 INFO {MainThread} [main] (log_requests) {D:\Project\V1\FlowKit\src\FlowKitControlUint\main.py:48} Incoming request: POST http://127.0.0.1:9500/fcb/add
2025-10-14 22:43:22.577 INFO {MainThread} [main] (add_fcb) {D:\Project\V1\FlowKit\src\FlowKitControlUint\main.py:60} Add FCB request received with nodes: ['start', 'node1']
2025-10-14 22:43:22.577 INFO {MainThread} [flow] (__init__) {D:\Project\V1\FlowKit\src\FlowKitControlUint\controlunit\fcb\flow.py:12} Flow initialized with 2 nodes
2025-10-14 22:43:22.577 INFO {MainThread} [flow_control_block] (__init__) {D:\Project\V1\FlowKit\src\FlowKitControlUint\controlunit\fcb\flow_control_block.py:27} FlowControlBlock 55ec8d8e-f9d0-4b88-91a7-b61becaaa351 initialized in QUEUED state
2025-10-14 22:43:22.577 INFO {MainThread} [fcb_queue] (add_fcb) {D:\Project\V1\FlowKit\src\FlowKitControlUint\controlunit\fcb_queue.py:109} \u2795 Added new FlowControlBlock with id 55ec8d8e-f9d0-4b88-91a7-b61becaaa351
2025-10-14 22:43:22.577 INFO {MainThread} [flow_control_block] (start) {D:\Project\V1\FlowKit\src\FlowKitControlUint\controlunit\fcb\flow_control_block.py:30} FlowControlBlock 55ec8d8e-f9d0-4b88-91a7-b61becaaa351 starting
2025-10-14 22:43:22.577 INFO {MainThread} [flow_control_block] (exec) {D:\Project\V1\FlowKit\src\FlowKitControlUint\controlunit\fcb\flow_control_block.py:72} Submitting next node execution for flow 55ec8d8e-f9d0-4b88-91a7-b61becaaa351
2025-10-14 22:43:22.577 INFO {MainThread} [fcb_queue] (start_fcb) {D:\Project\V1\FlowKit\src\FlowKitControlUint\controlunit\fcb_queue.py:117} \u25b6\ufe0f Started FlowControlBlock 55ec8d8e-f9d0-4b88-91a7-b61becaaa351
2025-10-14 22:43:22.577 INFO {MainThread} [main] (add_fcb) {D:\Project\V1\FlowKit\src\FlowKitControlUint\main.py:70} Flow Control Block added successfully with ID: 55ec8d8e-f9d0-4b88-91a7-b61becaaa351
2025-10-14 22:43:22.578 INFO {MainThread} [main] (log_requests) {D:\Project\V1\FlowKit\src\FlowKitControlUint\main.py:50} Response status: 200 for POST http://127.0.0.1:9500/fcb/add
2025-10-14 22:43:22.578 INFO {ThreadPoolExecutor-0_0} [flow] (get_curr_node) {D:\Project\V1\FlowKit\src\FlowKitControlUint\controlunit\fcb\flow.py:24} Getting current node: start
2025-10-14 22:43:22.579 INFO {ThreadPoolExecutor-0_0} [flow] (get_curr_inp) {D:\Project\V1\FlowKit\src\FlowKitControlUint\controlunit\fcb\flow.py:28} Getting current input data: {}
2025-10-14 22:43:22.579 INFO {ThreadPoolExecutor-0_0} [flow_control_block] (_run_node) {D:\Project\V1\FlowKit\src\FlowKitControlUint\controlunit\fcb\flow_control_block.py:57} Executing node 'start' in flow 55ec8d8e-f9d0-4b88-91a7-b61becaaa351
2025-10-14 22:43:22.580 INFO {ThreadPoolExecutor-0_0} [node] (run) {D:\Project\V1\FlowKit\src\FlowKitControlUint\controlunit\fcb\node.py:55} Executing node 'start' [runner_id=c9fdb5d2-6c42-4326-b57b-4cece3639786] with inputs: {}
2025-10-14 22:43:22.580 INFO {ThreadPoolExecutor-0_0} [node] (run) {D:\Project\V1\FlowKit\src\FlowKitControlUint\controlunit\fcb\node.py:58} Sending POST to http://127.0.0.1:8500/nodes/add-node with payload keys: ['node_name', 'code', 'inputs', 'runner_id']
2025-10-14 22:43:24.996 INFO {ThreadPoolExecutor-0_0} [_client] (_send_single_request) {D:\Project\V1\FlowKit\.conda\Lib\site-packages\httpx\_client.py:1025} HTTP Request: POST http://127.0.0.1:8500/nodes/add-node "HTTP/1.1 200 OK"
2025-10-14 22:43:24.997 INFO {ThreadPoolExecutor-0_0} [node] (run) {D:\Project\V1\FlowKit\src\FlowKitControlUint\controlunit\fcb\node.py:63} Response from runner received for node 'start': {'node_name': 'start', 'runner_id': 'c9fdb5d2-6c42-4326-b57b-4cece3639786', 'code_base64': 'ZnJvbSBmbG93a2l0Lm5vZGUgaW1wb3J0IE5vZGUKZnJvbSBmbG93a2l0LmxvZyBpbXBvcnQgTG9nZ2VyCgpub2RlID0gTm9kZSgpCmxvZ2dlciA9IExvZ2dlcihub2RlKQoKYXN5bmMgZGVmIG1haW4oKToKICAgICMgbm9kZXMsIG91dHB1dCwgbWVzc2FnZQogICAgaW5wdXRzID0gbm9kZS5nZXRfaW5wdXRzKCkKICAgIHJldHVybiBbIm5vZGUxIl0sIHsiYSI6MSwgImIiOjJ9LCAicnVuIHN1Y2Nlc3NmdWxseSIKCm5vZGUucmVnaXN0ZXJfbWFpbihtYWluKQpub2RlLnJ1bigpCg==', 'status': 'DONE', 'inputs': {}, 'logs': [], 'outputs': {'nodes': ['node1'], 'outputs': {'a': 1, 'b': 2}, 'status': 'DONE', 'message': 'run successfully'}}
2025-10-14 22:43:24.998 INFO {ThreadPoolExecutor-0_0} [node] (run) {D:\Project\V1\FlowKit\src\FlowKitControlUint\controlunit\fcb\node.py:67} Node 'start' execution completed successfully [runner_id=c9fdb5d2-6c42-4326-b57b-4cece3639786]
2025-10-14 22:43:24.998 INFO {ThreadPoolExecutor-0_0} [flow_control_block] (_run_node) {D:\Project\V1\FlowKit\src\FlowKitControlUint\controlunit\fcb\flow_control_block.py:60} Node 'start' executed with status 'success' in flow 55ec8d8e-f9d0-4b88-91a7-b61becaaa351
2025-10-14 22:43:24.998 INFO {ThreadPoolExecutor-0_0} [flow_control_block] (_run_node) {D:\Project\V1\FlowKit\src\FlowKitControlUint\controlunit\fcb\flow_control_block.py:61} Node 'start' outputs: {'a': 1, 'b': 2}
2025-10-14 22:43:24.998 INFO {ThreadPoolExecutor-0_0} [flow_control_block] (exec_hook) {D:\Project\V1\FlowKit\src\FlowKitControlUint\controlunit\fcb\flow_control_block.py:76} Processing exec_hook for node 'start' in flow 55ec8d8e-f9d0-4b88-91a7-b61becaaa351
2025-10-14 22:43:24.998 INFO {ThreadPoolExecutor-0_0} [flow_control_block] (exec_hook) {D:\Project\V1\FlowKit\src\FlowKitControlUint\controlunit\fcb\flow_control_block.py:82} Queued node 'node1' with inputs: {'a': 1, 'b': 2}
2025-10-14 22:43:24.998 INFO {ThreadPoolExecutor-0_0} [flow_control_block] (exec_hook) {D:\Project\V1\FlowKit\src\FlowKitControlUint\controlunit\fcb\flow_control_block.py:92} Setting pointer to node 'node1' with inputs: {'a': 1, 'b': 2}
2025-10-14 22:43:24.998 INFO {ThreadPoolExecutor-0_0} [flow] (set_pointer) {D:\Project\V1\FlowKit\src\FlowKitControlUint\controlunit\fcb\flow.py:18} Pointer set to node 'node1' with input: {'a': 1, 'b': 2}
2025-10-14 22:43:24.998 INFO {ThreadPoolExecutor-0_0} [flow_control_block] (exec_hook) {D:\Project\V1\FlowKit\src\FlowKitControlUint\controlunit\fcb\flow_control_block.py:95} Saving state for flow 55ec8d8e-f9d0-4b88-91a7-b61becaaa351
2025-10-14 22:43:24.998 INFO {ThreadPoolExecutor-0_0} [flow] (to_dict) {D:\Project\V1\FlowKit\src\FlowKitControlUint\controlunit\fcb\flow.py:37} Serialized flow to dict with 2 nodes
2025-10-14 22:43:25.005 INFO {ThreadPoolExecutor-0_0} [fcb_queue] (save_state_hook) {D:\Project\V1\FlowKit\src\FlowKitControlUint\controlunit\fcb_queue.py:83} \U0001f4be State of flow 55ec8d8e-f9d0-4b88-91a7-b61becaaa351 saved to storage
2025-10-14 22:43:25.007 ERROR {ThreadPoolExecutor-0_0} [flow_control_block] (exec_hook) {D:\Project\V1\FlowKit\src\FlowKitControlUint\controlunit\fcb\flow_control_block.py:103} Error during exec_hook for node 'node1' in flow 55ec8d8e-f9d0-4b88-91a7-b61becaaa351: An asyncio.Future, a coroutine or an awaitable is required
Traceback (most recent call last):
  File "D:\Project\V1\FlowKit\src\FlowKitControlUint\controlunit\fcb\flow_control_block.py", line 96, in exec_hook
    asyncio.run(self.save_state_hook(self.flow_id))
    ~~~~~~~~~~~^^^^^^^^^^^^^^^^^^^^^^^^^^^^^^^^^^^^
  File "D:\Project\V1\FlowKit\.conda\Lib\asyncio\runners.py", line 204, in run
    return runner.run(main)
           ~~~~~~~~~~^^^^^^
  File "D:\Project\V1\FlowKit\.conda\Lib\asyncio\runners.py", line 103, in run
    raise TypeError('An asyncio.Future, a coroutine or an '
                    'awaitable is required')
TypeError: An asyncio.Future, a coroutine or an awaitable is required
2025-10-14 22:43:55.773 INFO {MainThread} [fcb_queue] (clean_up) {D:\Project\V1\FlowKit\src\FlowKitControlUint\controlunit\fcb_queue.py:145} Cleaning up all FlowControlBlocks
2025-10-14 22:43:55.773 INFO {MainThread} [flow_control_block] (stop) {D:\Project\V1\FlowKit\src\FlowKitControlUint\controlunit\fcb\flow_control_block.py:35} FlowControlBlock 670dbfc1-653a-4f18-98d5-842df98f3eda stopping
2025-10-14 22:43:55.773 INFO {MainThread} [fcb_queue] (clean_up) {D:\Project\V1\FlowKit\src\FlowKitControlUint\controlunit\fcb_queue.py:149} \U0001f6d1 Stopped FlowControlBlock 670dbfc1-653a-4f18-98d5-842df98f3eda during cleanup
2025-10-14 22:43:55.773 INFO {MainThread} [flow_control_block] (stop) {D:\Project\V1\FlowKit\src\FlowKitControlUint\controlunit\fcb\flow_control_block.py:35} FlowControlBlock 55ec8d8e-f9d0-4b88-91a7-b61becaaa351 stopping
2025-10-14 22:43:55.773 INFO {MainThread} [fcb_queue] (clean_up) {D:\Project\V1\FlowKit\src\FlowKitControlUint\controlunit\fcb_queue.py:149} \U0001f6d1 Stopped FlowControlBlock 55ec8d8e-f9d0-4b88-91a7-b61becaaa351 during cleanup
2025-10-14 22:43:55.776 INFO {MainThread} [fcb_queue] (clean_up) {D:\Project\V1\FlowKit\src\FlowKitControlUint\controlunit\fcb_queue.py:156} \U0001f9fd Cleaned up FlowControlBlockQueue resources
2025-10-14 22:43:55.777 INFO {MainThread} [main] (lifespan) {D:\Project\V1\FlowKit\src\FlowKitControlUint\main.py:42} Cleaned up FCB_QUEUE and shutting down
