2025-10-15 00:47:30.000 INFO {MainThread} [main] (<module>) {D:\Project\V1\FlowKit\src\FlowKitControlUint\main.py:105} Starting FastAPI app at 0.0.0.0:9500
2025-10-15 00:47:30.033 INFO {MainThread} [main] (lifespan) {D:\Project\V1\FlowKit\src\FlowKitControlUint\main.py:35} Starting FlowKit Control Unit lifespan
2025-10-15 00:47:30.071 INFO {MainThread} [fcb_queue] (__init__) {D:\Project\V1\FlowKit\src\FlowKitControlUint\controlunit\fcb_queue.py:22} Initialized FlowControlBlockQueue with MongoDB connection (sync)
2025-10-15 00:47:30.071 INFO {MainThread} [fcb_queue] (recover_from_storage) {D:\Project\V1\FlowKit\src\FlowKitControlUint\controlunit\fcb_queue.py:26} Starting recovery of FlowControlBlocks from MongoDB
2025-10-15 00:47:30.117 INFO {MainThread} [flow] (__init__) {D:\Project\V1\FlowKit\src\FlowKitControlUint\controlunit\fcb\flow.py:12} Flow initialized with 2 nodes
2025-10-15 00:47:30.117 INFO {MainThread} [flow_control_block] (__init__) {D:\Project\V1\FlowKit\src\FlowKitControlUint\controlunit\fcb\flow_control_block.py:77} FlowControlBlock d4165384-d78b-4807-a596-00940d98a579 initialized in QUEUED state
2025-10-15 00:47:30.117 INFO {MainThread} [flow_control_block] (start) {D:\Project\V1\FlowKit\src\FlowKitControlUint\controlunit\fcb\flow_control_block.py:80} FlowControlBlock d4165384-d78b-4807-a596-00940d98a579 starting
2025-10-15 00:47:30.117 INFO {MainThread} [flow_control_block] (exec) {D:\Project\V1\FlowKit\src\FlowKitControlUint\controlunit\fcb\flow_control_block.py:150} Submitting next node execution for flow d4165384-d78b-4807-a596-00940d98a579
2025-10-15 00:47:30.117 INFO {ThreadPoolExecutor-0_0} [flow] (get_curr_node) {D:\Project\V1\FlowKit\src\FlowKitControlUint\controlunit\fcb\flow.py:24} Getting current node: node1
2025-10-15 00:47:30.118 INFO {ThreadPoolExecutor-0_0} [flow] (get_curr_inp) {D:\Project\V1\FlowKit\src\FlowKitControlUint\controlunit\fcb\flow.py:28} Getting current input data: {'a': 1, 'b': 2}
2025-10-15 00:47:30.118 INFO {ThreadPoolExecutor-0_0} [flow_control_block] (_run_node) {D:\Project\V1\FlowKit\src\FlowKitControlUint\controlunit\fcb\flow_control_block.py:121} Executing node 'node1' in flow d4165384-d78b-4807-a596-00940d98a579
2025-10-15 00:47:30.118 INFO {ThreadPoolExecutor-0_0} [node] (run) {D:\Project\V1\FlowKit\src\FlowKitControlUint\controlunit\fcb\node.py:55} Executing node 'node1' [runner_id=16e1dc47-f20b-407b-80b7-90c436c9d65b] with inputs: {'a': 1, 'b': 2}
2025-10-15 00:47:30.118 INFO {ThreadPoolExecutor-0_0} [node] (run) {D:\Project\V1\FlowKit\src\FlowKitControlUint\controlunit\fcb\node.py:58} Sending POST to http://127.0.0.1:8500/nodes/add-node with payload keys: ['node_name', 'code', 'inputs', 'runner_id']
2025-10-15 00:47:30.118 INFO {MainThread} [fcb_queue] (recover_from_storage) {D:\Project\V1\FlowKit\src\FlowKitControlUint\controlunit\fcb_queue.py:61} \u2705 Recovered and started FCB with id d4165384-d78b-4807-a596-00940d98a579 from storage
2025-10-15 00:47:30.118 INFO {MainThread} [flow] (__init__) {D:\Project\V1\FlowKit\src\FlowKitControlUint\controlunit\fcb\flow.py:12} Flow initialized with 2 nodes
2025-10-15 00:47:30.119 INFO {MainThread} [flow_control_block] (__init__) {D:\Project\V1\FlowKit\src\FlowKitControlUint\controlunit\fcb\flow_control_block.py:77} FlowControlBlock 8ac615c7-4262-4954-a884-d6582a4d6bc2 initialized in QUEUED state
2025-10-15 00:47:30.119 INFO {MainThread} [flow_control_block] (start) {D:\Project\V1\FlowKit\src\FlowKitControlUint\controlunit\fcb\flow_control_block.py:80} FlowControlBlock 8ac615c7-4262-4954-a884-d6582a4d6bc2 starting
2025-10-15 00:47:30.119 INFO {MainThread} [flow_control_block] (exec) {D:\Project\V1\FlowKit\src\FlowKitControlUint\controlunit\fcb\flow_control_block.py:150} Submitting next node execution for flow 8ac615c7-4262-4954-a884-d6582a4d6bc2
2025-10-15 00:47:30.119 INFO {ThreadPoolExecutor-0_1} [flow] (get_curr_node) {D:\Project\V1\FlowKit\src\FlowKitControlUint\controlunit\fcb\flow.py:24} Getting current node: node1
2025-10-15 00:47:30.119 INFO {ThreadPoolExecutor-0_1} [flow] (get_curr_inp) {D:\Project\V1\FlowKit\src\FlowKitControlUint\controlunit\fcb\flow.py:28} Getting current input data: {'a': 1, 'b': 2}
2025-10-15 00:47:30.119 INFO {ThreadPoolExecutor-0_1} [flow_control_block] (_run_node) {D:\Project\V1\FlowKit\src\FlowKitControlUint\controlunit\fcb\flow_control_block.py:121} Executing node 'node1' in flow 8ac615c7-4262-4954-a884-d6582a4d6bc2
2025-10-15 00:47:30.120 INFO {ThreadPoolExecutor-0_1} [node] (run) {D:\Project\V1\FlowKit\src\FlowKitControlUint\controlunit\fcb\node.py:55} Executing node 'node1' [runner_id=5ac78acd-5acd-4aae-b538-b6d42a4fddd7] with inputs: {'a': 1, 'b': 2}
2025-10-15 00:47:30.120 INFO {ThreadPoolExecutor-0_1} [node] (run) {D:\Project\V1\FlowKit\src\FlowKitControlUint\controlunit\fcb\node.py:58} Sending POST to http://127.0.0.1:8500/nodes/add-node with payload keys: ['node_name', 'code', 'inputs', 'runner_id']
2025-10-15 00:47:30.119 INFO {MainThread} [fcb_queue] (recover_from_storage) {D:\Project\V1\FlowKit\src\FlowKitControlUint\controlunit\fcb_queue.py:61} \u2705 Recovered and started FCB with id 8ac615c7-4262-4954-a884-d6582a4d6bc2 from storage
2025-10-15 00:47:30.120 INFO {MainThread} [flow] (__init__) {D:\Project\V1\FlowKit\src\FlowKitControlUint\controlunit\fcb\flow.py:12} Flow initialized with 2 nodes
2025-10-15 00:47:30.120 INFO {MainThread} [flow_control_block] (__init__) {D:\Project\V1\FlowKit\src\FlowKitControlUint\controlunit\fcb\flow_control_block.py:77} FlowControlBlock d51e109a-3dc2-43b3-aa2e-421772c62ea7 initialized in QUEUED state
2025-10-15 00:47:30.120 INFO {MainThread} [flow_control_block] (start) {D:\Project\V1\FlowKit\src\FlowKitControlUint\controlunit\fcb\flow_control_block.py:80} FlowControlBlock d51e109a-3dc2-43b3-aa2e-421772c62ea7 starting
2025-10-15 00:47:30.121 INFO {MainThread} [flow_control_block] (exec) {D:\Project\V1\FlowKit\src\FlowKitControlUint\controlunit\fcb\flow_control_block.py:150} Submitting next node execution for flow d51e109a-3dc2-43b3-aa2e-421772c62ea7
2025-10-15 00:47:30.121 INFO {ThreadPoolExecutor-0_2} [flow] (get_curr_node) {D:\Project\V1\FlowKit\src\FlowKitControlUint\controlunit\fcb\flow.py:24} Getting current node: node1
2025-10-15 00:47:30.121 INFO {ThreadPoolExecutor-0_2} [flow] (get_curr_inp) {D:\Project\V1\FlowKit\src\FlowKitControlUint\controlunit\fcb\flow.py:28} Getting current input data: {'a': 1, 'b': 2}
2025-10-15 00:47:30.121 INFO {ThreadPoolExecutor-0_2} [flow_control_block] (_run_node) {D:\Project\V1\FlowKit\src\FlowKitControlUint\controlunit\fcb\flow_control_block.py:121} Executing node 'node1' in flow d51e109a-3dc2-43b3-aa2e-421772c62ea7
2025-10-15 00:47:30.122 INFO {ThreadPoolExecutor-0_2} [node] (run) {D:\Project\V1\FlowKit\src\FlowKitControlUint\controlunit\fcb\node.py:55} Executing node 'node1' [runner_id=33c85e1f-eca1-4fb7-b227-9190781a831d] with inputs: {'a': 1, 'b': 2}
2025-10-15 00:47:30.122 INFO {ThreadPoolExecutor-0_2} [node] (run) {D:\Project\V1\FlowKit\src\FlowKitControlUint\controlunit\fcb\node.py:58} Sending POST to http://127.0.0.1:8500/nodes/add-node with payload keys: ['node_name', 'code', 'inputs', 'runner_id']
2025-10-15 00:47:30.122 INFO {MainThread} [fcb_queue] (recover_from_storage) {D:\Project\V1\FlowKit\src\FlowKitControlUint\controlunit\fcb_queue.py:61} \u2705 Recovered and started FCB with id d51e109a-3dc2-43b3-aa2e-421772c62ea7 from storage
2025-10-15 00:47:30.123 INFO {MainThread} [flow] (__init__) {D:\Project\V1\FlowKit\src\FlowKitControlUint\controlunit\fcb\flow.py:12} Flow initialized with 2 nodes
2025-10-15 00:47:30.123 INFO {MainThread} [flow_control_block] (__init__) {D:\Project\V1\FlowKit\src\FlowKitControlUint\controlunit\fcb\flow_control_block.py:77} FlowControlBlock 2620ca96-5be5-4fd4-a7c4-530eafb1800f initialized in QUEUED state
2025-10-15 00:47:30.123 INFO {MainThread} [flow_control_block] (start) {D:\Project\V1\FlowKit\src\FlowKitControlUint\controlunit\fcb\flow_control_block.py:80} FlowControlBlock 2620ca96-5be5-4fd4-a7c4-530eafb1800f starting
2025-10-15 00:47:30.123 INFO {MainThread} [flow_control_block] (exec) {D:\Project\V1\FlowKit\src\FlowKitControlUint\controlunit\fcb\flow_control_block.py:150} Submitting next node execution for flow 2620ca96-5be5-4fd4-a7c4-530eafb1800f
2025-10-15 00:47:30.124 INFO {ThreadPoolExecutor-0_3} [flow] (get_curr_node) {D:\Project\V1\FlowKit\src\FlowKitControlUint\controlunit\fcb\flow.py:24} Getting current node: node1
2025-10-15 00:47:30.124 INFO {ThreadPoolExecutor-0_3} [flow] (get_curr_inp) {D:\Project\V1\FlowKit\src\FlowKitControlUint\controlunit\fcb\flow.py:28} Getting current input data: {'a': 1, 'b': 2}
2025-10-15 00:47:30.124 INFO {ThreadPoolExecutor-0_3} [flow_control_block] (_run_node) {D:\Project\V1\FlowKit\src\FlowKitControlUint\controlunit\fcb\flow_control_block.py:121} Executing node 'node1' in flow 2620ca96-5be5-4fd4-a7c4-530eafb1800f
2025-10-15 00:47:30.124 INFO {ThreadPoolExecutor-0_3} [node] (run) {D:\Project\V1\FlowKit\src\FlowKitControlUint\controlunit\fcb\node.py:55} Executing node 'node1' [runner_id=a066c2ce-3083-4ee2-b19c-220a04e3cb25] with inputs: {'a': 1, 'b': 2}
2025-10-15 00:47:30.124 INFO {ThreadPoolExecutor-0_3} [node] (run) {D:\Project\V1\FlowKit\src\FlowKitControlUint\controlunit\fcb\node.py:58} Sending POST to http://127.0.0.1:8500/nodes/add-node with payload keys: ['node_name', 'code', 'inputs', 'runner_id']
2025-10-15 00:47:30.124 INFO {MainThread} [fcb_queue] (recover_from_storage) {D:\Project\V1\FlowKit\src\FlowKitControlUint\controlunit\fcb_queue.py:61} \u2705 Recovered and started FCB with id 2620ca96-5be5-4fd4-a7c4-530eafb1800f from storage
2025-10-15 00:47:30.124 INFO {MainThread} [flow] (__init__) {D:\Project\V1\FlowKit\src\FlowKitControlUint\controlunit\fcb\flow.py:12} Flow initialized with 2 nodes
2025-10-15 00:47:30.125 INFO {MainThread} [flow_control_block] (__init__) {D:\Project\V1\FlowKit\src\FlowKitControlUint\controlunit\fcb\flow_control_block.py:77} FlowControlBlock f0a81126-5fe9-4d55-a428-c5c96581c81f initialized in QUEUED state
2025-10-15 00:47:30.125 INFO {MainThread} [flow_control_block] (start) {D:\Project\V1\FlowKit\src\FlowKitControlUint\controlunit\fcb\flow_control_block.py:80} FlowControlBlock f0a81126-5fe9-4d55-a428-c5c96581c81f starting
2025-10-15 00:47:30.125 INFO {MainThread} [flow_control_block] (exec) {D:\Project\V1\FlowKit\src\FlowKitControlUint\controlunit\fcb\flow_control_block.py:150} Submitting next node execution for flow f0a81126-5fe9-4d55-a428-c5c96581c81f
2025-10-15 00:47:30.125 INFO {ThreadPoolExecutor-0_4} [flow] (get_curr_node) {D:\Project\V1\FlowKit\src\FlowKitControlUint\controlunit\fcb\flow.py:24} Getting current node: node1
2025-10-15 00:47:30.125 INFO {ThreadPoolExecutor-0_4} [flow] (get_curr_inp) {D:\Project\V1\FlowKit\src\FlowKitControlUint\controlunit\fcb\flow.py:28} Getting current input data: {'a': 1, 'b': 2}
2025-10-15 00:47:30.125 INFO {ThreadPoolExecutor-0_4} [flow_control_block] (_run_node) {D:\Project\V1\FlowKit\src\FlowKitControlUint\controlunit\fcb\flow_control_block.py:121} Executing node 'node1' in flow f0a81126-5fe9-4d55-a428-c5c96581c81f
2025-10-15 00:47:30.125 INFO {ThreadPoolExecutor-0_4} [node] (run) {D:\Project\V1\FlowKit\src\FlowKitControlUint\controlunit\fcb\node.py:55} Executing node 'node1' [runner_id=a9c94e08-017b-4808-a918-9bbc99666094] with inputs: {'a': 1, 'b': 2}
2025-10-15 00:47:30.125 INFO {ThreadPoolExecutor-0_4} [node] (run) {D:\Project\V1\FlowKit\src\FlowKitControlUint\controlunit\fcb\node.py:58} Sending POST to http://127.0.0.1:8500/nodes/add-node with payload keys: ['node_name', 'code', 'inputs', 'runner_id']
2025-10-15 00:47:30.125 INFO {MainThread} [fcb_queue] (recover_from_storage) {D:\Project\V1\FlowKit\src\FlowKitControlUint\controlunit\fcb_queue.py:61} \u2705 Recovered and started FCB with id f0a81126-5fe9-4d55-a428-c5c96581c81f from storage
2025-10-15 00:47:30.126 INFO {MainThread} [flow] (__init__) {D:\Project\V1\FlowKit\src\FlowKitControlUint\controlunit\fcb\flow.py:12} Flow initialized with 2 nodes
2025-10-15 00:47:30.126 INFO {MainThread} [flow_control_block] (__init__) {D:\Project\V1\FlowKit\src\FlowKitControlUint\controlunit\fcb\flow_control_block.py:77} FlowControlBlock cd452f43-b397-4a73-ad1f-30e1e1b060e5 initialized in QUEUED state
2025-10-15 00:47:30.126 INFO {MainThread} [flow_control_block] (start) {D:\Project\V1\FlowKit\src\FlowKitControlUint\controlunit\fcb\flow_control_block.py:80} FlowControlBlock cd452f43-b397-4a73-ad1f-30e1e1b060e5 starting
2025-10-15 00:47:30.126 INFO {MainThread} [flow_control_block] (exec) {D:\Project\V1\FlowKit\src\FlowKitControlUint\controlunit\fcb\flow_control_block.py:150} Submitting next node execution for flow cd452f43-b397-4a73-ad1f-30e1e1b060e5
2025-10-15 00:47:30.127 INFO {ThreadPoolExecutor-0_5} [flow] (get_curr_node) {D:\Project\V1\FlowKit\src\FlowKitControlUint\controlunit\fcb\flow.py:24} Getting current node: node1
2025-10-15 00:47:30.127 INFO {ThreadPoolExecutor-0_5} [flow] (get_curr_inp) {D:\Project\V1\FlowKit\src\FlowKitControlUint\controlunit\fcb\flow.py:28} Getting current input data: {'a': 1, 'b': 2}
2025-10-15 00:47:30.127 INFO {ThreadPoolExecutor-0_5} [flow_control_block] (_run_node) {D:\Project\V1\FlowKit\src\FlowKitControlUint\controlunit\fcb\flow_control_block.py:121} Executing node 'node1' in flow cd452f43-b397-4a73-ad1f-30e1e1b060e5
2025-10-15 00:47:30.127 INFO {ThreadPoolExecutor-0_5} [node] (run) {D:\Project\V1\FlowKit\src\FlowKitControlUint\controlunit\fcb\node.py:55} Executing node 'node1' [runner_id=edaeb938-15b8-44b9-9704-e028f1964fd9] with inputs: {'a': 1, 'b': 2}
2025-10-15 00:47:30.127 INFO {ThreadPoolExecutor-0_5} [node] (run) {D:\Project\V1\FlowKit\src\FlowKitControlUint\controlunit\fcb\node.py:58} Sending POST to http://127.0.0.1:8500/nodes/add-node with payload keys: ['node_name', 'code', 'inputs', 'runner_id']
2025-10-15 00:47:30.127 INFO {MainThread} [fcb_queue] (recover_from_storage) {D:\Project\V1\FlowKit\src\FlowKitControlUint\controlunit\fcb_queue.py:61} \u2705 Recovered and started FCB with id cd452f43-b397-4a73-ad1f-30e1e1b060e5 from storage
2025-10-15 00:47:30.128 INFO {MainThread} [main] (lifespan) {D:\Project\V1\FlowKit\src\FlowKitControlUint\main.py:39} Recovered FCB_QUEUE from storage
2025-10-15 00:47:33.549 INFO {ThreadPoolExecutor-0_3} [_client] (_send_single_request) {D:\Project\V1\FlowKit\.conda\Lib\site-packages\httpx\_client.py:1025} HTTP Request: POST http://127.0.0.1:8500/nodes/add-node "HTTP/1.1 200 OK"
2025-10-15 00:47:33.550 INFO {ThreadPoolExecutor-0_3} [node] (run) {D:\Project\V1\FlowKit\src\FlowKitControlUint\controlunit\fcb\node.py:63} Response from runner received for node 'node1': {'node_name': 'node1', 'runner_id': 'a066c2ce-3083-4ee2-b19c-220a04e3cb25', 'code_base64': 'ZnJvbSBmbG93a2l0Lm5vZGUgaW1wb3J0IE5vZGUKZnJvbSBmbG93a2l0LmxvZyBpbXBvcnQgTG9nZ2VyCgpub2RlID0gTm9kZSgpCmxvZ2dlciA9IExvZ2dlcihub2RlKQoKYXN5bmMgZGVmIG1haW4oKToKICAgICMgbm9kZXMsIG91dHB1dCwgbWVzc2FnZQogICAgaW5wdXRzID0gbm9kZS5nZXRfaW5wdXRzKCkKICAgIHJldCA9IGlucHV0c1siYSJdICsgaW5wdXRzWyJiIl0KICAgIHJldHVybiBbXSwgeyJvdXQiOiByZXR9LCAicnVuIHN1Y2Nlc3NmdWxseSIKCm5vZGUucmVnaXN0ZXJfbWFpbihtYWluKQpub2RlLnJ1bigp', 'status': 'DONE', 'inputs': {'a': 1, 'b': 2}, 'logs': [], 'outputs': {'nodes': [], 'outputs': {'out': 3}, 'status': 'DONE', 'message': 'run successfully'}}
2025-10-15 00:47:33.550 INFO {ThreadPoolExecutor-0_3} [node] (run) {D:\Project\V1\FlowKit\src\FlowKitControlUint\controlunit\fcb\node.py:67} Node 'node1' execution completed successfully [runner_id=a066c2ce-3083-4ee2-b19c-220a04e3cb25]
2025-10-15 00:47:33.550 INFO {ThreadPoolExecutor-0_3} [flow_control_block] (_run_node) {D:\Project\V1\FlowKit\src\FlowKitControlUint\controlunit\fcb\flow_control_block.py:124} Node 'node1' executed with status 'success' in flow 2620ca96-5be5-4fd4-a7c4-530eafb1800f
2025-10-15 00:47:33.551 INFO {ThreadPoolExecutor-0_3} [flow_control_block] (_run_node) {D:\Project\V1\FlowKit\src\FlowKitControlUint\controlunit\fcb\flow_control_block.py:125} Node 'node1' outputs: {'out': 3}
2025-10-15 00:47:33.551 INFO {ThreadPoolExecutor-0_3} [flow_control_block] (exec_hook) {D:\Project\V1\FlowKit\src\FlowKitControlUint\controlunit\fcb\flow_control_block.py:154} Processing exec_hook for node 'node1' in flow 2620ca96-5be5-4fd4-a7c4-530eafb1800f
2025-10-15 00:47:33.551 INFO {ThreadPoolExecutor-0_3} [flow_control_block] (exec_hook) {D:\Project\V1\FlowKit\src\FlowKitControlUint\controlunit\fcb\flow_control_block.py:165} No more nodes to execute in flow 2620ca96-5be5-4fd4-a7c4-530eafb1800f, stopping
2025-10-15 00:47:33.551 INFO {ThreadPoolExecutor-0_3} [flow_control_block] (stop) {D:\Project\V1\FlowKit\src\FlowKitControlUint\controlunit\fcb\flow_control_block.py:85} FlowControlBlock 2620ca96-5be5-4fd4-a7c4-530eafb1800f stopping
2025-10-15 00:47:33.637 INFO {ThreadPoolExecutor-0_2} [_client] (_send_single_request) {D:\Project\V1\FlowKit\.conda\Lib\site-packages\httpx\_client.py:1025} HTTP Request: POST http://127.0.0.1:8500/nodes/add-node "HTTP/1.1 200 OK"
2025-10-15 00:47:33.638 INFO {ThreadPoolExecutor-0_2} [node] (run) {D:\Project\V1\FlowKit\src\FlowKitControlUint\controlunit\fcb\node.py:63} Response from runner received for node 'node1': {'node_name': 'node1', 'runner_id': '33c85e1f-eca1-4fb7-b227-9190781a831d', 'code_base64': 'ZnJvbSBmbG93a2l0Lm5vZGUgaW1wb3J0IE5vZGUKZnJvbSBmbG93a2l0LmxvZyBpbXBvcnQgTG9nZ2VyCgpub2RlID0gTm9kZSgpCmxvZ2dlciA9IExvZ2dlcihub2RlKQoKYXN5bmMgZGVmIG1haW4oKToKICAgICMgbm9kZXMsIG91dHB1dCwgbWVzc2FnZQogICAgaW5wdXRzID0gbm9kZS5nZXRfaW5wdXRzKCkKICAgIHJldCA9IGlucHV0c1siYSJdICsgaW5wdXRzWyJiIl0KICAgIHJldHVybiBbXSwgeyJvdXQiOiByZXR9LCAicnVuIHN1Y2Nlc3NmdWxseSIKCm5vZGUucmVnaXN0ZXJfbWFpbihtYWluKQpub2RlLnJ1bigpCg==', 'status': 'DONE', 'inputs': {'a': 1, 'b': 2}, 'logs': [], 'outputs': {'nodes': [], 'outputs': {'out': 3}, 'status': 'DONE', 'message': 'run successfully'}}
2025-10-15 00:47:33.638 INFO {ThreadPoolExecutor-0_2} [node] (run) {D:\Project\V1\FlowKit\src\FlowKitControlUint\controlunit\fcb\node.py:67} Node 'node1' execution completed successfully [runner_id=33c85e1f-eca1-4fb7-b227-9190781a831d]
2025-10-15 00:47:33.638 INFO {ThreadPoolExecutor-0_2} [flow_control_block] (_run_node) {D:\Project\V1\FlowKit\src\FlowKitControlUint\controlunit\fcb\flow_control_block.py:124} Node 'node1' executed with status 'success' in flow d51e109a-3dc2-43b3-aa2e-421772c62ea7
2025-10-15 00:47:33.638 INFO {ThreadPoolExecutor-0_2} [flow_control_block] (_run_node) {D:\Project\V1\FlowKit\src\FlowKitControlUint\controlunit\fcb\flow_control_block.py:125} Node 'node1' outputs: {'out': 3}
2025-10-15 00:47:33.638 INFO {ThreadPoolExecutor-0_2} [flow_control_block] (exec_hook) {D:\Project\V1\FlowKit\src\FlowKitControlUint\controlunit\fcb\flow_control_block.py:154} Processing exec_hook for node 'node1' in flow d51e109a-3dc2-43b3-aa2e-421772c62ea7
2025-10-15 00:47:33.638 INFO {ThreadPoolExecutor-0_2} [flow_control_block] (exec_hook) {D:\Project\V1\FlowKit\src\FlowKitControlUint\controlunit\fcb\flow_control_block.py:165} No more nodes to execute in flow d51e109a-3dc2-43b3-aa2e-421772c62ea7, stopping
2025-10-15 00:47:33.638 INFO {ThreadPoolExecutor-0_2} [flow_control_block] (stop) {D:\Project\V1\FlowKit\src\FlowKitControlUint\controlunit\fcb\flow_control_block.py:85} FlowControlBlock d51e109a-3dc2-43b3-aa2e-421772c62ea7 stopping
2025-10-15 00:47:33.639 INFO {ThreadPoolExecutor-0_4} [_client] (_send_single_request) {D:\Project\V1\FlowKit\.conda\Lib\site-packages\httpx\_client.py:1025} HTTP Request: POST http://127.0.0.1:8500/nodes/add-node "HTTP/1.1 200 OK"
2025-10-15 00:47:33.643 INFO {ThreadPoolExecutor-0_4} [node] (run) {D:\Project\V1\FlowKit\src\FlowKitControlUint\controlunit\fcb\node.py:63} Response from runner received for node 'node1': {'node_name': 'node1', 'runner_id': 'a9c94e08-017b-4808-a918-9bbc99666094', 'code_base64': 'ZnJvbSBmbG93a2l0Lm5vZGUgaW1wb3J0IE5vZGUKZnJvbSBmbG93a2l0LmxvZyBpbXBvcnQgTG9nZ2VyCgpub2RlID0gTm9kZSgpCmxvZ2dlciA9IExvZ2dlcihub2RlKQoKYXN5bmMgZGVmIG1haW4oKToKICAgICMgbm9kZXMsIG91dHB1dCwgbWVzc2FnZQogICAgaW5wdXRzID0gbm9kZS5nZXRfaW5wdXRzKCkKICAgIHJldCA9IGlucHV0c1siYSJdICsgaW5wdXRzWyJiIl0KICAgIHJldHVybiBbXSwgeyJvdXQiOiByZXR9LCAicnVuIHN1Y2Nlc3NmdWxseSIKCm5vZGUucmVnaXN0ZXJfbWFpbihtYWluKQpub2RlLnJ1bigp', 'status': 'DONE', 'inputs': {'a': 1, 'b': 2}, 'logs': [], 'outputs': {'nodes': [], 'outputs': {'out': 3}, 'status': 'DONE', 'message': 'run successfully'}}
2025-10-15 00:47:33.643 INFO {ThreadPoolExecutor-0_4} [node] (run) {D:\Project\V1\FlowKit\src\FlowKitControlUint\controlunit\fcb\node.py:67} Node 'node1' execution completed successfully [runner_id=a9c94e08-017b-4808-a918-9bbc99666094]
2025-10-15 00:47:33.643 INFO {ThreadPoolExecutor-0_4} [flow_control_block] (_run_node) {D:\Project\V1\FlowKit\src\FlowKitControlUint\controlunit\fcb\flow_control_block.py:124} Node 'node1' executed with status 'success' in flow f0a81126-5fe9-4d55-a428-c5c96581c81f
2025-10-15 00:47:33.643 INFO {ThreadPoolExecutor-0_4} [flow_control_block] (_run_node) {D:\Project\V1\FlowKit\src\FlowKitControlUint\controlunit\fcb\flow_control_block.py:125} Node 'node1' outputs: {'out': 3}
2025-10-15 00:47:33.643 INFO {ThreadPoolExecutor-0_4} [flow_control_block] (exec_hook) {D:\Project\V1\FlowKit\src\FlowKitControlUint\controlunit\fcb\flow_control_block.py:154} Processing exec_hook for node 'node1' in flow f0a81126-5fe9-4d55-a428-c5c96581c81f
2025-10-15 00:47:33.643 INFO {ThreadPoolExecutor-0_4} [flow_control_block] (exec_hook) {D:\Project\V1\FlowKit\src\FlowKitControlUint\controlunit\fcb\flow_control_block.py:165} No more nodes to execute in flow f0a81126-5fe9-4d55-a428-c5c96581c81f, stopping
2025-10-15 00:47:33.643 INFO {ThreadPoolExecutor-0_4} [flow_control_block] (stop) {D:\Project\V1\FlowKit\src\FlowKitControlUint\controlunit\fcb\flow_control_block.py:85} FlowControlBlock f0a81126-5fe9-4d55-a428-c5c96581c81f stopping
2025-10-15 00:47:33.724 INFO {ThreadPoolExecutor-0_0} [_client] (_send_single_request) {D:\Project\V1\FlowKit\.conda\Lib\site-packages\httpx\_client.py:1025} HTTP Request: POST http://127.0.0.1:8500/nodes/add-node "HTTP/1.1 200 OK"
2025-10-15 00:47:33.725 INFO {ThreadPoolExecutor-0_0} [node] (run) {D:\Project\V1\FlowKit\src\FlowKitControlUint\controlunit\fcb\node.py:63} Response from runner received for node 'node1': {'node_name': 'node1', 'runner_id': '16e1dc47-f20b-407b-80b7-90c436c9d65b', 'code_base64': 'ZnJvbSBmbG93a2l0Lm5vZGUgaW1wb3J0IE5vZGUKZnJvbSBmbG93a2l0LmxvZyBpbXBvcnQgTG9nZ2VyCgpub2RlID0gTm9kZSgpCmxvZ2dlciA9IExvZ2dlcihub2RlKQoKYXN5bmMgZGVmIG1haW4oKToKICAgICMgbm9kZXMsIG91dHB1dCwgbWVzc2FnZQogICAgaW5wdXRzID0gbm9kZS5nZXRfaW5wdXRzKCkKICAgIHJldCA9IGlucHV0c1siYSJdICsgaW5wdXRzWyJiIl0KICAgIHJldHVybiBbXSwgeyJvdXQiOiByZXR9LCAicnVuIHN1Y2Nlc3NmdWxseSIKCm5vZGUucmVnaXN0ZXJfbWFpbihtYWluKQpub2RlLnJ1bigpCg==', 'status': 'DONE', 'inputs': {'a': 1, 'b': 2}, 'logs': [], 'outputs': {'nodes': [], 'outputs': {'out': 3}, 'status': 'DONE', 'message': 'run successfully'}}
2025-10-15 00:47:33.725 INFO {ThreadPoolExecutor-0_0} [node] (run) {D:\Project\V1\FlowKit\src\FlowKitControlUint\controlunit\fcb\node.py:67} Node 'node1' execution completed successfully [runner_id=16e1dc47-f20b-407b-80b7-90c436c9d65b]
2025-10-15 00:47:33.725 INFO {ThreadPoolExecutor-0_0} [flow_control_block] (_run_node) {D:\Project\V1\FlowKit\src\FlowKitControlUint\controlunit\fcb\flow_control_block.py:124} Node 'node1' executed with status 'success' in flow d4165384-d78b-4807-a596-00940d98a579
2025-10-15 00:47:33.725 INFO {ThreadPoolExecutor-0_0} [flow_control_block] (_run_node) {D:\Project\V1\FlowKit\src\FlowKitControlUint\controlunit\fcb\flow_control_block.py:125} Node 'node1' outputs: {'out': 3}
2025-10-15 00:47:33.725 INFO {ThreadPoolExecutor-0_0} [flow_control_block] (exec_hook) {D:\Project\V1\FlowKit\src\FlowKitControlUint\controlunit\fcb\flow_control_block.py:154} Processing exec_hook for node 'node1' in flow d4165384-d78b-4807-a596-00940d98a579
2025-10-15 00:47:33.725 INFO {ThreadPoolExecutor-0_0} [flow_control_block] (exec_hook) {D:\Project\V1\FlowKit\src\FlowKitControlUint\controlunit\fcb\flow_control_block.py:165} No more nodes to execute in flow d4165384-d78b-4807-a596-00940d98a579, stopping
2025-10-15 00:47:33.725 INFO {ThreadPoolExecutor-0_0} [flow_control_block] (stop) {D:\Project\V1\FlowKit\src\FlowKitControlUint\controlunit\fcb\flow_control_block.py:85} FlowControlBlock d4165384-d78b-4807-a596-00940d98a579 stopping
2025-10-15 00:47:35.330 INFO {ThreadPoolExecutor-0_1} [_client] (_send_single_request) {D:\Project\V1\FlowKit\.conda\Lib\site-packages\httpx\_client.py:1025} HTTP Request: POST http://127.0.0.1:8500/nodes/add-node "HTTP/1.1 200 OK"
2025-10-15 00:47:35.332 INFO {ThreadPoolExecutor-0_5} [_client] (_send_single_request) {D:\Project\V1\FlowKit\.conda\Lib\site-packages\httpx\_client.py:1025} HTTP Request: POST http://127.0.0.1:8500/nodes/add-node "HTTP/1.1 200 OK"
2025-10-15 00:47:35.332 INFO {ThreadPoolExecutor-0_1} [node] (run) {D:\Project\V1\FlowKit\src\FlowKitControlUint\controlunit\fcb\node.py:63} Response from runner received for node 'node1': {'node_name': 'node1', 'runner_id': '5ac78acd-5acd-4aae-b538-b6d42a4fddd7', 'code_base64': 'ZnJvbSBmbG93a2l0Lm5vZGUgaW1wb3J0IE5vZGUKZnJvbSBmbG93a2l0LmxvZyBpbXBvcnQgTG9nZ2VyCgpub2RlID0gTm9kZSgpCmxvZ2dlciA9IExvZ2dlcihub2RlKQoKYXN5bmMgZGVmIG1haW4oKToKICAgICMgbm9kZXMsIG91dHB1dCwgbWVzc2FnZQogICAgaW5wdXRzID0gbm9kZS5nZXRfaW5wdXRzKCkKICAgIHJldCA9IGlucHV0c1siYSJdICsgaW5wdXRzWyJiIl0KICAgIHJldHVybiBbXSwgeyJvdXQiOiByZXR9LCAicnVuIHN1Y2Nlc3NmdWxseSIKCm5vZGUucmVnaXN0ZXJfbWFpbihtYWluKQpub2RlLnJ1bigpCg==', 'status': 'DONE', 'inputs': {'a': 1, 'b': 2}, 'logs': [], 'outputs': {'nodes': [], 'outputs': {'out': 3}, 'status': 'DONE', 'message': 'run successfully'}}
2025-10-15 00:47:35.333 INFO {ThreadPoolExecutor-0_1} [node] (run) {D:\Project\V1\FlowKit\src\FlowKitControlUint\controlunit\fcb\node.py:67} Node 'node1' execution completed successfully [runner_id=5ac78acd-5acd-4aae-b538-b6d42a4fddd7]
2025-10-15 00:47:35.333 INFO {ThreadPoolExecutor-0_1} [flow_control_block] (_run_node) {D:\Project\V1\FlowKit\src\FlowKitControlUint\controlunit\fcb\flow_control_block.py:124} Node 'node1' executed with status 'success' in flow 8ac615c7-4262-4954-a884-d6582a4d6bc2
2025-10-15 00:47:35.333 INFO {ThreadPoolExecutor-0_1} [flow_control_block] (_run_node) {D:\Project\V1\FlowKit\src\FlowKitControlUint\controlunit\fcb\flow_control_block.py:125} Node 'node1' outputs: {'out': 3}
2025-10-15 00:47:35.333 INFO {ThreadPoolExecutor-0_1} [flow_control_block] (exec_hook) {D:\Project\V1\FlowKit\src\FlowKitControlUint\controlunit\fcb\flow_control_block.py:154} Processing exec_hook for node 'node1' in flow 8ac615c7-4262-4954-a884-d6582a4d6bc2
2025-10-15 00:47:35.333 INFO {ThreadPoolExecutor-0_1} [flow_control_block] (exec_hook) {D:\Project\V1\FlowKit\src\FlowKitControlUint\controlunit\fcb\flow_control_block.py:165} No more nodes to execute in flow 8ac615c7-4262-4954-a884-d6582a4d6bc2, stopping
2025-10-15 00:47:35.333 INFO {ThreadPoolExecutor-0_1} [flow_control_block] (stop) {D:\Project\V1\FlowKit\src\FlowKitControlUint\controlunit\fcb\flow_control_block.py:85} FlowControlBlock 8ac615c7-4262-4954-a884-d6582a4d6bc2 stopping
2025-10-15 00:47:35.333 INFO {ThreadPoolExecutor-0_5} [node] (run) {D:\Project\V1\FlowKit\src\FlowKitControlUint\controlunit\fcb\node.py:63} Response from runner received for node 'node1': {'node_name': 'node1', 'runner_id': 'edaeb938-15b8-44b9-9704-e028f1964fd9', 'code_base64': 'ZnJvbSBmbG93a2l0Lm5vZGUgaW1wb3J0IE5vZGUKZnJvbSBmbG93a2l0LmxvZyBpbXBvcnQgTG9nZ2VyCgpub2RlID0gTm9kZSgpCmxvZ2dlciA9IExvZ2dlcihub2RlKQoKYXN5bmMgZGVmIG1haW4oKToKICAgICMgbm9kZXMsIG91dHB1dCwgbWVzc2FnZQogICAgaW5wdXRzID0gbm9kZS5nZXRfaW5wdXRzKCkKICAgIHJldCA9IGlucHV0c1siYSJdICsgaW5wdXRzWyJiIl0KICAgIHJldHVybiBbXSwgeyJvdXQiOiByZXR9LCAicnVuIHN1Y2Nlc3NmdWxseSIKCm5vZGUucmVnaXN0ZXJfbWFpbihtYWluKQpub2RlLnJ1bigp', 'status': 'DONE', 'inputs': {'a': 1, 'b': 2}, 'logs': [], 'outputs': {'nodes': [], 'outputs': {'out': 3}, 'status': 'DONE', 'message': 'run successfully'}}
2025-10-15 00:47:35.334 INFO {ThreadPoolExecutor-0_5} [node] (run) {D:\Project\V1\FlowKit\src\FlowKitControlUint\controlunit\fcb\node.py:67} Node 'node1' execution completed successfully [runner_id=edaeb938-15b8-44b9-9704-e028f1964fd9]
2025-10-15 00:47:35.334 INFO {ThreadPoolExecutor-0_5} [flow_control_block] (_run_node) {D:\Project\V1\FlowKit\src\FlowKitControlUint\controlunit\fcb\flow_control_block.py:124} Node 'node1' executed with status 'success' in flow cd452f43-b397-4a73-ad1f-30e1e1b060e5
2025-10-15 00:47:35.334 INFO {ThreadPoolExecutor-0_5} [flow_control_block] (_run_node) {D:\Project\V1\FlowKit\src\FlowKitControlUint\controlunit\fcb\flow_control_block.py:125} Node 'node1' outputs: {'out': 3}
2025-10-15 00:47:35.334 INFO {ThreadPoolExecutor-0_5} [flow_control_block] (exec_hook) {D:\Project\V1\FlowKit\src\FlowKitControlUint\controlunit\fcb\flow_control_block.py:154} Processing exec_hook for node 'node1' in flow cd452f43-b397-4a73-ad1f-30e1e1b060e5
2025-10-15 00:47:35.335 INFO {ThreadPoolExecutor-0_5} [flow_control_block] (exec_hook) {D:\Project\V1\FlowKit\src\FlowKitControlUint\controlunit\fcb\flow_control_block.py:165} No more nodes to execute in flow cd452f43-b397-4a73-ad1f-30e1e1b060e5, stopping
2025-10-15 00:47:35.335 INFO {ThreadPoolExecutor-0_5} [flow_control_block] (stop) {D:\Project\V1\FlowKit\src\FlowKitControlUint\controlunit\fcb\flow_control_block.py:85} FlowControlBlock cd452f43-b397-4a73-ad1f-30e1e1b060e5 stopping
2025-10-15 00:47:43.144 INFO {MainThread} [main] (log_requests) {D:\Project\V1\FlowKit\src\FlowKitControlUint\main.py:48} Incoming request: POST http://127.0.0.1:9500/fcb/add
2025-10-15 00:47:43.148 INFO {MainThread} [main] (add_fcb) {D:\Project\V1\FlowKit\src\FlowKitControlUint\main.py:60} Add FCB request received with nodes: ['start', 'node1']
2025-10-15 00:47:43.148 INFO {MainThread} [flow] (__init__) {D:\Project\V1\FlowKit\src\FlowKitControlUint\controlunit\fcb\flow.py:12} Flow initialized with 2 nodes
2025-10-15 00:47:43.149 INFO {MainThread} [flow_control_block] (__init__) {D:\Project\V1\FlowKit\src\FlowKitControlUint\controlunit\fcb\flow_control_block.py:77} FlowControlBlock 0268389f-2cb7-40f9-a924-acab434d2abc initialized in QUEUED state
2025-10-15 00:47:43.149 INFO {MainThread} [fcb_queue] (add_fcb) {D:\Project\V1\FlowKit\src\FlowKitControlUint\controlunit\fcb_queue.py:109} \u2795 Added new FlowControlBlock with id 0268389f-2cb7-40f9-a924-acab434d2abc
2025-10-15 00:47:43.150 INFO {MainThread} [flow_control_block] (start) {D:\Project\V1\FlowKit\src\FlowKitControlUint\controlunit\fcb\flow_control_block.py:80} FlowControlBlock 0268389f-2cb7-40f9-a924-acab434d2abc starting
2025-10-15 00:47:43.150 INFO {MainThread} [flow_control_block] (exec) {D:\Project\V1\FlowKit\src\FlowKitControlUint\controlunit\fcb\flow_control_block.py:150} Submitting next node execution for flow 0268389f-2cb7-40f9-a924-acab434d2abc
2025-10-15 00:47:43.150 INFO {MainThread} [fcb_queue] (start_fcb) {D:\Project\V1\FlowKit\src\FlowKitControlUint\controlunit\fcb_queue.py:117} \u25b6\ufe0f Started FlowControlBlock 0268389f-2cb7-40f9-a924-acab434d2abc
2025-10-15 00:47:43.151 INFO {MainThread} [main] (add_fcb) {D:\Project\V1\FlowKit\src\FlowKitControlUint\main.py:70} Flow Control Block added successfully with ID: 0268389f-2cb7-40f9-a924-acab434d2abc
2025-10-15 00:47:43.152 INFO {MainThread} [main] (log_requests) {D:\Project\V1\FlowKit\src\FlowKitControlUint\main.py:50} Response status: 200 for POST http://127.0.0.1:9500/fcb/add
2025-10-15 00:47:43.151 INFO {ThreadPoolExecutor-0_3} [flow] (get_curr_node) {D:\Project\V1\FlowKit\src\FlowKitControlUint\controlunit\fcb\flow.py:24} Getting current node: start
2025-10-15 00:47:43.153 INFO {ThreadPoolExecutor-0_3} [flow] (get_curr_inp) {D:\Project\V1\FlowKit\src\FlowKitControlUint\controlunit\fcb\flow.py:28} Getting current input data: {}
2025-10-15 00:47:43.154 INFO {ThreadPoolExecutor-0_3} [flow_control_block] (_run_node) {D:\Project\V1\FlowKit\src\FlowKitControlUint\controlunit\fcb\flow_control_block.py:121} Executing node 'start' in flow 0268389f-2cb7-40f9-a924-acab434d2abc
2025-10-15 00:47:43.155 INFO {ThreadPoolExecutor-0_3} [node] (run) {D:\Project\V1\FlowKit\src\FlowKitControlUint\controlunit\fcb\node.py:55} Executing node 'start' [runner_id=49065f5a-e943-436c-8246-ed5320e1151c] with inputs: {}
2025-10-15 00:47:43.156 INFO {ThreadPoolExecutor-0_3} [node] (run) {D:\Project\V1\FlowKit\src\FlowKitControlUint\controlunit\fcb\node.py:58} Sending POST to http://127.0.0.1:8500/nodes/add-node with payload keys: ['node_name', 'code', 'inputs', 'runner_id']
2025-10-15 00:47:45.745 INFO {ThreadPoolExecutor-0_3} [_client] (_send_single_request) {D:\Project\V1\FlowKit\.conda\Lib\site-packages\httpx\_client.py:1025} HTTP Request: POST http://127.0.0.1:8500/nodes/add-node "HTTP/1.1 200 OK"
2025-10-15 00:47:45.747 INFO {ThreadPoolExecutor-0_3} [node] (run) {D:\Project\V1\FlowKit\src\FlowKitControlUint\controlunit\fcb\node.py:63} Response from runner received for node 'start': {'node_name': 'start', 'runner_id': '49065f5a-e943-436c-8246-ed5320e1151c', 'code_base64': 'ZnJvbSBmbG93a2l0Lm5vZGUgaW1wb3J0IE5vZGUKZnJvbSBmbG93a2l0LmxvZyBpbXBvcnQgTG9nZ2VyCgpub2RlID0gTm9kZSgpCmxvZ2dlciA9IExvZ2dlcihub2RlKQoKYXN5bmMgZGVmIG1haW4oKToKICAgICMgbm9kZXMsIG91dHB1dCwgbWVzc2FnZQogICAgaW5wdXRzID0gbm9kZS5nZXRfaW5wdXRzKCkKICAgIHJldHVybiBbIm5vZGUxIl0sIHsiYSI6MSwgImIiOjJ9LCAicnVuIHN1Y2Nlc3NmdWxseSIKCm5vZGUucmVnaXN0ZXJfbWFpbihtYWluKQpub2RlLnJ1bigp', 'status': 'DONE', 'inputs': {}, 'logs': [], 'outputs': {'nodes': ['node1'], 'outputs': {'a': 1, 'b': 2}, 'status': 'DONE', 'message': 'run successfully'}}
2025-10-15 00:47:45.747 INFO {ThreadPoolExecutor-0_3} [node] (run) {D:\Project\V1\FlowKit\src\FlowKitControlUint\controlunit\fcb\node.py:67} Node 'start' execution completed successfully [runner_id=49065f5a-e943-436c-8246-ed5320e1151c]
2025-10-15 00:47:45.747 INFO {ThreadPoolExecutor-0_3} [flow_control_block] (_run_node) {D:\Project\V1\FlowKit\src\FlowKitControlUint\controlunit\fcb\flow_control_block.py:124} Node 'start' executed with status 'success' in flow 0268389f-2cb7-40f9-a924-acab434d2abc
2025-10-15 00:47:45.747 INFO {ThreadPoolExecutor-0_3} [flow_control_block] (_run_node) {D:\Project\V1\FlowKit\src\FlowKitControlUint\controlunit\fcb\flow_control_block.py:125} Node 'start' outputs: {'a': 1, 'b': 2}
2025-10-15 00:47:45.748 INFO {ThreadPoolExecutor-0_3} [flow_control_block] (exec_hook) {D:\Project\V1\FlowKit\src\FlowKitControlUint\controlunit\fcb\flow_control_block.py:154} Processing exec_hook for node 'start' in flow 0268389f-2cb7-40f9-a924-acab434d2abc
2025-10-15 00:47:45.748 INFO {ThreadPoolExecutor-0_3} [flow_control_block] (exec_hook) {D:\Project\V1\FlowKit\src\FlowKitControlUint\controlunit\fcb\flow_control_block.py:160} Queued node 'node1' with inputs: {'a': 1, 'b': 2}
2025-10-15 00:47:45.748 INFO {ThreadPoolExecutor-0_3} [flow_control_block] (exec_hook) {D:\Project\V1\FlowKit\src\FlowKitControlUint\controlunit\fcb\flow_control_block.py:170} Setting pointer to node 'node1' with inputs: {'a': 1, 'b': 2}
2025-10-15 00:47:45.748 INFO {ThreadPoolExecutor-0_3} [flow] (set_pointer) {D:\Project\V1\FlowKit\src\FlowKitControlUint\controlunit\fcb\flow.py:18} Pointer set to node 'node1' with input: {'a': 1, 'b': 2}
2025-10-15 00:47:45.748 INFO {ThreadPoolExecutor-0_3} [flow_control_block] (exec_hook) {D:\Project\V1\FlowKit\src\FlowKitControlUint\controlunit\fcb\flow_control_block.py:173} Saving state for flow 0268389f-2cb7-40f9-a924-acab434d2abc
2025-10-15 00:47:45.749 INFO {ThreadPoolExecutor-0_3} [flow] (to_dict) {D:\Project\V1\FlowKit\src\FlowKitControlUint\controlunit\fcb\flow.py:37} Serialized flow to dict with 2 nodes
2025-10-15 00:47:45.757 INFO {ThreadPoolExecutor-0_3} [fcb_queue] (save_state_hook) {D:\Project\V1\FlowKit\src\FlowKitControlUint\controlunit\fcb_queue.py:83} \U0001f4be State of flow 0268389f-2cb7-40f9-a924-acab434d2abc saved to storage
2025-10-15 00:47:45.757 INFO {ThreadPoolExecutor-0_3} [flow_control_block] (exec_hook) {D:\Project\V1\FlowKit\src\FlowKitControlUint\controlunit\fcb\flow_control_block.py:176} Continuing execution of flow 0268389f-2cb7-40f9-a924-acab434d2abc
2025-10-15 00:47:45.757 INFO {ThreadPoolExecutor-0_3} [flow_control_block] (exec) {D:\Project\V1\FlowKit\src\FlowKitControlUint\controlunit\fcb\flow_control_block.py:150} Submitting next node execution for flow 0268389f-2cb7-40f9-a924-acab434d2abc
2025-10-15 00:47:45.758 INFO {ThreadPoolExecutor-0_4} [flow] (get_curr_node) {D:\Project\V1\FlowKit\src\FlowKitControlUint\controlunit\fcb\flow.py:24} Getting current node: node1
2025-10-15 00:47:45.758 INFO {ThreadPoolExecutor-0_4} [flow] (get_curr_inp) {D:\Project\V1\FlowKit\src\FlowKitControlUint\controlunit\fcb\flow.py:28} Getting current input data: {'a': 1, 'b': 2}
2025-10-15 00:47:45.759 INFO {ThreadPoolExecutor-0_4} [flow_control_block] (_run_node) {D:\Project\V1\FlowKit\src\FlowKitControlUint\controlunit\fcb\flow_control_block.py:121} Executing node 'node1' in flow 0268389f-2cb7-40f9-a924-acab434d2abc
2025-10-15 00:47:45.759 INFO {ThreadPoolExecutor-0_4} [node] (run) {D:\Project\V1\FlowKit\src\FlowKitControlUint\controlunit\fcb\node.py:55} Executing node 'node1' [runner_id=eb6e70c8-68ef-43b4-8f34-0d3f6f22f0d1] with inputs: {'a': 1, 'b': 2}
2025-10-15 00:47:45.759 INFO {ThreadPoolExecutor-0_4} [node] (run) {D:\Project\V1\FlowKit\src\FlowKitControlUint\controlunit\fcb\node.py:58} Sending POST to http://127.0.0.1:8500/nodes/add-node with payload keys: ['node_name', 'code', 'inputs', 'runner_id']
2025-10-15 00:47:49.001 INFO {ThreadPoolExecutor-0_4} [_client] (_send_single_request) {D:\Project\V1\FlowKit\.conda\Lib\site-packages\httpx\_client.py:1025} HTTP Request: POST http://127.0.0.1:8500/nodes/add-node "HTTP/1.1 200 OK"
2025-10-15 00:47:49.002 INFO {ThreadPoolExecutor-0_4} [node] (run) {D:\Project\V1\FlowKit\src\FlowKitControlUint\controlunit\fcb\node.py:63} Response from runner received for node 'node1': {'node_name': 'node1', 'runner_id': 'eb6e70c8-68ef-43b4-8f34-0d3f6f22f0d1', 'code_base64': 'ZnJvbSBmbG93a2l0Lm5vZGUgaW1wb3J0IE5vZGUKZnJvbSBmbG93a2l0LmxvZyBpbXBvcnQgTG9nZ2VyCgpub2RlID0gTm9kZSgpCmxvZ2dlciA9IExvZ2dlcihub2RlKQoKYXN5bmMgZGVmIG1haW4oKToKICAgICMgbm9kZXMsIG91dHB1dCwgbWVzc2FnZQogICAgaW5wdXRzID0gbm9kZS5nZXRfaW5wdXRzKCkKICAgIHJldCA9IGlucHV0c1siYSJdICsgaW5wdXRzWyJiIl0KICAgIHJldHVybiBbXSwgeyJvdXQiOiByZXR9LCAicnVuIHN1Y2Nlc3NmdWxseSIKCm5vZGUucmVnaXN0ZXJfbWFpbihtYWluKQpub2RlLnJ1bigp', 'status': 'DONE', 'inputs': {'a': 1, 'b': 2}, 'logs': [], 'outputs': {'nodes': [], 'outputs': {'out': 3}, 'status': 'DONE', 'message': 'run successfully'}}
2025-10-15 00:47:49.002 INFO {ThreadPoolExecutor-0_4} [node] (run) {D:\Project\V1\FlowKit\src\FlowKitControlUint\controlunit\fcb\node.py:67} Node 'node1' execution completed successfully [runner_id=eb6e70c8-68ef-43b4-8f34-0d3f6f22f0d1]
2025-10-15 00:47:49.002 INFO {ThreadPoolExecutor-0_4} [flow_control_block] (_run_node) {D:\Project\V1\FlowKit\src\FlowKitControlUint\controlunit\fcb\flow_control_block.py:124} Node 'node1' executed with status 'success' in flow 0268389f-2cb7-40f9-a924-acab434d2abc
2025-10-15 00:47:49.002 INFO {ThreadPoolExecutor-0_4} [flow_control_block] (_run_node) {D:\Project\V1\FlowKit\src\FlowKitControlUint\controlunit\fcb\flow_control_block.py:125} Node 'node1' outputs: {'out': 3}
2025-10-15 00:47:49.002 INFO {ThreadPoolExecutor-0_4} [flow_control_block] (exec_hook) {D:\Project\V1\FlowKit\src\FlowKitControlUint\controlunit\fcb\flow_control_block.py:154} Processing exec_hook for node 'node1' in flow 0268389f-2cb7-40f9-a924-acab434d2abc
2025-10-15 00:47:49.002 INFO {ThreadPoolExecutor-0_4} [flow_control_block] (exec_hook) {D:\Project\V1\FlowKit\src\FlowKitControlUint\controlunit\fcb\flow_control_block.py:165} No more nodes to execute in flow 0268389f-2cb7-40f9-a924-acab434d2abc, stopping
2025-10-15 00:47:49.003 INFO {ThreadPoolExecutor-0_4} [flow_control_block] (stop) {D:\Project\V1\FlowKit\src\FlowKitControlUint\controlunit\fcb\flow_control_block.py:85} FlowControlBlock 0268389f-2cb7-40f9-a924-acab434d2abc stopping
2025-10-15 00:57:34.695 INFO {MainThread} [fcb_queue] (clean_up) {D:\Project\V1\FlowKit\src\FlowKitControlUint\controlunit\fcb_queue.py:145} Cleaning up all FlowControlBlocks
2025-10-15 00:57:34.696 INFO {MainThread} [flow_control_block] (stop) {D:\Project\V1\FlowKit\src\FlowKitControlUint\controlunit\fcb\flow_control_block.py:85} FlowControlBlock d4165384-d78b-4807-a596-00940d98a579 stopping
2025-10-15 00:57:34.709 INFO {MainThread} [fcb_queue] (clean_up) {D:\Project\V1\FlowKit\src\FlowKitControlUint\controlunit\fcb_queue.py:149} \U0001f6d1 Stopped FlowControlBlock d4165384-d78b-4807-a596-00940d98a579 during cleanup
2025-10-15 00:57:34.709 INFO {MainThread} [flow_control_block] (stop) {D:\Project\V1\FlowKit\src\FlowKitControlUint\controlunit\fcb\flow_control_block.py:85} FlowControlBlock 8ac615c7-4262-4954-a884-d6582a4d6bc2 stopping
2025-10-15 00:57:34.725 INFO {MainThread} [fcb_queue] (clean_up) {D:\Project\V1\FlowKit\src\FlowKitControlUint\controlunit\fcb_queue.py:149} \U0001f6d1 Stopped FlowControlBlock 8ac615c7-4262-4954-a884-d6582a4d6bc2 during cleanup
2025-10-15 00:57:34.725 INFO {MainThread} [flow_control_block] (stop) {D:\Project\V1\FlowKit\src\FlowKitControlUint\controlunit\fcb\flow_control_block.py:85} FlowControlBlock d51e109a-3dc2-43b3-aa2e-421772c62ea7 stopping
2025-10-15 00:57:34.749 INFO {MainThread} [fcb_queue] (clean_up) {D:\Project\V1\FlowKit\src\FlowKitControlUint\controlunit\fcb_queue.py:149} \U0001f6d1 Stopped FlowControlBlock d51e109a-3dc2-43b3-aa2e-421772c62ea7 during cleanup
2025-10-15 00:57:34.749 INFO {MainThread} [flow_control_block] (stop) {D:\Project\V1\FlowKit\src\FlowKitControlUint\controlunit\fcb\flow_control_block.py:85} FlowControlBlock 2620ca96-5be5-4fd4-a7c4-530eafb1800f stopping
2025-10-15 00:57:34.779 INFO {MainThread} [fcb_queue] (clean_up) {D:\Project\V1\FlowKit\src\FlowKitControlUint\controlunit\fcb_queue.py:149} \U0001f6d1 Stopped FlowControlBlock 2620ca96-5be5-4fd4-a7c4-530eafb1800f during cleanup
2025-10-15 00:57:34.779 INFO {MainThread} [flow_control_block] (stop) {D:\Project\V1\FlowKit\src\FlowKitControlUint\controlunit\fcb\flow_control_block.py:85} FlowControlBlock f0a81126-5fe9-4d55-a428-c5c96581c81f stopping
2025-10-15 00:57:34.811 INFO {MainThread} [fcb_queue] (clean_up) {D:\Project\V1\FlowKit\src\FlowKitControlUint\controlunit\fcb_queue.py:149} \U0001f6d1 Stopped FlowControlBlock f0a81126-5fe9-4d55-a428-c5c96581c81f during cleanup
2025-10-15 00:57:34.811 INFO {MainThread} [flow_control_block] (stop) {D:\Project\V1\FlowKit\src\FlowKitControlUint\controlunit\fcb\flow_control_block.py:85} FlowControlBlock cd452f43-b397-4a73-ad1f-30e1e1b060e5 stopping
2025-10-15 00:57:34.844 INFO {MainThread} [fcb_queue] (clean_up) {D:\Project\V1\FlowKit\src\FlowKitControlUint\controlunit\fcb_queue.py:149} \U0001f6d1 Stopped FlowControlBlock cd452f43-b397-4a73-ad1f-30e1e1b060e5 during cleanup
2025-10-15 00:57:34.845 INFO {MainThread} [flow_control_block] (stop) {D:\Project\V1\FlowKit\src\FlowKitControlUint\controlunit\fcb\flow_control_block.py:85} FlowControlBlock 0268389f-2cb7-40f9-a924-acab434d2abc stopping
2025-10-15 00:57:34.875 INFO {MainThread} [fcb_queue] (clean_up) {D:\Project\V1\FlowKit\src\FlowKitControlUint\controlunit\fcb_queue.py:149} \U0001f6d1 Stopped FlowControlBlock 0268389f-2cb7-40f9-a924-acab434d2abc during cleanup
2025-10-15 00:57:34.882 INFO {MainThread} [fcb_queue] (clean_up) {D:\Project\V1\FlowKit\src\FlowKitControlUint\controlunit\fcb_queue.py:156} \U0001f9fd Cleaned up FlowControlBlockQueue resources
2025-10-15 00:57:34.883 INFO {MainThread} [main] (lifespan) {D:\Project\V1\FlowKit\src\FlowKitControlUint\main.py:42} Cleaned up FCB_QUEUE and shutting down
