2025-10-14 23:13:23.413 INFO {MainThread} [main] (<module>) {D:\Project\V1\FlowKit\src\FlowKitControlUint\main.py:105} Starting FastAPI app at 0.0.0.0:9500
2025-10-14 23:13:23.464 INFO {MainThread} [main] (lifespan) {D:\Project\V1\FlowKit\src\FlowKitControlUint\main.py:35} Starting FlowKit Control Unit lifespan
2025-10-14 23:13:23.501 INFO {MainThread} [fcb_queue] (__init__) {D:\Project\V1\FlowKit\src\FlowKitControlUint\controlunit\fcb_queue.py:22} Initialized FlowControlBlockQueue with MongoDB connection (sync)
2025-10-14 23:13:23.501 INFO {MainThread} [fcb_queue] (recover_from_storage) {D:\Project\V1\FlowKit\src\FlowKitControlUint\controlunit\fcb_queue.py:26} Starting recovery of FlowControlBlocks from MongoDB
2025-10-14 23:13:23.532 INFO {MainThread} [flow] (__init__) {D:\Project\V1\FlowKit\src\FlowKitControlUint\controlunit\fcb\flow.py:12} Flow initialized with 2 nodes
2025-10-14 23:13:23.532 INFO {MainThread} [flow_control_block] (__init__) {D:\Project\V1\FlowKit\src\FlowKitControlUint\controlunit\fcb\flow_control_block.py:77} FlowControlBlock d4165384-d78b-4807-a596-00940d98a579 initialized in QUEUED state
2025-10-14 23:13:23.532 INFO {MainThread} [flow_control_block] (start) {D:\Project\V1\FlowKit\src\FlowKitControlUint\controlunit\fcb\flow_control_block.py:80} FlowControlBlock d4165384-d78b-4807-a596-00940d98a579 starting
2025-10-14 23:13:23.532 INFO {MainThread} [flow_control_block] (exec) {D:\Project\V1\FlowKit\src\FlowKitControlUint\controlunit\fcb\flow_control_block.py:135} Submitting next node execution for flow d4165384-d78b-4807-a596-00940d98a579
2025-10-14 23:13:23.533 INFO {ThreadPoolExecutor-0_0} [flow] (get_curr_node) {D:\Project\V1\FlowKit\src\FlowKitControlUint\controlunit\fcb\flow.py:24} Getting current node: node1
2025-10-14 23:13:23.533 INFO {ThreadPoolExecutor-0_0} [flow] (get_curr_inp) {D:\Project\V1\FlowKit\src\FlowKitControlUint\controlunit\fcb\flow.py:28} Getting current input data: {'a': 1, 'b': 2}
2025-10-14 23:13:23.533 INFO {ThreadPoolExecutor-0_0} [flow_control_block] (_run_node) {D:\Project\V1\FlowKit\src\FlowKitControlUint\controlunit\fcb\flow_control_block.py:107} Executing node 'node1' in flow d4165384-d78b-4807-a596-00940d98a579
2025-10-14 23:13:23.533 INFO {ThreadPoolExecutor-0_0} [node] (run) {D:\Project\V1\FlowKit\src\FlowKitControlUint\controlunit\fcb\node.py:55} Executing node 'node1' [runner_id=347c1cd0-b950-45bc-b90d-c63af85c3e06] with inputs: {'a': 1, 'b': 2}
2025-10-14 23:13:23.533 INFO {ThreadPoolExecutor-0_0} [node] (run) {D:\Project\V1\FlowKit\src\FlowKitControlUint\controlunit\fcb\node.py:58} Sending POST to http://127.0.0.1:8500/nodes/add-node with payload keys: ['node_name', 'code', 'inputs', 'runner_id']
2025-10-14 23:13:23.533 INFO {MainThread} [fcb_queue] (recover_from_storage) {D:\Project\V1\FlowKit\src\FlowKitControlUint\controlunit\fcb_queue.py:61} \u2705 Recovered and started FCB with id d4165384-d78b-4807-a596-00940d98a579 from storage
2025-10-14 23:13:23.534 INFO {MainThread} [main] (lifespan) {D:\Project\V1\FlowKit\src\FlowKitControlUint\main.py:39} Recovered FCB_QUEUE from storage
2025-10-14 23:13:26.001 INFO {ThreadPoolExecutor-0_0} [_client] (_send_single_request) {D:\Project\V1\FlowKit\.conda\Lib\site-packages\httpx\_client.py:1025} HTTP Request: POST http://127.0.0.1:8500/nodes/add-node "HTTP/1.1 200 OK"
2025-10-14 23:13:26.002 INFO {ThreadPoolExecutor-0_0} [node] (run) {D:\Project\V1\FlowKit\src\FlowKitControlUint\controlunit\fcb\node.py:63} Response from runner received for node 'node1': {'node_name': 'node1', 'runner_id': '347c1cd0-b950-45bc-b90d-c63af85c3e06', 'code_base64': 'ZnJvbSBmbG93a2l0Lm5vZGUgaW1wb3J0IE5vZGUKZnJvbSBmbG93a2l0LmxvZyBpbXBvcnQgTG9nZ2VyCgpub2RlID0gTm9kZSgpCmxvZ2dlciA9IExvZ2dlcihub2RlKQoKYXN5bmMgZGVmIG1haW4oKToKICAgICMgbm9kZXMsIG91dHB1dCwgbWVzc2FnZQogICAgaW5wdXRzID0gbm9kZS5nZXRfaW5wdXRzKCkKICAgIHJldCA9IGlucHV0c1siYSJdICsgaW5wdXRzWyJiIl0KICAgIHJldHVybiBbXSwgeyJvdXQiOiByZXR9LCAicnVuIHN1Y2Nlc3NmdWxseSIKCm5vZGUucmVnaXN0ZXJfbWFpbihtYWluKQpub2RlLnJ1bigpCg==', 'status': 'DONE', 'inputs': {'a': 1, 'b': 2}, 'logs': [], 'outputs': {'nodes': [], 'outputs': {'out': 3}, 'status': 'DONE', 'message': 'run successfully'}}
2025-10-14 23:13:26.002 INFO {ThreadPoolExecutor-0_0} [node] (run) {D:\Project\V1\FlowKit\src\FlowKitControlUint\controlunit\fcb\node.py:67} Node 'node1' execution completed successfully [runner_id=347c1cd0-b950-45bc-b90d-c63af85c3e06]
2025-10-14 23:13:26.002 INFO {ThreadPoolExecutor-0_0} [flow_control_block] (_run_node) {D:\Project\V1\FlowKit\src\FlowKitControlUint\controlunit\fcb\flow_control_block.py:110} Node 'node1' executed with status 'success' in flow d4165384-d78b-4807-a596-00940d98a579
2025-10-14 23:13:26.002 INFO {ThreadPoolExecutor-0_0} [flow_control_block] (_run_node) {D:\Project\V1\FlowKit\src\FlowKitControlUint\controlunit\fcb\flow_control_block.py:111} Node 'node1' outputs: {'out': 3}
2025-10-14 23:13:26.002 INFO {ThreadPoolExecutor-0_0} [flow_control_block] (exec_hook) {D:\Project\V1\FlowKit\src\FlowKitControlUint\controlunit\fcb\flow_control_block.py:139} Processing exec_hook for node 'node1' in flow d4165384-d78b-4807-a596-00940d98a579
2025-10-14 23:13:26.002 INFO {ThreadPoolExecutor-0_0} [flow_control_block] (exec_hook) {D:\Project\V1\FlowKit\src\FlowKitControlUint\controlunit\fcb\flow_control_block.py:150} No more nodes to execute in flow d4165384-d78b-4807-a596-00940d98a579, stopping
2025-10-14 23:13:26.003 INFO {ThreadPoolExecutor-0_0} [flow_control_block] (stop) {D:\Project\V1\FlowKit\src\FlowKitControlUint\controlunit\fcb\flow_control_block.py:85} FlowControlBlock d4165384-d78b-4807-a596-00940d98a579 stopping
2025-10-14 23:13:53.450 INFO {MainThread} [main] (log_requests) {D:\Project\V1\FlowKit\src\FlowKitControlUint\main.py:48} Incoming request: POST http://127.0.0.1:9500/fcb/add
2025-10-14 23:13:53.454 INFO {MainThread} [main] (add_fcb) {D:\Project\V1\FlowKit\src\FlowKitControlUint\main.py:60} Add FCB request received with nodes: ['start', 'node1']
2025-10-14 23:13:53.455 INFO {MainThread} [flow] (__init__) {D:\Project\V1\FlowKit\src\FlowKitControlUint\controlunit\fcb\flow.py:12} Flow initialized with 2 nodes
2025-10-14 23:13:53.455 INFO {MainThread} [flow_control_block] (__init__) {D:\Project\V1\FlowKit\src\FlowKitControlUint\controlunit\fcb\flow_control_block.py:77} FlowControlBlock 8ac615c7-4262-4954-a884-d6582a4d6bc2 initialized in QUEUED state
2025-10-14 23:13:53.455 INFO {MainThread} [fcb_queue] (add_fcb) {D:\Project\V1\FlowKit\src\FlowKitControlUint\controlunit\fcb_queue.py:109} \u2795 Added new FlowControlBlock with id 8ac615c7-4262-4954-a884-d6582a4d6bc2
2025-10-14 23:13:53.455 INFO {MainThread} [flow_control_block] (start) {D:\Project\V1\FlowKit\src\FlowKitControlUint\controlunit\fcb\flow_control_block.py:80} FlowControlBlock 8ac615c7-4262-4954-a884-d6582a4d6bc2 starting
2025-10-14 23:13:53.455 INFO {MainThread} [flow_control_block] (exec) {D:\Project\V1\FlowKit\src\FlowKitControlUint\controlunit\fcb\flow_control_block.py:135} Submitting next node execution for flow 8ac615c7-4262-4954-a884-d6582a4d6bc2
2025-10-14 23:13:53.455 INFO {MainThread} [fcb_queue] (start_fcb) {D:\Project\V1\FlowKit\src\FlowKitControlUint\controlunit\fcb_queue.py:117} \u25b6\ufe0f Started FlowControlBlock 8ac615c7-4262-4954-a884-d6582a4d6bc2
2025-10-14 23:13:53.455 INFO {MainThread} [main] (add_fcb) {D:\Project\V1\FlowKit\src\FlowKitControlUint\main.py:70} Flow Control Block added successfully with ID: 8ac615c7-4262-4954-a884-d6582a4d6bc2
2025-10-14 23:13:53.456 INFO {MainThread} [main] (log_requests) {D:\Project\V1\FlowKit\src\FlowKitControlUint\main.py:50} Response status: 200 for POST http://127.0.0.1:9500/fcb/add
2025-10-14 23:13:53.456 INFO {ThreadPoolExecutor-0_0} [flow] (get_curr_node) {D:\Project\V1\FlowKit\src\FlowKitControlUint\controlunit\fcb\flow.py:24} Getting current node: start
2025-10-14 23:13:53.457 INFO {ThreadPoolExecutor-0_0} [flow] (get_curr_inp) {D:\Project\V1\FlowKit\src\FlowKitControlUint\controlunit\fcb\flow.py:28} Getting current input data: {}
2025-10-14 23:13:53.458 INFO {ThreadPoolExecutor-0_0} [flow_control_block] (_run_node) {D:\Project\V1\FlowKit\src\FlowKitControlUint\controlunit\fcb\flow_control_block.py:107} Executing node 'start' in flow 8ac615c7-4262-4954-a884-d6582a4d6bc2
2025-10-14 23:13:53.459 INFO {ThreadPoolExecutor-0_0} [node] (run) {D:\Project\V1\FlowKit\src\FlowKitControlUint\controlunit\fcb\node.py:55} Executing node 'start' [runner_id=f312e927-22cc-493e-9b17-e007004583d3] with inputs: {}
2025-10-14 23:13:53.459 INFO {ThreadPoolExecutor-0_0} [node] (run) {D:\Project\V1\FlowKit\src\FlowKitControlUint\controlunit\fcb\node.py:58} Sending POST to http://127.0.0.1:8500/nodes/add-node with payload keys: ['node_name', 'code', 'inputs', 'runner_id']
2025-10-14 23:13:56.531 INFO {ThreadPoolExecutor-0_0} [_client] (_send_single_request) {D:\Project\V1\FlowKit\.conda\Lib\site-packages\httpx\_client.py:1025} HTTP Request: POST http://127.0.0.1:8500/nodes/add-node "HTTP/1.1 200 OK"
2025-10-14 23:13:56.533 INFO {ThreadPoolExecutor-0_0} [node] (run) {D:\Project\V1\FlowKit\src\FlowKitControlUint\controlunit\fcb\node.py:63} Response from runner received for node 'start': {'node_name': 'start', 'runner_id': 'f312e927-22cc-493e-9b17-e007004583d3', 'code_base64': 'ZnJvbSBmbG93a2l0Lm5vZGUgaW1wb3J0IE5vZGUKZnJvbSBmbG93a2l0LmxvZyBpbXBvcnQgTG9nZ2VyCgpub2RlID0gTm9kZSgpCmxvZ2dlciA9IExvZ2dlcihub2RlKQoKYXN5bmMgZGVmIG1haW4oKToKICAgICMgbm9kZXMsIG91dHB1dCwgbWVzc2FnZQogICAgaW5wdXRzID0gbm9kZS5nZXRfaW5wdXRzKCkKICAgIHJldHVybiBbIm5vZGUxIl0sIHsiYSI6MSwgImIiOjJ9LCAicnVuIHN1Y2Nlc3NmdWxseSIKCm5vZGUucmVnaXN0ZXJfbWFpbihtYWluKQpub2RlLnJ1bigpCg==', 'status': 'DONE', 'inputs': {}, 'logs': [], 'outputs': {'nodes': ['node1'], 'outputs': {'a': 1, 'b': 2}, 'status': 'DONE', 'message': 'run successfully'}}
2025-10-14 23:13:56.533 INFO {ThreadPoolExecutor-0_0} [node] (run) {D:\Project\V1\FlowKit\src\FlowKitControlUint\controlunit\fcb\node.py:67} Node 'start' execution completed successfully [runner_id=f312e927-22cc-493e-9b17-e007004583d3]
2025-10-14 23:13:56.533 INFO {ThreadPoolExecutor-0_0} [flow_control_block] (_run_node) {D:\Project\V1\FlowKit\src\FlowKitControlUint\controlunit\fcb\flow_control_block.py:110} Node 'start' executed with status 'success' in flow 8ac615c7-4262-4954-a884-d6582a4d6bc2
2025-10-14 23:13:56.534 INFO {ThreadPoolExecutor-0_0} [flow_control_block] (_run_node) {D:\Project\V1\FlowKit\src\FlowKitControlUint\controlunit\fcb\flow_control_block.py:111} Node 'start' outputs: {'a': 1, 'b': 2}
2025-10-14 23:13:56.534 INFO {ThreadPoolExecutor-0_0} [flow_control_block] (exec_hook) {D:\Project\V1\FlowKit\src\FlowKitControlUint\controlunit\fcb\flow_control_block.py:139} Processing exec_hook for node 'start' in flow 8ac615c7-4262-4954-a884-d6582a4d6bc2
2025-10-14 23:13:56.534 INFO {ThreadPoolExecutor-0_0} [flow_control_block] (exec_hook) {D:\Project\V1\FlowKit\src\FlowKitControlUint\controlunit\fcb\flow_control_block.py:145} Queued node 'node1' with inputs: {'a': 1, 'b': 2}
2025-10-14 23:13:56.534 INFO {ThreadPoolExecutor-0_0} [flow_control_block] (exec_hook) {D:\Project\V1\FlowKit\src\FlowKitControlUint\controlunit\fcb\flow_control_block.py:155} Setting pointer to node 'node1' with inputs: {'a': 1, 'b': 2}
2025-10-14 23:13:56.534 INFO {ThreadPoolExecutor-0_0} [flow] (set_pointer) {D:\Project\V1\FlowKit\src\FlowKitControlUint\controlunit\fcb\flow.py:18} Pointer set to node 'node1' with input: {'a': 1, 'b': 2}
2025-10-14 23:13:56.534 INFO {ThreadPoolExecutor-0_0} [flow_control_block] (exec_hook) {D:\Project\V1\FlowKit\src\FlowKitControlUint\controlunit\fcb\flow_control_block.py:158} Saving state for flow 8ac615c7-4262-4954-a884-d6582a4d6bc2
2025-10-14 23:13:56.535 INFO {ThreadPoolExecutor-0_0} [flow] (to_dict) {D:\Project\V1\FlowKit\src\FlowKitControlUint\controlunit\fcb\flow.py:37} Serialized flow to dict with 2 nodes
2025-10-14 23:13:56.539 INFO {ThreadPoolExecutor-0_0} [fcb_queue] (save_state_hook) {D:\Project\V1\FlowKit\src\FlowKitControlUint\controlunit\fcb_queue.py:83} \U0001f4be State of flow 8ac615c7-4262-4954-a884-d6582a4d6bc2 saved to storage
2025-10-14 23:13:56.540 INFO {ThreadPoolExecutor-0_0} [flow_control_block] (exec_hook) {D:\Project\V1\FlowKit\src\FlowKitControlUint\controlunit\fcb\flow_control_block.py:161} Continuing execution of flow 8ac615c7-4262-4954-a884-d6582a4d6bc2
2025-10-14 23:13:56.540 INFO {ThreadPoolExecutor-0_0} [flow_control_block] (exec) {D:\Project\V1\FlowKit\src\FlowKitControlUint\controlunit\fcb\flow_control_block.py:135} Submitting next node execution for flow 8ac615c7-4262-4954-a884-d6582a4d6bc2
2025-10-14 23:13:56.541 INFO {ThreadPoolExecutor-0_1} [flow] (get_curr_node) {D:\Project\V1\FlowKit\src\FlowKitControlUint\controlunit\fcb\flow.py:24} Getting current node: node1
2025-10-14 23:13:56.542 INFO {ThreadPoolExecutor-0_1} [flow] (get_curr_inp) {D:\Project\V1\FlowKit\src\FlowKitControlUint\controlunit\fcb\flow.py:28} Getting current input data: {'a': 1, 'b': 2}
2025-10-14 23:13:56.542 INFO {ThreadPoolExecutor-0_1} [flow_control_block] (_run_node) {D:\Project\V1\FlowKit\src\FlowKitControlUint\controlunit\fcb\flow_control_block.py:107} Executing node 'node1' in flow 8ac615c7-4262-4954-a884-d6582a4d6bc2
2025-10-14 23:13:56.543 INFO {ThreadPoolExecutor-0_1} [node] (run) {D:\Project\V1\FlowKit\src\FlowKitControlUint\controlunit\fcb\node.py:55} Executing node 'node1' [runner_id=c57d9314-bad8-4895-b3f8-345fc170a93c] with inputs: {'a': 1, 'b': 2}
2025-10-14 23:13:56.543 INFO {ThreadPoolExecutor-0_1} [node] (run) {D:\Project\V1\FlowKit\src\FlowKitControlUint\controlunit\fcb\node.py:58} Sending POST to http://127.0.0.1:8500/nodes/add-node with payload keys: ['node_name', 'code', 'inputs', 'runner_id']
2025-10-14 23:14:01.103 INFO {ThreadPoolExecutor-0_1} [_client] (_send_single_request) {D:\Project\V1\FlowKit\.conda\Lib\site-packages\httpx\_client.py:1025} HTTP Request: POST http://127.0.0.1:8500/nodes/add-node "HTTP/1.1 200 OK"
2025-10-14 23:14:01.106 INFO {ThreadPoolExecutor-0_1} [node] (run) {D:\Project\V1\FlowKit\src\FlowKitControlUint\controlunit\fcb\node.py:63} Response from runner received for node 'node1': {'node_name': 'node1', 'runner_id': 'c57d9314-bad8-4895-b3f8-345fc170a93c', 'code_base64': 'ZnJvbSBmbG93a2l0Lm5vZGUgaW1wb3J0IE5vZGUKZnJvbSBmbG93a2l0LmxvZyBpbXBvcnQgTG9nZ2VyCgpub2RlID0gTm9kZSgpCmxvZ2dlciA9IExvZ2dlcihub2RlKQoKYXN5bmMgZGVmIG1haW4oKToKICAgICMgbm9kZXMsIG91dHB1dCwgbWVzc2FnZQogICAgaW5wdXRzID0gbm9kZS5nZXRfaW5wdXRzKCkKICAgIHJldCA9IGlucHV0c1siYSJdICsgaW5wdXRzWyJiIl0KICAgIHJldHVybiBbXSwgeyJvdXQiOiByZXR9LCAicnVuIHN1Y2Nlc3NmdWxseSIKCm5vZGUucmVnaXN0ZXJfbWFpbihtYWluKQpub2RlLnJ1bigpCg==', 'status': 'DONE', 'inputs': {'a': 1, 'b': 2}, 'logs': [], 'outputs': {'nodes': [], 'outputs': {'out': 3}, 'status': 'DONE', 'message': 'run successfully'}}
2025-10-14 23:14:01.107 INFO {ThreadPoolExecutor-0_1} [node] (run) {D:\Project\V1\FlowKit\src\FlowKitControlUint\controlunit\fcb\node.py:67} Node 'node1' execution completed successfully [runner_id=c57d9314-bad8-4895-b3f8-345fc170a93c]
2025-10-14 23:14:01.109 INFO {ThreadPoolExecutor-0_1} [flow_control_block] (_run_node) {D:\Project\V1\FlowKit\src\FlowKitControlUint\controlunit\fcb\flow_control_block.py:110} Node 'node1' executed with status 'success' in flow 8ac615c7-4262-4954-a884-d6582a4d6bc2
2025-10-14 23:14:01.109 INFO {ThreadPoolExecutor-0_1} [flow_control_block] (_run_node) {D:\Project\V1\FlowKit\src\FlowKitControlUint\controlunit\fcb\flow_control_block.py:111} Node 'node1' outputs: {'out': 3}
2025-10-14 23:14:01.112 INFO {ThreadPoolExecutor-0_1} [flow_control_block] (exec_hook) {D:\Project\V1\FlowKit\src\FlowKitControlUint\controlunit\fcb\flow_control_block.py:139} Processing exec_hook for node 'node1' in flow 8ac615c7-4262-4954-a884-d6582a4d6bc2
2025-10-14 23:14:01.113 INFO {ThreadPoolExecutor-0_1} [flow_control_block] (exec_hook) {D:\Project\V1\FlowKit\src\FlowKitControlUint\controlunit\fcb\flow_control_block.py:150} No more nodes to execute in flow 8ac615c7-4262-4954-a884-d6582a4d6bc2, stopping
2025-10-14 23:14:01.113 INFO {ThreadPoolExecutor-0_1} [flow_control_block] (stop) {D:\Project\V1\FlowKit\src\FlowKitControlUint\controlunit\fcb\flow_control_block.py:85} FlowControlBlock 8ac615c7-4262-4954-a884-d6582a4d6bc2 stopping
2025-10-14 23:34:31.652 INFO {MainThread} [main] (log_requests) {D:\Project\V1\FlowKit\src\FlowKitControlUint\main.py:48} Incoming request: POST http://127.0.0.1:9500/fcb/add
2025-10-14 23:34:31.656 INFO {MainThread} [main] (add_fcb) {D:\Project\V1\FlowKit\src\FlowKitControlUint\main.py:60} Add FCB request received with nodes: ['start', 'node1']
2025-10-14 23:34:31.656 INFO {MainThread} [flow] (__init__) {D:\Project\V1\FlowKit\src\FlowKitControlUint\controlunit\fcb\flow.py:12} Flow initialized with 2 nodes
2025-10-14 23:34:31.656 INFO {MainThread} [flow_control_block] (__init__) {D:\Project\V1\FlowKit\src\FlowKitControlUint\controlunit\fcb\flow_control_block.py:77} FlowControlBlock 815ebe73-34d4-49b9-9151-42671bde0c31 initialized in QUEUED state
2025-10-14 23:34:31.657 INFO {MainThread} [fcb_queue] (add_fcb) {D:\Project\V1\FlowKit\src\FlowKitControlUint\controlunit\fcb_queue.py:109} \u2795 Added new FlowControlBlock with id 815ebe73-34d4-49b9-9151-42671bde0c31
2025-10-14 23:34:31.657 INFO {MainThread} [flow_control_block] (start) {D:\Project\V1\FlowKit\src\FlowKitControlUint\controlunit\fcb\flow_control_block.py:80} FlowControlBlock 815ebe73-34d4-49b9-9151-42671bde0c31 starting
2025-10-14 23:34:31.657 INFO {MainThread} [flow_control_block] (exec) {D:\Project\V1\FlowKit\src\FlowKitControlUint\controlunit\fcb\flow_control_block.py:135} Submitting next node execution for flow 815ebe73-34d4-49b9-9151-42671bde0c31
2025-10-14 23:34:31.658 INFO {MainThread} [fcb_queue] (start_fcb) {D:\Project\V1\FlowKit\src\FlowKitControlUint\controlunit\fcb_queue.py:117} \u25b6\ufe0f Started FlowControlBlock 815ebe73-34d4-49b9-9151-42671bde0c31
2025-10-14 23:34:31.658 INFO {MainThread} [main] (add_fcb) {D:\Project\V1\FlowKit\src\FlowKitControlUint\main.py:70} Flow Control Block added successfully with ID: 815ebe73-34d4-49b9-9151-42671bde0c31
2025-10-14 23:34:31.658 INFO {ThreadPoolExecutor-0_0} [flow] (get_curr_node) {D:\Project\V1\FlowKit\src\FlowKitControlUint\controlunit\fcb\flow.py:24} Getting current node: start
2025-10-14 23:34:31.659 INFO {ThreadPoolExecutor-0_0} [flow] (get_curr_inp) {D:\Project\V1\FlowKit\src\FlowKitControlUint\controlunit\fcb\flow.py:28} Getting current input data: {}
2025-10-14 23:34:31.659 INFO {ThreadPoolExecutor-0_0} [flow_control_block] (_run_node) {D:\Project\V1\FlowKit\src\FlowKitControlUint\controlunit\fcb\flow_control_block.py:107} Executing node 'start' in flow 815ebe73-34d4-49b9-9151-42671bde0c31
2025-10-14 23:34:31.660 INFO {ThreadPoolExecutor-0_0} [node] (run) {D:\Project\V1\FlowKit\src\FlowKitControlUint\controlunit\fcb\node.py:55} Executing node 'start' [runner_id=796018fd-b40e-4c0d-86e5-265a04aea848] with inputs: {}
2025-10-14 23:34:31.660 INFO {ThreadPoolExecutor-0_0} [node] (run) {D:\Project\V1\FlowKit\src\FlowKitControlUint\controlunit\fcb\node.py:58} Sending POST to http://127.0.0.1:8500/nodes/add-node with payload keys: ['node_name', 'code', 'inputs', 'runner_id']
2025-10-14 23:34:31.661 INFO {MainThread} [main] (log_requests) {D:\Project\V1\FlowKit\src\FlowKitControlUint\main.py:50} Response status: 200 for POST http://127.0.0.1:9500/fcb/add
2025-10-14 23:34:32.131 INFO {ThreadPoolExecutor-0_0} [_client] (_send_single_request) {D:\Project\V1\FlowKit\.conda\Lib\site-packages\httpx\_client.py:1025} HTTP Request: POST http://127.0.0.1:8500/nodes/add-node "HTTP/1.1 500 Internal Server Error"
2025-10-14 23:34:32.153 ERROR {ThreadPoolExecutor-0_0} [node] (run) {D:\Project\V1\FlowKit\src\FlowKitControlUint\controlunit\fcb\node.py:87} \u274c HTTP error for node 'start': 500 - Internal Server Error
2025-10-14 23:34:32.157 ERROR {ThreadPoolExecutor-0_0} [flow_control_block] (_run_node) {D:\Project\V1\FlowKit\src\FlowKitControlUint\controlunit\fcb\flow_control_block.py:127} Exception while executing node 'start' in flow 815ebe73-34d4-49b9-9151-42671bde0c31: 1 validation error for NodeExecutionData
code
  Field required [type=missing, input_value={'node_name': 'start', 'r...Internal Server Error")}, input_type=dict]
    For further information visit https://errors.pydantic.dev/2.12/v/missing
Traceback (most recent call last):
  File "D:\Project\V1\FlowKit\src\FlowKitControlUint\controlunit\fcb\flow_control_block.py", line 109, in _run_node
    result = curr_node.run(curr_inp)
  File "D:\Project\V1\FlowKit\src\FlowKitControlUint\controlunit\fcb\node.py", line 88, in run
    return NodeExecutionData(
        node_name=self.name,
    ...<5 lines>...
        outputs=NodeOutputs(nodes=[], outputs={}, status="error", message=error_msg),
    )
  File "D:\Project\V1\FlowKit\.conda\Lib\site-packages\pydantic\main.py", line 250, in __init__
    validated_self = self.__pydantic_validator__.validate_python(data, self_instance=self)
pydantic_core._pydantic_core.ValidationError: 1 validation error for NodeExecutionData
code
  Field required [type=missing, input_value={'node_name': 'start', 'r...Internal Server Error")}, input_type=dict]
    For further information visit https://errors.pydantic.dev/2.12/v/missing
2025-10-14 23:35:30.149 INFO {MainThread} [fcb_queue] (clean_up) {D:\Project\V1\FlowKit\src\FlowKitControlUint\controlunit\fcb_queue.py:145} Cleaning up all FlowControlBlocks
2025-10-14 23:35:30.149 INFO {MainThread} [flow_control_block] (stop) {D:\Project\V1\FlowKit\src\FlowKitControlUint\controlunit\fcb\flow_control_block.py:85} FlowControlBlock d4165384-d78b-4807-a596-00940d98a579 stopping
2025-10-14 23:35:30.149 INFO {MainThread} [fcb_queue] (clean_up) {D:\Project\V1\FlowKit\src\FlowKitControlUint\controlunit\fcb_queue.py:149} \U0001f6d1 Stopped FlowControlBlock d4165384-d78b-4807-a596-00940d98a579 during cleanup
2025-10-14 23:35:30.149 INFO {MainThread} [flow_control_block] (stop) {D:\Project\V1\FlowKit\src\FlowKitControlUint\controlunit\fcb\flow_control_block.py:85} FlowControlBlock 8ac615c7-4262-4954-a884-d6582a4d6bc2 stopping
2025-10-14 23:35:30.150 INFO {MainThread} [fcb_queue] (clean_up) {D:\Project\V1\FlowKit\src\FlowKitControlUint\controlunit\fcb_queue.py:149} \U0001f6d1 Stopped FlowControlBlock 8ac615c7-4262-4954-a884-d6582a4d6bc2 during cleanup
2025-10-14 23:35:30.150 INFO {MainThread} [flow_control_block] (stop) {D:\Project\V1\FlowKit\src\FlowKitControlUint\controlunit\fcb\flow_control_block.py:85} FlowControlBlock 815ebe73-34d4-49b9-9151-42671bde0c31 stopping
2025-10-14 23:35:30.150 INFO {MainThread} [fcb_queue] (clean_up) {D:\Project\V1\FlowKit\src\FlowKitControlUint\controlunit\fcb_queue.py:149} \U0001f6d1 Stopped FlowControlBlock 815ebe73-34d4-49b9-9151-42671bde0c31 during cleanup
2025-10-14 23:35:30.170 INFO {MainThread} [fcb_queue] (clean_up) {D:\Project\V1\FlowKit\src\FlowKitControlUint\controlunit\fcb_queue.py:156} \U0001f9fd Cleaned up FlowControlBlockQueue resources
2025-10-14 23:35:30.171 INFO {MainThread} [main] (lifespan) {D:\Project\V1\FlowKit\src\FlowKitControlUint\main.py:42} Cleaned up FCB_QUEUE and shutting down
