2025-10-14 22:43:59.561 INFO {MainThread} [main] (<module>) {D:\Project\V1\FlowKit\src\FlowKitControlUint\main.py:105} Starting FastAPI app at 0.0.0.0:9500
2025-10-14 22:43:59.599 INFO {MainThread} [main] (lifespan) {D:\Project\V1\FlowKit\src\FlowKitControlUint\main.py:35} Starting FlowKit Control Unit lifespan
2025-10-14 22:43:59.642 INFO {MainThread} [fcb_queue] (__init__) {D:\Project\V1\FlowKit\src\FlowKitControlUint\controlunit\fcb_queue.py:22} Initialized FlowControlBlockQueue with MongoDB connection (sync)
2025-10-14 22:43:59.642 INFO {MainThread} [fcb_queue] (recover_from_storage) {D:\Project\V1\FlowKit\src\FlowKitControlUint\controlunit\fcb_queue.py:26} Starting recovery of FlowControlBlocks from MongoDB
2025-10-14 22:43:59.662 INFO {MainThread} [flow] (__init__) {D:\Project\V1\FlowKit\src\FlowKitControlUint\controlunit\fcb\flow.py:12} Flow initialized with 2 nodes
2025-10-14 22:43:59.662 INFO {MainThread} [flow_control_block] (__init__) {D:\Project\V1\FlowKit\src\FlowKitControlUint\controlunit\fcb\flow_control_block.py:27} FlowControlBlock 670dbfc1-653a-4f18-98d5-842df98f3eda initialized in QUEUED state
2025-10-14 22:43:59.662 INFO {MainThread} [flow_control_block] (start) {D:\Project\V1\FlowKit\src\FlowKitControlUint\controlunit\fcb\flow_control_block.py:30} FlowControlBlock 670dbfc1-653a-4f18-98d5-842df98f3eda starting
2025-10-14 22:43:59.662 INFO {MainThread} [flow_control_block] (exec) {D:\Project\V1\FlowKit\src\FlowKitControlUint\controlunit\fcb\flow_control_block.py:72} Submitting next node execution for flow 670dbfc1-653a-4f18-98d5-842df98f3eda
2025-10-14 22:43:59.663 INFO {ThreadPoolExecutor-0_0} [flow] (get_curr_node) {D:\Project\V1\FlowKit\src\FlowKitControlUint\controlunit\fcb\flow.py:24} Getting current node: node1
2025-10-14 22:43:59.663 INFO {ThreadPoolExecutor-0_0} [flow] (get_curr_inp) {D:\Project\V1\FlowKit\src\FlowKitControlUint\controlunit\fcb\flow.py:28} Getting current input data: {'a': 1, 'b': 2}
2025-10-14 22:43:59.663 INFO {ThreadPoolExecutor-0_0} [flow_control_block] (_run_node) {D:\Project\V1\FlowKit\src\FlowKitControlUint\controlunit\fcb\flow_control_block.py:57} Executing node 'node1' in flow 670dbfc1-653a-4f18-98d5-842df98f3eda
2025-10-14 22:43:59.663 INFO {ThreadPoolExecutor-0_0} [node] (run) {D:\Project\V1\FlowKit\src\FlowKitControlUint\controlunit\fcb\node.py:55} Executing node 'node1' [runner_id=335e67f8-d9e8-417a-aaca-510a14a40a52] with inputs: {'a': 1, 'b': 2}
2025-10-14 22:43:59.663 INFO {ThreadPoolExecutor-0_0} [node] (run) {D:\Project\V1\FlowKit\src\FlowKitControlUint\controlunit\fcb\node.py:58} Sending POST to http://127.0.0.1:8500/nodes/add-node with payload keys: ['node_name', 'code', 'inputs', 'runner_id']
2025-10-14 22:43:59.663 INFO {MainThread} [fcb_queue] (recover_from_storage) {D:\Project\V1\FlowKit\src\FlowKitControlUint\controlunit\fcb_queue.py:61} \u2705 Recovered and started FCB with id 670dbfc1-653a-4f18-98d5-842df98f3eda from storage
2025-10-14 22:43:59.664 INFO {MainThread} [flow] (__init__) {D:\Project\V1\FlowKit\src\FlowKitControlUint\controlunit\fcb\flow.py:12} Flow initialized with 2 nodes
2025-10-14 22:43:59.664 INFO {MainThread} [flow_control_block] (__init__) {D:\Project\V1\FlowKit\src\FlowKitControlUint\controlunit\fcb\flow_control_block.py:27} FlowControlBlock 55ec8d8e-f9d0-4b88-91a7-b61becaaa351 initialized in QUEUED state
2025-10-14 22:43:59.664 INFO {MainThread} [flow_control_block] (start) {D:\Project\V1\FlowKit\src\FlowKitControlUint\controlunit\fcb\flow_control_block.py:30} FlowControlBlock 55ec8d8e-f9d0-4b88-91a7-b61becaaa351 starting
2025-10-14 22:43:59.664 INFO {MainThread} [flow_control_block] (exec) {D:\Project\V1\FlowKit\src\FlowKitControlUint\controlunit\fcb\flow_control_block.py:72} Submitting next node execution for flow 55ec8d8e-f9d0-4b88-91a7-b61becaaa351
2025-10-14 22:43:59.665 INFO {ThreadPoolExecutor-0_1} [flow] (get_curr_node) {D:\Project\V1\FlowKit\src\FlowKitControlUint\controlunit\fcb\flow.py:24} Getting current node: node1
2025-10-14 22:43:59.665 INFO {ThreadPoolExecutor-0_1} [flow] (get_curr_inp) {D:\Project\V1\FlowKit\src\FlowKitControlUint\controlunit\fcb\flow.py:28} Getting current input data: {'a': 1, 'b': 2}
2025-10-14 22:43:59.665 INFO {ThreadPoolExecutor-0_1} [flow_control_block] (_run_node) {D:\Project\V1\FlowKit\src\FlowKitControlUint\controlunit\fcb\flow_control_block.py:57} Executing node 'node1' in flow 55ec8d8e-f9d0-4b88-91a7-b61becaaa351
2025-10-14 22:43:59.666 INFO {ThreadPoolExecutor-0_1} [node] (run) {D:\Project\V1\FlowKit\src\FlowKitControlUint\controlunit\fcb\node.py:55} Executing node 'node1' [runner_id=97203554-afdc-4fcd-8a20-8e0eab8e0924] with inputs: {'a': 1, 'b': 2}
2025-10-14 22:43:59.666 INFO {ThreadPoolExecutor-0_1} [node] (run) {D:\Project\V1\FlowKit\src\FlowKitControlUint\controlunit\fcb\node.py:58} Sending POST to http://127.0.0.1:8500/nodes/add-node with payload keys: ['node_name', 'code', 'inputs', 'runner_id']
2025-10-14 22:43:59.665 INFO {MainThread} [fcb_queue] (recover_from_storage) {D:\Project\V1\FlowKit\src\FlowKitControlUint\controlunit\fcb_queue.py:61} \u2705 Recovered and started FCB with id 55ec8d8e-f9d0-4b88-91a7-b61becaaa351 from storage
2025-10-14 22:43:59.666 INFO {MainThread} [main] (lifespan) {D:\Project\V1\FlowKit\src\FlowKitControlUint\main.py:39} Recovered FCB_QUEUE from storage
2025-10-14 22:44:02.141 INFO {MainThread} [main] (log_requests) {D:\Project\V1\FlowKit\src\FlowKitControlUint\main.py:48} Incoming request: POST http://127.0.0.1:9500/fcb/add
2025-10-14 22:44:02.146 INFO {MainThread} [main] (add_fcb) {D:\Project\V1\FlowKit\src\FlowKitControlUint\main.py:60} Add FCB request received with nodes: ['start', 'node1']
2025-10-14 22:44:02.146 INFO {MainThread} [flow] (__init__) {D:\Project\V1\FlowKit\src\FlowKitControlUint\controlunit\fcb\flow.py:12} Flow initialized with 2 nodes
2025-10-14 22:44:02.146 INFO {MainThread} [flow_control_block] (__init__) {D:\Project\V1\FlowKit\src\FlowKitControlUint\controlunit\fcb\flow_control_block.py:27} FlowControlBlock cb428a23-c5d8-4603-8659-cbe13d24215b initialized in QUEUED state
2025-10-14 22:44:02.146 INFO {MainThread} [fcb_queue] (add_fcb) {D:\Project\V1\FlowKit\src\FlowKitControlUint\controlunit\fcb_queue.py:109} \u2795 Added new FlowControlBlock with id cb428a23-c5d8-4603-8659-cbe13d24215b
2025-10-14 22:44:02.146 INFO {MainThread} [flow_control_block] (start) {D:\Project\V1\FlowKit\src\FlowKitControlUint\controlunit\fcb\flow_control_block.py:30} FlowControlBlock cb428a23-c5d8-4603-8659-cbe13d24215b starting
2025-10-14 22:44:02.147 INFO {MainThread} [flow_control_block] (exec) {D:\Project\V1\FlowKit\src\FlowKitControlUint\controlunit\fcb\flow_control_block.py:72} Submitting next node execution for flow cb428a23-c5d8-4603-8659-cbe13d24215b
2025-10-14 22:44:02.148 INFO {ThreadPoolExecutor-0_2} [flow] (get_curr_node) {D:\Project\V1\FlowKit\src\FlowKitControlUint\controlunit\fcb\flow.py:24} Getting current node: start
2025-10-14 22:44:02.148 INFO {ThreadPoolExecutor-0_2} [flow] (get_curr_inp) {D:\Project\V1\FlowKit\src\FlowKitControlUint\controlunit\fcb\flow.py:28} Getting current input data: {}
2025-10-14 22:44:02.148 INFO {ThreadPoolExecutor-0_2} [flow_control_block] (_run_node) {D:\Project\V1\FlowKit\src\FlowKitControlUint\controlunit\fcb\flow_control_block.py:57} Executing node 'start' in flow cb428a23-c5d8-4603-8659-cbe13d24215b
2025-10-14 22:44:02.148 INFO {ThreadPoolExecutor-0_2} [node] (run) {D:\Project\V1\FlowKit\src\FlowKitControlUint\controlunit\fcb\node.py:55} Executing node 'start' [runner_id=760d21c1-eb93-4927-a5af-b65c6f3ba96e] with inputs: {}
2025-10-14 22:44:02.149 INFO {ThreadPoolExecutor-0_2} [node] (run) {D:\Project\V1\FlowKit\src\FlowKitControlUint\controlunit\fcb\node.py:58} Sending POST to http://127.0.0.1:8500/nodes/add-node with payload keys: ['node_name', 'code', 'inputs', 'runner_id']
2025-10-14 22:44:02.148 INFO {MainThread} [fcb_queue] (start_fcb) {D:\Project\V1\FlowKit\src\FlowKitControlUint\controlunit\fcb_queue.py:117} \u25b6\ufe0f Started FlowControlBlock cb428a23-c5d8-4603-8659-cbe13d24215b
2025-10-14 22:44:02.149 INFO {MainThread} [main] (add_fcb) {D:\Project\V1\FlowKit\src\FlowKitControlUint\main.py:70} Flow Control Block added successfully with ID: cb428a23-c5d8-4603-8659-cbe13d24215b
2025-10-14 22:44:02.150 INFO {MainThread} [main] (log_requests) {D:\Project\V1\FlowKit\src\FlowKitControlUint\main.py:50} Response status: 200 for POST http://127.0.0.1:9500/fcb/add
2025-10-14 22:44:03.025 INFO {ThreadPoolExecutor-0_0} [_client] (_send_single_request) {D:\Project\V1\FlowKit\.conda\Lib\site-packages\httpx\_client.py:1025} HTTP Request: POST http://127.0.0.1:8500/nodes/add-node "HTTP/1.1 200 OK"
2025-10-14 22:44:03.025 INFO {ThreadPoolExecutor-0_0} [node] (run) {D:\Project\V1\FlowKit\src\FlowKitControlUint\controlunit\fcb\node.py:63} Response from runner received for node 'node1': {'node_name': 'node1', 'runner_id': '335e67f8-d9e8-417a-aaca-510a14a40a52', 'code_base64': 'ZnJvbSBmbG93a2l0Lm5vZGUgaW1wb3J0IE5vZGUKZnJvbSBmbG93a2l0LmxvZyBpbXBvcnQgTG9nZ2VyCgpub2RlID0gTm9kZSgpCmxvZ2dlciA9IExvZ2dlcihub2RlKQoKYXN5bmMgZGVmIG1haW4oKToKICAgICMgbm9kZXMsIG91dHB1dCwgbWVzc2FnZQogICAgaW5wdXRzID0gbm9kZS5nZXRfaW5wdXRzKCkKICAgIHJldCA9IGlucHV0c1siYSJdICsgaW5wdXRzWyJiIl0KICAgIHJldHVybiBbXSwgeyJvdXQiOiByZXR9LCAicnVuIHN1Y2Nlc3NmdWxseSIKCm5vZGUucmVnaXN0ZXJfbWFpbihtYWluKQpub2RlLnJ1bigpCg==', 'status': 'DONE', 'inputs': {'a': 1, 'b': 2}, 'logs': [], 'outputs': {'nodes': [], 'outputs': {'out': 3}, 'status': 'DONE', 'message': 'run successfully'}}
2025-10-14 22:44:03.025 INFO {ThreadPoolExecutor-0_0} [node] (run) {D:\Project\V1\FlowKit\src\FlowKitControlUint\controlunit\fcb\node.py:67} Node 'node1' execution completed successfully [runner_id=335e67f8-d9e8-417a-aaca-510a14a40a52]
2025-10-14 22:44:03.026 INFO {ThreadPoolExecutor-0_0} [flow_control_block] (_run_node) {D:\Project\V1\FlowKit\src\FlowKitControlUint\controlunit\fcb\flow_control_block.py:60} Node 'node1' executed with status 'success' in flow 670dbfc1-653a-4f18-98d5-842df98f3eda
2025-10-14 22:44:03.026 INFO {ThreadPoolExecutor-0_0} [flow_control_block] (_run_node) {D:\Project\V1\FlowKit\src\FlowKitControlUint\controlunit\fcb\flow_control_block.py:61} Node 'node1' outputs: {'out': 3}
2025-10-14 22:44:03.026 INFO {ThreadPoolExecutor-0_0} [flow_control_block] (exec_hook) {D:\Project\V1\FlowKit\src\FlowKitControlUint\controlunit\fcb\flow_control_block.py:76} Processing exec_hook for node 'node1' in flow 670dbfc1-653a-4f18-98d5-842df98f3eda
2025-10-14 22:44:03.026 INFO {ThreadPoolExecutor-0_0} [flow_control_block] (exec_hook) {D:\Project\V1\FlowKit\src\FlowKitControlUint\controlunit\fcb\flow_control_block.py:87} No more nodes to execute in flow 670dbfc1-653a-4f18-98d5-842df98f3eda, stopping
2025-10-14 22:44:03.026 INFO {ThreadPoolExecutor-0_0} [flow_control_block] (stop) {D:\Project\V1\FlowKit\src\FlowKitControlUint\controlunit\fcb\flow_control_block.py:35} FlowControlBlock 670dbfc1-653a-4f18-98d5-842df98f3eda stopping
2025-10-14 22:44:03.033 INFO {ThreadPoolExecutor-0_1} [_client] (_send_single_request) {D:\Project\V1\FlowKit\.conda\Lib\site-packages\httpx\_client.py:1025} HTTP Request: POST http://127.0.0.1:8500/nodes/add-node "HTTP/1.1 200 OK"
2025-10-14 22:44:03.034 INFO {ThreadPoolExecutor-0_1} [node] (run) {D:\Project\V1\FlowKit\src\FlowKitControlUint\controlunit\fcb\node.py:63} Response from runner received for node 'node1': {'node_name': 'node1', 'runner_id': '97203554-afdc-4fcd-8a20-8e0eab8e0924', 'code_base64': 'ZnJvbSBmbG93a2l0Lm5vZGUgaW1wb3J0IE5vZGUKZnJvbSBmbG93a2l0LmxvZyBpbXBvcnQgTG9nZ2VyCgpub2RlID0gTm9kZSgpCmxvZ2dlciA9IExvZ2dlcihub2RlKQoKYXN5bmMgZGVmIG1haW4oKToKICAgICMgbm9kZXMsIG91dHB1dCwgbWVzc2FnZQogICAgaW5wdXRzID0gbm9kZS5nZXRfaW5wdXRzKCkKICAgIHJldCA9IGlucHV0c1siYSJdICsgaW5wdXRzWyJiIl0KICAgIHJldHVybiBbXSwgeyJvdXQiOiByZXR9LCAicnVuIHN1Y2Nlc3NmdWxseSIKCm5vZGUucmVnaXN0ZXJfbWFpbihtYWluKQpub2RlLnJ1bigpCg==', 'status': 'DONE', 'inputs': {'a': 1, 'b': 2}, 'logs': [], 'outputs': {'nodes': [], 'outputs': {'out': 3}, 'status': 'DONE', 'message': 'run successfully'}}
2025-10-14 22:44:03.034 INFO {ThreadPoolExecutor-0_1} [node] (run) {D:\Project\V1\FlowKit\src\FlowKitControlUint\controlunit\fcb\node.py:67} Node 'node1' execution completed successfully [runner_id=97203554-afdc-4fcd-8a20-8e0eab8e0924]
2025-10-14 22:44:03.034 INFO {ThreadPoolExecutor-0_1} [flow_control_block] (_run_node) {D:\Project\V1\FlowKit\src\FlowKitControlUint\controlunit\fcb\flow_control_block.py:60} Node 'node1' executed with status 'success' in flow 55ec8d8e-f9d0-4b88-91a7-b61becaaa351
2025-10-14 22:44:03.034 INFO {ThreadPoolExecutor-0_1} [flow_control_block] (_run_node) {D:\Project\V1\FlowKit\src\FlowKitControlUint\controlunit\fcb\flow_control_block.py:61} Node 'node1' outputs: {'out': 3}
2025-10-14 22:44:03.034 INFO {ThreadPoolExecutor-0_1} [flow_control_block] (exec_hook) {D:\Project\V1\FlowKit\src\FlowKitControlUint\controlunit\fcb\flow_control_block.py:76} Processing exec_hook for node 'node1' in flow 55ec8d8e-f9d0-4b88-91a7-b61becaaa351
2025-10-14 22:44:03.034 INFO {ThreadPoolExecutor-0_1} [flow_control_block] (exec_hook) {D:\Project\V1\FlowKit\src\FlowKitControlUint\controlunit\fcb\flow_control_block.py:87} No more nodes to execute in flow 55ec8d8e-f9d0-4b88-91a7-b61becaaa351, stopping
2025-10-14 22:44:03.034 INFO {ThreadPoolExecutor-0_1} [flow_control_block] (stop) {D:\Project\V1\FlowKit\src\FlowKitControlUint\controlunit\fcb\flow_control_block.py:35} FlowControlBlock 55ec8d8e-f9d0-4b88-91a7-b61becaaa351 stopping
2025-10-14 22:44:04.559 INFO {ThreadPoolExecutor-0_2} [_client] (_send_single_request) {D:\Project\V1\FlowKit\.conda\Lib\site-packages\httpx\_client.py:1025} HTTP Request: POST http://127.0.0.1:8500/nodes/add-node "HTTP/1.1 200 OK"
2025-10-14 22:44:04.560 INFO {ThreadPoolExecutor-0_2} [node] (run) {D:\Project\V1\FlowKit\src\FlowKitControlUint\controlunit\fcb\node.py:63} Response from runner received for node 'start': {'node_name': 'start', 'runner_id': '760d21c1-eb93-4927-a5af-b65c6f3ba96e', 'code_base64': 'ZnJvbSBmbG93a2l0Lm5vZGUgaW1wb3J0IE5vZGUKZnJvbSBmbG93a2l0LmxvZyBpbXBvcnQgTG9nZ2VyCgpub2RlID0gTm9kZSgpCmxvZ2dlciA9IExvZ2dlcihub2RlKQoKYXN5bmMgZGVmIG1haW4oKToKICAgICMgbm9kZXMsIG91dHB1dCwgbWVzc2FnZQogICAgaW5wdXRzID0gbm9kZS5nZXRfaW5wdXRzKCkKICAgIHJldHVybiBbIm5vZGUxIl0sIHsiYSI6MSwgImIiOjJ9LCAicnVuIHN1Y2Nlc3NmdWxseSIKCm5vZGUucmVnaXN0ZXJfbWFpbihtYWluKQpub2RlLnJ1bigpCg==', 'status': 'DONE', 'inputs': {}, 'logs': [], 'outputs': {'nodes': ['node1'], 'outputs': {'a': 1, 'b': 2}, 'status': 'DONE', 'message': 'run successfully'}}
2025-10-14 22:44:04.560 INFO {ThreadPoolExecutor-0_2} [node] (run) {D:\Project\V1\FlowKit\src\FlowKitControlUint\controlunit\fcb\node.py:67} Node 'start' execution completed successfully [runner_id=760d21c1-eb93-4927-a5af-b65c6f3ba96e]
2025-10-14 22:44:04.560 INFO {ThreadPoolExecutor-0_2} [flow_control_block] (_run_node) {D:\Project\V1\FlowKit\src\FlowKitControlUint\controlunit\fcb\flow_control_block.py:60} Node 'start' executed with status 'success' in flow cb428a23-c5d8-4603-8659-cbe13d24215b
2025-10-14 22:44:04.560 INFO {ThreadPoolExecutor-0_2} [flow_control_block] (_run_node) {D:\Project\V1\FlowKit\src\FlowKitControlUint\controlunit\fcb\flow_control_block.py:61} Node 'start' outputs: {'a': 1, 'b': 2}
2025-10-14 22:44:04.561 INFO {ThreadPoolExecutor-0_2} [flow_control_block] (exec_hook) {D:\Project\V1\FlowKit\src\FlowKitControlUint\controlunit\fcb\flow_control_block.py:76} Processing exec_hook for node 'start' in flow cb428a23-c5d8-4603-8659-cbe13d24215b
2025-10-14 22:44:04.561 INFO {ThreadPoolExecutor-0_2} [flow_control_block] (exec_hook) {D:\Project\V1\FlowKit\src\FlowKitControlUint\controlunit\fcb\flow_control_block.py:82} Queued node 'node1' with inputs: {'a': 1, 'b': 2}
2025-10-14 22:44:04.561 INFO {ThreadPoolExecutor-0_2} [flow_control_block] (exec_hook) {D:\Project\V1\FlowKit\src\FlowKitControlUint\controlunit\fcb\flow_control_block.py:92} Setting pointer to node 'node1' with inputs: {'a': 1, 'b': 2}
2025-10-14 22:44:04.561 INFO {ThreadPoolExecutor-0_2} [flow] (set_pointer) {D:\Project\V1\FlowKit\src\FlowKitControlUint\controlunit\fcb\flow.py:18} Pointer set to node 'node1' with input: {'a': 1, 'b': 2}
2025-10-14 22:44:04.561 INFO {ThreadPoolExecutor-0_2} [flow_control_block] (exec_hook) {D:\Project\V1\FlowKit\src\FlowKitControlUint\controlunit\fcb\flow_control_block.py:95} Saving state for flow cb428a23-c5d8-4603-8659-cbe13d24215b
2025-10-14 22:44:04.561 INFO {ThreadPoolExecutor-0_2} [flow] (to_dict) {D:\Project\V1\FlowKit\src\FlowKitControlUint\controlunit\fcb\flow.py:37} Serialized flow to dict with 2 nodes
2025-10-14 22:44:04.565 INFO {ThreadPoolExecutor-0_2} [fcb_queue] (save_state_hook) {D:\Project\V1\FlowKit\src\FlowKitControlUint\controlunit\fcb_queue.py:83} \U0001f4be State of flow cb428a23-c5d8-4603-8659-cbe13d24215b saved to storage
2025-10-14 22:44:04.565 INFO {ThreadPoolExecutor-0_2} [flow_control_block] (exec_hook) {D:\Project\V1\FlowKit\src\FlowKitControlUint\controlunit\fcb\flow_control_block.py:98} Continuing execution of flow cb428a23-c5d8-4603-8659-cbe13d24215b
2025-10-14 22:44:04.565 INFO {ThreadPoolExecutor-0_2} [flow_control_block] (exec) {D:\Project\V1\FlowKit\src\FlowKitControlUint\controlunit\fcb\flow_control_block.py:72} Submitting next node execution for flow cb428a23-c5d8-4603-8659-cbe13d24215b
2025-10-14 22:44:04.565 INFO {ThreadPoolExecutor-0_0} [flow] (get_curr_node) {D:\Project\V1\FlowKit\src\FlowKitControlUint\controlunit\fcb\flow.py:24} Getting current node: node1
2025-10-14 22:44:04.565 INFO {ThreadPoolExecutor-0_0} [flow] (get_curr_inp) {D:\Project\V1\FlowKit\src\FlowKitControlUint\controlunit\fcb\flow.py:28} Getting current input data: {'a': 1, 'b': 2}
2025-10-14 22:44:04.565 INFO {ThreadPoolExecutor-0_0} [flow_control_block] (_run_node) {D:\Project\V1\FlowKit\src\FlowKitControlUint\controlunit\fcb\flow_control_block.py:57} Executing node 'node1' in flow cb428a23-c5d8-4603-8659-cbe13d24215b
2025-10-14 22:44:04.566 INFO {ThreadPoolExecutor-0_0} [node] (run) {D:\Project\V1\FlowKit\src\FlowKitControlUint\controlunit\fcb\node.py:55} Executing node 'node1' [runner_id=3d6421e3-b0d6-4bac-8a5d-35b18df6f424] with inputs: {'a': 1, 'b': 2}
2025-10-14 22:44:04.566 INFO {ThreadPoolExecutor-0_0} [node] (run) {D:\Project\V1\FlowKit\src\FlowKitControlUint\controlunit\fcb\node.py:58} Sending POST to http://127.0.0.1:8500/nodes/add-node with payload keys: ['node_name', 'code', 'inputs', 'runner_id']
2025-10-14 22:44:07.489 INFO {ThreadPoolExecutor-0_0} [_client] (_send_single_request) {D:\Project\V1\FlowKit\.conda\Lib\site-packages\httpx\_client.py:1025} HTTP Request: POST http://127.0.0.1:8500/nodes/add-node "HTTP/1.1 200 OK"
2025-10-14 22:44:07.490 INFO {ThreadPoolExecutor-0_0} [node] (run) {D:\Project\V1\FlowKit\src\FlowKitControlUint\controlunit\fcb\node.py:63} Response from runner received for node 'node1': {'node_name': 'node1', 'runner_id': '3d6421e3-b0d6-4bac-8a5d-35b18df6f424', 'code_base64': 'ZnJvbSBmbG93a2l0Lm5vZGUgaW1wb3J0IE5vZGUKZnJvbSBmbG93a2l0LmxvZyBpbXBvcnQgTG9nZ2VyCgpub2RlID0gTm9kZSgpCmxvZ2dlciA9IExvZ2dlcihub2RlKQoKYXN5bmMgZGVmIG1haW4oKToKICAgICMgbm9kZXMsIG91dHB1dCwgbWVzc2FnZQogICAgaW5wdXRzID0gbm9kZS5nZXRfaW5wdXRzKCkKICAgIHJldCA9IGlucHV0c1siYSJdICsgaW5wdXRzWyJiIl0KICAgIHJldHVybiBbXSwgeyJvdXQiOiByZXR9LCAicnVuIHN1Y2Nlc3NmdWxseSIKCm5vZGUucmVnaXN0ZXJfbWFpbihtYWluKQpub2RlLnJ1bigpCg==', 'status': 'DONE', 'inputs': {'a': 1, 'b': 2}, 'logs': [], 'outputs': {'nodes': [], 'outputs': {'out': 3}, 'status': 'DONE', 'message': 'run successfully'}}
2025-10-14 22:44:07.491 INFO {ThreadPoolExecutor-0_0} [node] (run) {D:\Project\V1\FlowKit\src\FlowKitControlUint\controlunit\fcb\node.py:67} Node 'node1' execution completed successfully [runner_id=3d6421e3-b0d6-4bac-8a5d-35b18df6f424]
2025-10-14 22:44:07.491 INFO {ThreadPoolExecutor-0_0} [flow_control_block] (_run_node) {D:\Project\V1\FlowKit\src\FlowKitControlUint\controlunit\fcb\flow_control_block.py:60} Node 'node1' executed with status 'success' in flow cb428a23-c5d8-4603-8659-cbe13d24215b
2025-10-14 22:44:07.491 INFO {ThreadPoolExecutor-0_0} [flow_control_block] (_run_node) {D:\Project\V1\FlowKit\src\FlowKitControlUint\controlunit\fcb\flow_control_block.py:61} Node 'node1' outputs: {'out': 3}
2025-10-14 22:44:07.491 INFO {ThreadPoolExecutor-0_0} [flow_control_block] (exec_hook) {D:\Project\V1\FlowKit\src\FlowKitControlUint\controlunit\fcb\flow_control_block.py:76} Processing exec_hook for node 'node1' in flow cb428a23-c5d8-4603-8659-cbe13d24215b
2025-10-14 22:44:07.491 INFO {ThreadPoolExecutor-0_0} [flow_control_block] (exec_hook) {D:\Project\V1\FlowKit\src\FlowKitControlUint\controlunit\fcb\flow_control_block.py:87} No more nodes to execute in flow cb428a23-c5d8-4603-8659-cbe13d24215b, stopping
2025-10-14 22:44:07.491 INFO {ThreadPoolExecutor-0_0} [flow_control_block] (stop) {D:\Project\V1\FlowKit\src\FlowKitControlUint\controlunit\fcb\flow_control_block.py:35} FlowControlBlock cb428a23-c5d8-4603-8659-cbe13d24215b stopping
2025-10-14 22:56:47.347 INFO {MainThread} [main] (log_requests) {D:\Project\V1\FlowKit\src\FlowKitControlUint\main.py:48} Incoming request: POST http://127.0.0.1:9500/fcb/add
2025-10-14 22:56:47.350 INFO {MainThread} [main] (add_fcb) {D:\Project\V1\FlowKit\src\FlowKitControlUint\main.py:60} Add FCB request received with nodes: ['start', 'node1']
2025-10-14 22:56:47.350 INFO {MainThread} [flow] (__init__) {D:\Project\V1\FlowKit\src\FlowKitControlUint\controlunit\fcb\flow.py:12} Flow initialized with 2 nodes
2025-10-14 22:56:47.351 INFO {MainThread} [flow_control_block] (__init__) {D:\Project\V1\FlowKit\src\FlowKitControlUint\controlunit\fcb\flow_control_block.py:27} FlowControlBlock c6be313a-8e99-4be4-afe6-d1143cd55bfd initialized in QUEUED state
2025-10-14 22:56:47.351 INFO {MainThread} [fcb_queue] (add_fcb) {D:\Project\V1\FlowKit\src\FlowKitControlUint\controlunit\fcb_queue.py:109} \u2795 Added new FlowControlBlock with id c6be313a-8e99-4be4-afe6-d1143cd55bfd
2025-10-14 22:56:47.351 INFO {MainThread} [flow_control_block] (start) {D:\Project\V1\FlowKit\src\FlowKitControlUint\controlunit\fcb\flow_control_block.py:30} FlowControlBlock c6be313a-8e99-4be4-afe6-d1143cd55bfd starting
2025-10-14 22:56:47.351 INFO {MainThread} [flow_control_block] (exec) {D:\Project\V1\FlowKit\src\FlowKitControlUint\controlunit\fcb\flow_control_block.py:72} Submitting next node execution for flow c6be313a-8e99-4be4-afe6-d1143cd55bfd
2025-10-14 22:56:47.352 INFO {MainThread} [fcb_queue] (start_fcb) {D:\Project\V1\FlowKit\src\FlowKitControlUint\controlunit\fcb_queue.py:117} \u25b6\ufe0f Started FlowControlBlock c6be313a-8e99-4be4-afe6-d1143cd55bfd
2025-10-14 22:56:47.352 INFO {MainThread} [main] (add_fcb) {D:\Project\V1\FlowKit\src\FlowKitControlUint\main.py:70} Flow Control Block added successfully with ID: c6be313a-8e99-4be4-afe6-d1143cd55bfd
2025-10-14 22:56:47.353 INFO {MainThread} [main] (log_requests) {D:\Project\V1\FlowKit\src\FlowKitControlUint\main.py:50} Response status: 200 for POST http://127.0.0.1:9500/fcb/add
2025-10-14 22:56:47.352 INFO {ThreadPoolExecutor-0_1} [flow] (get_curr_node) {D:\Project\V1\FlowKit\src\FlowKitControlUint\controlunit\fcb\flow.py:24} Getting current node: start
2025-10-14 22:56:47.354 INFO {ThreadPoolExecutor-0_1} [flow] (get_curr_inp) {D:\Project\V1\FlowKit\src\FlowKitControlUint\controlunit\fcb\flow.py:28} Getting current input data: {}
2025-10-14 22:56:47.354 INFO {ThreadPoolExecutor-0_1} [flow_control_block] (_run_node) {D:\Project\V1\FlowKit\src\FlowKitControlUint\controlunit\fcb\flow_control_block.py:57} Executing node 'start' in flow c6be313a-8e99-4be4-afe6-d1143cd55bfd
2025-10-14 22:56:47.355 INFO {ThreadPoolExecutor-0_1} [node] (run) {D:\Project\V1\FlowKit\src\FlowKitControlUint\controlunit\fcb\node.py:55} Executing node 'start' [runner_id=1d476524-0ca3-40b9-9049-5be2240bb8a9] with inputs: {}
2025-10-14 22:56:47.357 INFO {ThreadPoolExecutor-0_1} [node] (run) {D:\Project\V1\FlowKit\src\FlowKitControlUint\controlunit\fcb\node.py:58} Sending POST to http://127.0.0.1:8500/nodes/add-node with payload keys: ['node_name', 'code', 'inputs', 'runner_id']
2025-10-14 22:56:47.883 INFO {ThreadPoolExecutor-0_1} [_client] (_send_single_request) {D:\Project\V1\FlowKit\.conda\Lib\site-packages\httpx\_client.py:1025} HTTP Request: POST http://127.0.0.1:8500/nodes/add-node "HTTP/1.1 500 Internal Server Error"
2025-10-14 22:56:47.897 ERROR {ThreadPoolExecutor-0_1} [node] (run) {D:\Project\V1\FlowKit\src\FlowKitControlUint\controlunit\fcb\node.py:87} \u274c HTTP error for node 'start': 500 - Internal Server Error
2025-10-14 22:56:47.897 ERROR {ThreadPoolExecutor-0_1} [flow_control_block] (_run_node) {D:\Project\V1\FlowKit\src\FlowKitControlUint\controlunit\fcb\flow_control_block.py:64} Exception while executing node 'start' in flow c6be313a-8e99-4be4-afe6-d1143cd55bfd: 1 validation error for NodeExecutionData
code
  Field required [type=missing, input_value={'node_name': 'start', 'r...Internal Server Error")}, input_type=dict]
    For further information visit https://errors.pydantic.dev/2.12/v/missing
Traceback (most recent call last):
  File "D:\Project\V1\FlowKit\src\FlowKitControlUint\controlunit\fcb\flow_control_block.py", line 59, in _run_node
    result = curr_node.run(curr_inp)
  File "D:\Project\V1\FlowKit\src\FlowKitControlUint\controlunit\fcb\node.py", line 88, in run
    return NodeExecutionData(
        node_name=self.name,
    ...<5 lines>...
        outputs=NodeOutputs(nodes=[], outputs={}, status="error", message=error_msg),
    )
  File "D:\Project\V1\FlowKit\.conda\Lib\site-packages\pydantic\main.py", line 250, in __init__
    validated_self = self.__pydantic_validator__.validate_python(data, self_instance=self)
pydantic_core._pydantic_core.ValidationError: 1 validation error for NodeExecutionData
code
  Field required [type=missing, input_value={'node_name': 'start', 'r...Internal Server Error")}, input_type=dict]
    For further information visit https://errors.pydantic.dev/2.12/v/missing
2025-10-14 22:57:31.094 INFO {MainThread} [main] (log_requests) {D:\Project\V1\FlowKit\src\FlowKitControlUint\main.py:48} Incoming request: POST http://127.0.0.1:9500/fcb/add
2025-10-14 22:57:31.097 INFO {MainThread} [main] (add_fcb) {D:\Project\V1\FlowKit\src\FlowKitControlUint\main.py:60} Add FCB request received with nodes: ['start', 'node1']
2025-10-14 22:57:31.097 INFO {MainThread} [flow] (__init__) {D:\Project\V1\FlowKit\src\FlowKitControlUint\controlunit\fcb\flow.py:12} Flow initialized with 2 nodes
2025-10-14 22:57:31.098 INFO {MainThread} [flow_control_block] (__init__) {D:\Project\V1\FlowKit\src\FlowKitControlUint\controlunit\fcb\flow_control_block.py:27} FlowControlBlock d4165384-d78b-4807-a596-00940d98a579 initialized in QUEUED state
2025-10-14 22:57:31.098 INFO {MainThread} [fcb_queue] (add_fcb) {D:\Project\V1\FlowKit\src\FlowKitControlUint\controlunit\fcb_queue.py:109} \u2795 Added new FlowControlBlock with id d4165384-d78b-4807-a596-00940d98a579
2025-10-14 22:57:31.098 INFO {MainThread} [flow_control_block] (start) {D:\Project\V1\FlowKit\src\FlowKitControlUint\controlunit\fcb\flow_control_block.py:30} FlowControlBlock d4165384-d78b-4807-a596-00940d98a579 starting
2025-10-14 22:57:31.098 INFO {MainThread} [flow_control_block] (exec) {D:\Project\V1\FlowKit\src\FlowKitControlUint\controlunit\fcb\flow_control_block.py:72} Submitting next node execution for flow d4165384-d78b-4807-a596-00940d98a579
2025-10-14 22:57:31.098 INFO {MainThread} [fcb_queue] (start_fcb) {D:\Project\V1\FlowKit\src\FlowKitControlUint\controlunit\fcb_queue.py:117} \u25b6\ufe0f Started FlowControlBlock d4165384-d78b-4807-a596-00940d98a579
2025-10-14 22:57:31.098 INFO {MainThread} [main] (add_fcb) {D:\Project\V1\FlowKit\src\FlowKitControlUint\main.py:70} Flow Control Block added successfully with ID: d4165384-d78b-4807-a596-00940d98a579
2025-10-14 22:57:31.099 INFO {ThreadPoolExecutor-0_2} [flow] (get_curr_node) {D:\Project\V1\FlowKit\src\FlowKitControlUint\controlunit\fcb\flow.py:24} Getting current node: start
2025-10-14 22:57:31.100 INFO {ThreadPoolExecutor-0_2} [flow] (get_curr_inp) {D:\Project\V1\FlowKit\src\FlowKitControlUint\controlunit\fcb\flow.py:28} Getting current input data: {}
2025-10-14 22:57:31.100 INFO {ThreadPoolExecutor-0_2} [flow_control_block] (_run_node) {D:\Project\V1\FlowKit\src\FlowKitControlUint\controlunit\fcb\flow_control_block.py:57} Executing node 'start' in flow d4165384-d78b-4807-a596-00940d98a579
2025-10-14 22:57:31.101 INFO {ThreadPoolExecutor-0_2} [node] (run) {D:\Project\V1\FlowKit\src\FlowKitControlUint\controlunit\fcb\node.py:55} Executing node 'start' [runner_id=dd711664-3b9c-4a40-8385-f99b10c6975f] with inputs: {}
2025-10-14 22:57:31.101 INFO {ThreadPoolExecutor-0_2} [node] (run) {D:\Project\V1\FlowKit\src\FlowKitControlUint\controlunit\fcb\node.py:58} Sending POST to http://127.0.0.1:8500/nodes/add-node with payload keys: ['node_name', 'code', 'inputs', 'runner_id']
2025-10-14 22:57:31.100 INFO {MainThread} [main] (log_requests) {D:\Project\V1\FlowKit\src\FlowKitControlUint\main.py:50} Response status: 200 for POST http://127.0.0.1:9500/fcb/add
2025-10-14 22:57:34.480 INFO {ThreadPoolExecutor-0_2} [_client] (_send_single_request) {D:\Project\V1\FlowKit\.conda\Lib\site-packages\httpx\_client.py:1025} HTTP Request: POST http://127.0.0.1:8500/nodes/add-node "HTTP/1.1 200 OK"
2025-10-14 22:57:34.481 INFO {ThreadPoolExecutor-0_2} [node] (run) {D:\Project\V1\FlowKit\src\FlowKitControlUint\controlunit\fcb\node.py:63} Response from runner received for node 'start': {'node_name': 'start', 'runner_id': 'dd711664-3b9c-4a40-8385-f99b10c6975f', 'code_base64': 'ZnJvbSBmbG93a2l0Lm5vZGUgaW1wb3J0IE5vZGUKZnJvbSBmbG93a2l0LmxvZyBpbXBvcnQgTG9nZ2VyCgpub2RlID0gTm9kZSgpCmxvZ2dlciA9IExvZ2dlcihub2RlKQoKYXN5bmMgZGVmIG1haW4oKToKICAgICMgbm9kZXMsIG91dHB1dCwgbWVzc2FnZQogICAgaW5wdXRzID0gbm9kZS5nZXRfaW5wdXRzKCkKICAgIHJldHVybiBbIm5vZGUxIl0sIHsiYSI6MSwgImIiOjJ9LCAicnVuIHN1Y2Nlc3NmdWxseSIKCm5vZGUucmVnaXN0ZXJfbWFpbihtYWluKQpub2RlLnJ1bigpCg==', 'status': 'DONE', 'inputs': {}, 'logs': [], 'outputs': {'nodes': ['node1'], 'outputs': {'a': 1, 'b': 2}, 'status': 'DONE', 'message': 'run successfully'}}
2025-10-14 22:57:34.481 INFO {ThreadPoolExecutor-0_2} [node] (run) {D:\Project\V1\FlowKit\src\FlowKitControlUint\controlunit\fcb\node.py:67} Node 'start' execution completed successfully [runner_id=dd711664-3b9c-4a40-8385-f99b10c6975f]
2025-10-14 22:57:34.482 INFO {ThreadPoolExecutor-0_2} [flow_control_block] (_run_node) {D:\Project\V1\FlowKit\src\FlowKitControlUint\controlunit\fcb\flow_control_block.py:60} Node 'start' executed with status 'success' in flow d4165384-d78b-4807-a596-00940d98a579
2025-10-14 22:57:34.482 INFO {ThreadPoolExecutor-0_2} [flow_control_block] (_run_node) {D:\Project\V1\FlowKit\src\FlowKitControlUint\controlunit\fcb\flow_control_block.py:61} Node 'start' outputs: {'a': 1, 'b': 2}
2025-10-14 22:57:34.483 INFO {ThreadPoolExecutor-0_2} [flow_control_block] (exec_hook) {D:\Project\V1\FlowKit\src\FlowKitControlUint\controlunit\fcb\flow_control_block.py:76} Processing exec_hook for node 'start' in flow d4165384-d78b-4807-a596-00940d98a579
2025-10-14 22:57:34.483 INFO {ThreadPoolExecutor-0_2} [flow_control_block] (exec_hook) {D:\Project\V1\FlowKit\src\FlowKitControlUint\controlunit\fcb\flow_control_block.py:82} Queued node 'node1' with inputs: {'a': 1, 'b': 2}
2025-10-14 22:57:34.483 INFO {ThreadPoolExecutor-0_2} [flow_control_block] (exec_hook) {D:\Project\V1\FlowKit\src\FlowKitControlUint\controlunit\fcb\flow_control_block.py:92} Setting pointer to node 'node1' with inputs: {'a': 1, 'b': 2}
2025-10-14 22:57:34.483 INFO {ThreadPoolExecutor-0_2} [flow] (set_pointer) {D:\Project\V1\FlowKit\src\FlowKitControlUint\controlunit\fcb\flow.py:18} Pointer set to node 'node1' with input: {'a': 1, 'b': 2}
2025-10-14 22:57:34.483 INFO {ThreadPoolExecutor-0_2} [flow_control_block] (exec_hook) {D:\Project\V1\FlowKit\src\FlowKitControlUint\controlunit\fcb\flow_control_block.py:95} Saving state for flow d4165384-d78b-4807-a596-00940d98a579
2025-10-14 22:57:34.484 INFO {ThreadPoolExecutor-0_2} [flow] (to_dict) {D:\Project\V1\FlowKit\src\FlowKitControlUint\controlunit\fcb\flow.py:37} Serialized flow to dict with 2 nodes
2025-10-14 22:57:34.510 INFO {ThreadPoolExecutor-0_2} [fcb_queue] (save_state_hook) {D:\Project\V1\FlowKit\src\FlowKitControlUint\controlunit\fcb_queue.py:83} \U0001f4be State of flow d4165384-d78b-4807-a596-00940d98a579 saved to storage
2025-10-14 22:57:34.510 INFO {ThreadPoolExecutor-0_2} [flow_control_block] (exec_hook) {D:\Project\V1\FlowKit\src\FlowKitControlUint\controlunit\fcb\flow_control_block.py:98} Continuing execution of flow d4165384-d78b-4807-a596-00940d98a579
2025-10-14 22:57:34.510 INFO {ThreadPoolExecutor-0_2} [flow_control_block] (exec) {D:\Project\V1\FlowKit\src\FlowKitControlUint\controlunit\fcb\flow_control_block.py:72} Submitting next node execution for flow d4165384-d78b-4807-a596-00940d98a579
2025-10-14 22:57:34.511 INFO {ThreadPoolExecutor-0_0} [flow] (get_curr_node) {D:\Project\V1\FlowKit\src\FlowKitControlUint\controlunit\fcb\flow.py:24} Getting current node: node1
2025-10-14 22:57:34.511 INFO {ThreadPoolExecutor-0_0} [flow] (get_curr_inp) {D:\Project\V1\FlowKit\src\FlowKitControlUint\controlunit\fcb\flow.py:28} Getting current input data: {'a': 1, 'b': 2}
2025-10-14 22:57:34.511 INFO {ThreadPoolExecutor-0_0} [flow_control_block] (_run_node) {D:\Project\V1\FlowKit\src\FlowKitControlUint\controlunit\fcb\flow_control_block.py:57} Executing node 'node1' in flow d4165384-d78b-4807-a596-00940d98a579
2025-10-14 22:57:34.511 INFO {ThreadPoolExecutor-0_0} [node] (run) {D:\Project\V1\FlowKit\src\FlowKitControlUint\controlunit\fcb\node.py:55} Executing node 'node1' [runner_id=d3c7def8-fb72-4dd8-b001-401e30bc74ab] with inputs: {'a': 1, 'b': 2}
2025-10-14 22:57:34.511 INFO {ThreadPoolExecutor-0_0} [node] (run) {D:\Project\V1\FlowKit\src\FlowKitControlUint\controlunit\fcb\node.py:58} Sending POST to http://127.0.0.1:8500/nodes/add-node with payload keys: ['node_name', 'code', 'inputs', 'runner_id']
2025-10-14 22:57:38.850 INFO {ThreadPoolExecutor-0_0} [_client] (_send_single_request) {D:\Project\V1\FlowKit\.conda\Lib\site-packages\httpx\_client.py:1025} HTTP Request: POST http://127.0.0.1:8500/nodes/add-node "HTTP/1.1 200 OK"
2025-10-14 22:57:38.851 INFO {ThreadPoolExecutor-0_0} [node] (run) {D:\Project\V1\FlowKit\src\FlowKitControlUint\controlunit\fcb\node.py:63} Response from runner received for node 'node1': {'node_name': 'node1', 'runner_id': 'd3c7def8-fb72-4dd8-b001-401e30bc74ab', 'code_base64': 'ZnJvbSBmbG93a2l0Lm5vZGUgaW1wb3J0IE5vZGUKZnJvbSBmbG93a2l0LmxvZyBpbXBvcnQgTG9nZ2VyCgpub2RlID0gTm9kZSgpCmxvZ2dlciA9IExvZ2dlcihub2RlKQoKYXN5bmMgZGVmIG1haW4oKToKICAgICMgbm9kZXMsIG91dHB1dCwgbWVzc2FnZQogICAgaW5wdXRzID0gbm9kZS5nZXRfaW5wdXRzKCkKICAgIHJldCA9IGlucHV0c1siYSJdICsgaW5wdXRzWyJiIl0KICAgIHJldHVybiBbXSwgeyJvdXQiOiByZXR9LCAicnVuIHN1Y2Nlc3NmdWxseSIKCm5vZGUucmVnaXN0ZXJfbWFpbihtYWluKQpub2RlLnJ1bigpCg==', 'status': 'DONE', 'inputs': {'a': 1, 'b': 2}, 'logs': [], 'outputs': {'nodes': [], 'outputs': {'out': 3}, 'status': 'DONE', 'message': 'run successfully'}}
2025-10-14 22:57:38.851 INFO {ThreadPoolExecutor-0_0} [node] (run) {D:\Project\V1\FlowKit\src\FlowKitControlUint\controlunit\fcb\node.py:67} Node 'node1' execution completed successfully [runner_id=d3c7def8-fb72-4dd8-b001-401e30bc74ab]
2025-10-14 22:57:38.851 INFO {ThreadPoolExecutor-0_0} [flow_control_block] (_run_node) {D:\Project\V1\FlowKit\src\FlowKitControlUint\controlunit\fcb\flow_control_block.py:60} Node 'node1' executed with status 'success' in flow d4165384-d78b-4807-a596-00940d98a579
2025-10-14 22:57:38.851 INFO {ThreadPoolExecutor-0_0} [flow_control_block] (_run_node) {D:\Project\V1\FlowKit\src\FlowKitControlUint\controlunit\fcb\flow_control_block.py:61} Node 'node1' outputs: {'out': 3}
2025-10-14 22:57:38.851 INFO {ThreadPoolExecutor-0_0} [flow_control_block] (exec_hook) {D:\Project\V1\FlowKit\src\FlowKitControlUint\controlunit\fcb\flow_control_block.py:76} Processing exec_hook for node 'node1' in flow d4165384-d78b-4807-a596-00940d98a579
2025-10-14 22:57:38.852 INFO {ThreadPoolExecutor-0_0} [flow_control_block] (exec_hook) {D:\Project\V1\FlowKit\src\FlowKitControlUint\controlunit\fcb\flow_control_block.py:87} No more nodes to execute in flow d4165384-d78b-4807-a596-00940d98a579, stopping
2025-10-14 22:57:38.852 INFO {ThreadPoolExecutor-0_0} [flow_control_block] (stop) {D:\Project\V1\FlowKit\src\FlowKitControlUint\controlunit\fcb\flow_control_block.py:35} FlowControlBlock d4165384-d78b-4807-a596-00940d98a579 stopping
2025-10-14 22:58:56.421 INFO {MainThread} [fcb_queue] (clean_up) {D:\Project\V1\FlowKit\src\FlowKitControlUint\controlunit\fcb_queue.py:145} Cleaning up all FlowControlBlocks
2025-10-14 22:58:56.422 INFO {MainThread} [flow_control_block] (stop) {D:\Project\V1\FlowKit\src\FlowKitControlUint\controlunit\fcb\flow_control_block.py:35} FlowControlBlock 670dbfc1-653a-4f18-98d5-842df98f3eda stopping
2025-10-14 22:58:56.422 INFO {MainThread} [fcb_queue] (clean_up) {D:\Project\V1\FlowKit\src\FlowKitControlUint\controlunit\fcb_queue.py:149} \U0001f6d1 Stopped FlowControlBlock 670dbfc1-653a-4f18-98d5-842df98f3eda during cleanup
2025-10-14 22:58:56.422 INFO {MainThread} [flow_control_block] (stop) {D:\Project\V1\FlowKit\src\FlowKitControlUint\controlunit\fcb\flow_control_block.py:35} FlowControlBlock 55ec8d8e-f9d0-4b88-91a7-b61becaaa351 stopping
2025-10-14 22:58:56.422 INFO {MainThread} [fcb_queue] (clean_up) {D:\Project\V1\FlowKit\src\FlowKitControlUint\controlunit\fcb_queue.py:149} \U0001f6d1 Stopped FlowControlBlock 55ec8d8e-f9d0-4b88-91a7-b61becaaa351 during cleanup
2025-10-14 22:58:56.422 INFO {MainThread} [flow_control_block] (stop) {D:\Project\V1\FlowKit\src\FlowKitControlUint\controlunit\fcb\flow_control_block.py:35} FlowControlBlock cb428a23-c5d8-4603-8659-cbe13d24215b stopping
2025-10-14 22:58:56.423 INFO {MainThread} [fcb_queue] (clean_up) {D:\Project\V1\FlowKit\src\FlowKitControlUint\controlunit\fcb_queue.py:149} \U0001f6d1 Stopped FlowControlBlock cb428a23-c5d8-4603-8659-cbe13d24215b during cleanup
2025-10-14 22:58:56.423 INFO {MainThread} [flow_control_block] (stop) {D:\Project\V1\FlowKit\src\FlowKitControlUint\controlunit\fcb\flow_control_block.py:35} FlowControlBlock c6be313a-8e99-4be4-afe6-d1143cd55bfd stopping
2025-10-14 22:58:56.423 INFO {MainThread} [fcb_queue] (clean_up) {D:\Project\V1\FlowKit\src\FlowKitControlUint\controlunit\fcb_queue.py:149} \U0001f6d1 Stopped FlowControlBlock c6be313a-8e99-4be4-afe6-d1143cd55bfd during cleanup
2025-10-14 22:58:56.423 INFO {MainThread} [flow_control_block] (stop) {D:\Project\V1\FlowKit\src\FlowKitControlUint\controlunit\fcb\flow_control_block.py:35} FlowControlBlock d4165384-d78b-4807-a596-00940d98a579 stopping
2025-10-14 22:58:56.423 INFO {MainThread} [fcb_queue] (clean_up) {D:\Project\V1\FlowKit\src\FlowKitControlUint\controlunit\fcb_queue.py:149} \U0001f6d1 Stopped FlowControlBlock d4165384-d78b-4807-a596-00940d98a579 during cleanup
2025-10-14 22:58:56.427 INFO {MainThread} [fcb_queue] (clean_up) {D:\Project\V1\FlowKit\src\FlowKitControlUint\controlunit\fcb_queue.py:156} \U0001f9fd Cleaned up FlowControlBlockQueue resources
2025-10-14 22:58:56.427 INFO {MainThread} [main] (lifespan) {D:\Project\V1\FlowKit\src\FlowKitControlUint\main.py:42} Cleaned up FCB_QUEUE and shutting down
