2025-10-14 22:01:22.901 INFO {MainThread} [main] (<module>) {D:\Project\V1\FlowKit\src\FlowKitControlUint\main.py:105} Starting FastAPI app at 0.0.0.0:9500
2025-10-14 22:01:22.959 INFO {MainThread} [main] (lifespan) {D:\Project\V1\FlowKit\src\FlowKitControlUint\main.py:35} Starting FlowKit Control Unit lifespan
2025-10-14 22:01:22.993 INFO {MainThread} [fcb_queue] (__init__) {D:\Project\V1\FlowKit\src\FlowKitControlUint\controlunit\fcb_queue.py:23} Initialized FlowControlBlockQueue with MongoDB connection
2025-10-14 22:01:22.993 INFO {MainThread} [fcb_queue] (recover_from_storage) {D:\Project\V1\FlowKit\src\FlowKitControlUint\controlunit\fcb_queue.py:27} Starting recovery of FlowControlBlocks from MongoDB
2025-10-14 22:01:23.045 INFO {MainThread} [main] (lifespan) {D:\Project\V1\FlowKit\src\FlowKitControlUint\main.py:39} Recovered FCB_QUEUE from storage
2025-10-14 22:01:27.410 INFO {MainThread} [main] (log_requests) {D:\Project\V1\FlowKit\src\FlowKitControlUint\main.py:48} Incoming request: POST http://127.0.0.1:9500/fcb/add
2025-10-14 22:01:27.411 INFO {MainThread} [main] (add_fcb) {D:\Project\V1\FlowKit\src\FlowKitControlUint\main.py:60} Add FCB request received with nodes: ['start', 'node1']
2025-10-14 22:01:27.412 INFO {MainThread} [flow] (__init__) {D:\Project\V1\FlowKit\src\FlowKitControlUint\controlunit\fcb\flow.py:12} Flow initialized with 2 nodes
2025-10-14 22:01:27.412 INFO {MainThread} [flow_control_block] (__init__) {D:\Project\V1\FlowKit\src\FlowKitControlUint\controlunit\fcb\flow_control_block.py:26} FlowControlBlock 7fac39ff-937c-4586-b3f7-352aa6abed31 initialized in QUEUED state
2025-10-14 22:01:27.412 INFO {MainThread} [fcb_queue] (add_fcb) {D:\Project\V1\FlowKit\src\FlowKitControlUint\controlunit\fcb_queue.py:107} \u2795 Added new FlowControlBlock with id 7fac39ff-937c-4586-b3f7-352aa6abed31
2025-10-14 22:01:27.412 INFO {MainThread} [flow_control_block] (start) {D:\Project\V1\FlowKit\src\FlowKitControlUint\controlunit\fcb\flow_control_block.py:29} FlowControlBlock 7fac39ff-937c-4586-b3f7-352aa6abed31 starting
2025-10-14 22:01:27.412 INFO {MainThread} [flow_control_block] (exec) {D:\Project\V1\FlowKit\src\FlowKitControlUint\controlunit\fcb\flow_control_block.py:71} Submitting next node execution for flow 7fac39ff-937c-4586-b3f7-352aa6abed31
2025-10-14 22:01:27.413 INFO {ThreadPoolExecutor-1_0} [flow] (get_curr_node) {D:\Project\V1\FlowKit\src\FlowKitControlUint\controlunit\fcb\flow.py:24} Getting current node: start
2025-10-14 22:01:27.413 INFO {ThreadPoolExecutor-1_0} [flow] (get_curr_inp) {D:\Project\V1\FlowKit\src\FlowKitControlUint\controlunit\fcb\flow.py:28} Getting current input data: {}
2025-10-14 22:01:27.413 INFO {ThreadPoolExecutor-1_0} [flow_control_block] (_run_node) {D:\Project\V1\FlowKit\src\FlowKitControlUint\controlunit\fcb\flow_control_block.py:56} Executing node 'start' in flow 7fac39ff-937c-4586-b3f7-352aa6abed31
2025-10-14 22:01:27.413 INFO {ThreadPoolExecutor-1_0} [node] (run) {D:\Project\V1\FlowKit\src\FlowKitControlUint\controlunit\fcb\node.py:55} Executing node 'start' [runner_id=3350ab67-0fe9-4e22-aa8d-155abd5cd77b] with inputs: {}
2025-10-14 22:01:27.413 INFO {ThreadPoolExecutor-1_0} [node] (run) {D:\Project\V1\FlowKit\src\FlowKitControlUint\controlunit\fcb\node.py:58} Sending POST to http://127.0.0.1:8500/nodes/add-node with payload keys: ['node_name', 'code', 'inputs', 'runner_id']
2025-10-14 22:01:27.413 INFO {MainThread} [fcb_queue] (start_fcb) {D:\Project\V1\FlowKit\src\FlowKitControlUint\controlunit\fcb_queue.py:115} \u25b6\ufe0f Started FlowControlBlock 7fac39ff-937c-4586-b3f7-352aa6abed31
2025-10-14 22:01:27.414 INFO {MainThread} [main] (add_fcb) {D:\Project\V1\FlowKit\src\FlowKitControlUint\main.py:70} Flow Control Block added successfully with ID: 7fac39ff-937c-4586-b3f7-352aa6abed31
2025-10-14 22:01:27.415 INFO {MainThread} [main] (log_requests) {D:\Project\V1\FlowKit\src\FlowKitControlUint\main.py:50} Response status: 200 for POST http://127.0.0.1:9500/fcb/add
2025-10-14 22:01:29.916 INFO {ThreadPoolExecutor-1_0} [_client] (_send_single_request) {D:\Project\V1\FlowKit\.conda\Lib\site-packages\httpx\_client.py:1025} HTTP Request: POST http://127.0.0.1:8500/nodes/add-node "HTTP/1.1 200 OK"
2025-10-14 22:01:29.917 INFO {ThreadPoolExecutor-1_0} [node] (run) {D:\Project\V1\FlowKit\src\FlowKitControlUint\controlunit\fcb\node.py:63} Response from runner received for node 'start': {'node_name': 'start', 'runner_id': '3350ab67-0fe9-4e22-aa8d-155abd5cd77b', 'code_base64': 'ZnJvbSBmbG93a2l0Lm5vZGUgaW1wb3J0IE5vZGUKZnJvbSBmbG93a2l0LmxvZyBpbXBvcnQgTG9nZ2VyCgpub2RlID0gTm9kZSgpCmxvZ2dlciA9IExvZ2dlcihub2RlKQoKYXN5bmMgZGVmIG1haW4oKToKICAgICMgbm9kZXMsIG91dHB1dCwgbWVzc2FnZQogICAgaW5wdXRzID0gbm9kZS5nZXRfaW5wdXRzKCkKICAgIHJldHVybiBbIm5vZGUxIl0sIHsiYSI6MSwgImIiOjJ9LCAicnVuIHN1Y2Nlc3NmdWxseSIKCm5vZGUucmVnaXN0ZXJfbWFpbihtYWluKQpub2RlLnJ1bigpCg==', 'status': 'DONE', 'inputs': {}, 'logs': [], 'outputs': {'nodes': ['node1'], 'outputs': {'a': 1, 'b': 2}, 'status': 'DONE', 'message': 'run successfully'}}
2025-10-14 22:01:29.917 INFO {ThreadPoolExecutor-1_0} [node] (run) {D:\Project\V1\FlowKit\src\FlowKitControlUint\controlunit\fcb\node.py:67} Node 'start' execution completed successfully [runner_id=3350ab67-0fe9-4e22-aa8d-155abd5cd77b]
2025-10-14 22:01:29.917 INFO {ThreadPoolExecutor-1_0} [flow_control_block] (_run_node) {D:\Project\V1\FlowKit\src\FlowKitControlUint\controlunit\fcb\flow_control_block.py:59} Node 'start' executed with status 'success' in flow 7fac39ff-937c-4586-b3f7-352aa6abed31
2025-10-14 22:01:29.917 INFO {ThreadPoolExecutor-1_0} [flow_control_block] (_run_node) {D:\Project\V1\FlowKit\src\FlowKitControlUint\controlunit\fcb\flow_control_block.py:60} Node 'start' outputs: {'a': 1, 'b': 2}
2025-10-14 22:01:29.917 INFO {ThreadPoolExecutor-1_0} [flow_control_block] (exec_hook) {D:\Project\V1\FlowKit\src\FlowKitControlUint\controlunit\fcb\flow_control_block.py:75} Processing exec_hook for node 'start' in flow 7fac39ff-937c-4586-b3f7-352aa6abed31
2025-10-14 22:01:29.918 INFO {ThreadPoolExecutor-1_0} [flow_control_block] (exec_hook) {D:\Project\V1\FlowKit\src\FlowKitControlUint\controlunit\fcb\flow_control_block.py:81} Queued node 'node1' with inputs: {'a': 1, 'b': 2}
2025-10-14 22:01:29.918 INFO {ThreadPoolExecutor-1_0} [flow_control_block] (exec_hook) {D:\Project\V1\FlowKit\src\FlowKitControlUint\controlunit\fcb\flow_control_block.py:91} Setting pointer to node 'node1' with inputs: {'a': 1, 'b': 2}
2025-10-14 22:01:29.918 INFO {ThreadPoolExecutor-1_0} [flow] (set_pointer) {D:\Project\V1\FlowKit\src\FlowKitControlUint\controlunit\fcb\flow.py:18} Pointer set to node 'node1' with input: {'a': 1, 'b': 2}
2025-10-14 22:01:29.918 INFO {ThreadPoolExecutor-1_0} [flow_control_block] (exec_hook) {D:\Project\V1\FlowKit\src\FlowKitControlUint\controlunit\fcb\flow_control_block.py:94} Saving state for flow 7fac39ff-937c-4586-b3f7-352aa6abed31
2025-10-14 22:01:29.922 INFO {ThreadPoolExecutor-1_0} [flow_control_block] (exec_hook) {D:\Project\V1\FlowKit\src\FlowKitControlUint\controlunit\fcb\flow_control_block.py:97} Continuing execution of flow 7fac39ff-937c-4586-b3f7-352aa6abed31
2025-10-14 22:01:29.922 INFO {ThreadPoolExecutor-1_0} [flow_control_block] (exec) {D:\Project\V1\FlowKit\src\FlowKitControlUint\controlunit\fcb\flow_control_block.py:71} Submitting next node execution for flow 7fac39ff-937c-4586-b3f7-352aa6abed31
2025-10-14 22:01:29.923 INFO {ThreadPoolExecutor-1_1} [flow] (get_curr_node) {D:\Project\V1\FlowKit\src\FlowKitControlUint\controlunit\fcb\flow.py:24} Getting current node: node1
2025-10-14 22:01:29.924 INFO {ThreadPoolExecutor-1_1} [flow] (get_curr_inp) {D:\Project\V1\FlowKit\src\FlowKitControlUint\controlunit\fcb\flow.py:28} Getting current input data: {'a': 1, 'b': 2}
2025-10-14 22:01:29.924 INFO {ThreadPoolExecutor-1_1} [flow_control_block] (_run_node) {D:\Project\V1\FlowKit\src\FlowKitControlUint\controlunit\fcb\flow_control_block.py:56} Executing node 'node1' in flow 7fac39ff-937c-4586-b3f7-352aa6abed31
2025-10-14 22:01:29.924 INFO {ThreadPoolExecutor-1_1} [node] (run) {D:\Project\V1\FlowKit\src\FlowKitControlUint\controlunit\fcb\node.py:55} Executing node 'node1' [runner_id=0f8d784b-b71f-4d40-8999-4c9da5ec0c33] with inputs: {'a': 1, 'b': 2}
2025-10-14 22:01:29.924 INFO {ThreadPoolExecutor-1_1} [node] (run) {D:\Project\V1\FlowKit\src\FlowKitControlUint\controlunit\fcb\node.py:58} Sending POST to http://127.0.0.1:8500/nodes/add-node with payload keys: ['node_name', 'code', 'inputs', 'runner_id']
2025-10-14 22:01:32.377 INFO {ThreadPoolExecutor-1_1} [_client] (_send_single_request) {D:\Project\V1\FlowKit\.conda\Lib\site-packages\httpx\_client.py:1025} HTTP Request: POST http://127.0.0.1:8500/nodes/add-node "HTTP/1.1 200 OK"
2025-10-14 22:01:32.378 INFO {ThreadPoolExecutor-1_1} [node] (run) {D:\Project\V1\FlowKit\src\FlowKitControlUint\controlunit\fcb\node.py:63} Response from runner received for node 'node1': {'node_name': 'node1', 'runner_id': '0f8d784b-b71f-4d40-8999-4c9da5ec0c33', 'code_base64': 'ZnJvbSBmbG93a2l0Lm5vZGUgaW1wb3J0IE5vZGUKZnJvbSBmbG93a2l0LmxvZyBpbXBvcnQgTG9nZ2VyCgpub2RlID0gTm9kZSgpCmxvZ2dlciA9IExvZ2dlcihub2RlKQoKYXN5bmMgZGVmIG1haW4oKToKICAgICMgbm9kZXMsIG91dHB1dCwgbWVzc2FnZQogICAgaW5wdXRzID0gbm9kZS5nZXRfaW5wdXRzKCkKICAgIHJldCA9IGlucHV0c1siYSJdICsgaW5wdXRzWyJiIl0KICAgIHJldHVybiBbXSwgeyJvdXQiOiByZXR9LCAicnVuIHN1Y2Nlc3NmdWxseSIKCm5vZGUucmVnaXN0ZXJfbWFpbihtYWluKQpub2RlLnJ1bigpCg==', 'status': 'DONE', 'inputs': {'a': 1, 'b': 2}, 'logs': [], 'outputs': {'nodes': [], 'outputs': {'out': 3}, 'status': 'DONE', 'message': 'run successfully'}}
2025-10-14 22:01:32.378 INFO {ThreadPoolExecutor-1_1} [node] (run) {D:\Project\V1\FlowKit\src\FlowKitControlUint\controlunit\fcb\node.py:67} Node 'node1' execution completed successfully [runner_id=0f8d784b-b71f-4d40-8999-4c9da5ec0c33]
2025-10-14 22:01:32.378 INFO {ThreadPoolExecutor-1_1} [flow_control_block] (_run_node) {D:\Project\V1\FlowKit\src\FlowKitControlUint\controlunit\fcb\flow_control_block.py:59} Node 'node1' executed with status 'success' in flow 7fac39ff-937c-4586-b3f7-352aa6abed31
2025-10-14 22:01:32.378 INFO {ThreadPoolExecutor-1_1} [flow_control_block] (_run_node) {D:\Project\V1\FlowKit\src\FlowKitControlUint\controlunit\fcb\flow_control_block.py:60} Node 'node1' outputs: {'out': 3}
2025-10-14 22:01:32.379 INFO {ThreadPoolExecutor-1_1} [flow_control_block] (exec_hook) {D:\Project\V1\FlowKit\src\FlowKitControlUint\controlunit\fcb\flow_control_block.py:75} Processing exec_hook for node 'node1' in flow 7fac39ff-937c-4586-b3f7-352aa6abed31
2025-10-14 22:01:32.379 INFO {ThreadPoolExecutor-1_1} [flow_control_block] (exec_hook) {D:\Project\V1\FlowKit\src\FlowKitControlUint\controlunit\fcb\flow_control_block.py:86} No more nodes to execute in flow 7fac39ff-937c-4586-b3f7-352aa6abed31, stopping
2025-10-14 22:01:32.379 INFO {ThreadPoolExecutor-1_1} [flow_control_block] (stop) {D:\Project\V1\FlowKit\src\FlowKitControlUint\controlunit\fcb\flow_control_block.py:34} FlowControlBlock 7fac39ff-937c-4586-b3f7-352aa6abed31 stopping
2025-10-14 22:22:23.178 INFO {MainThread} [fcb_queue] (clean_up) {D:\Project\V1\FlowKit\src\FlowKitControlUint\controlunit\fcb_queue.py:143} Cleaning up all FlowControlBlocks
2025-10-14 22:22:23.178 INFO {MainThread} [flow_control_block] (stop) {D:\Project\V1\FlowKit\src\FlowKitControlUint\controlunit\fcb\flow_control_block.py:34} FlowControlBlock 7fac39ff-937c-4586-b3f7-352aa6abed31 stopping
2025-10-14 22:22:23.179 INFO {MainThread} [fcb_queue] (clean_up) {D:\Project\V1\FlowKit\src\FlowKitControlUint\controlunit\fcb_queue.py:147} \U0001f6d1 Stopped FlowControlBlock 7fac39ff-937c-4586-b3f7-352aa6abed31 during cleanup
2025-10-14 22:22:23.200 INFO {MainThread} [fcb_queue] (clean_up) {D:\Project\V1\FlowKit\src\FlowKitControlUint\controlunit\fcb_queue.py:154} \U0001f9fd Cleaned up FlowControlBlockQueue resources
2025-10-14 22:22:23.201 INFO {MainThread} [main] (lifespan) {D:\Project\V1\FlowKit\src\FlowKitControlUint\main.py:42} Cleaned up FCB_QUEUE and shutting down
