2025-10-14 22:42:54.017 INFO {MainThread} [main] (<module>) {D:\Project\V1\FlowKit\src\FlowKitControlUint\main.py:105} Starting FastAPI app at 0.0.0.0:9500
2025-10-14 22:42:54.052 INFO {MainThread} [main] (lifespan) {D:\Project\V1\FlowKit\src\FlowKitControlUint\main.py:35} Starting FlowKit Control Unit lifespan
2025-10-14 22:42:54.094 INFO {MainThread} [fcb_queue] (__init__) {D:\Project\V1\FlowKit\src\FlowKitControlUint\controlunit\fcb_queue.py:22} Initialized FlowControlBlockQueue with MongoDB connection (sync)
2025-10-14 22:42:54.094 INFO {MainThread} [fcb_queue] (recover_from_storage) {D:\Project\V1\FlowKit\src\FlowKitControlUint\controlunit\fcb_queue.py:26} Starting recovery of FlowControlBlocks from MongoDB
2025-10-14 22:42:54.143 INFO {MainThread} [flow] (__init__) {D:\Project\V1\FlowKit\src\FlowKitControlUint\controlunit\fcb\flow.py:12} Flow initialized with 2 nodes
2025-10-14 22:42:54.144 INFO {MainThread} [flow_control_block] (__init__) {D:\Project\V1\FlowKit\src\FlowKitControlUint\controlunit\fcb\flow_control_block.py:27} FlowControlBlock 670dbfc1-653a-4f18-98d5-842df98f3eda initialized in QUEUED state
2025-10-14 22:42:54.144 INFO {MainThread} [flow_control_block] (start) {D:\Project\V1\FlowKit\src\FlowKitControlUint\controlunit\fcb\flow_control_block.py:30} FlowControlBlock 670dbfc1-653a-4f18-98d5-842df98f3eda starting
2025-10-14 22:42:54.144 INFO {MainThread} [flow_control_block] (exec) {D:\Project\V1\FlowKit\src\FlowKitControlUint\controlunit\fcb\flow_control_block.py:72} Submitting next node execution for flow 670dbfc1-653a-4f18-98d5-842df98f3eda
2025-10-14 22:42:54.145 INFO {ThreadPoolExecutor-0_0} [flow] (get_curr_node) {D:\Project\V1\FlowKit\src\FlowKitControlUint\controlunit\fcb\flow.py:24} Getting current node: node1
2025-10-14 22:42:54.145 INFO {ThreadPoolExecutor-0_0} [flow] (get_curr_inp) {D:\Project\V1\FlowKit\src\FlowKitControlUint\controlunit\fcb\flow.py:28} Getting current input data: {'a': 1, 'b': 2}
2025-10-14 22:42:54.145 INFO {ThreadPoolExecutor-0_0} [flow_control_block] (_run_node) {D:\Project\V1\FlowKit\src\FlowKitControlUint\controlunit\fcb\flow_control_block.py:57} Executing node 'node1' in flow 670dbfc1-653a-4f18-98d5-842df98f3eda
2025-10-14 22:42:54.145 INFO {ThreadPoolExecutor-0_0} [node] (run) {D:\Project\V1\FlowKit\src\FlowKitControlUint\controlunit\fcb\node.py:55} Executing node 'node1' [runner_id=3a3d332e-2710-4524-af6f-8712e95e9b51] with inputs: {'a': 1, 'b': 2}
2025-10-14 22:42:54.145 INFO {ThreadPoolExecutor-0_0} [node] (run) {D:\Project\V1\FlowKit\src\FlowKitControlUint\controlunit\fcb\node.py:58} Sending POST to http://127.0.0.1:8500/nodes/add-node with payload keys: ['node_name', 'code', 'inputs', 'runner_id']
2025-10-14 22:42:54.146 INFO {MainThread} [fcb_queue] (recover_from_storage) {D:\Project\V1\FlowKit\src\FlowKitControlUint\controlunit\fcb_queue.py:61} \u2705 Recovered and started FCB with id 670dbfc1-653a-4f18-98d5-842df98f3eda from storage
2025-10-14 22:42:56.641 INFO {ThreadPoolExecutor-0_0} [_client] (_send_single_request) {D:\Project\V1\FlowKit\.conda\Lib\site-packages\httpx\_client.py:1025} HTTP Request: POST http://127.0.0.1:8500/nodes/add-node "HTTP/1.1 200 OK"
2025-10-14 22:42:56.642 INFO {ThreadPoolExecutor-0_0} [node] (run) {D:\Project\V1\FlowKit\src\FlowKitControlUint\controlunit\fcb\node.py:63} Response from runner received for node 'node1': {'node_name': 'node1', 'runner_id': '3a3d332e-2710-4524-af6f-8712e95e9b51', 'code_base64': 'ZnJvbSBmbG93a2l0Lm5vZGUgaW1wb3J0IE5vZGUKZnJvbSBmbG93a2l0LmxvZyBpbXBvcnQgTG9nZ2VyCgpub2RlID0gTm9kZSgpCmxvZ2dlciA9IExvZ2dlcihub2RlKQoKYXN5bmMgZGVmIG1haW4oKToKICAgICMgbm9kZXMsIG91dHB1dCwgbWVzc2FnZQogICAgaW5wdXRzID0gbm9kZS5nZXRfaW5wdXRzKCkKICAgIHJldCA9IGlucHV0c1siYSJdICsgaW5wdXRzWyJiIl0KICAgIHJldHVybiBbXSwgeyJvdXQiOiByZXR9LCAicnVuIHN1Y2Nlc3NmdWxseSIKCm5vZGUucmVnaXN0ZXJfbWFpbihtYWluKQpub2RlLnJ1bigpCg==', 'status': 'DONE', 'inputs': {'a': 1, 'b': 2}, 'logs': [], 'outputs': {'nodes': [], 'outputs': {'out': 3}, 'status': 'DONE', 'message': 'run successfully'}}
2025-10-14 22:42:56.642 INFO {ThreadPoolExecutor-0_0} [node] (run) {D:\Project\V1\FlowKit\src\FlowKitControlUint\controlunit\fcb\node.py:67} Node 'node1' execution completed successfully [runner_id=3a3d332e-2710-4524-af6f-8712e95e9b51]
2025-10-14 22:42:56.643 INFO {ThreadPoolExecutor-0_0} [flow_control_block] (_run_node) {D:\Project\V1\FlowKit\src\FlowKitControlUint\controlunit\fcb\flow_control_block.py:60} Node 'node1' executed with status 'success' in flow 670dbfc1-653a-4f18-98d5-842df98f3eda
2025-10-14 22:42:56.643 INFO {ThreadPoolExecutor-0_0} [flow_control_block] (_run_node) {D:\Project\V1\FlowKit\src\FlowKitControlUint\controlunit\fcb\flow_control_block.py:61} Node 'node1' outputs: {'out': 3}
2025-10-14 22:42:56.643 INFO {ThreadPoolExecutor-0_0} [flow_control_block] (exec_hook) {D:\Project\V1\FlowKit\src\FlowKitControlUint\controlunit\fcb\flow_control_block.py:76} Processing exec_hook for node 'node1' in flow 670dbfc1-653a-4f18-98d5-842df98f3eda
2025-10-14 22:42:56.643 INFO {ThreadPoolExecutor-0_0} [flow_control_block] (exec_hook) {D:\Project\V1\FlowKit\src\FlowKitControlUint\controlunit\fcb\flow_control_block.py:87} No more nodes to execute in flow 670dbfc1-653a-4f18-98d5-842df98f3eda, stopping
2025-10-14 22:42:56.643 INFO {ThreadPoolExecutor-0_0} [flow_control_block] (stop) {D:\Project\V1\FlowKit\src\FlowKitControlUint\controlunit\fcb\flow_control_block.py:35} FlowControlBlock 670dbfc1-653a-4f18-98d5-842df98f3eda stopping
