2025-10-15 00:41:52.942 INFO {MainThread} [main] (<module>) {D:\Project\V1\FlowKit\src\FlowKitControlUint\main.py:105} Starting FastAPI app at 0.0.0.0:9500
2025-10-15 00:41:53.008 INFO {MainThread} [main] (lifespan) {D:\Project\V1\FlowKit\src\FlowKitControlUint\main.py:35} Starting FlowKit Control Unit lifespan
2025-10-15 00:41:53.044 INFO {MainThread} [fcb_queue] (__init__) {D:\Project\V1\FlowKit\src\FlowKitControlUint\controlunit\fcb_queue.py:22} Initialized FlowControlBlockQueue with MongoDB connection (sync)
2025-10-15 00:41:53.044 INFO {MainThread} [fcb_queue] (recover_from_storage) {D:\Project\V1\FlowKit\src\FlowKitControlUint\controlunit\fcb_queue.py:26} Starting recovery of FlowControlBlocks from MongoDB
2025-10-15 00:41:53.117 INFO {MainThread} [flow] (__init__) {D:\Project\V1\FlowKit\src\FlowKitControlUint\controlunit\fcb\flow.py:12} Flow initialized with 2 nodes
2025-10-15 00:41:53.118 INFO {MainThread} [flow_control_block] (__init__) {D:\Project\V1\FlowKit\src\FlowKitControlUint\controlunit\fcb\flow_control_block.py:77} FlowControlBlock d4165384-d78b-4807-a596-00940d98a579 initialized in QUEUED state
2025-10-15 00:41:53.118 INFO {MainThread} [flow_control_block] (start) {D:\Project\V1\FlowKit\src\FlowKitControlUint\controlunit\fcb\flow_control_block.py:80} FlowControlBlock d4165384-d78b-4807-a596-00940d98a579 starting
2025-10-15 00:41:53.118 INFO {MainThread} [flow_control_block] (exec) {D:\Project\V1\FlowKit\src\FlowKitControlUint\controlunit\fcb\flow_control_block.py:136} Submitting next node execution for flow d4165384-d78b-4807-a596-00940d98a579
2025-10-15 00:41:53.118 INFO {ThreadPoolExecutor-0_0} [flow] (get_curr_node) {D:\Project\V1\FlowKit\src\FlowKitControlUint\controlunit\fcb\flow.py:24} Getting current node: node1
2025-10-15 00:41:53.119 INFO {ThreadPoolExecutor-0_0} [flow] (get_curr_inp) {D:\Project\V1\FlowKit\src\FlowKitControlUint\controlunit\fcb\flow.py:28} Getting current input data: {'a': 1, 'b': 2}
2025-10-15 00:41:53.119 INFO {ThreadPoolExecutor-0_0} [flow_control_block] (_run_node) {D:\Project\V1\FlowKit\src\FlowKitControlUint\controlunit\fcb\flow_control_block.py:107} Executing node 'node1' in flow d4165384-d78b-4807-a596-00940d98a579
2025-10-15 00:41:53.119 INFO {ThreadPoolExecutor-0_0} [node] (run) {D:\Project\V1\FlowKit\src\FlowKitControlUint\controlunit\fcb\node.py:55} Executing node 'node1' [runner_id=3b83758e-5af6-47ea-ba39-42ff87aedd35] with inputs: {'a': 1, 'b': 2}
2025-10-15 00:41:53.119 INFO {ThreadPoolExecutor-0_0} [node] (run) {D:\Project\V1\FlowKit\src\FlowKitControlUint\controlunit\fcb\node.py:58} Sending POST to http://127.0.0.1:8500/nodes/add-node with payload keys: ['node_name', 'code', 'inputs', 'runner_id']
2025-10-15 00:41:53.119 INFO {MainThread} [fcb_queue] (recover_from_storage) {D:\Project\V1\FlowKit\src\FlowKitControlUint\controlunit\fcb_queue.py:61} \u2705 Recovered and started FCB with id d4165384-d78b-4807-a596-00940d98a579 from storage
2025-10-15 00:41:53.120 INFO {MainThread} [flow] (__init__) {D:\Project\V1\FlowKit\src\FlowKitControlUint\controlunit\fcb\flow.py:12} Flow initialized with 2 nodes
2025-10-15 00:41:53.120 INFO {MainThread} [flow_control_block] (__init__) {D:\Project\V1\FlowKit\src\FlowKitControlUint\controlunit\fcb\flow_control_block.py:77} FlowControlBlock 8ac615c7-4262-4954-a884-d6582a4d6bc2 initialized in QUEUED state
2025-10-15 00:41:53.120 INFO {MainThread} [flow_control_block] (start) {D:\Project\V1\FlowKit\src\FlowKitControlUint\controlunit\fcb\flow_control_block.py:80} FlowControlBlock 8ac615c7-4262-4954-a884-d6582a4d6bc2 starting
2025-10-15 00:41:53.121 INFO {MainThread} [flow_control_block] (exec) {D:\Project\V1\FlowKit\src\FlowKitControlUint\controlunit\fcb\flow_control_block.py:136} Submitting next node execution for flow 8ac615c7-4262-4954-a884-d6582a4d6bc2
2025-10-15 00:41:53.121 INFO {ThreadPoolExecutor-0_1} [flow] (get_curr_node) {D:\Project\V1\FlowKit\src\FlowKitControlUint\controlunit\fcb\flow.py:24} Getting current node: node1
2025-10-15 00:41:53.121 INFO {ThreadPoolExecutor-0_1} [flow] (get_curr_inp) {D:\Project\V1\FlowKit\src\FlowKitControlUint\controlunit\fcb\flow.py:28} Getting current input data: {'a': 1, 'b': 2}
2025-10-15 00:41:53.121 INFO {ThreadPoolExecutor-0_1} [flow_control_block] (_run_node) {D:\Project\V1\FlowKit\src\FlowKitControlUint\controlunit\fcb\flow_control_block.py:107} Executing node 'node1' in flow 8ac615c7-4262-4954-a884-d6582a4d6bc2
2025-10-15 00:41:53.122 INFO {ThreadPoolExecutor-0_1} [node] (run) {D:\Project\V1\FlowKit\src\FlowKitControlUint\controlunit\fcb\node.py:55} Executing node 'node1' [runner_id=b5fe7209-375e-42bf-ab9a-7e641bf9e48c] with inputs: {'a': 1, 'b': 2}
2025-10-15 00:41:53.122 INFO {ThreadPoolExecutor-0_1} [node] (run) {D:\Project\V1\FlowKit\src\FlowKitControlUint\controlunit\fcb\node.py:58} Sending POST to http://127.0.0.1:8500/nodes/add-node with payload keys: ['node_name', 'code', 'inputs', 'runner_id']
2025-10-15 00:41:53.122 INFO {MainThread} [fcb_queue] (recover_from_storage) {D:\Project\V1\FlowKit\src\FlowKitControlUint\controlunit\fcb_queue.py:61} \u2705 Recovered and started FCB with id 8ac615c7-4262-4954-a884-d6582a4d6bc2 from storage
2025-10-15 00:41:53.122 INFO {MainThread} [flow] (__init__) {D:\Project\V1\FlowKit\src\FlowKitControlUint\controlunit\fcb\flow.py:12} Flow initialized with 2 nodes
2025-10-15 00:41:53.122 INFO {MainThread} [flow_control_block] (__init__) {D:\Project\V1\FlowKit\src\FlowKitControlUint\controlunit\fcb\flow_control_block.py:77} FlowControlBlock d51e109a-3dc2-43b3-aa2e-421772c62ea7 initialized in QUEUED state
2025-10-15 00:41:53.123 INFO {MainThread} [flow_control_block] (start) {D:\Project\V1\FlowKit\src\FlowKitControlUint\controlunit\fcb\flow_control_block.py:80} FlowControlBlock d51e109a-3dc2-43b3-aa2e-421772c62ea7 starting
2025-10-15 00:41:53.123 INFO {MainThread} [flow_control_block] (exec) {D:\Project\V1\FlowKit\src\FlowKitControlUint\controlunit\fcb\flow_control_block.py:136} Submitting next node execution for flow d51e109a-3dc2-43b3-aa2e-421772c62ea7
2025-10-15 00:41:53.124 INFO {ThreadPoolExecutor-0_2} [flow] (get_curr_node) {D:\Project\V1\FlowKit\src\FlowKitControlUint\controlunit\fcb\flow.py:24} Getting current node: node1
2025-10-15 00:41:53.124 INFO {ThreadPoolExecutor-0_2} [flow] (get_curr_inp) {D:\Project\V1\FlowKit\src\FlowKitControlUint\controlunit\fcb\flow.py:28} Getting current input data: {'a': 1, 'b': 2}
2025-10-15 00:41:53.124 INFO {ThreadPoolExecutor-0_2} [flow_control_block] (_run_node) {D:\Project\V1\FlowKit\src\FlowKitControlUint\controlunit\fcb\flow_control_block.py:107} Executing node 'node1' in flow d51e109a-3dc2-43b3-aa2e-421772c62ea7
2025-10-15 00:41:53.125 INFO {ThreadPoolExecutor-0_2} [node] (run) {D:\Project\V1\FlowKit\src\FlowKitControlUint\controlunit\fcb\node.py:55} Executing node 'node1' [runner_id=6afa4be8-9c8d-47f9-830d-6a4fa428fc58] with inputs: {'a': 1, 'b': 2}
2025-10-15 00:41:53.125 INFO {ThreadPoolExecutor-0_2} [node] (run) {D:\Project\V1\FlowKit\src\FlowKitControlUint\controlunit\fcb\node.py:58} Sending POST to http://127.0.0.1:8500/nodes/add-node with payload keys: ['node_name', 'code', 'inputs', 'runner_id']
2025-10-15 00:41:53.124 INFO {MainThread} [fcb_queue] (recover_from_storage) {D:\Project\V1\FlowKit\src\FlowKitControlUint\controlunit\fcb_queue.py:61} \u2705 Recovered and started FCB with id d51e109a-3dc2-43b3-aa2e-421772c62ea7 from storage
2025-10-15 00:41:53.125 INFO {MainThread} [flow] (__init__) {D:\Project\V1\FlowKit\src\FlowKitControlUint\controlunit\fcb\flow.py:12} Flow initialized with 2 nodes
2025-10-15 00:41:53.125 INFO {MainThread} [flow_control_block] (__init__) {D:\Project\V1\FlowKit\src\FlowKitControlUint\controlunit\fcb\flow_control_block.py:77} FlowControlBlock 2620ca96-5be5-4fd4-a7c4-530eafb1800f initialized in QUEUED state
2025-10-15 00:41:53.126 INFO {MainThread} [flow_control_block] (start) {D:\Project\V1\FlowKit\src\FlowKitControlUint\controlunit\fcb\flow_control_block.py:80} FlowControlBlock 2620ca96-5be5-4fd4-a7c4-530eafb1800f starting
2025-10-15 00:41:53.126 INFO {MainThread} [flow_control_block] (exec) {D:\Project\V1\FlowKit\src\FlowKitControlUint\controlunit\fcb\flow_control_block.py:136} Submitting next node execution for flow 2620ca96-5be5-4fd4-a7c4-530eafb1800f
2025-10-15 00:41:53.127 INFO {ThreadPoolExecutor-0_3} [flow] (get_curr_node) {D:\Project\V1\FlowKit\src\FlowKitControlUint\controlunit\fcb\flow.py:24} Getting current node: node1
2025-10-15 00:41:53.127 INFO {ThreadPoolExecutor-0_3} [flow] (get_curr_inp) {D:\Project\V1\FlowKit\src\FlowKitControlUint\controlunit\fcb\flow.py:28} Getting current input data: {'a': 1, 'b': 2}
2025-10-15 00:41:53.127 INFO {ThreadPoolExecutor-0_3} [flow_control_block] (_run_node) {D:\Project\V1\FlowKit\src\FlowKitControlUint\controlunit\fcb\flow_control_block.py:107} Executing node 'node1' in flow 2620ca96-5be5-4fd4-a7c4-530eafb1800f
2025-10-15 00:41:53.127 INFO {ThreadPoolExecutor-0_3} [node] (run) {D:\Project\V1\FlowKit\src\FlowKitControlUint\controlunit\fcb\node.py:55} Executing node 'node1' [runner_id=941582b8-bc69-491b-bfb1-b72a6fdaf5e1] with inputs: {'a': 1, 'b': 2}
2025-10-15 00:41:53.127 INFO {ThreadPoolExecutor-0_3} [node] (run) {D:\Project\V1\FlowKit\src\FlowKitControlUint\controlunit\fcb\node.py:58} Sending POST to http://127.0.0.1:8500/nodes/add-node with payload keys: ['node_name', 'code', 'inputs', 'runner_id']
2025-10-15 00:41:53.127 INFO {MainThread} [fcb_queue] (recover_from_storage) {D:\Project\V1\FlowKit\src\FlowKitControlUint\controlunit\fcb_queue.py:61} \u2705 Recovered and started FCB with id 2620ca96-5be5-4fd4-a7c4-530eafb1800f from storage
2025-10-15 00:41:53.128 INFO {MainThread} [flow] (__init__) {D:\Project\V1\FlowKit\src\FlowKitControlUint\controlunit\fcb\flow.py:12} Flow initialized with 2 nodes
2025-10-15 00:41:53.128 INFO {MainThread} [flow_control_block] (__init__) {D:\Project\V1\FlowKit\src\FlowKitControlUint\controlunit\fcb\flow_control_block.py:77} FlowControlBlock f0a81126-5fe9-4d55-a428-c5c96581c81f initialized in QUEUED state
2025-10-15 00:41:53.128 INFO {MainThread} [flow_control_block] (start) {D:\Project\V1\FlowKit\src\FlowKitControlUint\controlunit\fcb\flow_control_block.py:80} FlowControlBlock f0a81126-5fe9-4d55-a428-c5c96581c81f starting
2025-10-15 00:41:53.128 INFO {MainThread} [flow_control_block] (exec) {D:\Project\V1\FlowKit\src\FlowKitControlUint\controlunit\fcb\flow_control_block.py:136} Submitting next node execution for flow f0a81126-5fe9-4d55-a428-c5c96581c81f
2025-10-15 00:41:53.129 INFO {ThreadPoolExecutor-0_4} [flow] (get_curr_node) {D:\Project\V1\FlowKit\src\FlowKitControlUint\controlunit\fcb\flow.py:24} Getting current node: node1
2025-10-15 00:41:53.129 INFO {ThreadPoolExecutor-0_4} [flow] (get_curr_inp) {D:\Project\V1\FlowKit\src\FlowKitControlUint\controlunit\fcb\flow.py:28} Getting current input data: {'a': 1, 'b': 2}
2025-10-15 00:41:53.129 INFO {ThreadPoolExecutor-0_4} [flow_control_block] (_run_node) {D:\Project\V1\FlowKit\src\FlowKitControlUint\controlunit\fcb\flow_control_block.py:107} Executing node 'node1' in flow f0a81126-5fe9-4d55-a428-c5c96581c81f
2025-10-15 00:41:53.129 INFO {ThreadPoolExecutor-0_4} [node] (run) {D:\Project\V1\FlowKit\src\FlowKitControlUint\controlunit\fcb\node.py:55} Executing node 'node1' [runner_id=0bcde380-9914-418f-a789-fd6653d2b552] with inputs: {'a': 1, 'b': 2}
2025-10-15 00:41:53.129 INFO {ThreadPoolExecutor-0_4} [node] (run) {D:\Project\V1\FlowKit\src\FlowKitControlUint\controlunit\fcb\node.py:58} Sending POST to http://127.0.0.1:8500/nodes/add-node with payload keys: ['node_name', 'code', 'inputs', 'runner_id']
2025-10-15 00:41:53.129 INFO {MainThread} [fcb_queue] (recover_from_storage) {D:\Project\V1\FlowKit\src\FlowKitControlUint\controlunit\fcb_queue.py:61} \u2705 Recovered and started FCB with id f0a81126-5fe9-4d55-a428-c5c96581c81f from storage
2025-10-15 00:41:53.130 INFO {MainThread} [main] (lifespan) {D:\Project\V1\FlowKit\src\FlowKitControlUint\main.py:39} Recovered FCB_QUEUE from storage
2025-10-15 00:41:55.053 INFO {ThreadPoolExecutor-0_4} [_client] (_send_single_request) {D:\Project\V1\FlowKit\.conda\Lib\site-packages\httpx\_client.py:1025} HTTP Request: POST http://127.0.0.1:8500/nodes/add-node "HTTP/1.1 200 OK"
2025-10-15 00:41:55.054 INFO {ThreadPoolExecutor-0_4} [node] (run) {D:\Project\V1\FlowKit\src\FlowKitControlUint\controlunit\fcb\node.py:63} Response from runner received for node 'node1': {'node_name': 'node1', 'runner_id': '0bcde380-9914-418f-a789-fd6653d2b552', 'code_base64': 'ZnJvbSBmbG93a2l0Lm5vZGUgaW1wb3J0IE5vZGUKZnJvbSBmbG93a2l0LmxvZyBpbXBvcnQgTG9nZ2VyCgpub2RlID0gTm9kZSgpCmxvZ2dlciA9IExvZ2dlcihub2RlKQoKYXN5bmMgZGVmIG1haW4oKToKICAgICMgbm9kZXMsIG91dHB1dCwgbWVzc2FnZQogICAgaW5wdXRzID0gbm9kZS5nZXRfaW5wdXRzKCkKICAgIHJldCA9IGlucHV0c1siYSJdICsgaW5wdXRzWyJiIl0KICAgIHJldHVybiBbXSwgeyJvdXQiOiByZXR9LCAicnVuIHN1Y2Nlc3NmdWxseSIKCm5vZGUucmVnaXN0ZXJfbWFpbihtYWluKQpub2RlLnJ1bigp', 'status': 'DONE', 'inputs': {'a': 1, 'b': 2}, 'logs': [], 'outputs': {'nodes': [], 'outputs': {'out': 3}, 'status': 'DONE', 'message': 'run successfully'}}
2025-10-15 00:41:55.054 INFO {ThreadPoolExecutor-0_4} [node] (run) {D:\Project\V1\FlowKit\src\FlowKitControlUint\controlunit\fcb\node.py:67} Node 'node1' execution completed successfully [runner_id=0bcde380-9914-418f-a789-fd6653d2b552]
2025-10-15 00:41:55.054 INFO {ThreadPoolExecutor-0_4} [flow_control_block] (_run_node) {D:\Project\V1\FlowKit\src\FlowKitControlUint\controlunit\fcb\flow_control_block.py:110} Node 'node1' executed with status 'success' in flow f0a81126-5fe9-4d55-a428-c5c96581c81f
2025-10-15 00:41:55.054 INFO {ThreadPoolExecutor-0_4} [flow_control_block] (_run_node) {D:\Project\V1\FlowKit\src\FlowKitControlUint\controlunit\fcb\flow_control_block.py:111} Node 'node1' outputs: {'out': 3}
2025-10-15 00:41:55.054 INFO {ThreadPoolExecutor-0_4} [flow_control_block] (exec_hook) {D:\Project\V1\FlowKit\src\FlowKitControlUint\controlunit\fcb\flow_control_block.py:140} Processing exec_hook for node 'node1' in flow f0a81126-5fe9-4d55-a428-c5c96581c81f
2025-10-15 00:41:55.054 INFO {ThreadPoolExecutor-0_4} [flow_control_block] (exec_hook) {D:\Project\V1\FlowKit\src\FlowKitControlUint\controlunit\fcb\flow_control_block.py:151} No more nodes to execute in flow f0a81126-5fe9-4d55-a428-c5c96581c81f, stopping
2025-10-15 00:41:55.054 INFO {ThreadPoolExecutor-0_4} [flow_control_block] (stop) {D:\Project\V1\FlowKit\src\FlowKitControlUint\controlunit\fcb\flow_control_block.py:85} FlowControlBlock f0a81126-5fe9-4d55-a428-c5c96581c81f stopping
2025-10-15 00:41:56.809 INFO {ThreadPoolExecutor-0_3} [_client] (_send_single_request) {D:\Project\V1\FlowKit\.conda\Lib\site-packages\httpx\_client.py:1025} HTTP Request: POST http://127.0.0.1:8500/nodes/add-node "HTTP/1.1 200 OK"
2025-10-15 00:41:56.811 INFO {ThreadPoolExecutor-0_1} [_client] (_send_single_request) {D:\Project\V1\FlowKit\.conda\Lib\site-packages\httpx\_client.py:1025} HTTP Request: POST http://127.0.0.1:8500/nodes/add-node "HTTP/1.1 200 OK"
2025-10-15 00:41:56.811 INFO {ThreadPoolExecutor-0_3} [node] (run) {D:\Project\V1\FlowKit\src\FlowKitControlUint\controlunit\fcb\node.py:63} Response from runner received for node 'node1': {'node_name': 'node1', 'runner_id': '941582b8-bc69-491b-bfb1-b72a6fdaf5e1', 'code_base64': 'ZnJvbSBmbG93a2l0Lm5vZGUgaW1wb3J0IE5vZGUKZnJvbSBmbG93a2l0LmxvZyBpbXBvcnQgTG9nZ2VyCgpub2RlID0gTm9kZSgpCmxvZ2dlciA9IExvZ2dlcihub2RlKQoKYXN5bmMgZGVmIG1haW4oKToKICAgICMgbm9kZXMsIG91dHB1dCwgbWVzc2FnZQogICAgaW5wdXRzID0gbm9kZS5nZXRfaW5wdXRzKCkKICAgIHJldCA9IGlucHV0c1siYSJdICsgaW5wdXRzWyJiIl0KICAgIHJldHVybiBbXSwgeyJvdXQiOiByZXR9LCAicnVuIHN1Y2Nlc3NmdWxseSIKCm5vZGUucmVnaXN0ZXJfbWFpbihtYWluKQpub2RlLnJ1bigp', 'status': 'DONE', 'inputs': {'a': 1, 'b': 2}, 'logs': [], 'outputs': {'nodes': [], 'outputs': {'out': 3}, 'status': 'DONE', 'message': 'run successfully'}}
2025-10-15 00:41:56.812 INFO {ThreadPoolExecutor-0_3} [node] (run) {D:\Project\V1\FlowKit\src\FlowKitControlUint\controlunit\fcb\node.py:67} Node 'node1' execution completed successfully [runner_id=941582b8-bc69-491b-bfb1-b72a6fdaf5e1]
2025-10-15 00:41:56.813 INFO {ThreadPoolExecutor-0_3} [flow_control_block] (_run_node) {D:\Project\V1\FlowKit\src\FlowKitControlUint\controlunit\fcb\flow_control_block.py:110} Node 'node1' executed with status 'success' in flow 2620ca96-5be5-4fd4-a7c4-530eafb1800f
2025-10-15 00:41:56.813 INFO {ThreadPoolExecutor-0_3} [flow_control_block] (_run_node) {D:\Project\V1\FlowKit\src\FlowKitControlUint\controlunit\fcb\flow_control_block.py:111} Node 'node1' outputs: {'out': 3}
2025-10-15 00:41:56.813 INFO {ThreadPoolExecutor-0_3} [flow_control_block] (exec_hook) {D:\Project\V1\FlowKit\src\FlowKitControlUint\controlunit\fcb\flow_control_block.py:140} Processing exec_hook for node 'node1' in flow 2620ca96-5be5-4fd4-a7c4-530eafb1800f
2025-10-15 00:41:56.813 INFO {ThreadPoolExecutor-0_3} [flow_control_block] (exec_hook) {D:\Project\V1\FlowKit\src\FlowKitControlUint\controlunit\fcb\flow_control_block.py:151} No more nodes to execute in flow 2620ca96-5be5-4fd4-a7c4-530eafb1800f, stopping
2025-10-15 00:41:56.812 INFO {ThreadPoolExecutor-0_1} [node] (run) {D:\Project\V1\FlowKit\src\FlowKitControlUint\controlunit\fcb\node.py:63} Response from runner received for node 'node1': {'node_name': 'node1', 'runner_id': 'b5fe7209-375e-42bf-ab9a-7e641bf9e48c', 'code_base64': 'ZnJvbSBmbG93a2l0Lm5vZGUgaW1wb3J0IE5vZGUKZnJvbSBmbG93a2l0LmxvZyBpbXBvcnQgTG9nZ2VyCgpub2RlID0gTm9kZSgpCmxvZ2dlciA9IExvZ2dlcihub2RlKQoKYXN5bmMgZGVmIG1haW4oKToKICAgICMgbm9kZXMsIG91dHB1dCwgbWVzc2FnZQogICAgaW5wdXRzID0gbm9kZS5nZXRfaW5wdXRzKCkKICAgIHJldCA9IGlucHV0c1siYSJdICsgaW5wdXRzWyJiIl0KICAgIHJldHVybiBbXSwgeyJvdXQiOiByZXR9LCAicnVuIHN1Y2Nlc3NmdWxseSIKCm5vZGUucmVnaXN0ZXJfbWFpbihtYWluKQpub2RlLnJ1bigpCg==', 'status': 'DONE', 'inputs': {'a': 1, 'b': 2}, 'logs': [], 'outputs': {'nodes': [], 'outputs': {'out': 3}, 'status': 'DONE', 'message': 'run successfully'}}
2025-10-15 00:41:56.813 INFO {ThreadPoolExecutor-0_1} [node] (run) {D:\Project\V1\FlowKit\src\FlowKitControlUint\controlunit\fcb\node.py:67} Node 'node1' execution completed successfully [runner_id=b5fe7209-375e-42bf-ab9a-7e641bf9e48c]
2025-10-15 00:41:56.812 INFO {ThreadPoolExecutor-0_2} [_client] (_send_single_request) {D:\Project\V1\FlowKit\.conda\Lib\site-packages\httpx\_client.py:1025} HTTP Request: POST http://127.0.0.1:8500/nodes/add-node "HTTP/1.1 200 OK"
2025-10-15 00:41:56.814 INFO {ThreadPoolExecutor-0_1} [flow_control_block] (_run_node) {D:\Project\V1\FlowKit\src\FlowKitControlUint\controlunit\fcb\flow_control_block.py:110} Node 'node1' executed with status 'success' in flow 8ac615c7-4262-4954-a884-d6582a4d6bc2
2025-10-15 00:41:56.813 INFO {ThreadPoolExecutor-0_3} [flow_control_block] (stop) {D:\Project\V1\FlowKit\src\FlowKitControlUint\controlunit\fcb\flow_control_block.py:85} FlowControlBlock 2620ca96-5be5-4fd4-a7c4-530eafb1800f stopping
2025-10-15 00:41:56.815 INFO {ThreadPoolExecutor-0_2} [node] (run) {D:\Project\V1\FlowKit\src\FlowKitControlUint\controlunit\fcb\node.py:63} Response from runner received for node 'node1': {'node_name': 'node1', 'runner_id': '6afa4be8-9c8d-47f9-830d-6a4fa428fc58', 'code_base64': 'ZnJvbSBmbG93a2l0Lm5vZGUgaW1wb3J0IE5vZGUKZnJvbSBmbG93a2l0LmxvZyBpbXBvcnQgTG9nZ2VyCgpub2RlID0gTm9kZSgpCmxvZ2dlciA9IExvZ2dlcihub2RlKQoKYXN5bmMgZGVmIG1haW4oKToKICAgICMgbm9kZXMsIG91dHB1dCwgbWVzc2FnZQogICAgaW5wdXRzID0gbm9kZS5nZXRfaW5wdXRzKCkKICAgIHJldCA9IGlucHV0c1siYSJdICsgaW5wdXRzWyJiIl0KICAgIHJldHVybiBbXSwgeyJvdXQiOiByZXR9LCAicnVuIHN1Y2Nlc3NmdWxseSIKCm5vZGUucmVnaXN0ZXJfbWFpbihtYWluKQpub2RlLnJ1bigpCg==', 'status': 'DONE', 'inputs': {'a': 1, 'b': 2}, 'logs': [], 'outputs': {'nodes': [], 'outputs': {'out': 3}, 'status': 'DONE', 'message': 'run successfully'}}
2025-10-15 00:41:56.815 INFO {ThreadPoolExecutor-0_2} [node] (run) {D:\Project\V1\FlowKit\src\FlowKitControlUint\controlunit\fcb\node.py:67} Node 'node1' execution completed successfully [runner_id=6afa4be8-9c8d-47f9-830d-6a4fa428fc58]
2025-10-15 00:41:56.815 INFO {ThreadPoolExecutor-0_2} [flow_control_block] (_run_node) {D:\Project\V1\FlowKit\src\FlowKitControlUint\controlunit\fcb\flow_control_block.py:110} Node 'node1' executed with status 'success' in flow d51e109a-3dc2-43b3-aa2e-421772c62ea7
2025-10-15 00:41:56.815 INFO {ThreadPoolExecutor-0_2} [flow_control_block] (_run_node) {D:\Project\V1\FlowKit\src\FlowKitControlUint\controlunit\fcb\flow_control_block.py:111} Node 'node1' outputs: {'out': 3}
2025-10-15 00:41:56.814 INFO {ThreadPoolExecutor-0_1} [flow_control_block] (_run_node) {D:\Project\V1\FlowKit\src\FlowKitControlUint\controlunit\fcb\flow_control_block.py:111} Node 'node1' outputs: {'out': 3}
2025-10-15 00:41:56.816 INFO {ThreadPoolExecutor-0_1} [flow_control_block] (exec_hook) {D:\Project\V1\FlowKit\src\FlowKitControlUint\controlunit\fcb\flow_control_block.py:140} Processing exec_hook for node 'node1' in flow 8ac615c7-4262-4954-a884-d6582a4d6bc2
2025-10-15 00:41:56.817 INFO {ThreadPoolExecutor-0_1} [flow_control_block] (exec_hook) {D:\Project\V1\FlowKit\src\FlowKitControlUint\controlunit\fcb\flow_control_block.py:151} No more nodes to execute in flow 8ac615c7-4262-4954-a884-d6582a4d6bc2, stopping
2025-10-15 00:41:56.817 INFO {ThreadPoolExecutor-0_1} [flow_control_block] (stop) {D:\Project\V1\FlowKit\src\FlowKitControlUint\controlunit\fcb\flow_control_block.py:85} FlowControlBlock 8ac615c7-4262-4954-a884-d6582a4d6bc2 stopping
2025-10-15 00:41:56.816 INFO {ThreadPoolExecutor-0_2} [flow_control_block] (exec_hook) {D:\Project\V1\FlowKit\src\FlowKitControlUint\controlunit\fcb\flow_control_block.py:140} Processing exec_hook for node 'node1' in flow d51e109a-3dc2-43b3-aa2e-421772c62ea7
2025-10-15 00:41:56.819 INFO {ThreadPoolExecutor-0_2} [flow_control_block] (exec_hook) {D:\Project\V1\FlowKit\src\FlowKitControlUint\controlunit\fcb\flow_control_block.py:151} No more nodes to execute in flow d51e109a-3dc2-43b3-aa2e-421772c62ea7, stopping
2025-10-15 00:41:56.819 INFO {ThreadPoolExecutor-0_2} [flow_control_block] (stop) {D:\Project\V1\FlowKit\src\FlowKitControlUint\controlunit\fcb\flow_control_block.py:85} FlowControlBlock d51e109a-3dc2-43b3-aa2e-421772c62ea7 stopping
2025-10-15 00:41:56.927 INFO {ThreadPoolExecutor-0_0} [_client] (_send_single_request) {D:\Project\V1\FlowKit\.conda\Lib\site-packages\httpx\_client.py:1025} HTTP Request: POST http://127.0.0.1:8500/nodes/add-node "HTTP/1.1 200 OK"
2025-10-15 00:41:56.927 INFO {ThreadPoolExecutor-0_0} [node] (run) {D:\Project\V1\FlowKit\src\FlowKitControlUint\controlunit\fcb\node.py:63} Response from runner received for node 'node1': {'node_name': 'node1', 'runner_id': '3b83758e-5af6-47ea-ba39-42ff87aedd35', 'code_base64': 'ZnJvbSBmbG93a2l0Lm5vZGUgaW1wb3J0IE5vZGUKZnJvbSBmbG93a2l0LmxvZyBpbXBvcnQgTG9nZ2VyCgpub2RlID0gTm9kZSgpCmxvZ2dlciA9IExvZ2dlcihub2RlKQoKYXN5bmMgZGVmIG1haW4oKToKICAgICMgbm9kZXMsIG91dHB1dCwgbWVzc2FnZQogICAgaW5wdXRzID0gbm9kZS5nZXRfaW5wdXRzKCkKICAgIHJldCA9IGlucHV0c1siYSJdICsgaW5wdXRzWyJiIl0KICAgIHJldHVybiBbXSwgeyJvdXQiOiByZXR9LCAicnVuIHN1Y2Nlc3NmdWxseSIKCm5vZGUucmVnaXN0ZXJfbWFpbihtYWluKQpub2RlLnJ1bigpCg==', 'status': 'DONE', 'inputs': {'a': 1, 'b': 2}, 'logs': [], 'outputs': {'nodes': [], 'outputs': {'out': 3}, 'status': 'DONE', 'message': 'run successfully'}}
2025-10-15 00:41:56.928 INFO {ThreadPoolExecutor-0_0} [node] (run) {D:\Project\V1\FlowKit\src\FlowKitControlUint\controlunit\fcb\node.py:67} Node 'node1' execution completed successfully [runner_id=3b83758e-5af6-47ea-ba39-42ff87aedd35]
2025-10-15 00:41:56.928 INFO {ThreadPoolExecutor-0_0} [flow_control_block] (_run_node) {D:\Project\V1\FlowKit\src\FlowKitControlUint\controlunit\fcb\flow_control_block.py:110} Node 'node1' executed with status 'success' in flow d4165384-d78b-4807-a596-00940d98a579
2025-10-15 00:41:56.928 INFO {ThreadPoolExecutor-0_0} [flow_control_block] (_run_node) {D:\Project\V1\FlowKit\src\FlowKitControlUint\controlunit\fcb\flow_control_block.py:111} Node 'node1' outputs: {'out': 3}
2025-10-15 00:41:56.928 INFO {ThreadPoolExecutor-0_0} [flow_control_block] (exec_hook) {D:\Project\V1\FlowKit\src\FlowKitControlUint\controlunit\fcb\flow_control_block.py:140} Processing exec_hook for node 'node1' in flow d4165384-d78b-4807-a596-00940d98a579
2025-10-15 00:41:56.928 INFO {ThreadPoolExecutor-0_0} [flow_control_block] (exec_hook) {D:\Project\V1\FlowKit\src\FlowKitControlUint\controlunit\fcb\flow_control_block.py:151} No more nodes to execute in flow d4165384-d78b-4807-a596-00940d98a579, stopping
2025-10-15 00:41:56.928 INFO {ThreadPoolExecutor-0_0} [flow_control_block] (stop) {D:\Project\V1\FlowKit\src\FlowKitControlUint\controlunit\fcb\flow_control_block.py:85} FlowControlBlock d4165384-d78b-4807-a596-00940d98a579 stopping
2025-10-15 00:42:03.879 INFO {MainThread} [main] (log_requests) {D:\Project\V1\FlowKit\src\FlowKitControlUint\main.py:48} Incoming request: POST http://127.0.0.1:9500/fcb/add
2025-10-15 00:42:03.882 INFO {MainThread} [main] (add_fcb) {D:\Project\V1\FlowKit\src\FlowKitControlUint\main.py:60} Add FCB request received with nodes: ['start', 'node1']
2025-10-15 00:42:03.882 INFO {MainThread} [flow] (__init__) {D:\Project\V1\FlowKit\src\FlowKitControlUint\controlunit\fcb\flow.py:12} Flow initialized with 2 nodes
2025-10-15 00:42:03.882 INFO {MainThread} [flow_control_block] (__init__) {D:\Project\V1\FlowKit\src\FlowKitControlUint\controlunit\fcb\flow_control_block.py:77} FlowControlBlock cd452f43-b397-4a73-ad1f-30e1e1b060e5 initialized in QUEUED state
2025-10-15 00:42:03.882 INFO {MainThread} [fcb_queue] (add_fcb) {D:\Project\V1\FlowKit\src\FlowKitControlUint\controlunit\fcb_queue.py:109} \u2795 Added new FlowControlBlock with id cd452f43-b397-4a73-ad1f-30e1e1b060e5
2025-10-15 00:42:03.883 INFO {MainThread} [flow_control_block] (start) {D:\Project\V1\FlowKit\src\FlowKitControlUint\controlunit\fcb\flow_control_block.py:80} FlowControlBlock cd452f43-b397-4a73-ad1f-30e1e1b060e5 starting
2025-10-15 00:42:03.883 INFO {MainThread} [flow_control_block] (exec) {D:\Project\V1\FlowKit\src\FlowKitControlUint\controlunit\fcb\flow_control_block.py:136} Submitting next node execution for flow cd452f43-b397-4a73-ad1f-30e1e1b060e5
2025-10-15 00:42:03.883 INFO {MainThread} [fcb_queue] (start_fcb) {D:\Project\V1\FlowKit\src\FlowKitControlUint\controlunit\fcb_queue.py:117} \u25b6\ufe0f Started FlowControlBlock cd452f43-b397-4a73-ad1f-30e1e1b060e5
2025-10-15 00:42:03.883 INFO {MainThread} [main] (add_fcb) {D:\Project\V1\FlowKit\src\FlowKitControlUint\main.py:70} Flow Control Block added successfully with ID: cd452f43-b397-4a73-ad1f-30e1e1b060e5
2025-10-15 00:42:03.884 INFO {MainThread} [main] (log_requests) {D:\Project\V1\FlowKit\src\FlowKitControlUint\main.py:50} Response status: 200 for POST http://127.0.0.1:9500/fcb/add
2025-10-15 00:42:03.885 INFO {ThreadPoolExecutor-0_4} [flow] (get_curr_node) {D:\Project\V1\FlowKit\src\FlowKitControlUint\controlunit\fcb\flow.py:24} Getting current node: start
2025-10-15 00:42:03.886 INFO {ThreadPoolExecutor-0_4} [flow] (get_curr_inp) {D:\Project\V1\FlowKit\src\FlowKitControlUint\controlunit\fcb\flow.py:28} Getting current input data: {}
2025-10-15 00:42:03.887 INFO {ThreadPoolExecutor-0_4} [flow_control_block] (_run_node) {D:\Project\V1\FlowKit\src\FlowKitControlUint\controlunit\fcb\flow_control_block.py:107} Executing node 'start' in flow cd452f43-b397-4a73-ad1f-30e1e1b060e5
2025-10-15 00:42:03.888 INFO {ThreadPoolExecutor-0_4} [node] (run) {D:\Project\V1\FlowKit\src\FlowKitControlUint\controlunit\fcb\node.py:55} Executing node 'start' [runner_id=d5b713dd-0580-4304-ba16-f476ea162e0f] with inputs: {}
2025-10-15 00:42:03.888 INFO {ThreadPoolExecutor-0_4} [node] (run) {D:\Project\V1\FlowKit\src\FlowKitControlUint\controlunit\fcb\node.py:58} Sending POST to http://127.0.0.1:8500/nodes/add-node with payload keys: ['node_name', 'code', 'inputs', 'runner_id']
2025-10-15 00:42:06.648 INFO {ThreadPoolExecutor-0_4} [_client] (_send_single_request) {D:\Project\V1\FlowKit\.conda\Lib\site-packages\httpx\_client.py:1025} HTTP Request: POST http://127.0.0.1:8500/nodes/add-node "HTTP/1.1 200 OK"
2025-10-15 00:42:06.649 INFO {ThreadPoolExecutor-0_4} [node] (run) {D:\Project\V1\FlowKit\src\FlowKitControlUint\controlunit\fcb\node.py:63} Response from runner received for node 'start': {'node_name': 'start', 'runner_id': 'd5b713dd-0580-4304-ba16-f476ea162e0f', 'code_base64': 'ZnJvbSBmbG93a2l0Lm5vZGUgaW1wb3J0IE5vZGUKZnJvbSBmbG93a2l0LmxvZyBpbXBvcnQgTG9nZ2VyCgpub2RlID0gTm9kZSgpCmxvZ2dlciA9IExvZ2dlcihub2RlKQoKYXN5bmMgZGVmIG1haW4oKToKICAgICMgbm9kZXMsIG91dHB1dCwgbWVzc2FnZQogICAgaW5wdXRzID0gbm9kZS5nZXRfaW5wdXRzKCkKICAgIHJldHVybiBbIm5vZGUxIl0sIHsiYSI6MSwgImIiOjJ9LCAicnVuIHN1Y2Nlc3NmdWxseSIKCm5vZGUucmVnaXN0ZXJfbWFpbihtYWluKQpub2RlLnJ1bigp', 'status': 'DONE', 'inputs': {}, 'logs': [], 'outputs': {'nodes': ['node1'], 'outputs': {'a': 1, 'b': 2}, 'status': 'DONE', 'message': 'run successfully'}}
2025-10-15 00:42:06.649 INFO {ThreadPoolExecutor-0_4} [node] (run) {D:\Project\V1\FlowKit\src\FlowKitControlUint\controlunit\fcb\node.py:67} Node 'start' execution completed successfully [runner_id=d5b713dd-0580-4304-ba16-f476ea162e0f]
2025-10-15 00:42:06.649 INFO {ThreadPoolExecutor-0_4} [flow_control_block] (_run_node) {D:\Project\V1\FlowKit\src\FlowKitControlUint\controlunit\fcb\flow_control_block.py:110} Node 'start' executed with status 'success' in flow cd452f43-b397-4a73-ad1f-30e1e1b060e5
2025-10-15 00:42:06.650 INFO {ThreadPoolExecutor-0_4} [flow_control_block] (_run_node) {D:\Project\V1\FlowKit\src\FlowKitControlUint\controlunit\fcb\flow_control_block.py:111} Node 'start' outputs: {'a': 1, 'b': 2}
2025-10-15 00:42:06.650 INFO {ThreadPoolExecutor-0_4} [flow_control_block] (exec_hook) {D:\Project\V1\FlowKit\src\FlowKitControlUint\controlunit\fcb\flow_control_block.py:140} Processing exec_hook for node 'start' in flow cd452f43-b397-4a73-ad1f-30e1e1b060e5
2025-10-15 00:42:06.650 INFO {ThreadPoolExecutor-0_4} [flow_control_block] (exec_hook) {D:\Project\V1\FlowKit\src\FlowKitControlUint\controlunit\fcb\flow_control_block.py:146} Queued node 'node1' with inputs: {'a': 1, 'b': 2}
2025-10-15 00:42:06.650 INFO {ThreadPoolExecutor-0_4} [flow_control_block] (exec_hook) {D:\Project\V1\FlowKit\src\FlowKitControlUint\controlunit\fcb\flow_control_block.py:156} Setting pointer to node 'node1' with inputs: {'a': 1, 'b': 2}
2025-10-15 00:42:06.650 INFO {ThreadPoolExecutor-0_4} [flow] (set_pointer) {D:\Project\V1\FlowKit\src\FlowKitControlUint\controlunit\fcb\flow.py:18} Pointer set to node 'node1' with input: {'a': 1, 'b': 2}
2025-10-15 00:42:06.650 INFO {ThreadPoolExecutor-0_4} [flow_control_block] (exec_hook) {D:\Project\V1\FlowKit\src\FlowKitControlUint\controlunit\fcb\flow_control_block.py:159} Saving state for flow cd452f43-b397-4a73-ad1f-30e1e1b060e5
2025-10-15 00:42:06.650 INFO {ThreadPoolExecutor-0_4} [flow] (to_dict) {D:\Project\V1\FlowKit\src\FlowKitControlUint\controlunit\fcb\flow.py:37} Serialized flow to dict with 2 nodes
2025-10-15 00:42:06.692 INFO {ThreadPoolExecutor-0_4} [fcb_queue] (save_state_hook) {D:\Project\V1\FlowKit\src\FlowKitControlUint\controlunit\fcb_queue.py:83} \U0001f4be State of flow cd452f43-b397-4a73-ad1f-30e1e1b060e5 saved to storage
2025-10-15 00:42:06.692 INFO {ThreadPoolExecutor-0_4} [flow_control_block] (exec_hook) {D:\Project\V1\FlowKit\src\FlowKitControlUint\controlunit\fcb\flow_control_block.py:162} Continuing execution of flow cd452f43-b397-4a73-ad1f-30e1e1b060e5
2025-10-15 00:42:06.692 INFO {ThreadPoolExecutor-0_4} [flow_control_block] (exec) {D:\Project\V1\FlowKit\src\FlowKitControlUint\controlunit\fcb\flow_control_block.py:136} Submitting next node execution for flow cd452f43-b397-4a73-ad1f-30e1e1b060e5
2025-10-15 00:42:06.696 INFO {ThreadPoolExecutor-0_3} [flow] (get_curr_node) {D:\Project\V1\FlowKit\src\FlowKitControlUint\controlunit\fcb\flow.py:24} Getting current node: node1
2025-10-15 00:42:06.696 INFO {ThreadPoolExecutor-0_3} [flow] (get_curr_inp) {D:\Project\V1\FlowKit\src\FlowKitControlUint\controlunit\fcb\flow.py:28} Getting current input data: {'a': 1, 'b': 2}
2025-10-15 00:42:06.696 INFO {ThreadPoolExecutor-0_3} [flow_control_block] (_run_node) {D:\Project\V1\FlowKit\src\FlowKitControlUint\controlunit\fcb\flow_control_block.py:107} Executing node 'node1' in flow cd452f43-b397-4a73-ad1f-30e1e1b060e5
2025-10-15 00:42:06.696 INFO {ThreadPoolExecutor-0_3} [node] (run) {D:\Project\V1\FlowKit\src\FlowKitControlUint\controlunit\fcb\node.py:55} Executing node 'node1' [runner_id=75b2f2c8-cb69-4f4f-9277-28049543c984] with inputs: {'a': 1, 'b': 2}
2025-10-15 00:42:06.697 INFO {ThreadPoolExecutor-0_3} [node] (run) {D:\Project\V1\FlowKit\src\FlowKitControlUint\controlunit\fcb\node.py:58} Sending POST to http://127.0.0.1:8500/nodes/add-node with payload keys: ['node_name', 'code', 'inputs', 'runner_id']
2025-10-15 00:42:09.694 INFO {ThreadPoolExecutor-0_3} [_client] (_send_single_request) {D:\Project\V1\FlowKit\.conda\Lib\site-packages\httpx\_client.py:1025} HTTP Request: POST http://127.0.0.1:8500/nodes/add-node "HTTP/1.1 200 OK"
2025-10-15 00:42:09.695 INFO {ThreadPoolExecutor-0_3} [node] (run) {D:\Project\V1\FlowKit\src\FlowKitControlUint\controlunit\fcb\node.py:63} Response from runner received for node 'node1': {'node_name': 'node1', 'runner_id': '75b2f2c8-cb69-4f4f-9277-28049543c984', 'code_base64': 'ZnJvbSBmbG93a2l0Lm5vZGUgaW1wb3J0IE5vZGUKZnJvbSBmbG93a2l0LmxvZyBpbXBvcnQgTG9nZ2VyCgpub2RlID0gTm9kZSgpCmxvZ2dlciA9IExvZ2dlcihub2RlKQoKYXN5bmMgZGVmIG1haW4oKToKICAgICMgbm9kZXMsIG91dHB1dCwgbWVzc2FnZQogICAgaW5wdXRzID0gbm9kZS5nZXRfaW5wdXRzKCkKICAgIHJldCA9IGlucHV0c1siYSJdICsgaW5wdXRzWyJiIl0KICAgIHJldHVybiBbXSwgeyJvdXQiOiByZXR9LCAicnVuIHN1Y2Nlc3NmdWxseSIKCm5vZGUucmVnaXN0ZXJfbWFpbihtYWluKQpub2RlLnJ1bigp', 'status': 'DONE', 'inputs': {'a': 1, 'b': 2}, 'logs': [], 'outputs': {'nodes': [], 'outputs': {'out': 3}, 'status': 'DONE', 'message': 'run successfully'}}
2025-10-15 00:42:09.695 INFO {ThreadPoolExecutor-0_3} [node] (run) {D:\Project\V1\FlowKit\src\FlowKitControlUint\controlunit\fcb\node.py:67} Node 'node1' execution completed successfully [runner_id=75b2f2c8-cb69-4f4f-9277-28049543c984]
2025-10-15 00:42:09.696 INFO {ThreadPoolExecutor-0_3} [flow_control_block] (_run_node) {D:\Project\V1\FlowKit\src\FlowKitControlUint\controlunit\fcb\flow_control_block.py:110} Node 'node1' executed with status 'success' in flow cd452f43-b397-4a73-ad1f-30e1e1b060e5
2025-10-15 00:42:09.696 INFO {ThreadPoolExecutor-0_3} [flow_control_block] (_run_node) {D:\Project\V1\FlowKit\src\FlowKitControlUint\controlunit\fcb\flow_control_block.py:111} Node 'node1' outputs: {'out': 3}
2025-10-15 00:42:09.696 INFO {ThreadPoolExecutor-0_3} [flow_control_block] (exec_hook) {D:\Project\V1\FlowKit\src\FlowKitControlUint\controlunit\fcb\flow_control_block.py:140} Processing exec_hook for node 'node1' in flow cd452f43-b397-4a73-ad1f-30e1e1b060e5
2025-10-15 00:42:09.696 INFO {ThreadPoolExecutor-0_3} [flow_control_block] (exec_hook) {D:\Project\V1\FlowKit\src\FlowKitControlUint\controlunit\fcb\flow_control_block.py:151} No more nodes to execute in flow cd452f43-b397-4a73-ad1f-30e1e1b060e5, stopping
2025-10-15 00:42:09.696 INFO {ThreadPoolExecutor-0_3} [flow_control_block] (stop) {D:\Project\V1\FlowKit\src\FlowKitControlUint\controlunit\fcb\flow_control_block.py:85} FlowControlBlock cd452f43-b397-4a73-ad1f-30e1e1b060e5 stopping
2025-10-15 00:47:26.364 INFO {MainThread} [fcb_queue] (clean_up) {D:\Project\V1\FlowKit\src\FlowKitControlUint\controlunit\fcb_queue.py:145} Cleaning up all FlowControlBlocks
2025-10-15 00:47:26.364 INFO {MainThread} [flow_control_block] (stop) {D:\Project\V1\FlowKit\src\FlowKitControlUint\controlunit\fcb\flow_control_block.py:85} FlowControlBlock d4165384-d78b-4807-a596-00940d98a579 stopping
2025-10-15 00:47:26.364 INFO {MainThread} [fcb_queue] (clean_up) {D:\Project\V1\FlowKit\src\FlowKitControlUint\controlunit\fcb_queue.py:149} \U0001f6d1 Stopped FlowControlBlock d4165384-d78b-4807-a596-00940d98a579 during cleanup
2025-10-15 00:47:26.364 INFO {MainThread} [flow_control_block] (stop) {D:\Project\V1\FlowKit\src\FlowKitControlUint\controlunit\fcb\flow_control_block.py:85} FlowControlBlock 8ac615c7-4262-4954-a884-d6582a4d6bc2 stopping
2025-10-15 00:47:26.364 INFO {MainThread} [fcb_queue] (clean_up) {D:\Project\V1\FlowKit\src\FlowKitControlUint\controlunit\fcb_queue.py:149} \U0001f6d1 Stopped FlowControlBlock 8ac615c7-4262-4954-a884-d6582a4d6bc2 during cleanup
2025-10-15 00:47:26.364 INFO {MainThread} [flow_control_block] (stop) {D:\Project\V1\FlowKit\src\FlowKitControlUint\controlunit\fcb\flow_control_block.py:85} FlowControlBlock d51e109a-3dc2-43b3-aa2e-421772c62ea7 stopping
2025-10-15 00:47:26.364 INFO {MainThread} [fcb_queue] (clean_up) {D:\Project\V1\FlowKit\src\FlowKitControlUint\controlunit\fcb_queue.py:149} \U0001f6d1 Stopped FlowControlBlock d51e109a-3dc2-43b3-aa2e-421772c62ea7 during cleanup
2025-10-15 00:47:26.364 INFO {MainThread} [flow_control_block] (stop) {D:\Project\V1\FlowKit\src\FlowKitControlUint\controlunit\fcb\flow_control_block.py:85} FlowControlBlock 2620ca96-5be5-4fd4-a7c4-530eafb1800f stopping
2025-10-15 00:47:26.364 INFO {MainThread} [fcb_queue] (clean_up) {D:\Project\V1\FlowKit\src\FlowKitControlUint\controlunit\fcb_queue.py:149} \U0001f6d1 Stopped FlowControlBlock 2620ca96-5be5-4fd4-a7c4-530eafb1800f during cleanup
2025-10-15 00:47:26.365 INFO {MainThread} [flow_control_block] (stop) {D:\Project\V1\FlowKit\src\FlowKitControlUint\controlunit\fcb\flow_control_block.py:85} FlowControlBlock f0a81126-5fe9-4d55-a428-c5c96581c81f stopping
2025-10-15 00:47:26.365 INFO {MainThread} [fcb_queue] (clean_up) {D:\Project\V1\FlowKit\src\FlowKitControlUint\controlunit\fcb_queue.py:149} \U0001f6d1 Stopped FlowControlBlock f0a81126-5fe9-4d55-a428-c5c96581c81f during cleanup
2025-10-15 00:47:26.365 INFO {MainThread} [flow_control_block] (stop) {D:\Project\V1\FlowKit\src\FlowKitControlUint\controlunit\fcb\flow_control_block.py:85} FlowControlBlock cd452f43-b397-4a73-ad1f-30e1e1b060e5 stopping
2025-10-15 00:47:26.365 INFO {MainThread} [fcb_queue] (clean_up) {D:\Project\V1\FlowKit\src\FlowKitControlUint\controlunit\fcb_queue.py:149} \U0001f6d1 Stopped FlowControlBlock cd452f43-b397-4a73-ad1f-30e1e1b060e5 during cleanup
2025-10-15 00:47:26.368 INFO {MainThread} [fcb_queue] (clean_up) {D:\Project\V1\FlowKit\src\FlowKitControlUint\controlunit\fcb_queue.py:156} \U0001f9fd Cleaned up FlowControlBlockQueue resources
2025-10-15 00:47:26.368 INFO {MainThread} [main] (lifespan) {D:\Project\V1\FlowKit\src\FlowKitControlUint\main.py:42} Cleaned up FCB_QUEUE and shutting down
