2025-10-15 01:15:21.009 INFO {MainThread} [main] (<module>) {D:\Project\V1\FlowKit\src\FlowKitControlUint\main.py:105} Starting FastAPI app at 0.0.0.0:9500
2025-10-15 01:15:21.039 INFO {MainThread} [main] (lifespan) {D:\Project\V1\FlowKit\src\FlowKitControlUint\main.py:35} Starting FlowKit Control Unit lifespan
2025-10-15 01:15:21.081 INFO {MainThread} [fcb_queue] (__init__) {D:\Project\V1\FlowKit\src\FlowKitControlUint\controlunit\fcb_queue.py:22} Initialized FlowControlBlockQueue with MongoDB connection (sync)
2025-10-15 01:15:21.082 INFO {MainThread} [fcb_queue] (recover_from_storage) {D:\Project\V1\FlowKit\src\FlowKitControlUint\controlunit\fcb_queue.py:26} Starting recovery of FlowControlBlocks from MongoDB
2025-10-15 01:15:21.139 INFO {MainThread} [flow] (__init__) {D:\Project\V1\FlowKit\src\FlowKitControlUint\controlunit\fcb\flow.py:12} Flow initialized with 2 nodes
2025-10-15 01:15:21.139 INFO {MainThread} [flow_control_block] (__init__) {D:\Project\V1\FlowKit\src\FlowKitControlUint\controlunit\fcb\flow_control_block.py:77} FlowControlBlock d4165384-d78b-4807-a596-00940d98a579 initialized in QUEUED state
2025-10-15 01:15:21.139 INFO {MainThread} [flow_control_block] (start) {D:\Project\V1\FlowKit\src\FlowKitControlUint\controlunit\fcb\flow_control_block.py:80} FlowControlBlock d4165384-d78b-4807-a596-00940d98a579 starting
2025-10-15 01:15:21.139 INFO {MainThread} [flow_control_block] (exec) {D:\Project\V1\FlowKit\src\FlowKitControlUint\controlunit\fcb\flow_control_block.py:137} Submitting next node execution for flow d4165384-d78b-4807-a596-00940d98a579
2025-10-15 01:15:21.140 INFO {ThreadPoolExecutor-0_0} [flow] (get_curr_node) {D:\Project\V1\FlowKit\src\FlowKitControlUint\controlunit\fcb\flow.py:24} Getting current node: node1
2025-10-15 01:15:21.140 INFO {ThreadPoolExecutor-0_0} [flow] (get_curr_inp) {D:\Project\V1\FlowKit\src\FlowKitControlUint\controlunit\fcb\flow.py:28} Getting current input data: {'a': 1, 'b': 2}
2025-10-15 01:15:21.141 INFO {ThreadPoolExecutor-0_0} [flow_control_block] (_run_node) {D:\Project\V1\FlowKit\src\FlowKitControlUint\controlunit\fcb\flow_control_block.py:108} Executing node 'node1' in flow d4165384-d78b-4807-a596-00940d98a579
2025-10-15 01:15:21.141 INFO {ThreadPoolExecutor-0_0} [node] (run) {D:\Project\V1\FlowKit\src\FlowKitControlUint\controlunit\fcb\node.py:55} Executing node 'node1' [runner_id=229f5fee-1f61-4939-8130-054f25988e79] with inputs: {'a': 1, 'b': 2}
2025-10-15 01:15:21.141 INFO {ThreadPoolExecutor-0_0} [node] (run) {D:\Project\V1\FlowKit\src\FlowKitControlUint\controlunit\fcb\node.py:58} Sending POST to http://127.0.0.1:8500/nodes/add-node with payload keys: ['node_name', 'code', 'inputs', 'runner_id']
2025-10-15 01:15:21.140 INFO {MainThread} [fcb_queue] (recover_from_storage) {D:\Project\V1\FlowKit\src\FlowKitControlUint\controlunit\fcb_queue.py:61} \u2705 Recovered and started FCB with id d4165384-d78b-4807-a596-00940d98a579 from storage
2025-10-15 01:15:21.142 INFO {MainThread} [flow] (__init__) {D:\Project\V1\FlowKit\src\FlowKitControlUint\controlunit\fcb\flow.py:12} Flow initialized with 2 nodes
2025-10-15 01:15:21.142 INFO {MainThread} [flow_control_block] (__init__) {D:\Project\V1\FlowKit\src\FlowKitControlUint\controlunit\fcb\flow_control_block.py:77} FlowControlBlock 8ac615c7-4262-4954-a884-d6582a4d6bc2 initialized in QUEUED state
2025-10-15 01:15:21.142 INFO {MainThread} [flow_control_block] (start) {D:\Project\V1\FlowKit\src\FlowKitControlUint\controlunit\fcb\flow_control_block.py:80} FlowControlBlock 8ac615c7-4262-4954-a884-d6582a4d6bc2 starting
2025-10-15 01:15:21.142 INFO {MainThread} [flow_control_block] (exec) {D:\Project\V1\FlowKit\src\FlowKitControlUint\controlunit\fcb\flow_control_block.py:137} Submitting next node execution for flow 8ac615c7-4262-4954-a884-d6582a4d6bc2
2025-10-15 01:15:21.143 INFO {ThreadPoolExecutor-0_1} [flow] (get_curr_node) {D:\Project\V1\FlowKit\src\FlowKitControlUint\controlunit\fcb\flow.py:24} Getting current node: node1
2025-10-15 01:15:21.143 INFO {ThreadPoolExecutor-0_1} [flow] (get_curr_inp) {D:\Project\V1\FlowKit\src\FlowKitControlUint\controlunit\fcb\flow.py:28} Getting current input data: {'a': 1, 'b': 2}
2025-10-15 01:15:21.143 INFO {ThreadPoolExecutor-0_1} [flow_control_block] (_run_node) {D:\Project\V1\FlowKit\src\FlowKitControlUint\controlunit\fcb\flow_control_block.py:108} Executing node 'node1' in flow 8ac615c7-4262-4954-a884-d6582a4d6bc2
2025-10-15 01:15:21.143 INFO {ThreadPoolExecutor-0_1} [node] (run) {D:\Project\V1\FlowKit\src\FlowKitControlUint\controlunit\fcb\node.py:55} Executing node 'node1' [runner_id=00c3ec70-7c03-41be-9a72-00b96286baf5] with inputs: {'a': 1, 'b': 2}
2025-10-15 01:15:21.143 INFO {ThreadPoolExecutor-0_1} [node] (run) {D:\Project\V1\FlowKit\src\FlowKitControlUint\controlunit\fcb\node.py:58} Sending POST to http://127.0.0.1:8500/nodes/add-node with payload keys: ['node_name', 'code', 'inputs', 'runner_id']
2025-10-15 01:15:21.143 INFO {MainThread} [fcb_queue] (recover_from_storage) {D:\Project\V1\FlowKit\src\FlowKitControlUint\controlunit\fcb_queue.py:61} \u2705 Recovered and started FCB with id 8ac615c7-4262-4954-a884-d6582a4d6bc2 from storage
2025-10-15 01:15:21.144 INFO {MainThread} [flow] (__init__) {D:\Project\V1\FlowKit\src\FlowKitControlUint\controlunit\fcb\flow.py:12} Flow initialized with 2 nodes
2025-10-15 01:15:21.144 INFO {MainThread} [flow_control_block] (__init__) {D:\Project\V1\FlowKit\src\FlowKitControlUint\controlunit\fcb\flow_control_block.py:77} FlowControlBlock d51e109a-3dc2-43b3-aa2e-421772c62ea7 initialized in QUEUED state
2025-10-15 01:15:21.144 INFO {MainThread} [flow_control_block] (start) {D:\Project\V1\FlowKit\src\FlowKitControlUint\controlunit\fcb\flow_control_block.py:80} FlowControlBlock d51e109a-3dc2-43b3-aa2e-421772c62ea7 starting
2025-10-15 01:15:21.144 INFO {MainThread} [flow_control_block] (exec) {D:\Project\V1\FlowKit\src\FlowKitControlUint\controlunit\fcb\flow_control_block.py:137} Submitting next node execution for flow d51e109a-3dc2-43b3-aa2e-421772c62ea7
2025-10-15 01:15:21.145 INFO {ThreadPoolExecutor-0_2} [flow] (get_curr_node) {D:\Project\V1\FlowKit\src\FlowKitControlUint\controlunit\fcb\flow.py:24} Getting current node: node1
2025-10-15 01:15:21.146 INFO {ThreadPoolExecutor-0_2} [flow] (get_curr_inp) {D:\Project\V1\FlowKit\src\FlowKitControlUint\controlunit\fcb\flow.py:28} Getting current input data: {'a': 1, 'b': 2}
2025-10-15 01:15:21.146 INFO {ThreadPoolExecutor-0_2} [flow_control_block] (_run_node) {D:\Project\V1\FlowKit\src\FlowKitControlUint\controlunit\fcb\flow_control_block.py:108} Executing node 'node1' in flow d51e109a-3dc2-43b3-aa2e-421772c62ea7
2025-10-15 01:15:21.146 INFO {ThreadPoolExecutor-0_2} [node] (run) {D:\Project\V1\FlowKit\src\FlowKitControlUint\controlunit\fcb\node.py:55} Executing node 'node1' [runner_id=0dc3cf98-d074-4553-a572-4ba13457fd52] with inputs: {'a': 1, 'b': 2}
2025-10-15 01:15:21.146 INFO {ThreadPoolExecutor-0_2} [node] (run) {D:\Project\V1\FlowKit\src\FlowKitControlUint\controlunit\fcb\node.py:58} Sending POST to http://127.0.0.1:8500/nodes/add-node with payload keys: ['node_name', 'code', 'inputs', 'runner_id']
2025-10-15 01:15:21.146 INFO {MainThread} [fcb_queue] (recover_from_storage) {D:\Project\V1\FlowKit\src\FlowKitControlUint\controlunit\fcb_queue.py:61} \u2705 Recovered and started FCB with id d51e109a-3dc2-43b3-aa2e-421772c62ea7 from storage
2025-10-15 01:15:21.147 INFO {MainThread} [flow] (__init__) {D:\Project\V1\FlowKit\src\FlowKitControlUint\controlunit\fcb\flow.py:12} Flow initialized with 2 nodes
2025-10-15 01:15:21.147 INFO {MainThread} [flow_control_block] (__init__) {D:\Project\V1\FlowKit\src\FlowKitControlUint\controlunit\fcb\flow_control_block.py:77} FlowControlBlock 2620ca96-5be5-4fd4-a7c4-530eafb1800f initialized in QUEUED state
2025-10-15 01:15:21.147 INFO {MainThread} [flow_control_block] (start) {D:\Project\V1\FlowKit\src\FlowKitControlUint\controlunit\fcb\flow_control_block.py:80} FlowControlBlock 2620ca96-5be5-4fd4-a7c4-530eafb1800f starting
2025-10-15 01:15:21.147 INFO {MainThread} [flow_control_block] (exec) {D:\Project\V1\FlowKit\src\FlowKitControlUint\controlunit\fcb\flow_control_block.py:137} Submitting next node execution for flow 2620ca96-5be5-4fd4-a7c4-530eafb1800f
2025-10-15 01:15:21.148 INFO {ThreadPoolExecutor-0_3} [flow] (get_curr_node) {D:\Project\V1\FlowKit\src\FlowKitControlUint\controlunit\fcb\flow.py:24} Getting current node: node1
2025-10-15 01:15:21.148 INFO {ThreadPoolExecutor-0_3} [flow] (get_curr_inp) {D:\Project\V1\FlowKit\src\FlowKitControlUint\controlunit\fcb\flow.py:28} Getting current input data: {'a': 1, 'b': 2}
2025-10-15 01:15:21.148 INFO {ThreadPoolExecutor-0_3} [flow_control_block] (_run_node) {D:\Project\V1\FlowKit\src\FlowKitControlUint\controlunit\fcb\flow_control_block.py:108} Executing node 'node1' in flow 2620ca96-5be5-4fd4-a7c4-530eafb1800f
2025-10-15 01:15:21.148 INFO {ThreadPoolExecutor-0_3} [node] (run) {D:\Project\V1\FlowKit\src\FlowKitControlUint\controlunit\fcb\node.py:55} Executing node 'node1' [runner_id=62de2380-bd94-4859-b304-2a6977c925c6] with inputs: {'a': 1, 'b': 2}
2025-10-15 01:15:21.149 INFO {ThreadPoolExecutor-0_3} [node] (run) {D:\Project\V1\FlowKit\src\FlowKitControlUint\controlunit\fcb\node.py:58} Sending POST to http://127.0.0.1:8500/nodes/add-node with payload keys: ['node_name', 'code', 'inputs', 'runner_id']
2025-10-15 01:15:21.148 INFO {MainThread} [fcb_queue] (recover_from_storage) {D:\Project\V1\FlowKit\src\FlowKitControlUint\controlunit\fcb_queue.py:61} \u2705 Recovered and started FCB with id 2620ca96-5be5-4fd4-a7c4-530eafb1800f from storage
2025-10-15 01:15:21.150 INFO {MainThread} [flow] (__init__) {D:\Project\V1\FlowKit\src\FlowKitControlUint\controlunit\fcb\flow.py:12} Flow initialized with 2 nodes
2025-10-15 01:15:21.150 INFO {MainThread} [flow_control_block] (__init__) {D:\Project\V1\FlowKit\src\FlowKitControlUint\controlunit\fcb\flow_control_block.py:77} FlowControlBlock f0a81126-5fe9-4d55-a428-c5c96581c81f initialized in QUEUED state
2025-10-15 01:15:21.150 INFO {MainThread} [flow_control_block] (start) {D:\Project\V1\FlowKit\src\FlowKitControlUint\controlunit\fcb\flow_control_block.py:80} FlowControlBlock f0a81126-5fe9-4d55-a428-c5c96581c81f starting
2025-10-15 01:15:21.150 INFO {MainThread} [flow_control_block] (exec) {D:\Project\V1\FlowKit\src\FlowKitControlUint\controlunit\fcb\flow_control_block.py:137} Submitting next node execution for flow f0a81126-5fe9-4d55-a428-c5c96581c81f
2025-10-15 01:15:21.152 INFO {ThreadPoolExecutor-0_4} [flow] (get_curr_node) {D:\Project\V1\FlowKit\src\FlowKitControlUint\controlunit\fcb\flow.py:24} Getting current node: node1
2025-10-15 01:15:21.152 INFO {ThreadPoolExecutor-0_4} [flow] (get_curr_inp) {D:\Project\V1\FlowKit\src\FlowKitControlUint\controlunit\fcb\flow.py:28} Getting current input data: {'a': 1, 'b': 2}
2025-10-15 01:15:21.152 INFO {ThreadPoolExecutor-0_4} [flow_control_block] (_run_node) {D:\Project\V1\FlowKit\src\FlowKitControlUint\controlunit\fcb\flow_control_block.py:108} Executing node 'node1' in flow f0a81126-5fe9-4d55-a428-c5c96581c81f
2025-10-15 01:15:21.153 INFO {ThreadPoolExecutor-0_4} [node] (run) {D:\Project\V1\FlowKit\src\FlowKitControlUint\controlunit\fcb\node.py:55} Executing node 'node1' [runner_id=0f94fd50-a37d-4592-9044-75a698c8c701] with inputs: {'a': 1, 'b': 2}
2025-10-15 01:15:21.153 INFO {ThreadPoolExecutor-0_4} [node] (run) {D:\Project\V1\FlowKit\src\FlowKitControlUint\controlunit\fcb\node.py:58} Sending POST to http://127.0.0.1:8500/nodes/add-node with payload keys: ['node_name', 'code', 'inputs', 'runner_id']
2025-10-15 01:15:21.152 INFO {MainThread} [fcb_queue] (recover_from_storage) {D:\Project\V1\FlowKit\src\FlowKitControlUint\controlunit\fcb_queue.py:61} \u2705 Recovered and started FCB with id f0a81126-5fe9-4d55-a428-c5c96581c81f from storage
2025-10-15 01:15:21.153 INFO {MainThread} [flow] (__init__) {D:\Project\V1\FlowKit\src\FlowKitControlUint\controlunit\fcb\flow.py:12} Flow initialized with 2 nodes
2025-10-15 01:15:21.154 INFO {MainThread} [flow_control_block] (__init__) {D:\Project\V1\FlowKit\src\FlowKitControlUint\controlunit\fcb\flow_control_block.py:77} FlowControlBlock cd452f43-b397-4a73-ad1f-30e1e1b060e5 initialized in QUEUED state
2025-10-15 01:15:21.154 INFO {MainThread} [flow_control_block] (start) {D:\Project\V1\FlowKit\src\FlowKitControlUint\controlunit\fcb\flow_control_block.py:80} FlowControlBlock cd452f43-b397-4a73-ad1f-30e1e1b060e5 starting
2025-10-15 01:15:21.154 INFO {MainThread} [flow_control_block] (exec) {D:\Project\V1\FlowKit\src\FlowKitControlUint\controlunit\fcb\flow_control_block.py:137} Submitting next node execution for flow cd452f43-b397-4a73-ad1f-30e1e1b060e5
2025-10-15 01:15:21.154 INFO {ThreadPoolExecutor-0_5} [flow] (get_curr_node) {D:\Project\V1\FlowKit\src\FlowKitControlUint\controlunit\fcb\flow.py:24} Getting current node: node1
2025-10-15 01:15:21.154 INFO {ThreadPoolExecutor-0_5} [flow] (get_curr_inp) {D:\Project\V1\FlowKit\src\FlowKitControlUint\controlunit\fcb\flow.py:28} Getting current input data: {'a': 1, 'b': 2}
2025-10-15 01:15:21.155 INFO {ThreadPoolExecutor-0_5} [flow_control_block] (_run_node) {D:\Project\V1\FlowKit\src\FlowKitControlUint\controlunit\fcb\flow_control_block.py:108} Executing node 'node1' in flow cd452f43-b397-4a73-ad1f-30e1e1b060e5
2025-10-15 01:15:21.155 INFO {ThreadPoolExecutor-0_5} [node] (run) {D:\Project\V1\FlowKit\src\FlowKitControlUint\controlunit\fcb\node.py:55} Executing node 'node1' [runner_id=c0f57795-47ca-416e-9ff2-72978d843676] with inputs: {'a': 1, 'b': 2}
2025-10-15 01:15:21.155 INFO {ThreadPoolExecutor-0_5} [node] (run) {D:\Project\V1\FlowKit\src\FlowKitControlUint\controlunit\fcb\node.py:58} Sending POST to http://127.0.0.1:8500/nodes/add-node with payload keys: ['node_name', 'code', 'inputs', 'runner_id']
2025-10-15 01:15:21.154 INFO {MainThread} [fcb_queue] (recover_from_storage) {D:\Project\V1\FlowKit\src\FlowKitControlUint\controlunit\fcb_queue.py:61} \u2705 Recovered and started FCB with id cd452f43-b397-4a73-ad1f-30e1e1b060e5 from storage
2025-10-15 01:15:21.155 INFO {MainThread} [flow] (__init__) {D:\Project\V1\FlowKit\src\FlowKitControlUint\controlunit\fcb\flow.py:12} Flow initialized with 2 nodes
2025-10-15 01:15:21.156 INFO {MainThread} [flow_control_block] (__init__) {D:\Project\V1\FlowKit\src\FlowKitControlUint\controlunit\fcb\flow_control_block.py:77} FlowControlBlock 0268389f-2cb7-40f9-a924-acab434d2abc initialized in QUEUED state
2025-10-15 01:15:21.156 INFO {MainThread} [flow_control_block] (start) {D:\Project\V1\FlowKit\src\FlowKitControlUint\controlunit\fcb\flow_control_block.py:80} FlowControlBlock 0268389f-2cb7-40f9-a924-acab434d2abc starting
2025-10-15 01:15:21.156 INFO {MainThread} [flow_control_block] (exec) {D:\Project\V1\FlowKit\src\FlowKitControlUint\controlunit\fcb\flow_control_block.py:137} Submitting next node execution for flow 0268389f-2cb7-40f9-a924-acab434d2abc
2025-10-15 01:15:21.156 INFO {ThreadPoolExecutor-0_6} [flow] (get_curr_node) {D:\Project\V1\FlowKit\src\FlowKitControlUint\controlunit\fcb\flow.py:24} Getting current node: node1
2025-10-15 01:15:21.156 INFO {ThreadPoolExecutor-0_6} [flow] (get_curr_inp) {D:\Project\V1\FlowKit\src\FlowKitControlUint\controlunit\fcb\flow.py:28} Getting current input data: {'a': 1, 'b': 2}
2025-10-15 01:15:21.157 INFO {ThreadPoolExecutor-0_6} [flow_control_block] (_run_node) {D:\Project\V1\FlowKit\src\FlowKitControlUint\controlunit\fcb\flow_control_block.py:108} Executing node 'node1' in flow 0268389f-2cb7-40f9-a924-acab434d2abc
2025-10-15 01:15:21.157 INFO {ThreadPoolExecutor-0_6} [node] (run) {D:\Project\V1\FlowKit\src\FlowKitControlUint\controlunit\fcb\node.py:55} Executing node 'node1' [runner_id=b8897f89-ae85-4ad4-b9a8-210311b7b494] with inputs: {'a': 1, 'b': 2}
2025-10-15 01:15:21.157 INFO {ThreadPoolExecutor-0_6} [node] (run) {D:\Project\V1\FlowKit\src\FlowKitControlUint\controlunit\fcb\node.py:58} Sending POST to http://127.0.0.1:8500/nodes/add-node with payload keys: ['node_name', 'code', 'inputs', 'runner_id']
2025-10-15 01:15:21.156 INFO {MainThread} [fcb_queue] (recover_from_storage) {D:\Project\V1\FlowKit\src\FlowKitControlUint\controlunit\fcb_queue.py:61} \u2705 Recovered and started FCB with id 0268389f-2cb7-40f9-a924-acab434d2abc from storage
2025-10-15 01:15:21.157 INFO {MainThread} [flow] (__init__) {D:\Project\V1\FlowKit\src\FlowKitControlUint\controlunit\fcb\flow.py:12} Flow initialized with 2 nodes
2025-10-15 01:15:21.157 INFO {MainThread} [flow_control_block] (__init__) {D:\Project\V1\FlowKit\src\FlowKitControlUint\controlunit\fcb\flow_control_block.py:77} FlowControlBlock bf394218-6fb5-45d4-bf9d-f1557e6cde21 initialized in QUEUED state
2025-10-15 01:15:21.158 INFO {MainThread} [flow_control_block] (start) {D:\Project\V1\FlowKit\src\FlowKitControlUint\controlunit\fcb\flow_control_block.py:80} FlowControlBlock bf394218-6fb5-45d4-bf9d-f1557e6cde21 starting
2025-10-15 01:15:21.158 INFO {MainThread} [flow_control_block] (exec) {D:\Project\V1\FlowKit\src\FlowKitControlUint\controlunit\fcb\flow_control_block.py:137} Submitting next node execution for flow bf394218-6fb5-45d4-bf9d-f1557e6cde21
2025-10-15 01:15:21.158 INFO {ThreadPoolExecutor-0_7} [flow] (get_curr_node) {D:\Project\V1\FlowKit\src\FlowKitControlUint\controlunit\fcb\flow.py:24} Getting current node: node1
2025-10-15 01:15:21.158 INFO {ThreadPoolExecutor-0_7} [flow] (get_curr_inp) {D:\Project\V1\FlowKit\src\FlowKitControlUint\controlunit\fcb\flow.py:28} Getting current input data: {'a': 1, 'b': 2}
2025-10-15 01:15:21.158 INFO {ThreadPoolExecutor-0_7} [flow_control_block] (_run_node) {D:\Project\V1\FlowKit\src\FlowKitControlUint\controlunit\fcb\flow_control_block.py:108} Executing node 'node1' in flow bf394218-6fb5-45d4-bf9d-f1557e6cde21
2025-10-15 01:15:21.159 INFO {ThreadPoolExecutor-0_7} [node] (run) {D:\Project\V1\FlowKit\src\FlowKitControlUint\controlunit\fcb\node.py:55} Executing node 'node1' [runner_id=e18c97b1-2784-4db1-be22-9d3546e53e8e] with inputs: {'a': 1, 'b': 2}
2025-10-15 01:15:21.159 INFO {ThreadPoolExecutor-0_7} [node] (run) {D:\Project\V1\FlowKit\src\FlowKitControlUint\controlunit\fcb\node.py:58} Sending POST to http://127.0.0.1:8500/nodes/add-node with payload keys: ['node_name', 'code', 'inputs', 'runner_id']
2025-10-15 01:15:21.158 INFO {MainThread} [fcb_queue] (recover_from_storage) {D:\Project\V1\FlowKit\src\FlowKitControlUint\controlunit\fcb_queue.py:61} \u2705 Recovered and started FCB with id bf394218-6fb5-45d4-bf9d-f1557e6cde21 from storage
2025-10-15 01:15:21.160 INFO {MainThread} [main] (lifespan) {D:\Project\V1\FlowKit\src\FlowKitControlUint\main.py:39} Recovered FCB_QUEUE from storage
2025-10-15 01:15:23.805 INFO {ThreadPoolExecutor-0_0} [_client] (_send_single_request) {D:\Project\V1\FlowKit\.conda\Lib\site-packages\httpx\_client.py:1025} HTTP Request: POST http://127.0.0.1:8500/nodes/add-node "HTTP/1.1 200 OK"
2025-10-15 01:15:23.806 INFO {ThreadPoolExecutor-0_0} [node] (run) {D:\Project\V1\FlowKit\src\FlowKitControlUint\controlunit\fcb\node.py:63} Response from runner received for node 'node1': {'node_name': 'node1', 'runner_id': '229f5fee-1f61-4939-8130-054f25988e79', 'code_base64': 'ZnJvbSBmbG93a2l0Lm5vZGUgaW1wb3J0IE5vZGUKZnJvbSBmbG93a2l0LmxvZyBpbXBvcnQgTG9nZ2VyCgpub2RlID0gTm9kZSgpCmxvZ2dlciA9IExvZ2dlcihub2RlKQoKYXN5bmMgZGVmIG1haW4oKToKICAgICMgbm9kZXMsIG91dHB1dCwgbWVzc2FnZQogICAgaW5wdXRzID0gbm9kZS5nZXRfaW5wdXRzKCkKICAgIHJldCA9IGlucHV0c1siYSJdICsgaW5wdXRzWyJiIl0KICAgIHJldHVybiBbXSwgeyJvdXQiOiByZXR9LCAicnVuIHN1Y2Nlc3NmdWxseSIKCm5vZGUucmVnaXN0ZXJfbWFpbihtYWluKQpub2RlLnJ1bigpCg==', 'status': 'DONE', 'inputs': {'a': 1, 'b': 2}, 'logs': [], 'outputs': {'nodes': [], 'outputs': {'out': 3}, 'status': 'DONE', 'message': 'run successfully'}}
2025-10-15 01:15:23.807 INFO {ThreadPoolExecutor-0_0} [node] (run) {D:\Project\V1\FlowKit\src\FlowKitControlUint\controlunit\fcb\node.py:67} Node 'node1' execution completed successfully [runner_id=229f5fee-1f61-4939-8130-054f25988e79]
2025-10-15 01:15:23.807 INFO {ThreadPoolExecutor-0_0} [flow_control_block] (_run_node) {D:\Project\V1\FlowKit\src\FlowKitControlUint\controlunit\fcb\flow_control_block.py:111} Node 'node1' executed with status 'success' in flow d4165384-d78b-4807-a596-00940d98a579
2025-10-15 01:15:23.807 INFO {ThreadPoolExecutor-0_0} [flow_control_block] (_run_node) {D:\Project\V1\FlowKit\src\FlowKitControlUint\controlunit\fcb\flow_control_block.py:112} Node 'node1' outputs: {'out': 3}
2025-10-15 01:15:23.807 INFO {ThreadPoolExecutor-0_0} [flow_control_block] (exec_hook) {D:\Project\V1\FlowKit\src\FlowKitControlUint\controlunit\fcb\flow_control_block.py:141} Processing exec_hook for node 'node1' in flow d4165384-d78b-4807-a596-00940d98a579
2025-10-15 01:15:23.807 INFO {ThreadPoolExecutor-0_0} [flow_control_block] (exec_hook) {D:\Project\V1\FlowKit\src\FlowKitControlUint\controlunit\fcb\flow_control_block.py:152} No more nodes to execute in flow d4165384-d78b-4807-a596-00940d98a579, stopping
2025-10-15 01:15:23.807 INFO {ThreadPoolExecutor-0_0} [flow_control_block] (stop) {D:\Project\V1\FlowKit\src\FlowKitControlUint\controlunit\fcb\flow_control_block.py:85} FlowControlBlock d4165384-d78b-4807-a596-00940d98a579 stopping
2025-10-15 01:15:24.334 INFO {ThreadPoolExecutor-0_3} [_client] (_send_single_request) {D:\Project\V1\FlowKit\.conda\Lib\site-packages\httpx\_client.py:1025} HTTP Request: POST http://127.0.0.1:8500/nodes/add-node "HTTP/1.1 200 OK"
2025-10-15 01:15:24.335 INFO {ThreadPoolExecutor-0_3} [node] (run) {D:\Project\V1\FlowKit\src\FlowKitControlUint\controlunit\fcb\node.py:63} Response from runner received for node 'node1': {'node_name': 'node1', 'runner_id': '62de2380-bd94-4859-b304-2a6977c925c6', 'code_base64': 'ZnJvbSBmbG93a2l0Lm5vZGUgaW1wb3J0IE5vZGUKZnJvbSBmbG93a2l0LmxvZyBpbXBvcnQgTG9nZ2VyCgpub2RlID0gTm9kZSgpCmxvZ2dlciA9IExvZ2dlcihub2RlKQoKYXN5bmMgZGVmIG1haW4oKToKICAgICMgbm9kZXMsIG91dHB1dCwgbWVzc2FnZQogICAgaW5wdXRzID0gbm9kZS5nZXRfaW5wdXRzKCkKICAgIHJldCA9IGlucHV0c1siYSJdICsgaW5wdXRzWyJiIl0KICAgIHJldHVybiBbXSwgeyJvdXQiOiByZXR9LCAicnVuIHN1Y2Nlc3NmdWxseSIKCm5vZGUucmVnaXN0ZXJfbWFpbihtYWluKQpub2RlLnJ1bigp', 'status': 'DONE', 'inputs': {'a': 1, 'b': 2}, 'logs': [], 'outputs': {'nodes': [], 'outputs': {'out': 3}, 'status': 'DONE', 'message': 'run successfully'}}
2025-10-15 01:15:24.335 INFO {ThreadPoolExecutor-0_3} [node] (run) {D:\Project\V1\FlowKit\src\FlowKitControlUint\controlunit\fcb\node.py:67} Node 'node1' execution completed successfully [runner_id=62de2380-bd94-4859-b304-2a6977c925c6]
2025-10-15 01:15:24.336 INFO {ThreadPoolExecutor-0_3} [flow_control_block] (_run_node) {D:\Project\V1\FlowKit\src\FlowKitControlUint\controlunit\fcb\flow_control_block.py:111} Node 'node1' executed with status 'success' in flow 2620ca96-5be5-4fd4-a7c4-530eafb1800f
2025-10-15 01:15:24.336 INFO {ThreadPoolExecutor-0_3} [flow_control_block] (_run_node) {D:\Project\V1\FlowKit\src\FlowKitControlUint\controlunit\fcb\flow_control_block.py:112} Node 'node1' outputs: {'out': 3}
2025-10-15 01:15:24.336 INFO {ThreadPoolExecutor-0_3} [flow_control_block] (exec_hook) {D:\Project\V1\FlowKit\src\FlowKitControlUint\controlunit\fcb\flow_control_block.py:141} Processing exec_hook for node 'node1' in flow 2620ca96-5be5-4fd4-a7c4-530eafb1800f
2025-10-15 01:15:24.336 INFO {ThreadPoolExecutor-0_3} [flow_control_block] (exec_hook) {D:\Project\V1\FlowKit\src\FlowKitControlUint\controlunit\fcb\flow_control_block.py:152} No more nodes to execute in flow 2620ca96-5be5-4fd4-a7c4-530eafb1800f, stopping
2025-10-15 01:15:24.336 INFO {ThreadPoolExecutor-0_3} [flow_control_block] (stop) {D:\Project\V1\FlowKit\src\FlowKitControlUint\controlunit\fcb\flow_control_block.py:85} FlowControlBlock 2620ca96-5be5-4fd4-a7c4-530eafb1800f stopping
2025-10-15 01:15:26.142 INFO {ThreadPoolExecutor-0_5} [_client] (_send_single_request) {D:\Project\V1\FlowKit\.conda\Lib\site-packages\httpx\_client.py:1025} HTTP Request: POST http://127.0.0.1:8500/nodes/add-node "HTTP/1.1 200 OK"
2025-10-15 01:15:26.143 INFO {ThreadPoolExecutor-0_5} [node] (run) {D:\Project\V1\FlowKit\src\FlowKitControlUint\controlunit\fcb\node.py:63} Response from runner received for node 'node1': {'node_name': 'node1', 'runner_id': 'c0f57795-47ca-416e-9ff2-72978d843676', 'code_base64': 'ZnJvbSBmbG93a2l0Lm5vZGUgaW1wb3J0IE5vZGUKZnJvbSBmbG93a2l0LmxvZyBpbXBvcnQgTG9nZ2VyCgpub2RlID0gTm9kZSgpCmxvZ2dlciA9IExvZ2dlcihub2RlKQoKYXN5bmMgZGVmIG1haW4oKToKICAgICMgbm9kZXMsIG91dHB1dCwgbWVzc2FnZQogICAgaW5wdXRzID0gbm9kZS5nZXRfaW5wdXRzKCkKICAgIHJldCA9IGlucHV0c1siYSJdICsgaW5wdXRzWyJiIl0KICAgIHJldHVybiBbXSwgeyJvdXQiOiByZXR9LCAicnVuIHN1Y2Nlc3NmdWxseSIKCm5vZGUucmVnaXN0ZXJfbWFpbihtYWluKQpub2RlLnJ1bigp', 'status': 'DONE', 'inputs': {'a': 1, 'b': 2}, 'logs': [], 'outputs': {'nodes': [], 'outputs': {'out': 3}, 'status': 'DONE', 'message': 'run successfully'}}
2025-10-15 01:15:26.143 INFO {ThreadPoolExecutor-0_5} [node] (run) {D:\Project\V1\FlowKit\src\FlowKitControlUint\controlunit\fcb\node.py:67} Node 'node1' execution completed successfully [runner_id=c0f57795-47ca-416e-9ff2-72978d843676]
2025-10-15 01:15:26.143 INFO {ThreadPoolExecutor-0_5} [flow_control_block] (_run_node) {D:\Project\V1\FlowKit\src\FlowKitControlUint\controlunit\fcb\flow_control_block.py:111} Node 'node1' executed with status 'success' in flow cd452f43-b397-4a73-ad1f-30e1e1b060e5
2025-10-15 01:15:26.143 INFO {ThreadPoolExecutor-0_5} [flow_control_block] (_run_node) {D:\Project\V1\FlowKit\src\FlowKitControlUint\controlunit\fcb\flow_control_block.py:112} Node 'node1' outputs: {'out': 3}
2025-10-15 01:15:26.143 INFO {ThreadPoolExecutor-0_5} [flow_control_block] (exec_hook) {D:\Project\V1\FlowKit\src\FlowKitControlUint\controlunit\fcb\flow_control_block.py:141} Processing exec_hook for node 'node1' in flow cd452f43-b397-4a73-ad1f-30e1e1b060e5
2025-10-15 01:15:26.143 INFO {ThreadPoolExecutor-0_5} [flow_control_block] (exec_hook) {D:\Project\V1\FlowKit\src\FlowKitControlUint\controlunit\fcb\flow_control_block.py:152} No more nodes to execute in flow cd452f43-b397-4a73-ad1f-30e1e1b060e5, stopping
2025-10-15 01:15:26.143 INFO {ThreadPoolExecutor-0_5} [flow_control_block] (stop) {D:\Project\V1\FlowKit\src\FlowKitControlUint\controlunit\fcb\flow_control_block.py:85} FlowControlBlock cd452f43-b397-4a73-ad1f-30e1e1b060e5 stopping
2025-10-15 01:15:26.145 INFO {ThreadPoolExecutor-0_7} [_client] (_send_single_request) {D:\Project\V1\FlowKit\.conda\Lib\site-packages\httpx\_client.py:1025} HTTP Request: POST http://127.0.0.1:8500/nodes/add-node "HTTP/1.1 200 OK"
2025-10-15 01:15:26.146 INFO {ThreadPoolExecutor-0_7} [node] (run) {D:\Project\V1\FlowKit\src\FlowKitControlUint\controlunit\fcb\node.py:63} Response from runner received for node 'node1': {'node_name': 'node1', 'runner_id': 'e18c97b1-2784-4db1-be22-9d3546e53e8e', 'code_base64': 'ZnJvbSBmbG93a2l0Lm5vZGUgaW1wb3J0IE5vZGUKZnJvbSBmbG93a2l0LmxvZyBpbXBvcnQgTG9nZ2VyCgpub2RlID0gTm9kZSgpCmxvZ2dlciA9IExvZ2dlcihub2RlKQoKYXN5bmMgZGVmIG1haW4oKToKICAgICMgbm9kZXMsIG91dHB1dCwgbWVzc2FnZQogICAgaW5wdXRzID0gbm9kZS5nZXRfaW5wdXRzKCkKICAgIHJldCA9IGlucHV0c1siYSJdICsgaW5wdXRzWyJiIl0KICAgIHJldHVybiBbXSwgeyJvdXQiOiByZXR9LCAicnVuIHN1Y2Nlc3NmdWxseSIKCm5vZGUucmVnaXN0ZXJfbWFpbihtYWluKQpub2RlLnJ1bigp', 'status': 'DONE', 'inputs': {'a': 1, 'b': 2}, 'logs': [], 'outputs': {'nodes': [], 'outputs': {'out': 3}, 'status': 'DONE', 'message': 'run successfully'}}
2025-10-15 01:15:26.146 INFO {ThreadPoolExecutor-0_7} [node] (run) {D:\Project\V1\FlowKit\src\FlowKitControlUint\controlunit\fcb\node.py:67} Node 'node1' execution completed successfully [runner_id=e18c97b1-2784-4db1-be22-9d3546e53e8e]
2025-10-15 01:15:26.147 INFO {ThreadPoolExecutor-0_7} [flow_control_block] (_run_node) {D:\Project\V1\FlowKit\src\FlowKitControlUint\controlunit\fcb\flow_control_block.py:111} Node 'node1' executed with status 'success' in flow bf394218-6fb5-45d4-bf9d-f1557e6cde21
2025-10-15 01:15:26.147 INFO {ThreadPoolExecutor-0_7} [flow_control_block] (_run_node) {D:\Project\V1\FlowKit\src\FlowKitControlUint\controlunit\fcb\flow_control_block.py:112} Node 'node1' outputs: {'out': 3}
2025-10-15 01:15:26.148 INFO {ThreadPoolExecutor-0_7} [flow_control_block] (exec_hook) {D:\Project\V1\FlowKit\src\FlowKitControlUint\controlunit\fcb\flow_control_block.py:141} Processing exec_hook for node 'node1' in flow bf394218-6fb5-45d4-bf9d-f1557e6cde21
2025-10-15 01:15:26.148 INFO {ThreadPoolExecutor-0_7} [flow_control_block] (exec_hook) {D:\Project\V1\FlowKit\src\FlowKitControlUint\controlunit\fcb\flow_control_block.py:152} No more nodes to execute in flow bf394218-6fb5-45d4-bf9d-f1557e6cde21, stopping
2025-10-15 01:15:26.148 INFO {ThreadPoolExecutor-0_7} [flow_control_block] (stop) {D:\Project\V1\FlowKit\src\FlowKitControlUint\controlunit\fcb\flow_control_block.py:85} FlowControlBlock bf394218-6fb5-45d4-bf9d-f1557e6cde21 stopping
2025-10-15 01:15:26.147 INFO {ThreadPoolExecutor-0_6} [_client] (_send_single_request) {D:\Project\V1\FlowKit\.conda\Lib\site-packages\httpx\_client.py:1025} HTTP Request: POST http://127.0.0.1:8500/nodes/add-node "HTTP/1.1 200 OK"
2025-10-15 01:15:26.150 INFO {ThreadPoolExecutor-0_6} [node] (run) {D:\Project\V1\FlowKit\src\FlowKitControlUint\controlunit\fcb\node.py:63} Response from runner received for node 'node1': {'node_name': 'node1', 'runner_id': 'b8897f89-ae85-4ad4-b9a8-210311b7b494', 'code_base64': 'ZnJvbSBmbG93a2l0Lm5vZGUgaW1wb3J0IE5vZGUKZnJvbSBmbG93a2l0LmxvZyBpbXBvcnQgTG9nZ2VyCgpub2RlID0gTm9kZSgpCmxvZ2dlciA9IExvZ2dlcihub2RlKQoKYXN5bmMgZGVmIG1haW4oKToKICAgICMgbm9kZXMsIG91dHB1dCwgbWVzc2FnZQogICAgaW5wdXRzID0gbm9kZS5nZXRfaW5wdXRzKCkKICAgIHJldCA9IGlucHV0c1siYSJdICsgaW5wdXRzWyJiIl0KICAgIHJldHVybiBbXSwgeyJvdXQiOiByZXR9LCAicnVuIHN1Y2Nlc3NmdWxseSIKCm5vZGUucmVnaXN0ZXJfbWFpbihtYWluKQpub2RlLnJ1bigp', 'status': 'DONE', 'inputs': {'a': 1, 'b': 2}, 'logs': [], 'outputs': {'nodes': [], 'outputs': {'out': 3}, 'status': 'DONE', 'message': 'run successfully'}}
2025-10-15 01:15:26.150 INFO {ThreadPoolExecutor-0_6} [node] (run) {D:\Project\V1\FlowKit\src\FlowKitControlUint\controlunit\fcb\node.py:67} Node 'node1' execution completed successfully [runner_id=b8897f89-ae85-4ad4-b9a8-210311b7b494]
2025-10-15 01:15:26.151 INFO {ThreadPoolExecutor-0_6} [flow_control_block] (_run_node) {D:\Project\V1\FlowKit\src\FlowKitControlUint\controlunit\fcb\flow_control_block.py:111} Node 'node1' executed with status 'success' in flow 0268389f-2cb7-40f9-a924-acab434d2abc
2025-10-15 01:15:26.151 INFO {ThreadPoolExecutor-0_1} [_client] (_send_single_request) {D:\Project\V1\FlowKit\.conda\Lib\site-packages\httpx\_client.py:1025} HTTP Request: POST http://127.0.0.1:8500/nodes/add-node "HTTP/1.1 200 OK"
2025-10-15 01:15:26.152 INFO {ThreadPoolExecutor-0_6} [flow_control_block] (_run_node) {D:\Project\V1\FlowKit\src\FlowKitControlUint\controlunit\fcb\flow_control_block.py:112} Node 'node1' outputs: {'out': 3}
2025-10-15 01:15:26.154 INFO {ThreadPoolExecutor-0_6} [flow_control_block] (exec_hook) {D:\Project\V1\FlowKit\src\FlowKitControlUint\controlunit\fcb\flow_control_block.py:141} Processing exec_hook for node 'node1' in flow 0268389f-2cb7-40f9-a924-acab434d2abc
2025-10-15 01:15:26.155 INFO {ThreadPoolExecutor-0_6} [flow_control_block] (exec_hook) {D:\Project\V1\FlowKit\src\FlowKitControlUint\controlunit\fcb\flow_control_block.py:152} No more nodes to execute in flow 0268389f-2cb7-40f9-a924-acab434d2abc, stopping
2025-10-15 01:15:26.155 INFO {ThreadPoolExecutor-0_6} [flow_control_block] (stop) {D:\Project\V1\FlowKit\src\FlowKitControlUint\controlunit\fcb\flow_control_block.py:85} FlowControlBlock 0268389f-2cb7-40f9-a924-acab434d2abc stopping
2025-10-15 01:15:26.156 INFO {ThreadPoolExecutor-0_1} [node] (run) {D:\Project\V1\FlowKit\src\FlowKitControlUint\controlunit\fcb\node.py:63} Response from runner received for node 'node1': {'node_name': 'node1', 'runner_id': '00c3ec70-7c03-41be-9a72-00b96286baf5', 'code_base64': 'ZnJvbSBmbG93a2l0Lm5vZGUgaW1wb3J0IE5vZGUKZnJvbSBmbG93a2l0LmxvZyBpbXBvcnQgTG9nZ2VyCgpub2RlID0gTm9kZSgpCmxvZ2dlciA9IExvZ2dlcihub2RlKQoKYXN5bmMgZGVmIG1haW4oKToKICAgICMgbm9kZXMsIG91dHB1dCwgbWVzc2FnZQogICAgaW5wdXRzID0gbm9kZS5nZXRfaW5wdXRzKCkKICAgIHJldCA9IGlucHV0c1siYSJdICsgaW5wdXRzWyJiIl0KICAgIHJldHVybiBbXSwgeyJvdXQiOiByZXR9LCAicnVuIHN1Y2Nlc3NmdWxseSIKCm5vZGUucmVnaXN0ZXJfbWFpbihtYWluKQpub2RlLnJ1bigpCg==', 'status': 'DONE', 'inputs': {'a': 1, 'b': 2}, 'logs': [], 'outputs': {'nodes': [], 'outputs': {'out': 3}, 'status': 'DONE', 'message': 'run successfully'}}
2025-10-15 01:15:26.156 INFO {ThreadPoolExecutor-0_1} [node] (run) {D:\Project\V1\FlowKit\src\FlowKitControlUint\controlunit\fcb\node.py:67} Node 'node1' execution completed successfully [runner_id=00c3ec70-7c03-41be-9a72-00b96286baf5]
2025-10-15 01:15:26.156 INFO {ThreadPoolExecutor-0_1} [flow_control_block] (_run_node) {D:\Project\V1\FlowKit\src\FlowKitControlUint\controlunit\fcb\flow_control_block.py:111} Node 'node1' executed with status 'success' in flow 8ac615c7-4262-4954-a884-d6582a4d6bc2
2025-10-15 01:15:26.157 INFO {ThreadPoolExecutor-0_1} [flow_control_block] (_run_node) {D:\Project\V1\FlowKit\src\FlowKitControlUint\controlunit\fcb\flow_control_block.py:112} Node 'node1' outputs: {'out': 3}
2025-10-15 01:15:26.158 INFO {ThreadPoolExecutor-0_1} [flow_control_block] (exec_hook) {D:\Project\V1\FlowKit\src\FlowKitControlUint\controlunit\fcb\flow_control_block.py:141} Processing exec_hook for node 'node1' in flow 8ac615c7-4262-4954-a884-d6582a4d6bc2
2025-10-15 01:15:26.159 INFO {ThreadPoolExecutor-0_1} [flow_control_block] (exec_hook) {D:\Project\V1\FlowKit\src\FlowKitControlUint\controlunit\fcb\flow_control_block.py:152} No more nodes to execute in flow 8ac615c7-4262-4954-a884-d6582a4d6bc2, stopping
2025-10-15 01:15:26.159 INFO {ThreadPoolExecutor-0_1} [flow_control_block] (stop) {D:\Project\V1\FlowKit\src\FlowKitControlUint\controlunit\fcb\flow_control_block.py:85} FlowControlBlock 8ac615c7-4262-4954-a884-d6582a4d6bc2 stopping
2025-10-15 01:15:28.156 INFO {ThreadPoolExecutor-0_4} [_client] (_send_single_request) {D:\Project\V1\FlowKit\.conda\Lib\site-packages\httpx\_client.py:1025} HTTP Request: POST http://127.0.0.1:8500/nodes/add-node "HTTP/1.1 200 OK"
2025-10-15 01:15:28.158 INFO {ThreadPoolExecutor-0_4} [node] (run) {D:\Project\V1\FlowKit\src\FlowKitControlUint\controlunit\fcb\node.py:63} Response from runner received for node 'node1': {'node_name': 'node1', 'runner_id': '0f94fd50-a37d-4592-9044-75a698c8c701', 'code_base64': 'ZnJvbSBmbG93a2l0Lm5vZGUgaW1wb3J0IE5vZGUKZnJvbSBmbG93a2l0LmxvZyBpbXBvcnQgTG9nZ2VyCgpub2RlID0gTm9kZSgpCmxvZ2dlciA9IExvZ2dlcihub2RlKQoKYXN5bmMgZGVmIG1haW4oKToKICAgICMgbm9kZXMsIG91dHB1dCwgbWVzc2FnZQogICAgaW5wdXRzID0gbm9kZS5nZXRfaW5wdXRzKCkKICAgIHJldCA9IGlucHV0c1siYSJdICsgaW5wdXRzWyJiIl0KICAgIHJldHVybiBbXSwgeyJvdXQiOiByZXR9LCAicnVuIHN1Y2Nlc3NmdWxseSIKCm5vZGUucmVnaXN0ZXJfbWFpbihtYWluKQpub2RlLnJ1bigp', 'status': 'DONE', 'inputs': {'a': 1, 'b': 2}, 'logs': [], 'outputs': {'nodes': [], 'outputs': {'out': 3}, 'status': 'DONE', 'message': 'run successfully'}}
2025-10-15 01:15:28.158 INFO {ThreadPoolExecutor-0_4} [node] (run) {D:\Project\V1\FlowKit\src\FlowKitControlUint\controlunit\fcb\node.py:67} Node 'node1' execution completed successfully [runner_id=0f94fd50-a37d-4592-9044-75a698c8c701]
2025-10-15 01:15:28.160 INFO {ThreadPoolExecutor-0_4} [flow_control_block] (_run_node) {D:\Project\V1\FlowKit\src\FlowKitControlUint\controlunit\fcb\flow_control_block.py:111} Node 'node1' executed with status 'success' in flow f0a81126-5fe9-4d55-a428-c5c96581c81f
2025-10-15 01:15:28.160 INFO {ThreadPoolExecutor-0_4} [flow_control_block] (_run_node) {D:\Project\V1\FlowKit\src\FlowKitControlUint\controlunit\fcb\flow_control_block.py:112} Node 'node1' outputs: {'out': 3}
2025-10-15 01:15:28.161 INFO {ThreadPoolExecutor-0_4} [flow_control_block] (exec_hook) {D:\Project\V1\FlowKit\src\FlowKitControlUint\controlunit\fcb\flow_control_block.py:141} Processing exec_hook for node 'node1' in flow f0a81126-5fe9-4d55-a428-c5c96581c81f
2025-10-15 01:15:28.161 INFO {ThreadPoolExecutor-0_4} [flow_control_block] (exec_hook) {D:\Project\V1\FlowKit\src\FlowKitControlUint\controlunit\fcb\flow_control_block.py:152} No more nodes to execute in flow f0a81126-5fe9-4d55-a428-c5c96581c81f, stopping
2025-10-15 01:15:28.161 INFO {ThreadPoolExecutor-0_4} [flow_control_block] (stop) {D:\Project\V1\FlowKit\src\FlowKitControlUint\controlunit\fcb\flow_control_block.py:85} FlowControlBlock f0a81126-5fe9-4d55-a428-c5c96581c81f stopping
2025-10-15 01:15:28.160 INFO {ThreadPoolExecutor-0_2} [_client] (_send_single_request) {D:\Project\V1\FlowKit\.conda\Lib\site-packages\httpx\_client.py:1025} HTTP Request: POST http://127.0.0.1:8500/nodes/add-node "HTTP/1.1 200 OK"
2025-10-15 01:15:28.167 INFO {ThreadPoolExecutor-0_2} [node] (run) {D:\Project\V1\FlowKit\src\FlowKitControlUint\controlunit\fcb\node.py:63} Response from runner received for node 'node1': {'node_name': 'node1', 'runner_id': '0dc3cf98-d074-4553-a572-4ba13457fd52', 'code_base64': 'ZnJvbSBmbG93a2l0Lm5vZGUgaW1wb3J0IE5vZGUKZnJvbSBmbG93a2l0LmxvZyBpbXBvcnQgTG9nZ2VyCgpub2RlID0gTm9kZSgpCmxvZ2dlciA9IExvZ2dlcihub2RlKQoKYXN5bmMgZGVmIG1haW4oKToKICAgICMgbm9kZXMsIG91dHB1dCwgbWVzc2FnZQogICAgaW5wdXRzID0gbm9kZS5nZXRfaW5wdXRzKCkKICAgIHJldCA9IGlucHV0c1siYSJdICsgaW5wdXRzWyJiIl0KICAgIHJldHVybiBbXSwgeyJvdXQiOiByZXR9LCAicnVuIHN1Y2Nlc3NmdWxseSIKCm5vZGUucmVnaXN0ZXJfbWFpbihtYWluKQpub2RlLnJ1bigpCg==', 'status': 'DONE', 'inputs': {'a': 1, 'b': 2}, 'logs': [], 'outputs': {'nodes': [], 'outputs': {'out': 3}, 'status': 'DONE', 'message': 'run successfully'}}
2025-10-15 01:15:28.168 INFO {ThreadPoolExecutor-0_2} [node] (run) {D:\Project\V1\FlowKit\src\FlowKitControlUint\controlunit\fcb\node.py:67} Node 'node1' execution completed successfully [runner_id=0dc3cf98-d074-4553-a572-4ba13457fd52]
2025-10-15 01:15:28.169 INFO {ThreadPoolExecutor-0_2} [flow_control_block] (_run_node) {D:\Project\V1\FlowKit\src\FlowKitControlUint\controlunit\fcb\flow_control_block.py:111} Node 'node1' executed with status 'success' in flow d51e109a-3dc2-43b3-aa2e-421772c62ea7
2025-10-15 01:15:28.172 INFO {ThreadPoolExecutor-0_2} [flow_control_block] (_run_node) {D:\Project\V1\FlowKit\src\FlowKitControlUint\controlunit\fcb\flow_control_block.py:112} Node 'node1' outputs: {'out': 3}
2025-10-15 01:15:28.173 INFO {ThreadPoolExecutor-0_2} [flow_control_block] (exec_hook) {D:\Project\V1\FlowKit\src\FlowKitControlUint\controlunit\fcb\flow_control_block.py:141} Processing exec_hook for node 'node1' in flow d51e109a-3dc2-43b3-aa2e-421772c62ea7
2025-10-15 01:15:28.173 INFO {ThreadPoolExecutor-0_2} [flow_control_block] (exec_hook) {D:\Project\V1\FlowKit\src\FlowKitControlUint\controlunit\fcb\flow_control_block.py:152} No more nodes to execute in flow d51e109a-3dc2-43b3-aa2e-421772c62ea7, stopping
2025-10-15 01:15:28.173 INFO {ThreadPoolExecutor-0_2} [flow_control_block] (stop) {D:\Project\V1\FlowKit\src\FlowKitControlUint\controlunit\fcb\flow_control_block.py:85} FlowControlBlock d51e109a-3dc2-43b3-aa2e-421772c62ea7 stopping
2025-10-15 01:15:29.580 INFO {MainThread} [main] (log_requests) {D:\Project\V1\FlowKit\src\FlowKitControlUint\main.py:48} Incoming request: POST http://127.0.0.1:9500/fcb/add
2025-10-15 01:15:29.584 INFO {MainThread} [main] (add_fcb) {D:\Project\V1\FlowKit\src\FlowKitControlUint\main.py:60} Add FCB request received with nodes: ['start', 'node1']
2025-10-15 01:15:29.584 INFO {MainThread} [flow] (__init__) {D:\Project\V1\FlowKit\src\FlowKitControlUint\controlunit\fcb\flow.py:12} Flow initialized with 2 nodes
2025-10-15 01:15:29.585 INFO {MainThread} [flow_control_block] (__init__) {D:\Project\V1\FlowKit\src\FlowKitControlUint\controlunit\fcb\flow_control_block.py:77} FlowControlBlock 67d7a4de-7225-47a2-a506-dacc85c018ab initialized in QUEUED state
2025-10-15 01:15:29.585 INFO {MainThread} [fcb_queue] (add_fcb) {D:\Project\V1\FlowKit\src\FlowKitControlUint\controlunit\fcb_queue.py:109} \u2795 Added new FlowControlBlock with id 67d7a4de-7225-47a2-a506-dacc85c018ab
2025-10-15 01:15:29.585 INFO {MainThread} [flow_control_block] (start) {D:\Project\V1\FlowKit\src\FlowKitControlUint\controlunit\fcb\flow_control_block.py:80} FlowControlBlock 67d7a4de-7225-47a2-a506-dacc85c018ab starting
2025-10-15 01:15:29.586 INFO {MainThread} [flow_control_block] (exec) {D:\Project\V1\FlowKit\src\FlowKitControlUint\controlunit\fcb\flow_control_block.py:137} Submitting next node execution for flow 67d7a4de-7225-47a2-a506-dacc85c018ab
2025-10-15 01:15:29.586 INFO {MainThread} [fcb_queue] (start_fcb) {D:\Project\V1\FlowKit\src\FlowKitControlUint\controlunit\fcb_queue.py:117} \u25b6\ufe0f Started FlowControlBlock 67d7a4de-7225-47a2-a506-dacc85c018ab
2025-10-15 01:15:29.587 INFO {MainThread} [main] (add_fcb) {D:\Project\V1\FlowKit\src\FlowKitControlUint\main.py:70} Flow Control Block added successfully with ID: 67d7a4de-7225-47a2-a506-dacc85c018ab
2025-10-15 01:15:29.588 INFO {MainThread} [main] (log_requests) {D:\Project\V1\FlowKit\src\FlowKitControlUint\main.py:50} Response status: 200 for POST http://127.0.0.1:9500/fcb/add
2025-10-15 01:15:29.586 INFO {ThreadPoolExecutor-0_0} [flow] (get_curr_node) {D:\Project\V1\FlowKit\src\FlowKitControlUint\controlunit\fcb\flow.py:24} Getting current node: start
2025-10-15 01:15:29.590 INFO {ThreadPoolExecutor-0_0} [flow] (get_curr_inp) {D:\Project\V1\FlowKit\src\FlowKitControlUint\controlunit\fcb\flow.py:28} Getting current input data: {}
2025-10-15 01:15:29.590 INFO {ThreadPoolExecutor-0_0} [flow_control_block] (_run_node) {D:\Project\V1\FlowKit\src\FlowKitControlUint\controlunit\fcb\flow_control_block.py:108} Executing node 'start' in flow 67d7a4de-7225-47a2-a506-dacc85c018ab
2025-10-15 01:15:29.591 INFO {ThreadPoolExecutor-0_0} [node] (run) {D:\Project\V1\FlowKit\src\FlowKitControlUint\controlunit\fcb\node.py:55} Executing node 'start' [runner_id=d6b96a9b-873a-40e4-afd1-40192efc31a1] with inputs: {}
2025-10-15 01:15:29.591 INFO {ThreadPoolExecutor-0_0} [node] (run) {D:\Project\V1\FlowKit\src\FlowKitControlUint\controlunit\fcb\node.py:58} Sending POST to http://127.0.0.1:8500/nodes/add-node with payload keys: ['node_name', 'code', 'inputs', 'runner_id']
2025-10-15 01:15:32.218 INFO {ThreadPoolExecutor-0_0} [_client] (_send_single_request) {D:\Project\V1\FlowKit\.conda\Lib\site-packages\httpx\_client.py:1025} HTTP Request: POST http://127.0.0.1:8500/nodes/add-node "HTTP/1.1 200 OK"
2025-10-15 01:15:32.219 INFO {ThreadPoolExecutor-0_0} [node] (run) {D:\Project\V1\FlowKit\src\FlowKitControlUint\controlunit\fcb\node.py:63} Response from runner received for node 'start': {'node_name': 'start', 'runner_id': 'd6b96a9b-873a-40e4-afd1-40192efc31a1', 'code_base64': 'ZnJvbSBmbG93a2l0Lm5vZGUgaW1wb3J0IE5vZGUKZnJvbSBmbG93a2l0LmxvZyBpbXBvcnQgTG9nZ2VyCgpub2RlID0gTm9kZSgpCmxvZ2dlciA9IExvZ2dlcihub2RlKQoKYXN5bmMgZGVmIG1haW4oKToKICAgICMgbm9kZXMsIG91dHB1dCwgbWVzc2FnZQogICAgaW5wdXRzID0gbm9kZS5nZXRfaW5wdXRzKCkKICAgIHJldHVybiBbIm5vZGUxIl0sIHsiYSI6MSwgImIiOjJ9LCAicnVuIHN1Y2Nlc3NmdWxseSIKCm5vZGUucmVnaXN0ZXJfbWFpbihtYWluKQpub2RlLnJ1bigp', 'status': 'DONE', 'inputs': {}, 'logs': [], 'outputs': {'nodes': ['node1'], 'outputs': {'a': 1, 'b': 2}, 'status': 'DONE', 'message': 'run successfully'}}
2025-10-15 01:15:32.220 INFO {ThreadPoolExecutor-0_0} [node] (run) {D:\Project\V1\FlowKit\src\FlowKitControlUint\controlunit\fcb\node.py:67} Node 'start' execution completed successfully [runner_id=d6b96a9b-873a-40e4-afd1-40192efc31a1]
2025-10-15 01:15:32.220 INFO {ThreadPoolExecutor-0_0} [flow_control_block] (_run_node) {D:\Project\V1\FlowKit\src\FlowKitControlUint\controlunit\fcb\flow_control_block.py:111} Node 'start' executed with status 'success' in flow 67d7a4de-7225-47a2-a506-dacc85c018ab
2025-10-15 01:15:32.220 INFO {ThreadPoolExecutor-0_0} [flow_control_block] (_run_node) {D:\Project\V1\FlowKit\src\FlowKitControlUint\controlunit\fcb\flow_control_block.py:112} Node 'start' outputs: {'a': 1, 'b': 2}
2025-10-15 01:15:32.220 INFO {ThreadPoolExecutor-0_0} [flow_control_block] (exec_hook) {D:\Project\V1\FlowKit\src\FlowKitControlUint\controlunit\fcb\flow_control_block.py:141} Processing exec_hook for node 'start' in flow 67d7a4de-7225-47a2-a506-dacc85c018ab
2025-10-15 01:15:32.220 INFO {ThreadPoolExecutor-0_0} [flow_control_block] (exec_hook) {D:\Project\V1\FlowKit\src\FlowKitControlUint\controlunit\fcb\flow_control_block.py:147} Queued node 'node1' with inputs: {'a': 1, 'b': 2}
2025-10-15 01:15:32.221 INFO {ThreadPoolExecutor-0_0} [flow_control_block] (exec_hook) {D:\Project\V1\FlowKit\src\FlowKitControlUint\controlunit\fcb\flow_control_block.py:158} Setting pointer to node 'node1' with inputs: {'a': 1, 'b': 2}
2025-10-15 01:15:32.221 INFO {ThreadPoolExecutor-0_0} [flow] (set_pointer) {D:\Project\V1\FlowKit\src\FlowKitControlUint\controlunit\fcb\flow.py:18} Pointer set to node 'node1' with input: {'a': 1, 'b': 2}
2025-10-15 01:15:32.221 INFO {ThreadPoolExecutor-0_0} [flow_control_block] (exec_hook) {D:\Project\V1\FlowKit\src\FlowKitControlUint\controlunit\fcb\flow_control_block.py:161} Saving state for flow 67d7a4de-7225-47a2-a506-dacc85c018ab
2025-10-15 01:15:32.221 INFO {ThreadPoolExecutor-0_0} [flow] (to_dict) {D:\Project\V1\FlowKit\src\FlowKitControlUint\controlunit\fcb\flow.py:37} Serialized flow to dict with 2 nodes
2025-10-15 01:15:32.226 INFO {ThreadPoolExecutor-0_0} [fcb_queue] (save_state_hook) {D:\Project\V1\FlowKit\src\FlowKitControlUint\controlunit\fcb_queue.py:83} \U0001f4be State of flow 67d7a4de-7225-47a2-a506-dacc85c018ab saved to storage
2025-10-15 01:15:32.226 INFO {ThreadPoolExecutor-0_0} [flow_control_block] (exec_hook) {D:\Project\V1\FlowKit\src\FlowKitControlUint\controlunit\fcb\flow_control_block.py:164} Continuing execution of flow 67d7a4de-7225-47a2-a506-dacc85c018ab
2025-10-15 01:15:32.226 INFO {ThreadPoolExecutor-0_0} [flow_control_block] (exec) {D:\Project\V1\FlowKit\src\FlowKitControlUint\controlunit\fcb\flow_control_block.py:137} Submitting next node execution for flow 67d7a4de-7225-47a2-a506-dacc85c018ab
2025-10-15 01:15:32.227 INFO {ThreadPoolExecutor-0_3} [flow] (get_curr_node) {D:\Project\V1\FlowKit\src\FlowKitControlUint\controlunit\fcb\flow.py:24} Getting current node: node1
2025-10-15 01:15:32.227 INFO {ThreadPoolExecutor-0_3} [flow] (get_curr_inp) {D:\Project\V1\FlowKit\src\FlowKitControlUint\controlunit\fcb\flow.py:28} Getting current input data: {'a': 1, 'b': 2}
2025-10-15 01:15:32.227 INFO {ThreadPoolExecutor-0_3} [flow_control_block] (_run_node) {D:\Project\V1\FlowKit\src\FlowKitControlUint\controlunit\fcb\flow_control_block.py:108} Executing node 'node1' in flow 67d7a4de-7225-47a2-a506-dacc85c018ab
2025-10-15 01:15:32.227 INFO {ThreadPoolExecutor-0_3} [node] (run) {D:\Project\V1\FlowKit\src\FlowKitControlUint\controlunit\fcb\node.py:55} Executing node 'node1' [runner_id=b401234f-6964-46af-a0ad-3719820d5604] with inputs: {'a': 1, 'b': 2}
2025-10-15 01:15:32.227 INFO {ThreadPoolExecutor-0_3} [node] (run) {D:\Project\V1\FlowKit\src\FlowKitControlUint\controlunit\fcb\node.py:58} Sending POST to http://127.0.0.1:8500/nodes/add-node with payload keys: ['node_name', 'code', 'inputs', 'runner_id']
2025-10-15 01:15:34.924 INFO {ThreadPoolExecutor-0_3} [_client] (_send_single_request) {D:\Project\V1\FlowKit\.conda\Lib\site-packages\httpx\_client.py:1025} HTTP Request: POST http://127.0.0.1:8500/nodes/add-node "HTTP/1.1 200 OK"
2025-10-15 01:15:34.925 INFO {ThreadPoolExecutor-0_3} [node] (run) {D:\Project\V1\FlowKit\src\FlowKitControlUint\controlunit\fcb\node.py:63} Response from runner received for node 'node1': {'node_name': 'node1', 'runner_id': 'b401234f-6964-46af-a0ad-3719820d5604', 'code_base64': 'ZnJvbSBmbG93a2l0Lm5vZGUgaW1wb3J0IE5vZGUKZnJvbSBmbG93a2l0LmxvZyBpbXBvcnQgTG9nZ2VyCgpub2RlID0gTm9kZSgpCmxvZ2dlciA9IExvZ2dlcihub2RlKQoKYXN5bmMgZGVmIG1haW4oKToKICAgICMgbm9kZXMsIG91dHB1dCwgbWVzc2FnZQogICAgaW5wdXRzID0gbm9kZS5nZXRfaW5wdXRzKCkKICAgIHJldCA9IGlucHV0c1siYSJdICsgaW5wdXRzWyJiIl0KICAgIHJldHVybiBbXSwgeyJvdXQiOiByZXR9LCAicnVuIHN1Y2Nlc3NmdWxseSIKCm5vZGUucmVnaXN0ZXJfbWFpbihtYWluKQpub2RlLnJ1bigp', 'status': 'DONE', 'inputs': {'a': 1, 'b': 2}, 'logs': [], 'outputs': {'nodes': [], 'outputs': {'out': 3}, 'status': 'DONE', 'message': 'run successfully'}}
2025-10-15 01:15:34.925 INFO {ThreadPoolExecutor-0_3} [node] (run) {D:\Project\V1\FlowKit\src\FlowKitControlUint\controlunit\fcb\node.py:67} Node 'node1' execution completed successfully [runner_id=b401234f-6964-46af-a0ad-3719820d5604]
2025-10-15 01:15:34.925 INFO {ThreadPoolExecutor-0_3} [flow_control_block] (_run_node) {D:\Project\V1\FlowKit\src\FlowKitControlUint\controlunit\fcb\flow_control_block.py:111} Node 'node1' executed with status 'success' in flow 67d7a4de-7225-47a2-a506-dacc85c018ab
2025-10-15 01:15:34.926 INFO {ThreadPoolExecutor-0_3} [flow_control_block] (_run_node) {D:\Project\V1\FlowKit\src\FlowKitControlUint\controlunit\fcb\flow_control_block.py:112} Node 'node1' outputs: {'out': 3}
2025-10-15 01:15:34.926 INFO {ThreadPoolExecutor-0_3} [flow_control_block] (exec_hook) {D:\Project\V1\FlowKit\src\FlowKitControlUint\controlunit\fcb\flow_control_block.py:141} Processing exec_hook for node 'node1' in flow 67d7a4de-7225-47a2-a506-dacc85c018ab
2025-10-15 01:15:34.926 INFO {ThreadPoolExecutor-0_3} [flow_control_block] (exec_hook) {D:\Project\V1\FlowKit\src\FlowKitControlUint\controlunit\fcb\flow_control_block.py:152} No more nodes to execute in flow 67d7a4de-7225-47a2-a506-dacc85c018ab, stopping
2025-10-15 01:15:34.926 INFO {ThreadPoolExecutor-0_3} [flow_control_block] (stop) {D:\Project\V1\FlowKit\src\FlowKitControlUint\controlunit\fcb\flow_control_block.py:85} FlowControlBlock 67d7a4de-7225-47a2-a506-dacc85c018ab stopping
2025-10-15 01:27:07.628 INFO {MainThread} [main] (log_requests) {D:\Project\V1\FlowKit\src\FlowKitControlUint\main.py:48} Incoming request: POST http://127.0.0.1:9500/fcb/add
2025-10-15 01:27:07.631 INFO {MainThread} [main] (add_fcb) {D:\Project\V1\FlowKit\src\FlowKitControlUint\main.py:60} Add FCB request received with nodes: ['start', 'node1']
2025-10-15 01:27:07.631 INFO {MainThread} [flow] (__init__) {D:\Project\V1\FlowKit\src\FlowKitControlUint\controlunit\fcb\flow.py:12} Flow initialized with 2 nodes
2025-10-15 01:27:07.631 INFO {MainThread} [flow_control_block] (__init__) {D:\Project\V1\FlowKit\src\FlowKitControlUint\controlunit\fcb\flow_control_block.py:77} FlowControlBlock f821e011-7de4-40cf-9d17-c2acef85616c initialized in QUEUED state
2025-10-15 01:27:07.632 INFO {MainThread} [fcb_queue] (add_fcb) {D:\Project\V1\FlowKit\src\FlowKitControlUint\controlunit\fcb_queue.py:109} \u2795 Added new FlowControlBlock with id f821e011-7de4-40cf-9d17-c2acef85616c
2025-10-15 01:27:07.632 INFO {MainThread} [flow_control_block] (start) {D:\Project\V1\FlowKit\src\FlowKitControlUint\controlunit\fcb\flow_control_block.py:80} FlowControlBlock f821e011-7de4-40cf-9d17-c2acef85616c starting
2025-10-15 01:27:07.632 INFO {MainThread} [flow_control_block] (exec) {D:\Project\V1\FlowKit\src\FlowKitControlUint\controlunit\fcb\flow_control_block.py:137} Submitting next node execution for flow f821e011-7de4-40cf-9d17-c2acef85616c
2025-10-15 01:27:07.633 INFO {MainThread} [fcb_queue] (start_fcb) {D:\Project\V1\FlowKit\src\FlowKitControlUint\controlunit\fcb_queue.py:117} \u25b6\ufe0f Started FlowControlBlock f821e011-7de4-40cf-9d17-c2acef85616c
2025-10-15 01:27:07.633 INFO {MainThread} [main] (add_fcb) {D:\Project\V1\FlowKit\src\FlowKitControlUint\main.py:70} Flow Control Block added successfully with ID: f821e011-7de4-40cf-9d17-c2acef85616c
2025-10-15 01:27:07.634 INFO {MainThread} [main] (log_requests) {D:\Project\V1\FlowKit\src\FlowKitControlUint\main.py:50} Response status: 200 for POST http://127.0.0.1:9500/fcb/add
2025-10-15 01:27:07.633 INFO {ThreadPoolExecutor-0_5} [flow] (get_curr_node) {D:\Project\V1\FlowKit\src\FlowKitControlUint\controlunit\fcb\flow.py:24} Getting current node: start
2025-10-15 01:27:07.635 INFO {ThreadPoolExecutor-0_5} [flow] (get_curr_inp) {D:\Project\V1\FlowKit\src\FlowKitControlUint\controlunit\fcb\flow.py:28} Getting current input data: {}
2025-10-15 01:27:07.635 INFO {ThreadPoolExecutor-0_5} [flow_control_block] (_run_node) {D:\Project\V1\FlowKit\src\FlowKitControlUint\controlunit\fcb\flow_control_block.py:108} Executing node 'start' in flow f821e011-7de4-40cf-9d17-c2acef85616c
2025-10-15 01:27:07.635 INFO {ThreadPoolExecutor-0_5} [node] (run) {D:\Project\V1\FlowKit\src\FlowKitControlUint\controlunit\fcb\node.py:55} Executing node 'start' [runner_id=b5d23928-374d-4d77-b2be-5fbaeb9132db] with inputs: {}
2025-10-15 01:27:07.636 INFO {ThreadPoolExecutor-0_5} [node] (run) {D:\Project\V1\FlowKit\src\FlowKitControlUint\controlunit\fcb\node.py:58} Sending POST to http://127.0.0.1:8500/nodes/add-node with payload keys: ['node_name', 'code', 'inputs', 'runner_id']
2025-10-15 01:27:10.201 INFO {ThreadPoolExecutor-0_5} [_client] (_send_single_request) {D:\Project\V1\FlowKit\.conda\Lib\site-packages\httpx\_client.py:1025} HTTP Request: POST http://127.0.0.1:8500/nodes/add-node "HTTP/1.1 200 OK"
2025-10-15 01:27:10.202 INFO {ThreadPoolExecutor-0_5} [node] (run) {D:\Project\V1\FlowKit\src\FlowKitControlUint\controlunit\fcb\node.py:63} Response from runner received for node 'start': {'node_name': 'start', 'runner_id': 'b5d23928-374d-4d77-b2be-5fbaeb9132db', 'code_base64': 'ZnJvbSBmbG93a2l0Lm5vZGUgaW1wb3J0IE5vZGUKZnJvbSBmbG93a2l0LmxvZyBpbXBvcnQgTG9nZ2VyCgpub2RlID0gTm9kZSgpCmxvZ2dlciA9IExvZ2dlcihub2RlKQoKYXN5bmMgZGVmIG1haW4oKToKICAgICMgbm9kZXMsIG91dHB1dCwgbWVzc2FnZQogICAgaW5wdXRzID0gbm9kZS5nZXRfaW5wdXRzKCkKICAgIHJldHVybiBbIm5vZGUxIl0sIHsiYSI6MSwgImIiOjJ9LCAicnVuIHN1Y2Nlc3NmdWxseSIKCm5vZGUucmVnaXN0ZXJfbWFpbihtYWluKQpub2RlLnJ1bigp', 'status': 'DONE', 'inputs': {}, 'logs': [], 'outputs': {'nodes': ['node1'], 'outputs': {'a': 1, 'b': 2}, 'status': 'DONE', 'message': 'run successfully'}}
2025-10-15 01:27:10.202 INFO {ThreadPoolExecutor-0_5} [node] (run) {D:\Project\V1\FlowKit\src\FlowKitControlUint\controlunit\fcb\node.py:67} Node 'start' execution completed successfully [runner_id=b5d23928-374d-4d77-b2be-5fbaeb9132db]
2025-10-15 01:27:10.202 INFO {ThreadPoolExecutor-0_5} [flow_control_block] (_run_node) {D:\Project\V1\FlowKit\src\FlowKitControlUint\controlunit\fcb\flow_control_block.py:111} Node 'start' executed with status 'success' in flow f821e011-7de4-40cf-9d17-c2acef85616c
2025-10-15 01:27:10.202 INFO {ThreadPoolExecutor-0_5} [flow_control_block] (_run_node) {D:\Project\V1\FlowKit\src\FlowKitControlUint\controlunit\fcb\flow_control_block.py:112} Node 'start' outputs: {'a': 1, 'b': 2}
2025-10-15 01:27:10.202 INFO {ThreadPoolExecutor-0_5} [flow_control_block] (exec_hook) {D:\Project\V1\FlowKit\src\FlowKitControlUint\controlunit\fcb\flow_control_block.py:141} Processing exec_hook for node 'start' in flow f821e011-7de4-40cf-9d17-c2acef85616c
2025-10-15 01:27:10.202 INFO {ThreadPoolExecutor-0_5} [flow_control_block] (exec_hook) {D:\Project\V1\FlowKit\src\FlowKitControlUint\controlunit\fcb\flow_control_block.py:147} Queued node 'node1' with inputs: {'a': 1, 'b': 2}
2025-10-15 01:27:10.203 INFO {ThreadPoolExecutor-0_5} [flow_control_block] (exec_hook) {D:\Project\V1\FlowKit\src\FlowKitControlUint\controlunit\fcb\flow_control_block.py:158} Setting pointer to node 'node1' with inputs: {'a': 1, 'b': 2}
2025-10-15 01:27:10.203 INFO {ThreadPoolExecutor-0_5} [flow] (set_pointer) {D:\Project\V1\FlowKit\src\FlowKitControlUint\controlunit\fcb\flow.py:18} Pointer set to node 'node1' with input: {'a': 1, 'b': 2}
2025-10-15 01:27:10.203 INFO {ThreadPoolExecutor-0_5} [flow_control_block] (exec_hook) {D:\Project\V1\FlowKit\src\FlowKitControlUint\controlunit\fcb\flow_control_block.py:161} Saving state for flow f821e011-7de4-40cf-9d17-c2acef85616c
2025-10-15 01:27:10.203 INFO {ThreadPoolExecutor-0_5} [flow] (to_dict) {D:\Project\V1\FlowKit\src\FlowKitControlUint\controlunit\fcb\flow.py:37} Serialized flow to dict with 2 nodes
2025-10-15 01:27:10.207 INFO {ThreadPoolExecutor-0_5} [fcb_queue] (save_state_hook) {D:\Project\V1\FlowKit\src\FlowKitControlUint\controlunit\fcb_queue.py:83} \U0001f4be State of flow f821e011-7de4-40cf-9d17-c2acef85616c saved to storage
2025-10-15 01:27:10.208 INFO {ThreadPoolExecutor-0_5} [flow_control_block] (exec_hook) {D:\Project\V1\FlowKit\src\FlowKitControlUint\controlunit\fcb\flow_control_block.py:164} Continuing execution of flow f821e011-7de4-40cf-9d17-c2acef85616c
2025-10-15 01:27:10.208 INFO {ThreadPoolExecutor-0_5} [flow_control_block] (exec) {D:\Project\V1\FlowKit\src\FlowKitControlUint\controlunit\fcb\flow_control_block.py:137} Submitting next node execution for flow f821e011-7de4-40cf-9d17-c2acef85616c
2025-10-15 01:27:10.209 INFO {ThreadPoolExecutor-0_7} [flow] (get_curr_node) {D:\Project\V1\FlowKit\src\FlowKitControlUint\controlunit\fcb\flow.py:24} Getting current node: node1
2025-10-15 01:27:10.209 INFO {ThreadPoolExecutor-0_7} [flow] (get_curr_inp) {D:\Project\V1\FlowKit\src\FlowKitControlUint\controlunit\fcb\flow.py:28} Getting current input data: {'a': 1, 'b': 2}
2025-10-15 01:27:10.209 INFO {ThreadPoolExecutor-0_7} [flow_control_block] (_run_node) {D:\Project\V1\FlowKit\src\FlowKitControlUint\controlunit\fcb\flow_control_block.py:108} Executing node 'node1' in flow f821e011-7de4-40cf-9d17-c2acef85616c
2025-10-15 01:27:10.209 INFO {ThreadPoolExecutor-0_7} [node] (run) {D:\Project\V1\FlowKit\src\FlowKitControlUint\controlunit\fcb\node.py:55} Executing node 'node1' [runner_id=aa45f393-5722-4225-8dc1-556504b0e5d8] with inputs: {'a': 1, 'b': 2}
2025-10-15 01:27:10.210 INFO {ThreadPoolExecutor-0_7} [node] (run) {D:\Project\V1\FlowKit\src\FlowKitControlUint\controlunit\fcb\node.py:58} Sending POST to http://127.0.0.1:8500/nodes/add-node with payload keys: ['node_name', 'code', 'inputs', 'runner_id']
2025-10-15 01:27:12.726 INFO {ThreadPoolExecutor-0_7} [_client] (_send_single_request) {D:\Project\V1\FlowKit\.conda\Lib\site-packages\httpx\_client.py:1025} HTTP Request: POST http://127.0.0.1:8500/nodes/add-node "HTTP/1.1 200 OK"
2025-10-15 01:27:12.727 INFO {ThreadPoolExecutor-0_7} [node] (run) {D:\Project\V1\FlowKit\src\FlowKitControlUint\controlunit\fcb\node.py:63} Response from runner received for node 'node1': {'node_name': 'node1', 'runner_id': 'aa45f393-5722-4225-8dc1-556504b0e5d8', 'code_base64': 'ZnJvbSBmbG93a2l0Lm5vZGUgaW1wb3J0IE5vZGUKZnJvbSBmbG93a2l0LmxvZyBpbXBvcnQgTG9nZ2VyCgpub2RlID0gTm9kZSgpCmxvZ2dlciA9IExvZ2dlcihub2RlKQoKYXN5bmMgZGVmIG1haW4oKToKICAgICMgbm9kZXMsIG91dHB1dCwgbWVzc2FnZQogICAgaW5wdXRzID0gbm9kZS5nZXRfaW5wdXRzKCkKICAgIHJldCA9IGlucHV0c1siYSJdICsgaW5wdXRzWyJiIl0KICAgIHJldHVybiBbXSwgeyJvdXQiOiByZXR9LCAicnVuIHN1Y2Nlc3NmdWxseSIKCm5vZGUucmVnaXN0ZXJfbWFpbihtYWluKQpub2RlLnJ1bigp', 'status': 'DONE', 'inputs': {'a': 1, 'b': 2}, 'logs': [], 'outputs': {'nodes': [], 'outputs': {'out': 3}, 'status': 'DONE', 'message': 'run successfully'}}
2025-10-15 01:27:12.727 INFO {ThreadPoolExecutor-0_7} [node] (run) {D:\Project\V1\FlowKit\src\FlowKitControlUint\controlunit\fcb\node.py:67} Node 'node1' execution completed successfully [runner_id=aa45f393-5722-4225-8dc1-556504b0e5d8]
2025-10-15 01:27:12.727 INFO {ThreadPoolExecutor-0_7} [flow_control_block] (_run_node) {D:\Project\V1\FlowKit\src\FlowKitControlUint\controlunit\fcb\flow_control_block.py:111} Node 'node1' executed with status 'success' in flow f821e011-7de4-40cf-9d17-c2acef85616c
2025-10-15 01:27:12.727 INFO {ThreadPoolExecutor-0_7} [flow_control_block] (_run_node) {D:\Project\V1\FlowKit\src\FlowKitControlUint\controlunit\fcb\flow_control_block.py:112} Node 'node1' outputs: {'out': 3}
2025-10-15 01:27:12.727 INFO {ThreadPoolExecutor-0_7} [flow_control_block] (exec_hook) {D:\Project\V1\FlowKit\src\FlowKitControlUint\controlunit\fcb\flow_control_block.py:141} Processing exec_hook for node 'node1' in flow f821e011-7de4-40cf-9d17-c2acef85616c
2025-10-15 01:27:12.728 INFO {ThreadPoolExecutor-0_7} [flow_control_block] (exec_hook) {D:\Project\V1\FlowKit\src\FlowKitControlUint\controlunit\fcb\flow_control_block.py:152} No more nodes to execute in flow f821e011-7de4-40cf-9d17-c2acef85616c, stopping
2025-10-15 01:27:12.728 INFO {ThreadPoolExecutor-0_7} [flow_control_block] (stop) {D:\Project\V1\FlowKit\src\FlowKitControlUint\controlunit\fcb\flow_control_block.py:85} FlowControlBlock f821e011-7de4-40cf-9d17-c2acef85616c stopping
